sleepthreadid: 0
Image loaded: C:\Program Files\DAEMON Tools Lite\DTLite.exe at 400000
Image loaded: C:\Windows\system32\D3D10Warp.dll at 622d0000
Image loaded: C:\Windows\system32\d2d1.dll at 624c0000
Image loaded: C:\Windows\System32\jscript9.dll at 62810000
Image loaded: C:\Windows\System32\mshtml.dll at 62c30000
Image loaded: C:\Program Files\DAEMON Tools Lite\DTCommonRes.dll at 63cc0000
Image loaded: C:\Program Files\DAEMON Tools Lite\Engine.dll at 64270000
Image loaded: C:\Windows\System32\msxml3.dll at 68b50000
Image loaded: C:\Windows\system32\DWrite.dll at 6c180000
Image loaded: C:\Program Files\DAEMON Tools Lite\imgengine.dll at 6d1c0000
Image loaded: C:\Windows\system32\windowscodecsext.dll at 6da70000
Image loaded: C:\Windows\system32\OLEACC.dll at 6dab0000
Image loaded: C:\Windows\System32\ieframe.dll at 6e1d0000
Image loaded: C:\Windows\system32\api-ms-win-downlevel-shlwapi-l2-1-0.dll at 6f1b0000
Image loaded: C:\Windows\system32\msls31.dll at 6f460000
Image loaded: C:\Windows\System32\npmproxy.dll at 6f960000
Image loaded: C:\Windows\system32\T2EMBED.DLL at 6fe60000
Image loaded: C:\Windows\system32\msimtf.dll at 6fe80000
Image loaded: C:\Windows\system32\oledlg.dll at 6fe90000
Image loaded: C:\Windows\System32\api-ms-win-downlevel-shell32-l1-1-0.dll at 6ff90000
Image loaded: C:\Windows\system32\mlang.dll at 70930000
Image loaded: C:\Windows\system32\d3d11.dll at 71270000
Image loaded: C:\Windows\System32\msxml6.dll at 71470000
Image loaded: C:\Windows\system32\cryptnet.dll at 715d0000
Image loaded: C:\Windows\system32\dxgi.dll at 71890000
Image loaded: C:\Windows\system32\WINSPOOL.DRV at 71be0000
Image loaded: C:\Windows\system32\MPR.dll at 71d80000
Image loaded: C:\Windows\system32\rasadhlp.dll at 71dc0000
Image loaded: C:\Windows\system32\SensApi.dll at 722b0000
Image loaded: C:\Windows\System32\netprofm.dll at 723a0000
Image loaded: C:\Windows\system32\dhcpcsvc6.DLL at 736e0000
Image loaded: C:\Windows\system32\WINMM.dll at 73760000
Image loaded: C:\Windows\System32\fwpuclnt.dll at 73800000
Image loaded: C:\Windows\system32\windowscodecs.dll at 738f0000
Image loaded: C:\Windows\system32\dwmapi.dll at 73b10000
Image loaded: C:\Windows\WinSxS\x86_microsoft.windows.gdiplus_6595b64144ccf1df_1.1.7601.18455_none_72d576ad8665e853\gdiplus.dll at 73e10000
Image loaded: C:\Windows\system32\UxTheme.dll at 73fa0000
Image loaded: C:\Windows\System32\nlaapi.dll at 74030000
Image loaded: C:\Windows\system32\propsys.dll at 74090000
Image loaded: C:\Windows\WinSxS\x86_microsoft.windows.common-controls_6595b64144ccf1df_6.0.7601.17514_none_41e6975e2bd6f2b2\COMCTL32.dll at 743d0000
Image loaded: C:\Windows\system32\api-ms-win-downlevel-advapi32-l2-1-0.dll at 74570000
Image loaded: C:\Windows\system32\MSIMG32.dll at 745c0000
Image loaded: C:\Windows\system32\dhcpcsvc.DLL at 749e0000
Image loaded: C:\Windows\System32\wshtcpip.dll at 74a00000
Image loaded: C:\Windows\system32\ntmarta.dll at 74a70000
Image loaded: C:\Windows\system32\WINNSI.DLL at 74aa0000
Image loaded: C:\Windows\system32\IPHLPAPI.DLL at 74ab0000
Image loaded: C:\Windows\system32\VERSION.dll at 74ad0000
Image loaded: C:\Windows\system32\GPAPI.dll at 74b20000
Image loaded: C:\Windows\system32\credssp.dll at 74be0000
Image loaded: C:\Windows\system32\bcryptprimitives.dll at 74c20000
Image loaded: C:\Windows\system32\rsaenh.dll at 74ce0000
Image loaded: C:\Windows\system32\schannel.DLL at 74d50000
Image loaded: C:\Windows\system32\DNSAPI.dll at 74dc0000
Image loaded: C:\Windows\System32\wship6.dll at 74ef0000
Image loaded: C:\Windows\system32\mswsock.dll at 74f00000
Image loaded: C:\Windows\system32\CRYPTSP.dll at 74f40000
Image loaded: C:\Windows\system32\bcrypt.dll at 75050000
Image loaded: C:\Windows\system32\ncrypt.dll at 75070000
Image loaded: C:\Windows\system32\Secur32.dll at 751a0000
Image loaded: C:\Windows\system32\SSPICLI.DLL at 753a0000
Image loaded: C:\Windows\system32\apphelp.dll at 753d0000
Image loaded: C:\Windows\system32\CRYPTBASE.dll at 75420000
Image loaded: C:\Windows\system32\SXS.DLL at 75430000
Image loaded: C:\Windows\system32\RpcRtRemote.dll at 75490000
Image loaded: C:\Windows\system32\MSASN1.dll at 75530000
Image loaded: C:\Windows\system32\profapi.dll at 75540000
Image loaded: C:\Windows\system32\api-ms-win-downlevel-shlwapi-l1-1-0.dll at 755e0000
Image loaded: C:\Windows\system32\api-ms-win-downlevel-advapi32-l1-1-0.dll at 755f0000
Image loaded: C:\Windows\system32\USERENV.dll at 75600000
Image loaded: C:\Windows\system32\api-ms-win-downlevel-version-l1-1-0.dll at 75620000
Image loaded: C:\Windows\system32\CRYPT32.dll at 75630000
Image loaded: C:\Windows\system32\DEVOBJ.dll at 75750000
Image loaded: C:\Windows\system32\api-ms-win-downlevel-ole32-l1-1-0.dll at 75770000
Image loaded: C:\Windows\system32\WINTRUST.dll at 75780000
Image loaded: C:\Windows\system32\api-ms-win-downlevel-normaliz-l1-1-0.dll at 757b0000
Image loaded: C:\Windows\system32\CFGMGR32.dll at 757c0000
Image loaded: C:\Windows\system32\KERNELBASE.dll at 757f0000
Image loaded: C:\Windows\system32\api-ms-win-downlevel-user32-l1-1-0.dll at 75840000
Image loaded: C:\Windows\system32\SHELL32.dll at 75850000
Image loaded: C:\Windows\system32\iertutil.dll at 764a0000
Image loaded: C:\Windows\system32\SETUPAPI.dll at 766c0000
Image loaded: C:\Windows\system32\normaliz.DLL at 76860000
Image loaded: C:\Windows\system32\ADVAPI32.dll at 76870000
Image loaded: C:\Windows\system32\WININET.dll at 76910000
Image loaded: C:\Windows\system32\USER32.dll at 76ad0000
Image loaded: C:\Windows\system32\WLDAP32.dll at 76ba0000
Image loaded: C:\Windows\system32\IMM32.dll at 76bf0000
Image loaded: C:\Windows\system32\OLEAUT32.dll at 76c10000
Image loaded: C:\Windows\system32\USP10.dll at 76ca0000
Image loaded: C:\Windows\system32\kernel32.dll at 76d40000
UnhandledExceptionFilter loaded
Image loaded: C:\Windows\system32\COMDLG32.dll at 76e20000
Image loaded: C:\Windows\SYSTEM32\sechost.dll at 76ea0000
Image loaded: C:\Windows\system32\GDI32.dll at 76ec0000
Image loaded: C:\Windows\system32\ole32.dll at 76f10000
Image loaded: C:\Windows\system32\SHLWAPI.dll at 77070000
Image loaded: C:\Windows\system32\MSCTF.dll at 77130000
Image loaded: C:\Windows\system32\msvcrt.dll at 77200000
Image loaded: C:\Windows\system32\RPCRT4.dll at 772b0000
Image loaded: C:\Windows\system32\WS2_32.dll at 77360000
Image loaded: C:\Windows\system32\urlmon.dll at 773a0000
Image loaded: C:\Windows\SYSTEM32\ntdll.dll at 774d0000
ZwReadFile loaded
Image loaded: C:\Windows\system32\LPK.dll at 77620000
Image loaded: C:\Windows\system32\CLBCatQ.DLL at 77630000
Image loaded: C:\Windows\system32\NSI.dll at 776f0000
thread begin 0
thread begin 3
thread begin c
thread begin 16
thread end 0 code 0
thread begin d
thread begin 15
thread end 15 code 0
thread begin 5
thread begin a
thread begin 6
thread begin 19
thread begin 1a
thread begin e
thread begin 8
thread begin 7
thread begin 14
thread begin 2
thread begin 1b
thread begin 9
thread begin 11
thread begin 12
TID 3 Before: ZwReadFile FileHandle: 00000518 Event: 00000000 ApcRoutine: 00000000 ApcContext: 00000000 IoStatusBlock: 0012E5A4 Buffer: 0012E660 Length: 4 ByteOffset: 00000000 Key: 00000000
Name: \\?\C:\ProgramData\DAEMON Tools Lite\license.dat
After: ZwReadFile  returns 0
Read on tid: 3
File offset: 0
Read status: 0
Read length: 4
Read data: 
TID: 3:IP: 64292597:Disasm mov eax, dword ptr ss:[eax]:IMG: C:\Program Files\DAEMON Tools Lite\Engine.dll:RTN: .text:Read Regs: eax: 12e660: ss: 23: al: 12e660: ah: 12e660: ax: 12e660: :Read Flags: :Read Memory: 12e660 [T] 12e661 [T] 12e662 [T] 12e663 [T] :
TID: 3:IP: 642895c3:Disasm mov dword ptr [ebp], eax:IMG: C:\Program Files\DAEMON Tools Lite\Engine.dll:RTN: .text:Read Regs: ebp: 12e610: eax[T]: 3: ss: 23: al[T]: 3: ah[T]: 3: ax[T]: 3: bp: 12e610: :Read Flags: :Read Memory: :
TID: 3:IP: 64291548:Disasm sbb al, bh:IMG: C:\Program Files\DAEMON Tools Lite\Engine.dll:RTN: .text:Read Regs: ebx: 610f393b: eax[T]: 3: eflags: 202: al[T]: 3: ax[T]: 3: bh: 610f393b: bx: 610f393b: :Read Flags: 1:cf :Values:202:Read Memory: :
TID: 3:IP: 6429154a:Disasm xchg ch, al:IMG: C:\Program Files\DAEMON Tools Lite\Engine.dll:RTN: .text:Read Regs: ecx: 64292592: eax[T]: ca: al[T]: ca: ax[T]: ca: ch: 64292592: cx: 64292592: :Read Flags: :Read Memory: :
TID: 3:IP: 6429154e:Disasm shr cl, 0x1:IMG: C:\Program Files\DAEMON Tools Lite\Engine.dll:RTN: .text:Read Regs: ecx[T]: 6429ca92: cl: 6429ca92: cx[T]: 6429ca92: :Read Flags: :Read Memory: :
TID: 3:IP: 64291550:Disasm not ecx:IMG: C:\Program Files\DAEMON Tools Lite\Engine.dll:RTN: .text:Read Regs: ecx[T]: 6429ca49: cl[T]: 6429ca49: ch[T]: 6429ca49: cx[T]: 6429ca49: :Read Flags: :Read Memory: :
TID: 3:IP: 64291552:Disasm cmc :IMG: C:\Program Files\DAEMON Tools Lite\Engine.dll:RTN: .text:Read Regs: eflags[T]: a02: :Read Flags: 0:[T 1:cf ]:Values:a02:Read Memory: :
TID: 3:IP: 64292597:Disasm mov eax, dword ptr ss:[eax]:IMG: C:\Program Files\DAEMON Tools Lite\Engine.dll:RTN: .text:Read Regs: eax: 12e610: ss: 23: al: 12e610: ah: 12e610: ax: 12e610: :Read Flags: :Read Memory: 12e610 [T] 12e611 [T] 12e612 [T] 12e613 [T] :
TID: 3:IP: 642895c3:Disasm mov dword ptr [ebp], eax:IMG: C:\Program Files\DAEMON Tools Lite\Engine.dll:RTN: .text:Read Regs: ebp: 12e60c: eax[T]: 3: ss: 23: al[T]: 3: ah[T]: 3: ax[T]: 3: bp: 12e60c: :Read Flags: :Read Memory: :
TID: 3:IP: 64291548:Disasm sbb al, bh:IMG: C:\Program Files\DAEMON Tools Lite\Engine.dll:RTN: .text:Read Regs: ebx: 610f3917: eax[T]: 3: eflags: 202: al[T]: 3: ax[T]: 3: bh: 610f3917: bx: 610f3917: :Read Flags: 1:cf :Values:202:Read Memory: :
TID: 3:IP: 6429154a:Disasm xchg ch, al:IMG: C:\Program Files\DAEMON Tools Lite\Engine.dll:RTN: .text:Read Regs: ecx: 64292592: eax[T]: ca: al[T]: ca: ax[T]: ca: ch: 64292592: cx: 64292592: :Read Flags: :Read Memory: :
TID: 3:IP: 6429154e:Disasm shr cl, 0x1:IMG: C:\Program Files\DAEMON Tools Lite\Engine.dll:RTN: .text:Read Regs: ecx[T]: 6429ca92: cl: 6429ca92: cx[T]: 6429ca92: :Read Flags: :Read Memory: :
TID: 3:IP: 64291550:Disasm not ecx:IMG: C:\Program Files\DAEMON Tools Lite\Engine.dll:RTN: .text:Read Regs: ecx[T]: 6429ca49: cl[T]: 6429ca49: ch[T]: 6429ca49: cx[T]: 6429ca49: :Read Flags: :Read Memory: :
TID: 3:IP: 64291552:Disasm cmc :IMG: C:\Program Files\DAEMON Tools Lite\Engine.dll:RTN: .text:Read Regs: eflags[T]: a02: :Read Flags: 0:[T 1:cf ]:Values:a02:Read Memory: :
TID: 3:IP: 64292aa4:Disasm mov eax, dword ptr [ebp]:IMG: C:\Program Files\DAEMON Tools Lite\Engine.dll:RTN: .text:Read Regs: ebp: 12e60c: ss: 23: bp: 12e60c: :Read Flags: :Read Memory: 12e60c [T] 12e60d [T] 12e60e [T] 12e60f [T] :
TID: 3:IP: 64292ab1:Disasm mov edx, dword ptr [ebp+0x4]:IMG: C:\Program Files\DAEMON Tools Lite\Engine.dll:RTN: .text:Read Regs: ebp: 12e60c: ss: 23: bp: 12e60c: :Read Flags: :Read Memory: 12e610 [T] 12e611 [T] 12e612 [T] 12e613 [T] :
TID: 3:IP: 64292ac1:Disasm not eax:IMG: C:\Program Files\DAEMON Tools Lite\Engine.dll:RTN: .text:Read Regs: eax[T]: 3: al[T]: 3: ah[T]: 3: ax[T]: 3: :Read Flags: :Read Memory: :
TID: 3:IP: 64291a37:Disasm not edx:IMG: C:\Program Files\DAEMON Tools Lite\Engine.dll:RTN: .text:Read Regs: edx[T]: 3: dl[T]: 3: dh[T]: 3: dx[T]: 3: :Read Flags: :Read Memory: :
TID: 3:IP: 64291a3a:Disasm and eax, edx:IMG: C:\Program Files\DAEMON Tools Lite\Engine.dll:RTN: .text:Read Regs: edx[T]: fffffffc: eax[T]: fffffffc: al[T]: fffffffc: ah[T]: fffffffc: ax[T]: fffffffc: dl[T]: fffffffc: dh[T]: fffffffc: dx[T]: fffffffc: :Read Flags: :Read Memory: :
TID: 3:IP: 6428ab24:Disasm jp 0x6428b003:IMG: C:\Program Files\DAEMON Tools Lite\Engine.dll:RTN: .text:Read Regs: eflags[T]: 286: :Read Flags: 0:[T 4:pf ]:Values:286:Read Memory: :
TID: 3:IP: 6428b003:Disasm pushfd :IMG: C:\Program Files\DAEMON Tools Lite\Engine.dll:RTN: .text:Read Regs: esp: 12e534: ss: 23: eflags[T]: 286: sp: 12e534: :Read Flags: 3f7700:df vif iopl if ac vm rf nt tf id vip [T 8d5:of sf zf af pf cf ]:Values:286:Read Memory: :
TID: 3:IP: 64293c45:Disasm mov dword ptr [ebp+0x4], eax:IMG: C:\Program Files\DAEMON Tools Lite\Engine.dll:RTN: .text:Read Regs: ebp: 12e60c: eax[T]: fffffffc: ss: 23: al[T]: fffffffc: ah[T]: fffffffc: ax[T]: fffffffc: bp: 12e60c: :Read Flags: :Read Memory: :
TID: 3:IP: 64293c50:Disasm pushfd :IMG: C:\Program Files\DAEMON Tools Lite\Engine.dll:RTN: .text:Read Regs: esp: 12e528: ss: 23: eflags[T]: 286: sp: 12e528: :Read Flags: 3f7700:df vif iopl if ac vm rf nt tf id vip [T 8d5:of sf zf af pf cf ]:Values:286:Read Memory: :
TID: 3:IP: 64293c51:Disasm pop dword ptr [esp+0x8]:IMG: C:\Program Files\DAEMON Tools Lite\Engine.dll:RTN: .text:Read Regs: esp: 12e524: ss: 23: sp: 12e524: :Read Flags: :Read Memory: 12e524 [T] 12e525 [T] 12e526 [T] 12e527 [T] :
TID: 3:IP: 64293c5c:Disasm push dword ptr [esp+0x8]:IMG: C:\Program Files\DAEMON Tools Lite\Engine.dll:RTN: .text:Read Regs: esp: 12e528: ss: 23: sp: 12e528: :Read Flags: :Read Memory: 12e530 [T] 12e531 [T] 12e532 [T] 12e533 [T] :
TID: 3:IP: 64293c60:Disasm pop dword ptr [ebp]:IMG: C:\Program Files\DAEMON Tools Lite\Engine.dll:RTN: .text:Read Regs: ebp: 12e60c: esp: 12e524: ss: 23: bp: 12e60c: sp: 12e524: :Read Flags: :Read Memory: 12e524 [T] 12e525 [T] 12e526 [T] 12e527 [T] :
TID: 3:IP: 64293c63:Disasm pushad :IMG: C:\Program Files\DAEMON Tools Lite\Engine.dll:RTN: .text:Read Regs: edi: 12e534: esi: 643a7841: ebp: 12e60c: esp: 12e528: ebx: 610f39d4: edx[T]: fffffffc: ecx: 642895f4: eax[T]: fffffffc: ss: 23: al[T]: fffffffc: ah[T]: fffffffc: ax[T]: fffffffc: cl: 642895f4: ch: 642895f4: cx: 642895f4: dl[T]: fffffffc: dh[T]: fffffffc: dx[T]: fffffffc: bl: 610f39d4: bh: 610f39d4: bx: 610f39d4: bp: 12e60c: si: 643a7841: di: 12e534: sp: 12e528: :Read Flags: :Read Memory: :
TID: 3:IP: 64291548:Disasm sbb al, bh:IMG: C:\Program Files\DAEMON Tools Lite\Engine.dll:RTN: .text:Read Regs: ebx: 610f39d4: eax[T]: fffffffc: eflags[T]: 286: al[T]: fffffffc: ax[T]: fffffffc: bh: 610f39d4: bx: 610f39d4: :Read Flags: 0:[T 1:cf ]:Values:286:Read Memory: :
TID: 3:IP: 6429154a:Disasm xchg ch, al:IMG: C:\Program Files\DAEMON Tools Lite\Engine.dll:RTN: .text:Read Regs: ecx: 642895f4: eax[T]: ffffffc3: al[T]: ffffffc3: ax[T]: ffffffc3: ch: 642895f4: cx: 642895f4: :Read Flags: :Read Memory: :
TID: 3:IP: 6429154e:Disasm shr cl, 0x1:IMG: C:\Program Files\DAEMON Tools Lite\Engine.dll:RTN: .text:Read Regs: ecx[T]: 6428c3f4: cl: 6428c3f4: cx[T]: 6428c3f4: :Read Flags: :Read Memory: :
TID: 3:IP: 64291550:Disasm not ecx:IMG: C:\Program Files\DAEMON Tools Lite\Engine.dll:RTN: .text:Read Regs: ecx[T]: 6428c37a: cl[T]: 6428c37a: ch[T]: 6428c37a: cx[T]: 6428c37a: :Read Flags: :Read Memory: :
TID: 3:IP: 64291552:Disasm cmc :IMG: C:\Program Files\DAEMON Tools Lite\Engine.dll:RTN: .text:Read Regs: eflags[T]: a02: :Read Flags: 0:[T 1:cf ]:Values:a02:Read Memory: :
TID: 3:IP: 642915bc:Disasm pushad :IMG: C:\Program Files\DAEMON Tools Lite\Engine.dll:RTN: .text:Read Regs: edi: 12e534: esi: 643a7842: ebp: 12e60c: esp: 12e52c: ebx: 610f3929: edx[T]: fffffffc: ecx: 6427ff80: eax: ab: ss: 23: al: ab: ah: ab: ax: ab: cl: 6427ff80: ch: 6427ff80: cx: 6427ff80: dl[T]: fffffffc: dh[T]: fffffffc: dx[T]: fffffffc: bl: 610f3929: bh: 610f3929: bx: 610f3929: bp: 12e60c: si: 643a7842: di: 12e534: sp: 12e52c: :Read Flags: :Read Memory: :
TID: 3:IP: 6427ff82:Disasm sub dx, dx:IMG: C:\Program Files\DAEMON Tools Lite\Engine.dll:RTN: .text:Read Regs: edx[T]: fffffffc: dl[T]: fffffffc: dh[T]: fffffffc: dx[T]: fffffffc: :Read Flags: :Read Memory: :
TID: 3:IP: 6427ff85:Disasm rcl al, 0x5:IMG: C:\Program Files\DAEMON Tools Lite\Engine.dll:RTN: .text:Read Regs: eax: ab: eflags[T]: 246: al: ab: ax: ab: :Read Flags: 0:[T 1:cf ]:Values:246:Read Memory: :
TID: 3:IP: 6427ff91:Disasm shrd dx, bp, 0x5:IMG: C:\Program Files\DAEMON Tools Lite\Engine.dll:RTN: .text:Read Regs: ebp: 12e60c: edx[T]: ffff0000: dl[T]: ffff0000: dh[T]: ffff0000: dx[T]: ffff0000: bp: 12e60c: :Read Flags: :Read Memory: :
TID: 3:IP: 6427ff96:Disasm shld dx, cx, cl:IMG: C:\Program Files\DAEMON Tools Lite\Engine.dll:RTN: .text:Read Regs: edx[T]: ffff6000: ecx: 6427ff80: cl: 6427ff80: ch: 6427ff80: cx: 6427ff80: dl[T]: ffff6000: dh[T]: ffff6000: dx[T]: ffff6000: :Read Flags: :Read Memory: :
TID: 3:IP: 6427ffa1:Disasm dec dh:IMG: C:\Program Files\DAEMON Tools Lite\Engine.dll:RTN: .text:Read Regs: edx[T]: ffff6000: dh[T]: ffff6000: dx[T]: ffff6000: :Read Flags: :Read Memory: :
TID: 3:IP: 6427ffa3:Disasm btr dx, 0x1:IMG: C:\Program Files\DAEMON Tools Lite\Engine.dll:RTN: .text:Read Regs: edx[T]: ffff5f00: dl[T]: ffff5f00: dh[T]: ffff5f00: dx[T]: ffff5f00: :Read Flags: :Read Memory: :
TID: 3:IP: 6427ffaf:Disasm rol dl, cl:IMG: C:\Program Files\DAEMON Tools Lite\Engine.dll:RTN: .text:Read Regs: edx[T]: ffff5f00: ecx: 6427ff80: cl: 6427ff80: cx: 6427ff80: dl[T]: ffff5f00: dx[T]: ffff5f00: :Read Flags: :Read Memory: :
TID: 3:IP: 6427ffbd:Disasm mov edx, dword ptr [ebp]:IMG: C:\Program Files\DAEMON Tools Lite\Engine.dll:RTN: .text:Read Regs: ebp: 12e60c: ss: 23: bp: 12e60c: :Read Flags: :Read Memory: 12e60c [T] 12e60d [T] 12e60e [T] 12e60f [T] :
TID: 3:IP: 6428a22f:Disasm test dl, dh:IMG: C:\Program Files\DAEMON Tools Lite\Engine.dll:RTN: .text:Read Regs: edx[T]: 286: dl[T]: 286: dh[T]: 286: dx[T]: 286: :Read Flags: :Read Memory: :
TID: 3:IP: 6428cc6f:Disasm mov dword ptr [eax+edi*1], edx:IMG: C:\Program Files\DAEMON Tools Lite\Engine.dll:RTN: .text:Read Regs: edi: 12e534: edx[T]: 286: eax: 2c: ds: 23: al: 2c: ah: 2c: ax: 2c: dl[T]: 286: dh[T]: 286: dx[T]: 286: di: 12e534: :Read Flags: :Read Memory: :
TID: 3:IP: 642915bc:Disasm pushad :IMG: C:\Program Files\DAEMON Tools Lite\Engine.dll:RTN: .text:Read Regs: edi: 12e534: esi: 643a7844: ebp: 12e610: esp: 12e52c: ebx: 610f39e4: edx[T]: 286: ecx: 6428afe2: eax: 21: ss: 23: al: 21: ah: 21: ax: 21: cl: 6428afe2: ch: 6428afe2: cx: 6428afe2: dl[T]: 286: dh[T]: 286: dx[T]: 286: bl: 610f39e4: bh: 610f39e4: bx: 610f39e4: bp: 12e610: si: 643a7844: di: 12e534: sp: 12e52c: :Read Flags: :Read Memory: :
TID: 3:IP: 6428afe4:Disasm mov eax, dword ptr [ebp]:IMG: C:\Program Files\DAEMON Tools Lite\Engine.dll:RTN: .text:Read Regs: ebp: 12e610: ss: 23: bp: 12e610: :Read Flags: :Read Memory: 12e610 [T] 12e611 [T] 12e612 [T] 12e613 [T] :
TID: 3:IP: 6428afea:Disasm add dword ptr [ebp+0x4], eax:IMG: C:\Program Files\DAEMON Tools Lite\Engine.dll:RTN: .text:Read Regs: ebp: 12e610: eax[T]: fffffffc: ss: 23: al[T]: fffffffc: ah[T]: fffffffc: ax[T]: fffffffc: bp: 12e610: :Read Flags: :Read Memory: 12e614 12e615 12e616 12e617 :
TID: 3:IP: 6428afed:Disasm pushad :IMG: C:\Program Files\DAEMON Tools Lite\Engine.dll:RTN: .text:Read Regs: edi: 12e534: esi: 643a7844: ebp: 12e610: esp: 12e52c: ebx: 610f39e4: edx[T]: 286: ecx: 6428afe2: eax[T]: fffffffc: ss: 23: al[T]: fffffffc: ah[T]: fffffffc: ax[T]: fffffffc: cl: 6428afe2: ch: 6428afe2: cx: 6428afe2: dl[T]: 286: dh[T]: 286: dx[T]: 286: bl: 610f39e4: bh: 610f39e4: bx: 610f39e4: bp: 12e610: si: 643a7844: di: 12e534: sp: 12e52c: :Read Flags: :Read Memory: :
TID: 3:IP: 6428a16b:Disasm pushfd :IMG: C:\Program Files\DAEMON Tools Lite\Engine.dll:RTN: .text:Read Regs: esp: 12e50c: ss: 23: eflags[T]: 286: sp: 12e50c: :Read Flags: 3f7700:df vif iopl if ac vm rf nt tf id vip [T 8d5:of sf zf af pf cf ]:Values:286:Read Memory: :
TID: 3:IP: 642899ff:Disasm pushfd :IMG: C:\Program Files\DAEMON Tools Lite\Engine.dll:RTN: .text:Read Regs: esp: 12e508: ss: 23: eflags[T]: 286: sp: 12e508: :Read Flags: 3f7700:df vif iopl if ac vm rf nt tf id vip [T 8d5:of sf zf af pf cf ]:Values:286:Read Memory: :
TID: 3:IP: 64289a00:Disasm pop dword ptr [esp+0x28]:IMG: C:\Program Files\DAEMON Tools Lite\Engine.dll:RTN: .text:Read Regs: esp: 12e504: ss: 23: sp: 12e504: :Read Flags: :Read Memory: 12e504 [T] 12e505 [T] 12e506 [T] 12e507 [T] :
TID: 3:IP: 64293bf9:Disasm pushfd :IMG: C:\Program Files\DAEMON Tools Lite\Engine.dll:RTN: .text:Read Regs: esp: 12e504: ss: 23: eflags[T]: 286: sp: 12e504: :Read Flags: 3f7700:df vif iopl if ac vm rf nt tf id vip [T 8d5:of sf zf af pf cf ]:Values:286:Read Memory: :
TID: 3:IP: 64293bfa:Disasm push dword ptr [esp]:IMG: C:\Program Files\DAEMON Tools Lite\Engine.dll:RTN: .text:Read Regs: esp: 12e500: ss: 23: sp: 12e500: :Read Flags: :Read Memory: 12e500 [T] 12e501 [T] 12e502 [T] 12e503 [T] :
TID: 3:IP: 64293bfd:Disasm push dword ptr [esp+0x34]:IMG: C:\Program Files\DAEMON Tools Lite\Engine.dll:RTN: .text:Read Regs: esp: 12e4fc: ss: 23: sp: 12e4fc: :Read Flags: :Read Memory: 12e530 [T] 12e531 [T] 12e532 [T] 12e533 [T] :
TID: 3:IP: 64293c01:Disasm pop dword ptr [ebp]:IMG: C:\Program Files\DAEMON Tools Lite\Engine.dll:RTN: .text:Read Regs: ebp: 12e610: esp: 12e4f8: ss: 23: bp: 12e610: sp: 12e4f8: :Read Flags: :Read Memory: 12e4f8 [T] 12e4f9 [T] 12e4fa [T] 12e4fb [T] :
TID: 3:IP: 64293c09:Disasm pushfd :IMG: C:\Program Files\DAEMON Tools Lite\Engine.dll:RTN: .text:Read Regs: esp: 12e4fc: ss: 23: eflags[T]: 286: sp: 12e4fc: :Read Flags: 3f7700:df vif iopl if ac vm rf nt tf id vip [T 8d5:of sf zf af pf cf ]:Values:286:Read Memory: :
TID: 3:IP: 64291548:Disasm sbb al, bh:IMG: C:\Program Files\DAEMON Tools Lite\Engine.dll:RTN: .text:Read Regs: ebx: 610f39e4: eax[T]: fffffffc: eflags[T]: 286: al[T]: fffffffc: ax[T]: fffffffc: bh: 610f39e4: bx: 610f39e4: :Read Flags: 0:[T 1:cf ]:Values:286:Read Memory: :
TID: 3:IP: 6429154a:Disasm xchg ch, al:IMG: C:\Program Files\DAEMON Tools Lite\Engine.dll:RTN: .text:Read Regs: ecx: 6428afe2: eax[T]: ffffffc3: al[T]: ffffffc3: ax[T]: ffffffc3: ch: 6428afe2: cx: 6428afe2: :Read Flags: :Read Memory: :
TID: 3:IP: 6429154e:Disasm shr cl, 0x1:IMG: C:\Program Files\DAEMON Tools Lite\Engine.dll:RTN: .text:Read Regs: ecx[T]: 6428c3e2: cl: 6428c3e2: cx[T]: 6428c3e2: :Read Flags: :Read Memory: :
TID: 3:IP: 64291550:Disasm not ecx:IMG: C:\Program Files\DAEMON Tools Lite\Engine.dll:RTN: .text:Read Regs: ecx[T]: 6428c371: cl[T]: 6428c371: ch[T]: 6428c371: cx[T]: 6428c371: :Read Flags: :Read Memory: :
TID: 3:IP: 64291552:Disasm cmc :IMG: C:\Program Files\DAEMON Tools Lite\Engine.dll:RTN: .text:Read Regs: eflags[T]: a06: :Read Flags: 0:[T 1:cf ]:Values:a06:Read Memory: :
TID: 3:IP: 642915bc:Disasm pushad :IMG: C:\Program Files\DAEMON Tools Lite\Engine.dll:RTN: .text:Read Regs: edi: 12e534: esi: 643a7845: ebp: 12e610: esp: 12e52c: ebx: 610f39ae: edx[T]: 286: ecx: 6427ff80: eax: 36: ss: 23: al: 36: ah: 36: ax: 36: cl: 6427ff80: ch: 6427ff80: cx: 6427ff80: dl[T]: 286: dh[T]: 286: dx[T]: 286: bl: 610f39ae: bh: 610f39ae: bx: 610f39ae: bp: 12e610: si: 643a7845: di: 12e534: sp: 12e52c: :Read Flags: :Read Memory: :
TID: 3:IP: 6427ff82:Disasm sub dx, dx:IMG: C:\Program Files\DAEMON Tools Lite\Engine.dll:RTN: .text:Read Regs: edx[T]: 286: dl[T]: 286: dh[T]: 286: dx[T]: 286: :Read Flags: :Read Memory: :
TID: 3:IP: 6427ff85:Disasm rcl al, 0x5:IMG: C:\Program Files\DAEMON Tools Lite\Engine.dll:RTN: .text:Read Regs: eax: 36: eflags[T]: 246: al: 36: ax: 36: :Read Flags: 0:[T 1:cf ]:Values:246:Read Memory: :
TID: 3:IP: 6427ff91:Disasm shrd dx, bp, 0x5:IMG: C:\Program Files\DAEMON Tools Lite\Engine.dll:RTN: .text:Read Regs: ebp: 12e610: edx[T]: 0: dl[T]: 0: dh[T]: 0: dx[T]: 0: bp: 12e610: :Read Flags: :Read Memory: :
TID: 3:IP: 6427ff96:Disasm shld dx, cx, cl:IMG: C:\Program Files\DAEMON Tools Lite\Engine.dll:RTN: .text:Read Regs: edx[T]: 8000: ecx: 6427ff80: cl: 6427ff80: ch: 6427ff80: cx: 6427ff80: dl[T]: 8000: dh[T]: 8000: dx[T]: 8000: :Read Flags: :Read Memory: :
TID: 3:IP: 6427ffa1:Disasm dec dh:IMG: C:\Program Files\DAEMON Tools Lite\Engine.dll:RTN: .text:Read Regs: edx[T]: 8000: dh[T]: 8000: dx[T]: 8000: :Read Flags: :Read Memory: :
TID: 3:IP: 6427ffa3:Disasm btr dx, 0x1:IMG: C:\Program Files\DAEMON Tools Lite\Engine.dll:RTN: .text:Read Regs: edx[T]: 7f00: dl[T]: 7f00: dh[T]: 7f00: dx[T]: 7f00: :Read Flags: :Read Memory: :
TID: 3:IP: 6427ffaf:Disasm rol dl, cl:IMG: C:\Program Files\DAEMON Tools Lite\Engine.dll:RTN: .text:Read Regs: edx[T]: 7f00: ecx: 6427ff80: cl: 6427ff80: cx: 6427ff80: dl[T]: 7f00: dx[T]: 7f00: :Read Flags: :Read Memory: :
TID: 3:IP: 6427ffbd:Disasm mov edx, dword ptr [ebp]:IMG: C:\Program Files\DAEMON Tools Lite\Engine.dll:RTN: .text:Read Regs: ebp: 12e610: ss: 23: bp: 12e610: :Read Flags: :Read Memory: 12e610 [T] 12e611 [T] 12e612 [T] 12e613 [T] :
TID: 3:IP: 6428a22f:Disasm test dl, dh:IMG: C:\Program Files\DAEMON Tools Lite\Engine.dll:RTN: .text:Read Regs: edx[T]: 286: dl[T]: 286: dh[T]: 286: dx[T]: 286: :Read Flags: :Read Memory: :
TID: 3:IP: 6428cc6f:Disasm mov dword ptr [eax+edi*1], edx:IMG: C:\Program Files\DAEMON Tools Lite\Engine.dll:RTN: .text:Read Regs: edi: 12e534: edx[T]: 286: eax: 4: ds: 23: al: 4: ah: 4: ax: 4: dl[T]: 286: dh[T]: 286: dx[T]: 286: di: 12e534: :Read Flags: :Read Memory: :
TID: 3:IP: 642915bc:Disasm pushad :IMG: C:\Program Files\DAEMON Tools Lite\Engine.dll:RTN: .text:Read Regs: edi: 12e534: esi: 643a7847: ebp: 12e614: esp: 12e52c: ebx: 610f398e: edx[T]: 286: ecx: 642899ad: eax: 1c: ss: 23: al: 1c: ah: 1c: ax: 1c: cl: 642899ad: ch: 642899ad: cx: 642899ad: dl[T]: 286: dh[T]: 286: dx[T]: 286: bl: 610f398e: bh: 610f398e: bx: 610f398e: bp: 12e614: si: 643a7847: di: 12e534: sp: 12e52c: :Read Flags: :Read Memory: :
TID: 3:IP: 642899ae:Disasm lea eax, ptr [edx+0x320424cb]:IMG: C:\Program Files\DAEMON Tools Lite\Engine.dll:RTN: .text:Read Regs: edx[T]: 286: dl[T]: 286: dh[T]: 286: dx[T]: 286: :Read Flags: :Read Memory: :
TID: 3:IP: 6428b040:Disasm pushad :IMG: C:\Program Files\DAEMON Tools Lite\Engine.dll:RTN: .text:Read Regs: edi: 12e534: esi: 643a7847: ebp: 12e610: esp: 12e528: ebx: 610f398e: edx[T]: 286: ecx: 642899ad: eax: 12e614: ss: 23: al: 12e614: ah: 12e614: ax: 12e614: cl: 642899ad: ch: 642899ad: cx: 642899ad: dl[T]: 286: dh[T]: 286: dx[T]: 286: bl: 610f398e: bh: 610f398e: bx: 610f398e: bp: 12e610: si: 643a7847: di: 12e534: sp: 12e528: :Read Flags: :Read Memory: :
TID: 3:IP: 64289560:Disasm mov byte ptr [esp], dl:IMG: C:\Program Files\DAEMON Tools Lite\Engine.dll:RTN: .text:Read Regs: esp: 12e530: edx[T]: 286: ss: 23: dl[T]: 286: dx[T]: 286: sp: 12e530: :Read Flags: :Read Memory: :
TID: 3:IP: 642915bc:Disasm pushad :IMG: C:\Program Files\DAEMON Tools Lite\Engine.dll:RTN: .text:Read Regs: edi: 12e534: esi: 643a7848: ebp: 12e610: esp: 12e52c: ebx: 610f3995: edx[T]: 286: ecx: 64292592: eax: f9: ss: 23: al: f9: ah: f9: ax: f9: cl: 64292592: ch: 64292592: cx: 64292592: dl[T]: 286: dh[T]: 286: dx[T]: 286: bl: 610f3995: bh: 610f3995: bx: 610f3995: bp: 12e610: si: 643a7848: di: 12e534: sp: 12e52c: :Read Flags: :Read Memory: :
TID: 3:IP: 64292592:Disasm pushad :IMG: C:\Program Files\DAEMON Tools Lite\Engine.dll:RTN: .text:Read Regs: edi: 12e534: esi: 643a7848: ebp: 12e610: esp: 12e534: ebx: 610f3995: edx[T]: 286: ecx: 64292592: eax: f9: ss: 23: al: f9: ah: f9: ax: f9: cl: 64292592: ch: 64292592: cx: 64292592: dl[T]: 286: dh[T]: 286: dx[T]: 286: bl: 610f3995: bh: 610f3995: bx: 610f3995: bp: 12e610: si: 643a7848: di: 12e534: sp: 12e534: :Read Flags: :Read Memory: :
TID: 3:IP: 64292597:Disasm mov eax, dword ptr ss:[eax]:IMG: C:\Program Files\DAEMON Tools Lite\Engine.dll:RTN: .text:Read Regs: eax: 12e614: ss: 23: al: 12e614: ah: 12e614: ax: 12e614: :Read Flags: :Read Memory: 12e614 [T] 12e615 [T] 12e616 [T] 12e617 [T] :
TID: 3:IP: 642895c3:Disasm mov dword ptr [ebp], eax:IMG: C:\Program Files\DAEMON Tools Lite\Engine.dll:RTN: .text:Read Regs: ebp: 12e610: eax[T]: ffffffff: ss: 23: al[T]: ffffffff: ah[T]: ffffffff: ax[T]: ffffffff: bp: 12e610: :Read Flags: :Read Memory: :
TID: 3:IP: 64291548:Disasm sbb al, bh:IMG: C:\Program Files\DAEMON Tools Lite\Engine.dll:RTN: .text:Read Regs: ebx: 610f3995: eax[T]: ffffffff: eflags: 202: al[T]: ffffffff: ax[T]: ffffffff: bh: 610f3995: bx: 610f3995: :Read Flags: 1:cf :Values:202:Read Memory: :
TID: 3:IP: 6429154a:Disasm xchg ch, al:IMG: C:\Program Files\DAEMON Tools Lite\Engine.dll:RTN: .text:Read Regs: ecx: 64292592: eax[T]: ffffffc6: al[T]: ffffffc6: ax[T]: ffffffc6: ch: 64292592: cx: 64292592: :Read Flags: :Read Memory: :
TID: 3:IP: 6429154e:Disasm shr cl, 0x1:IMG: C:\Program Files\DAEMON Tools Lite\Engine.dll:RTN: .text:Read Regs: ecx[T]: 6429c692: cl: 6429c692: cx[T]: 6429c692: :Read Flags: :Read Memory: :
TID: 3:IP: 64291550:Disasm not ecx:IMG: C:\Program Files\DAEMON Tools Lite\Engine.dll:RTN: .text:Read Regs: ecx[T]: 6429c649: cl[T]: 6429c649: ch[T]: 6429c649: cx[T]: 6429c649: :Read Flags: :Read Memory: :
TID: 3:IP: 64291552:Disasm cmc :IMG: C:\Program Files\DAEMON Tools Lite\Engine.dll:RTN: .text:Read Regs: eflags[T]: a02: :Read Flags: 0:[T 1:cf ]:Values:a02:Read Memory: :
TID: 3:IP: 642915bc:Disasm pushad :IMG: C:\Program Files\DAEMON Tools Lite\Engine.dll:RTN: .text:Read Regs: edi: 12e534: esi: 643a7849: ebp: 12e610: esp: 12e52c: ebx: 610f391b: edx[T]: 286: ecx: 642895f4: eax: 7a: ss: 23: al: 7a: ah: 7a: ax: 7a: cl: 642895f4: ch: 642895f4: cx: 642895f4: dl[T]: 286: dh[T]: 286: dx[T]: 286: bl: 610f391b: bh: 610f391b: bx: 610f391b: bp: 12e610: si: 643a7849: di: 12e534: sp: 12e52c: :Read Flags: :Read Memory: :
TID: 3:IP: 64292aa2:Disasm rcr dh, cl:IMG: C:\Program Files\DAEMON Tools Lite\Engine.dll:RTN: .text:Read Regs: edx[T]: 286: ecx: 642895f4: eflags: 202: cl: 642895f4: cx: 642895f4: dh[T]: 286: dx[T]: 286: :Read Flags: 1:cf :Values:202:Read Memory: :
TID: 3:IP: 64292aa4:Disasm mov eax, dword ptr [ebp]:IMG: C:\Program Files\DAEMON Tools Lite\Engine.dll:RTN: .text:Read Regs: ebp: 12e610: ss: 23: bp: 12e610: :Read Flags: :Read Memory: 12e610 [T] 12e611 [T] 12e612 [T] 12e613 [T] :
TID: 3:IP: 64292ab1:Disasm mov edx, dword ptr [ebp+0x4]:IMG: C:\Program Files\DAEMON Tools Lite\Engine.dll:RTN: .text:Read Regs: ebp: 12e610: ss: 23: bp: 12e610: :Read Flags: :Read Memory: 12e614 [T] 12e615 [T] 12e616 [T] 12e617 [T] :
TID: 3:IP: 64292ac1:Disasm not eax:IMG: C:\Program Files\DAEMON Tools Lite\Engine.dll:RTN: .text:Read Regs: eax[T]: ffffffff: al[T]: ffffffff: ah[T]: ffffffff: ax[T]: ffffffff: :Read Flags: :Read Memory: :
TID: 3:IP: 64291a37:Disasm not edx:IMG: C:\Program Files\DAEMON Tools Lite\Engine.dll:RTN: .text:Read Regs: edx[T]: ffffffff: dl[T]: ffffffff: dh[T]: ffffffff: dx[T]: ffffffff: :Read Flags: :Read Memory: :
TID: 3:IP: 64291a3a:Disasm and eax, edx:IMG: C:\Program Files\DAEMON Tools Lite\Engine.dll:RTN: .text:Read Regs: edx[T]: 0: eax[T]: 0: al[T]: 0: ah[T]: 0: ax[T]: 0: dl[T]: 0: dh[T]: 0: dx[T]: 0: :Read Flags: :Read Memory: :
TID: 3:IP: 6428ab24:Disasm jp 0x6428b003:IMG: C:\Program Files\DAEMON Tools Lite\Engine.dll:RTN: .text:Read Regs: eflags[T]: 246: :Read Flags: 0:[T 4:pf ]:Values:246:Read Memory: :
TID: 3:IP: 6428b003:Disasm pushfd :IMG: C:\Program Files\DAEMON Tools Lite\Engine.dll:RTN: .text:Read Regs: esp: 12e534: ss: 23: eflags[T]: 246: sp: 12e534: :Read Flags: 3f7700:df vif iopl if ac vm rf nt tf id vip [T 8d5:of sf zf af pf cf ]:Values:246:Read Memory: :
TID: 3:IP: 64293c45:Disasm mov dword ptr [ebp+0x4], eax:IMG: C:\Program Files\DAEMON Tools Lite\Engine.dll:RTN: .text:Read Regs: ebp: 12e610: eax[T]: 0: ss: 23: al[T]: 0: ah[T]: 0: ax[T]: 0: bp: 12e610: :Read Flags: :Read Memory: :
TID: 3:IP: 64293c50:Disasm pushfd :IMG: C:\Program Files\DAEMON Tools Lite\Engine.dll:RTN: .text:Read Regs: esp: 12e528: ss: 23: eflags[T]: 246: sp: 12e528: :Read Flags: 3f7700:df vif iopl if ac vm rf nt tf id vip [T 8d5:of sf zf af pf cf ]:Values:246:Read Memory: :
TID: 3:IP: 64293c51:Disasm pop dword ptr [esp+0x8]:IMG: C:\Program Files\DAEMON Tools Lite\Engine.dll:RTN: .text:Read Regs: esp: 12e524: ss: 23: sp: 12e524: :Read Flags: :Read Memory: 12e524 [T] 12e525 [T] 12e526 [T] 12e527 [T] :
TID: 3:IP: 64293c5c:Disasm push dword ptr [esp+0x8]:IMG: C:\Program Files\DAEMON Tools Lite\Engine.dll:RTN: .text:Read Regs: esp: 12e528: ss: 23: sp: 12e528: :Read Flags: :Read Memory: 12e530 [T] 12e531 [T] 12e532 [T] 12e533 [T] :
TID: 3:IP: 64293c60:Disasm pop dword ptr [ebp]:IMG: C:\Program Files\DAEMON Tools Lite\Engine.dll:RTN: .text:Read Regs: ebp: 12e610: esp: 12e524: ss: 23: bp: 12e610: sp: 12e524: :Read Flags: :Read Memory: 12e524 [T] 12e525 [T] 12e526 [T] 12e527 [T] :
TID: 3:IP: 64293c63:Disasm pushad :IMG: C:\Program Files\DAEMON Tools Lite\Engine.dll:RTN: .text:Read Regs: edi: 12e534: esi: 643a7849: ebp: 12e610: esp: 12e528: ebx: 610f391b: edx[T]: 0: ecx: 642895f4: eax[T]: 0: ss: 23: al[T]: 0: ah[T]: 0: ax[T]: 0: cl: 642895f4: ch: 642895f4: cx: 642895f4: dl[T]: 0: dh[T]: 0: dx[T]: 0: bl: 610f391b: bh: 610f391b: bx: 610f391b: bp: 12e610: si: 643a7849: di: 12e534: sp: 12e528: :Read Flags: :Read Memory: :
TID: 3:IP: 64291548:Disasm sbb al, bh:IMG: C:\Program Files\DAEMON Tools Lite\Engine.dll:RTN: .text:Read Regs: ebx: 610f391b: eax[T]: 0: eflags[T]: 246: al[T]: 0: ax[T]: 0: bh: 610f391b: bx: 610f391b: :Read Flags: 0:[T 1:cf ]:Values:246:Read Memory: :
TID: 3:IP: 6429154a:Disasm xchg ch, al:IMG: C:\Program Files\DAEMON Tools Lite\Engine.dll:RTN: .text:Read Regs: ecx: 642895f4: eax[T]: c7: al[T]: c7: ax[T]: c7: ch: 642895f4: cx: 642895f4: :Read Flags: :Read Memory: :
TID: 3:IP: 6429154e:Disasm shr cl, 0x1:IMG: C:\Program Files\DAEMON Tools Lite\Engine.dll:RTN: .text:Read Regs: ecx[T]: 6428c7f4: cl: 6428c7f4: cx[T]: 6428c7f4: :Read Flags: :Read Memory: :
TID: 3:IP: 64291550:Disasm not ecx:IMG: C:\Program Files\DAEMON Tools Lite\Engine.dll:RTN: .text:Read Regs: ecx[T]: 6428c77a: cl[T]: 6428c77a: ch[T]: 6428c77a: cx[T]: 6428c77a: :Read Flags: :Read Memory: :
TID: 3:IP: 64291552:Disasm cmc :IMG: C:\Program Files\DAEMON Tools Lite\Engine.dll:RTN: .text:Read Regs: eflags[T]: a02: :Read Flags: 0:[T 1:cf ]:Values:a02:Read Memory: :
TID: 3:IP: 642915bc:Disasm pushad :IMG: C:\Program Files\DAEMON Tools Lite\Engine.dll:RTN: .text:Read Regs: edi: 12e534: esi: 643a784a: ebp: 12e610: esp: 12e52c: ebx: 610f390a: edx[T]: 0: ecx: 6427ff80: eax: 11: ss: 23: al: 11: ah: 11: ax: 11: cl: 6427ff80: ch: 6427ff80: cx: 6427ff80: dl[T]: 0: dh[T]: 0: dx[T]: 0: bl: 610f390a: bh: 610f390a: bx: 610f390a: bp: 12e610: si: 643a784a: di: 12e534: sp: 12e52c: :Read Flags: :Read Memory: :
TID: 3:IP: 6427ff82:Disasm sub dx, dx:IMG: C:\Program Files\DAEMON Tools Lite\Engine.dll:RTN: .text:Read Regs: edx[T]: 0: dl[T]: 0: dh[T]: 0: dx[T]: 0: :Read Flags: :Read Memory: :
TID: 3:IP: 6427ff85:Disasm rcl al, 0x5:IMG: C:\Program Files\DAEMON Tools Lite\Engine.dll:RTN: .text:Read Regs: eax: 11: eflags[T]: 246: al: 11: ax: 11: :Read Flags: 0:[T 1:cf ]:Values:246:Read Memory: :
TID: 3:IP: 6427ff91:Disasm shrd dx, bp, 0x5:IMG: C:\Program Files\DAEMON Tools Lite\Engine.dll:RTN: .text:Read Regs: ebp: 12e610: edx[T]: 0: dl[T]: 0: dh[T]: 0: dx[T]: 0: bp: 12e610: :Read Flags: :Read Memory: :
TID: 3:IP: 6427ff96:Disasm shld dx, cx, cl:IMG: C:\Program Files\DAEMON Tools Lite\Engine.dll:RTN: .text:Read Regs: edx[T]: 8000: ecx: 6427ff80: cl: 6427ff80: ch: 6427ff80: cx: 6427ff80: dl[T]: 8000: dh[T]: 8000: dx[T]: 8000: :Read Flags: :Read Memory: :
TID: 3:IP: 6427ffa1:Disasm dec dh:IMG: C:\Program Files\DAEMON Tools Lite\Engine.dll:RTN: .text:Read Regs: edx[T]: 8000: dh[T]: 8000: dx[T]: 8000: :Read Flags: :Read Memory: :
TID: 3:IP: 6427ffa3:Disasm btr dx, 0x1:IMG: C:\Program Files\DAEMON Tools Lite\Engine.dll:RTN: .text:Read Regs: edx[T]: 7f00: dl[T]: 7f00: dh[T]: 7f00: dx[T]: 7f00: :Read Flags: :Read Memory: :
TID: 3:IP: 6427ffaf:Disasm rol dl, cl:IMG: C:\Program Files\DAEMON Tools Lite\Engine.dll:RTN: .text:Read Regs: edx[T]: 7f00: ecx: 6427ff80: cl: 6427ff80: cx: 6427ff80: dl[T]: 7f00: dx[T]: 7f00: :Read Flags: :Read Memory: :
TID: 3:IP: 6427ffbd:Disasm mov edx, dword ptr [ebp]:IMG: C:\Program Files\DAEMON Tools Lite\Engine.dll:RTN: .text:Read Regs: ebp: 12e610: ss: 23: bp: 12e610: :Read Flags: :Read Memory: 12e610 [T] 12e611 [T] 12e612 [T] 12e613 [T] :
TID: 3:IP: 6428a22f:Disasm test dl, dh:IMG: C:\Program Files\DAEMON Tools Lite\Engine.dll:RTN: .text:Read Regs: edx[T]: 246: dl[T]: 246: dh[T]: 246: dx[T]: 246: :Read Flags: :Read Memory: :
TID: 3:IP: 6428cc6f:Disasm mov dword ptr [eax+edi*1], edx:IMG: C:\Program Files\DAEMON Tools Lite\Engine.dll:RTN: .text:Read Regs: edi: 12e534: edx[T]: 246: eax: 2c: ds: 23: al: 2c: ah: 2c: ax: 2c: dl[T]: 246: dh[T]: 246: dx[T]: 246: di: 12e534: :Read Flags: :Read Memory: :
TID: 3:IP: 642915bc:Disasm pushad :IMG: C:\Program Files\DAEMON Tools Lite\Engine.dll:RTN: .text:Read Regs: edi: 12e534: esi: 643a784c: ebp: 12e614: esp: 12e52c: ebx: 610f39f0: edx[T]: 246: ecx: 6427ff80: eax: 36: ss: 23: al: 36: ah: 36: ax: 36: cl: 6427ff80: ch: 6427ff80: cx: 6427ff80: dl[T]: 246: dh[T]: 246: dx[T]: 246: bl: 610f39f0: bh: 610f39f0: bx: 610f39f0: bp: 12e614: si: 643a784c: di: 12e534: sp: 12e52c: :Read Flags: :Read Memory: :
TID: 3:IP: 6427ff82:Disasm sub dx, dx:IMG: C:\Program Files\DAEMON Tools Lite\Engine.dll:RTN: .text:Read Regs: edx[T]: 246: dl[T]: 246: dh[T]: 246: dx[T]: 246: :Read Flags: :Read Memory: :
TID: 3:IP: 6427ff85:Disasm rcl al, 0x5:IMG: C:\Program Files\DAEMON Tools Lite\Engine.dll:RTN: .text:Read Regs: eax: 36: eflags[T]: 246: al: 36: ax: 36: :Read Flags: 0:[T 1:cf ]:Values:246:Read Memory: :
TID: 3:IP: 6427ff91:Disasm shrd dx, bp, 0x5:IMG: C:\Program Files\DAEMON Tools Lite\Engine.dll:RTN: .text:Read Regs: ebp: 12e614: edx[T]: 0: dl[T]: 0: dh[T]: 0: dx[T]: 0: bp: 12e614: :Read Flags: :Read Memory: :
TID: 3:IP: 6427ff96:Disasm shld dx, cx, cl:IMG: C:\Program Files\DAEMON Tools Lite\Engine.dll:RTN: .text:Read Regs: edx[T]: a000: ecx: 6427ff80: cl: 6427ff80: ch: 6427ff80: cx: 6427ff80: dl[T]: a000: dh[T]: a000: dx[T]: a000: :Read Flags: :Read Memory: :
TID: 3:IP: 6427ffa1:Disasm dec dh:IMG: C:\Program Files\DAEMON Tools Lite\Engine.dll:RTN: .text:Read Regs: edx[T]: a000: dh[T]: a000: dx[T]: a000: :Read Flags: :Read Memory: :
TID: 3:IP: 6427ffa3:Disasm btr dx, 0x1:IMG: C:\Program Files\DAEMON Tools Lite\Engine.dll:RTN: .text:Read Regs: edx[T]: 9f00: dl[T]: 9f00: dh[T]: 9f00: dx[T]: 9f00: :Read Flags: :Read Memory: :
TID: 3:IP: 6427ffaf:Disasm rol dl, cl:IMG: C:\Program Files\DAEMON Tools Lite\Engine.dll:RTN: .text:Read Regs: edx[T]: 9f00: ecx: 6427ff80: cl: 6427ff80: cx: 6427ff80: dl[T]: 9f00: dx[T]: 9f00: :Read Flags: :Read Memory: :
TID: 3:IP: 6427ffbd:Disasm mov edx, dword ptr [ebp]:IMG: C:\Program Files\DAEMON Tools Lite\Engine.dll:RTN: .text:Read Regs: ebp: 12e614: ss: 23: bp: 12e614: :Read Flags: :Read Memory: 12e614 [T] 12e615 [T] 12e616 [T] 12e617 [T] :
TID: 3:IP: 6428a22f:Disasm test dl, dh:IMG: C:\Program Files\DAEMON Tools Lite\Engine.dll:RTN: .text:Read Regs: edx[T]: 0: dl[T]: 0: dh[T]: 0: dx[T]: 0: :Read Flags: :Read Memory: :
TID: 3:IP: 6428cc6f:Disasm mov dword ptr [eax+edi*1], edx:IMG: C:\Program Files\DAEMON Tools Lite\Engine.dll:RTN: .text:Read Regs: edi: 12e534: edx[T]: 0: eax: 20: ds: 23: al: 20: ah: 20: ax: 20: dl[T]: 0: dh[T]: 0: dx[T]: 0: di: 12e534: :Read Flags: :Read Memory: :
TID: 3:IP: 642915bc:Disasm pushad :IMG: C:\Program Files\DAEMON Tools Lite\Engine.dll:RTN: .text:Read Regs: edi: 12e534: esi: 643a784e: ebp: 12e618: esp: 12e52c: ebx: 610f3988: edx[T]: 0: ecx: 64293cd6: eax: 48: ss: 23: al: 48: ah: 48: ax: 48: cl: 64293cd6: ch: 64293cd6: cx: 64293cd6: dl[T]: 0: dh[T]: 0: dx[T]: 0: bl: 610f3988: bh: 610f3988: bx: 610f3988: bp: 12e618: si: 643a784e: di: 12e534: sp: 12e52c: :Read Flags: :Read Memory: :
TID: 3:IP: 64289264:Disasm btr dx, 0x9:IMG: C:\Program Files\DAEMON Tools Lite\Engine.dll:RTN: .text:Read Regs: edx[T]: 0: dl[T]: 0: dh[T]: 0: dx[T]: 0: :Read Flags: :Read Memory: :
TID: 3:IP: 64289a79:Disasm bswap dx:IMG: C:\Program Files\DAEMON Tools Lite\Engine.dll:RTN: .text:Read Regs: edx: 0: dl[T]: 0: dh: 0: dx: 0: :Read Flags: :Read Memory: :
TID: 3:IP: 64289aaa:Disasm mov edx, dword ptr [eax+edi*1]:IMG: C:\Program Files\DAEMON Tools Lite\Engine.dll:RTN: .text:Read Regs: edi: 12e534: eax: 4: ds: 23: al: 4: ah: 4: ax: 4: di: 12e534: :Read Flags: :Read Memory: 12e538 [T] 12e539 [T] 12e53a [T] 12e53b [T] :
TID: 3:IP: 64289ab3:Disasm mov dword ptr [ebp], edx:IMG: C:\Program Files\DAEMON Tools Lite\Engine.dll:RTN: .text:Read Regs: ebp: 12e614: edx[T]: 286: ss: 23: dl[T]: 286: dh[T]: 286: dx[T]: 286: bp: 12e614: :Read Flags: :Read Memory: :
TID: 3:IP: 64289560:Disasm mov byte ptr [esp], dl:IMG: C:\Program Files\DAEMON Tools Lite\Engine.dll:RTN: .text:Read Regs: esp: 12e530: edx[T]: 286: ss: 23: dl[T]: 286: dx[T]: 286: sp: 12e530: :Read Flags: :Read Memory: :
TID: 3:IP: 642915bc:Disasm pushad :IMG: C:\Program Files\DAEMON Tools Lite\Engine.dll:RTN: .text:Read Regs: edi: 12e534: esi: 643a7850: ebp: 12e614: esp: 12e52c: ebx: 610f3944: edx[T]: 286: ecx: 64293cd6: eax: 48: ss: 23: al: 48: ah: 48: ax: 48: cl: 64293cd6: ch: 64293cd6: cx: 64293cd6: dl[T]: 286: dh[T]: 286: dx[T]: 286: bl: 610f3944: bh: 610f3944: bx: 610f3944: bp: 12e614: si: 643a7850: di: 12e534: sp: 12e52c: :Read Flags: :Read Memory: :
TID: 3:IP: 64289264:Disasm btr dx, 0x9:IMG: C:\Program Files\DAEMON Tools Lite\Engine.dll:RTN: .text:Read Regs: edx[T]: 286: dl[T]: 286: dh[T]: 286: dx[T]: 286: :Read Flags: :Read Memory: :
TID: 3:IP: 64289a79:Disasm bswap dx:IMG: C:\Program Files\DAEMON Tools Lite\Engine.dll:RTN: .text:Read Regs: edx: 86: dl[T]: 86: dh: 86: dx: 86: :Read Flags: :Read Memory: :
TID: 3:IP: 64289aaa:Disasm mov edx, dword ptr [eax+edi*1]:IMG: C:\Program Files\DAEMON Tools Lite\Engine.dll:RTN: .text:Read Regs: edi: 12e534: eax: 4: ds: 23: al: 4: ah: 4: ax: 4: di: 12e534: :Read Flags: :Read Memory: 12e538 [T] 12e539 [T] 12e53a [T] 12e53b [T] :
TID: 3:IP: 64289ab3:Disasm mov dword ptr [ebp], edx:IMG: C:\Program Files\DAEMON Tools Lite\Engine.dll:RTN: .text:Read Regs: ebp: 12e610: edx[T]: 286: ss: 23: dl[T]: 286: dh[T]: 286: dx[T]: 286: bp: 12e610: :Read Flags: :Read Memory: :
TID: 3:IP: 64289560:Disasm mov byte ptr [esp], dl:IMG: C:\Program Files\DAEMON Tools Lite\Engine.dll:RTN: .text:Read Regs: esp: 12e530: edx[T]: 286: ss: 23: dl[T]: 286: dx[T]: 286: sp: 12e530: :Read Flags: :Read Memory: :
TID: 3:IP: 642915bc:Disasm pushad :IMG: C:\Program Files\DAEMON Tools Lite\Engine.dll:RTN: .text:Read Regs: edi: 12e534: esi: 643a7852: ebp: 12e610: esp: 12e52c: ebx: 610f39c6: edx[T]: 286: ecx: 642895f4: eax: 7a: ss: 23: al: 7a: ah: 7a: ax: 7a: cl: 642895f4: ch: 642895f4: cx: 642895f4: dl[T]: 286: dh[T]: 286: dx[T]: 286: bl: 610f39c6: bh: 610f39c6: bx: 610f39c6: bp: 12e610: si: 643a7852: di: 12e534: sp: 12e52c: :Read Flags: :Read Memory: :
TID: 3:IP: 64292aa2:Disasm rcr dh, cl:IMG: C:\Program Files\DAEMON Tools Lite\Engine.dll:RTN: .text:Read Regs: edx[T]: 286: ecx: 642895f4: eflags: 202: cl: 642895f4: cx: 642895f4: dh[T]: 286: dx[T]: 286: :Read Flags: 1:cf :Values:202:Read Memory: :
TID: 3:IP: 64292aa4:Disasm mov eax, dword ptr [ebp]:IMG: C:\Program Files\DAEMON Tools Lite\Engine.dll:RTN: .text:Read Regs: ebp: 12e610: ss: 23: bp: 12e610: :Read Flags: :Read Memory: 12e610 [T] 12e611 [T] 12e612 [T] 12e613 [T] :
TID: 3:IP: 64292ab1:Disasm mov edx, dword ptr [ebp+0x4]:IMG: C:\Program Files\DAEMON Tools Lite\Engine.dll:RTN: .text:Read Regs: ebp: 12e610: ss: 23: bp: 12e610: :Read Flags: :Read Memory: 12e614 [T] 12e615 [T] 12e616 [T] 12e617 [T] :
TID: 3:IP: 64292ac1:Disasm not eax:IMG: C:\Program Files\DAEMON Tools Lite\Engine.dll:RTN: .text:Read Regs: eax[T]: 286: al[T]: 286: ah[T]: 286: ax[T]: 286: :Read Flags: :Read Memory: :
TID: 3:IP: 64291a37:Disasm not edx:IMG: C:\Program Files\DAEMON Tools Lite\Engine.dll:RTN: .text:Read Regs: edx[T]: 286: dl[T]: 286: dh[T]: 286: dx[T]: 286: :Read Flags: :Read Memory: :
TID: 3:IP: 64291a3a:Disasm and eax, edx:IMG: C:\Program Files\DAEMON Tools Lite\Engine.dll:RTN: .text:Read Regs: edx[T]: fffffd79: eax[T]: fffffd79: al[T]: fffffd79: ah[T]: fffffd79: ax[T]: fffffd79: dl[T]: fffffd79: dh[T]: fffffd79: dx[T]: fffffd79: :Read Flags: :Read Memory: :
TID: 3:IP: 6428ab24:Disasm jp 0x6428b003:IMG: C:\Program Files\DAEMON Tools Lite\Engine.dll:RTN: .text:Read Regs: eflags[T]: 282: :Read Flags: 0:[T 4:pf ]:Values:282:Read Memory: :
TID: 3:IP: 6428ab2a:Disasm pushfd :IMG: C:\Program Files\DAEMON Tools Lite\Engine.dll:RTN: .text:Read Regs: esp: 12e534: ss: 23: eflags[T]: 282: sp: 12e534: :Read Flags: 3f7700:df vif iopl if ac vm rf nt tf id vip [T 8d5:of sf zf af pf cf ]:Values:282:Read Memory: :
TID: 3:IP: 6428ab2b:Disasm pushad :IMG: C:\Program Files\DAEMON Tools Lite\Engine.dll:RTN: .text:Read Regs: edi: 12e534: esi: 643a7852: ebp: 12e610: esp: 12e530: ebx: 610f39c6: edx[T]: fffffd79: ecx: 642895f4: eax[T]: fffffd79: ss: 23: al[T]: fffffd79: ah[T]: fffffd79: ax[T]: fffffd79: cl: 642895f4: ch: 642895f4: cx: 642895f4: dl[T]: fffffd79: dh[T]: fffffd79: dx[T]: fffffd79: bl: 610f39c6: bh: 610f39c6: bx: 610f39c6: bp: 12e610: si: 643a7852: di: 12e534: sp: 12e530: :Read Flags: :Read Memory: :
TID: 3:IP: 6428ab2c:Disasm mov dword ptr [ebp+0x4], eax:IMG: C:\Program Files\DAEMON Tools Lite\Engine.dll:RTN: .text:Read Regs: ebp: 12e610: eax[T]: fffffd79: ss: 23: al[T]: fffffd79: ah[T]: fffffd79: ax[T]: fffffd79: bp: 12e610: :Read Flags: :Read Memory: :
TID: 3:IP: 6428ab2f:Disasm pushad :IMG: C:\Program Files\DAEMON Tools Lite\Engine.dll:RTN: .text:Read Regs: edi: 12e534: esi: 643a7852: ebp: 12e610: esp: 12e510: ebx: 610f39c6: edx[T]: fffffd79: ecx: 642895f4: eax[T]: fffffd79: ss: 23: al[T]: fffffd79: ah[T]: fffffd79: ax[T]: fffffd79: cl: 642895f4: ch: 642895f4: cx: 642895f4: dl[T]: fffffd79: dh[T]: fffffd79: dx[T]: fffffd79: bl: 610f39c6: bh: 610f39c6: bx: 610f39c6: bp: 12e610: si: 643a7852: di: 12e534: sp: 12e510: :Read Flags: :Read Memory: :
TID: 3:IP: 64289568:Disasm pushfd :IMG: C:\Program Files\DAEMON Tools Lite\Engine.dll:RTN: .text:Read Regs: esp: 12e4f0: ss: 23: eflags[T]: 282: sp: 12e4f0: :Read Flags: 3f7700:df vif iopl if ac vm rf nt tf id vip [T 8d5:of sf zf af pf cf ]:Values:282:Read Memory: :
TID: 3:IP: 64289569:Disasm pop dword ptr [esp+0x40]:IMG: C:\Program Files\DAEMON Tools Lite\Engine.dll:RTN: .text:Read Regs: esp: 12e4ec: ss: 23: sp: 12e4ec: :Read Flags: :Read Memory: 12e4ec [T] 12e4ed [T] 12e4ee [T] 12e4ef [T] :
TID: 3:IP: 6429251b:Disasm push dword ptr [esp+0x48]:IMG: C:\Program Files\DAEMON Tools Lite\Engine.dll:RTN: .text:Read Regs: esp: 12e4e8: ss: 23: sp: 12e4e8: :Read Flags: :Read Memory: 12e530 [T] 12e531 [T] 12e532 [T] 12e533 [T] :
TID: 3:IP: 6429251f:Disasm pop dword ptr [ebp]:IMG: C:\Program Files\DAEMON Tools Lite\Engine.dll:RTN: .text:Read Regs: ebp: 12e610: esp: 12e4e4: ss: 23: bp: 12e610: sp: 12e4e4: :Read Flags: :Read Memory: 12e4e4 [T] 12e4e5 [T] 12e4e6 [T] 12e4e7 [T] :
TID: 3:IP: 64292522:Disasm mov byte ptr [esp], al:IMG: C:\Program Files\DAEMON Tools Lite\Engine.dll:RTN: .text:Read Regs: esp: 12e4e8: eax[T]: fffffd79: ss: 23: al[T]: fffffd79: ax[T]: fffffd79: sp: 12e4e8: :Read Flags: :Read Memory: :
TID: 3:IP: 64292525:Disasm pushfd :IMG: C:\Program Files\DAEMON Tools Lite\Engine.dll:RTN: .text:Read Regs: esp: 12e4e8: ss: 23: eflags[T]: 282: sp: 12e4e8: :Read Flags: 3f7700:df vif iopl if ac vm rf nt tf id vip [T 8d5:of sf zf af pf cf ]:Values:282:Read Memory: :
TID: 3:IP: 64291548:Disasm sbb al, bh:IMG: C:\Program Files\DAEMON Tools Lite\Engine.dll:RTN: .text:Read Regs: ebx: 610f39c6: eax[T]: fffffd79: eflags[T]: 282: al[T]: fffffd79: ax[T]: fffffd79: bh: 610f39c6: bx: 610f39c6: :Read Flags: 0:[T 1:cf ]:Values:282:Read Memory: :
TID: 3:IP: 6429154a:Disasm xchg ch, al:IMG: C:\Program Files\DAEMON Tools Lite\Engine.dll:RTN: .text:Read Regs: ecx: 642895f4: eax[T]: fffffd40: al[T]: fffffd40: ax[T]: fffffd40: ch: 642895f4: cx: 642895f4: :Read Flags: :Read Memory: :
TID: 3:IP: 6429154e:Disasm shr cl, 0x1:IMG: C:\Program Files\DAEMON Tools Lite\Engine.dll:RTN: .text:Read Regs: ecx[T]: 642840f4: cl: 642840f4: cx[T]: 642840f4: :Read Flags: :Read Memory: :
TID: 3:IP: 64291550:Disasm not ecx:IMG: C:\Program Files\DAEMON Tools Lite\Engine.dll:RTN: .text:Read Regs: ecx[T]: 6428407a: cl[T]: 6428407a: ch[T]: 6428407a: cx[T]: 6428407a: :Read Flags: :Read Memory: :
TID: 3:IP: 64291552:Disasm cmc :IMG: C:\Program Files\DAEMON Tools Lite\Engine.dll:RTN: .text:Read Regs: eflags[T]: a02: :Read Flags: 0:[T 1:cf ]:Values:a02:Read Memory: :
TID: 3:IP: 642915bc:Disasm pushad :IMG: C:\Program Files\DAEMON Tools Lite\Engine.dll:RTN: .text:Read Regs: edi: 12e534: esi: 643a7853: ebp: 12e610: esp: 12e52c: ebx: 610f39b5: edx[T]: fffffd79: ecx: 6427ff80: eax: 11: ss: 23: al: 11: ah: 11: ax: 11: cl: 6427ff80: ch: 6427ff80: cx: 6427ff80: dl[T]: fffffd79: dh[T]: fffffd79: dx[T]: fffffd79: bl: 610f39b5: bh: 610f39b5: bx: 610f39b5: bp: 12e610: si: 643a7853: di: 12e534: sp: 12e52c: :Read Flags: :Read Memory: :
TID: 3:IP: 6427ff82:Disasm sub dx, dx:IMG: C:\Program Files\DAEMON Tools Lite\Engine.dll:RTN: .text:Read Regs: edx[T]: fffffd79: dl[T]: fffffd79: dh[T]: fffffd79: dx[T]: fffffd79: :Read Flags: :Read Memory: :
TID: 3:IP: 6427ff85:Disasm rcl al, 0x5:IMG: C:\Program Files\DAEMON Tools Lite\Engine.dll:RTN: .text:Read Regs: eax: 11: eflags[T]: 246: al: 11: ax: 11: :Read Flags: 0:[T 1:cf ]:Values:246:Read Memory: :
TID: 3:IP: 6427ff91:Disasm shrd dx, bp, 0x5:IMG: C:\Program Files\DAEMON Tools Lite\Engine.dll:RTN: .text:Read Regs: ebp: 12e610: edx[T]: ffff0000: dl[T]: ffff0000: dh[T]: ffff0000: dx[T]: ffff0000: bp: 12e610: :Read Flags: :Read Memory: :
TID: 3:IP: 6427ff96:Disasm shld dx, cx, cl:IMG: C:\Program Files\DAEMON Tools Lite\Engine.dll:RTN: .text:Read Regs: edx[T]: ffff8000: ecx: 6427ff80: cl: 6427ff80: ch: 6427ff80: cx: 6427ff80: dl[T]: ffff8000: dh[T]: ffff8000: dx[T]: ffff8000: :Read Flags: :Read Memory: :
TID: 3:IP: 6427ffa1:Disasm dec dh:IMG: C:\Program Files\DAEMON Tools Lite\Engine.dll:RTN: .text:Read Regs: edx[T]: ffff8000: dh[T]: ffff8000: dx[T]: ffff8000: :Read Flags: :Read Memory: :
TID: 3:IP: 6427ffa3:Disasm btr dx, 0x1:IMG: C:\Program Files\DAEMON Tools Lite\Engine.dll:RTN: .text:Read Regs: edx[T]: ffff7f00: dl[T]: ffff7f00: dh[T]: ffff7f00: dx[T]: ffff7f00: :Read Flags: :Read Memory: :
TID: 3:IP: 6427ffaf:Disasm rol dl, cl:IMG: C:\Program Files\DAEMON Tools Lite\Engine.dll:RTN: .text:Read Regs: edx[T]: ffff7f00: ecx: 6427ff80: cl: 6427ff80: cx: 6427ff80: dl[T]: ffff7f00: dx[T]: ffff7f00: :Read Flags: :Read Memory: :
TID: 3:IP: 6427ffbd:Disasm mov edx, dword ptr [ebp]:IMG: C:\Program Files\DAEMON Tools Lite\Engine.dll:RTN: .text:Read Regs: ebp: 12e610: ss: 23: bp: 12e610: :Read Flags: :Read Memory: 12e610 [T] 12e611 [T] 12e612 [T] 12e613 [T] :
TID: 3:IP: 6428a22f:Disasm test dl, dh:IMG: C:\Program Files\DAEMON Tools Lite\Engine.dll:RTN: .text:Read Regs: edx[T]: 282: dl[T]: 282: dh[T]: 282: dx[T]: 282: :Read Flags: :Read Memory: :
TID: 3:IP: 6428cc6f:Disasm mov dword ptr [eax+edi*1], edx:IMG: C:\Program Files\DAEMON Tools Lite\Engine.dll:RTN: .text:Read Regs: edi: 12e534: edx[T]: 282: eax: 8: ds: 23: al: 8: ah: 8: ax: 8: dl[T]: 282: dh[T]: 282: dx[T]: 282: di: 12e534: :Read Flags: :Read Memory: :
TID: 3:IP: 642915bc:Disasm pushad :IMG: C:\Program Files\DAEMON Tools Lite\Engine.dll:RTN: .text:Read Regs: edi: 12e534: esi: 643a7855: ebp: 12e614: esp: 12e52c: ebx: 610f39a0: edx[T]: 282: ecx: 6428abec: eax: 1d: ss: 23: al: 1d: ah: 1d: ax: 1d: cl: 6428abec: ch: 6428abec: cx: 6428abec: dl[T]: 282: dh[T]: 282: dx[T]: 282: bl: 610f39a0: bh: 610f39a0: bx: 610f39a0: bp: 12e614: si: 643a7855: di: 12e534: sp: 12e52c: :Read Flags: :Read Memory: :
TID: 3:IP: 64293c9a:Disasm pushad :IMG: C:\Program Files\DAEMON Tools Lite\Engine.dll:RTN: .text:Read Regs: edi: 12e534: esi: 643a7856: ebp: 12e614: esp: 12e52c: ebx: 610f39a0: edx[T]: 282: ecx: 6428abec: eax: 62: ss: 23: al: 62: ah: 62: ax: 62: cl: 6428abec: ch: 6428abec: cx: 6428abec: dl[T]: 282: dh[T]: 282: dx[T]: 282: bl: 610f39a0: bh: 610f39a0: bx: 610f39a0: bp: 12e614: si: 643a7856: di: 12e534: sp: 12e52c: :Read Flags: :Read Memory: :
TID: 3:IP: 64293c9b:Disasm push dword ptr [esp+0x4]:IMG: C:\Program Files\DAEMON Tools Lite\Engine.dll:RTN: .text:Read Regs: esp: 12e50c: ss: 23: sp: 12e50c: :Read Flags: :Read Memory: 12e510 [T] 12e511 [T] 12e512 [T] 12e513 [T] :
TID: 3:IP: 6427ffc5:Disasm push dword ptr [esp+0xc]:IMG: C:\Program Files\DAEMON Tools Lite\Engine.dll:RTN: .text:Read Regs: esp: 12e508: ss: 23: sp: 12e508: :Read Flags: :Read Memory: 12e514 [T] 12e515 [T] 12e516 [T] 12e517 [T] :
TID: 3:IP: 6428a1a8:Disasm mov byte ptr [esp], dh:IMG: C:\Program Files\DAEMON Tools Lite\Engine.dll:RTN: .text:Read Regs: esp: 12e4e4: edx[T]: 282: ss: 23: dh[T]: 282: dx[T]: 282: sp: 12e4e4: :Read Flags: :Read Memory: :
TID: 3:IP: 64289560:Disasm mov byte ptr [esp], dl:IMG: C:\Program Files\DAEMON Tools Lite\Engine.dll:RTN: .text:Read Regs: esp: 12e530: edx[T]: 282: ss: 23: dl[T]: 282: dx[T]: 282: sp: 12e530: :Read Flags: :Read Memory: :
TID: 3:IP: 642915bc:Disasm pushad :IMG: C:\Program Files\DAEMON Tools Lite\Engine.dll:RTN: .text:Read Regs: edi: 12e534: esi: 643a7857: ebp: 12e612: esp: 12e52c: ebx: 610f3902: edx[T]: 282: ecx: 64293bae: eax: 9f: ss: 23: al: 9f: ah: 9f: ax: 9f: cl: 64293bae: ch: 64293bae: cx: 64293bae: dl[T]: 282: dh[T]: 282: dx[T]: 282: bl: 610f3902: bh: 610f3902: bx: 610f3902: bp: 12e612: si: 643a7857: di: 12e534: sp: 12e52c: :Read Flags: :Read Memory: :
TID: 3:IP: 64293bb9:Disasm test dh, ch:IMG: C:\Program Files\DAEMON Tools Lite\Engine.dll:RTN: .text:Read Regs: edx[T]: 282: ecx: 64293bae: ch: 64293bae: cx: 64293bae: dh[T]: 282: dx[T]: 282: :Read Flags: :Read Memory: :
TID: 3:IP: 64293bbb:Disasm test dx, sp:IMG: C:\Program Files\DAEMON Tools Lite\Engine.dll:RTN: .text:Read Regs: esp: 12e534: edx[T]: 282: dl[T]: 282: dh[T]: 282: dx[T]: 282: sp: 12e534: :Read Flags: :Read Memory: :
TID: 3:IP: 64293bbe:Disasm pushfd :IMG: C:\Program Files\DAEMON Tools Lite\Engine.dll:RTN: .text:Read Regs: esp: 12e534: ss: 23: eflags[T]: 246: sp: 12e534: :Read Flags: 3f7700:df vif iopl if ac vm rf nt tf id vip [T 8d5:of sf zf af pf cf ]:Values:246:Read Memory: :
TID: 3:IP: 64293bc1:Disasm pushad :IMG: C:\Program Files\DAEMON Tools Lite\Engine.dll:RTN: .text:Read Regs: edi: 12e534: esi: 643a7857: ebp: 12e612: esp: 12e530: ebx: 610f3902: edx[T]: 282: ecx: 64293bae: eax: a2409a4a: ss: 23: al: a2409a4a: ah: a2409a4a: ax: a2409a4a: cl: 64293bae: ch: 64293bae: cx: 64293bae: dl[T]: 282: dh[T]: 282: dx[T]: 282: bl: 610f3902: bh: 610f3902: bx: 610f3902: bp: 12e612: si: 643a7857: di: 12e534: sp: 12e530: :Read Flags: :Read Memory: :
TID: 3:IP: 64289481:Disasm mov word ptr [esp], dx:IMG: C:\Program Files\DAEMON Tools Lite\Engine.dll:RTN: .text:Read Regs: esp: 12e4f8: edx[T]: 282: ss: 23: dl[T]: 282: dh[T]: 282: dx[T]: 282: sp: 12e4f8: :Read Flags: :Read Memory: :
TID: 3:IP: 64289560:Disasm mov byte ptr [esp], dl:IMG: C:\Program Files\DAEMON Tools Lite\Engine.dll:RTN: .text:Read Regs: esp: 12e530: edx[T]: 282: ss: 23: dl[T]: 282: dx[T]: 282: sp: 12e530: :Read Flags: :Read Memory: :
TID: 3:IP: 642915bc:Disasm pushad :IMG: C:\Program Files\DAEMON Tools Lite\Engine.dll:RTN: .text:Read Regs: edi: 12e534: esi: 643a785c: ebp: 12e60e: esp: 12e52c: ebx: 107400a0: edx[T]: 282: ecx: 6428abec: eax: 3b: ss: 23: al: 3b: ah: 3b: ax: 3b: cl: 6428abec: ch: 6428abec: cx: 6428abec: dl[T]: 282: dh[T]: 282: dx[T]: 282: bl: 107400a0: bh: 107400a0: bx: 107400a0: bp: 12e60e: si: 643a785c: di: 12e534: sp: 12e52c: :Read Flags: :Read Memory: :
TID: 3:IP: 64293c9a:Disasm pushad :IMG: C:\Program Files\DAEMON Tools Lite\Engine.dll:RTN: .text:Read Regs: edi: 12e534: esi: 643a785d: ebp: 12e60e: esp: 12e52c: ebx: 107400a0: edx[T]: 282: ecx: 6428abec: eax: 2c: ss: 23: al: 2c: ah: 2c: ax: 2c: cl: 6428abec: ch: 6428abec: cx: 6428abec: dl[T]: 282: dh[T]: 282: dx[T]: 282: bl: 107400a0: bh: 107400a0: bx: 107400a0: bp: 12e60e: si: 643a785d: di: 12e534: sp: 12e52c: :Read Flags: :Read Memory: :
TID: 3:IP: 64293c9b:Disasm push dword ptr [esp+0x4]:IMG: C:\Program Files\DAEMON Tools Lite\Engine.dll:RTN: .text:Read Regs: esp: 12e50c: ss: 23: sp: 12e50c: :Read Flags: :Read Memory: 12e510 [T] 12e511 [T] 12e512 [T] 12e513 [T] :
TID: 3:IP: 6427ffc5:Disasm push dword ptr [esp+0xc]:IMG: C:\Program Files\DAEMON Tools Lite\Engine.dll:RTN: .text:Read Regs: esp: 12e508: ss: 23: sp: 12e508: :Read Flags: :Read Memory: 12e514 [T] 12e515 [T] 12e516 [T] 12e517 [T] :
TID: 3:IP: 6428a1a8:Disasm mov byte ptr [esp], dh:IMG: C:\Program Files\DAEMON Tools Lite\Engine.dll:RTN: .text:Read Regs: esp: 12e4e4: edx[T]: 282: ss: 23: dh[T]: 282: dx[T]: 282: sp: 12e4e4: :Read Flags: :Read Memory: :
TID: 3:IP: 64289560:Disasm mov byte ptr [esp], dl:IMG: C:\Program Files\DAEMON Tools Lite\Engine.dll:RTN: .text:Read Regs: esp: 12e530: edx[T]: 282: ss: 23: dl[T]: 282: dx[T]: 282: sp: 12e530: :Read Flags: :Read Memory: :
TID: 3:IP: 642915bc:Disasm pushad :IMG: C:\Program Files\DAEMON Tools Lite\Engine.dll:RTN: .text:Read Regs: edi: 12e534: esi: 643a785e: ebp: 12e60c: esp: 12e52c: ebx: 107400eb: edx[T]: 282: ecx: 64293bae: eax: 4b: ss: 23: al: 4b: ah: 4b: ax: 4b: cl: 64293bae: ch: 64293bae: cx: 64293bae: dl[T]: 282: dh[T]: 282: dx[T]: 282: bl: 107400eb: bh: 107400eb: bx: 107400eb: bp: 12e60c: si: 643a785e: di: 12e534: sp: 12e52c: :Read Flags: :Read Memory: :
TID: 3:IP: 64293bb9:Disasm test dh, ch:IMG: C:\Program Files\DAEMON Tools Lite\Engine.dll:RTN: .text:Read Regs: edx[T]: 282: ecx: 64293bae: ch: 64293bae: cx: 64293bae: dh[T]: 282: dx[T]: 282: :Read Flags: :Read Memory: :
TID: 3:IP: 64293bbb:Disasm test dx, sp:IMG: C:\Program Files\DAEMON Tools Lite\Engine.dll:RTN: .text:Read Regs: esp: 12e534: edx[T]: 282: dl[T]: 282: dh[T]: 282: dx[T]: 282: sp: 12e534: :Read Flags: :Read Memory: :
TID: 3:IP: 64293bbe:Disasm pushfd :IMG: C:\Program Files\DAEMON Tools Lite\Engine.dll:RTN: .text:Read Regs: esp: 12e534: ss: 23: eflags[T]: 246: sp: 12e534: :Read Flags: 3f7700:df vif iopl if ac vm rf nt tf id vip [T 8d5:of sf zf af pf cf ]:Values:246:Read Memory: :
TID: 3:IP: 64293bc1:Disasm pushad :IMG: C:\Program Files\DAEMON Tools Lite\Engine.dll:RTN: .text:Read Regs: edi: 12e534: esi: 643a785e: ebp: 12e60c: esp: 12e530: ebx: 107400eb: edx[T]: 282: ecx: 64293bae: eax: be75351a: ss: 23: al: be75351a: ah: be75351a: ax: be75351a: cl: 64293bae: ch: 64293bae: cx: 64293bae: dl[T]: 282: dh[T]: 282: dx[T]: 282: bl: 107400eb: bh: 107400eb: bx: 107400eb: bp: 12e60c: si: 643a785e: di: 12e534: sp: 12e530: :Read Flags: :Read Memory: :
TID: 3:IP: 64289481:Disasm mov word ptr [esp], dx:IMG: C:\Program Files\DAEMON Tools Lite\Engine.dll:RTN: .text:Read Regs: esp: 12e4f8: edx[T]: 282: ss: 23: dl[T]: 282: dh[T]: 282: dx[T]: 282: sp: 12e4f8: :Read Flags: :Read Memory: :
TID: 3:IP: 64289560:Disasm mov byte ptr [esp], dl:IMG: C:\Program Files\DAEMON Tools Lite\Engine.dll:RTN: .text:Read Regs: esp: 12e530: edx[T]: 282: ss: 23: dl[T]: 282: dx[T]: 282: sp: 12e530: :Read Flags: :Read Memory: :
TID: 3:IP: 642915bc:Disasm pushad :IMG: C:\Program Files\DAEMON Tools Lite\Engine.dll:RTN: .text:Read Regs: edi: 12e534: esi: 643a7863: ebp: 12e608: esp: 12e52c: ebx: 9073fc58: edx[T]: 282: ecx: 642899ad: eax: 88: ss: 23: al: 88: ah: 88: ax: 88: cl: 642899ad: ch: 642899ad: cx: 642899ad: dl[T]: 282: dh[T]: 282: dx[T]: 282: bl: 9073fc58: bh: 9073fc58: bx: 9073fc58: bp: 12e608: si: 643a7863: di: 12e534: sp: 12e52c: :Read Flags: :Read Memory: :
TID: 3:IP: 642899ae:Disasm lea eax, ptr [edx+0x320424cb]:IMG: C:\Program Files\DAEMON Tools Lite\Engine.dll:RTN: .text:Read Regs: edx[T]: 282: dl[T]: 282: dh[T]: 282: dx[T]: 282: :Read Flags: :Read Memory: :
TID: 3:IP: 6428b040:Disasm pushad :IMG: C:\Program Files\DAEMON Tools Lite\Engine.dll:RTN: .text:Read Regs: edi: 12e534: esi: 643a7863: ebp: 12e604: esp: 12e528: ebx: 9073fc58: edx[T]: 282: ecx: 642899ad: eax: 12e608: ss: 23: al: 12e608: ah: 12e608: ax: 12e608: cl: 642899ad: ch: 642899ad: cx: 642899ad: dl[T]: 282: dh[T]: 282: dx[T]: 282: bl: 9073fc58: bh: 9073fc58: bx: 9073fc58: bp: 12e604: si: 643a7863: di: 12e534: sp: 12e528: :Read Flags: :Read Memory: :
TID: 3:IP: 64289560:Disasm mov byte ptr [esp], dl:IMG: C:\Program Files\DAEMON Tools Lite\Engine.dll:RTN: .text:Read Regs: esp: 12e530: edx[T]: 282: ss: 23: dl[T]: 282: dx[T]: 282: sp: 12e530: :Read Flags: :Read Memory: :
TID: 3:IP: 642915bc:Disasm pushad :IMG: C:\Program Files\DAEMON Tools Lite\Engine.dll:RTN: .text:Read Regs: edi: 12e534: esi: 643a7864: ebp: 12e604: esp: 12e52c: ebx: 9073fce8: edx[T]: 282: ecx: 6429259f: eax: 70: ss: 23: al: 70: ah: 70: ax: 70: cl: 6429259f: ch: 6429259f: cx: 6429259f: dl[T]: 282: dh[T]: 282: dx[T]: 282: bl: 9073fce8: bh: 9073fce8: bx: 9073fce8: bp: 12e604: si: 643a7864: di: 12e534: sp: 12e52c: :Read Flags: :Read Memory: :
TID: 3:IP: 6428a0db:Disasm pushad :IMG: C:\Program Files\DAEMON Tools Lite\Engine.dll:RTN: .text:Read Regs: edi: 12e534: esi: 643a7865: ebp: 12e604: esp: 12e524: ebx: 9073fce8: edx[T]: 282: ecx: 6429259f: eax: 9c: ss: 23: al: 9c: ah: 9c: ax: 9c: cl: 6429259f: ch: 6429259f: cx: 6429259f: dl[T]: 282: dh[T]: 282: dx[T]: 282: bl: 9073fce8: bh: 9073fce8: bx: 9073fce8: bp: 12e604: si: 643a7865: di: 12e534: sp: 12e524: :Read Flags: :Read Memory: :
TID: 3:IP: 64289560:Disasm mov byte ptr [esp], dl:IMG: C:\Program Files\DAEMON Tools Lite\Engine.dll:RTN: .text:Read Regs: esp: 12e530: edx[T]: 282: ss: 23: dl[T]: 282: dx[T]: 282: sp: 12e530: :Read Flags: :Read Memory: :
TID: 3:IP: 642915bc:Disasm pushad :IMG: C:\Program Files\DAEMON Tools Lite\Engine.dll:RTN: .text:Read Regs: edi: 12e534: esi: 643a7866: ebp: 12e600: esp: 12e52c: ebx: 9073fccd: edx[T]: 282: ecx: 6428afe2: eax: 21: ss: 23: al: 21: ah: 21: ax: 21: cl: 6428afe2: ch: 6428afe2: cx: 6428afe2: dl[T]: 282: dh[T]: 282: dx[T]: 282: bl: 9073fccd: bh: 9073fccd: bx: 9073fccd: bp: 12e600: si: 643a7866: di: 12e534: sp: 12e52c: :Read Flags: :Read Memory: :
TID: 3:IP: 6428afed:Disasm pushad :IMG: C:\Program Files\DAEMON Tools Lite\Engine.dll:RTN: .text:Read Regs: edi: 12e534: esi: 643a7866: ebp: 12e600: esp: 12e52c: ebx: 9073fccd: edx[T]: 282: ecx: 6428afe2: eax: 6: ss: 23: al: 6: ah: 6: ax: 6: cl: 6428afe2: ch: 6428afe2: cx: 6428afe2: dl[T]: 282: dh[T]: 282: dx[T]: 282: bl: 9073fccd: bh: 9073fccd: bx: 9073fccd: bp: 12e600: si: 643a7866: di: 12e534: sp: 12e52c: :Read Flags: :Read Memory: :
TID: 3:IP: 642915bc:Disasm pushad :IMG: C:\Program Files\DAEMON Tools Lite\Engine.dll:RTN: .text:Read Regs: edi: 12e534: esi: 643a7867: ebp: 12e600: esp: 12e52c: ebx: 9073fcbc: edx[T]: 282: ecx: 6427ff80: eax: 11: ss: 23: al: 11: ah: 11: ax: 11: cl: 6427ff80: ch: 6427ff80: cx: 6427ff80: dl[T]: 282: dh[T]: 282: dx[T]: 282: bl: 9073fcbc: bh: 9073fcbc: bx: 9073fcbc: bp: 12e600: si: 643a7867: di: 12e534: sp: 12e52c: :Read Flags: :Read Memory: :
TID: 3:IP: 6427ff82:Disasm sub dx, dx:IMG: C:\Program Files\DAEMON Tools Lite\Engine.dll:RTN: .text:Read Regs: edx[T]: 282: dl[T]: 282: dh[T]: 282: dx[T]: 282: :Read Flags: :Read Memory: :
TID: 3:IP: 6427ff85:Disasm rcl al, 0x5:IMG: C:\Program Files\DAEMON Tools Lite\Engine.dll:RTN: .text:Read Regs: eax: 11: eflags[T]: 246: al: 11: ax: 11: :Read Flags: 0:[T 1:cf ]:Values:246:Read Memory: :
TID: 3:IP: 6427ff91:Disasm shrd dx, bp, 0x5:IMG: C:\Program Files\DAEMON Tools Lite\Engine.dll:RTN: .text:Read Regs: ebp: 12e600: edx[T]: 0: dl[T]: 0: dh[T]: 0: dx[T]: 0: bp: 12e600: :Read Flags: :Read Memory: :
TID: 3:IP: 6427ff96:Disasm shld dx, cx, cl:IMG: C:\Program Files\DAEMON Tools Lite\Engine.dll:RTN: .text:Read Regs: edx[T]: 0: ecx: 6427ff80: cl: 6427ff80: ch: 6427ff80: cx: 6427ff80: dl[T]: 0: dh[T]: 0: dx[T]: 0: :Read Flags: :Read Memory: :
TID: 3:IP: 6427ffa1:Disasm dec dh:IMG: C:\Program Files\DAEMON Tools Lite\Engine.dll:RTN: .text:Read Regs: edx[T]: 0: dh[T]: 0: dx[T]: 0: :Read Flags: :Read Memory: :
TID: 3:IP: 6427ffa3:Disasm btr dx, 0x1:IMG: C:\Program Files\DAEMON Tools Lite\Engine.dll:RTN: .text:Read Regs: edx[T]: ff00: dl[T]: ff00: dh[T]: ff00: dx[T]: ff00: :Read Flags: :Read Memory: :
TID: 3:IP: 6427ffaf:Disasm rol dl, cl:IMG: C:\Program Files\DAEMON Tools Lite\Engine.dll:RTN: .text:Read Regs: edx[T]: ff00: ecx: 6427ff80: cl: 6427ff80: cx: 6427ff80: dl[T]: ff00: dx[T]: ff00: :Read Flags: :Read Memory: :
TID: 3:IP: 64292ab1:Disasm mov edx, dword ptr [ebp+0x4]:IMG: C:\Program Files\DAEMON Tools Lite\Engine.dll:RTN: .text:Read Regs: ebp: 12e610: ss: 23: bp: 12e610: :Read Flags: :Read Memory: 12e614 [T] 12e615 [T] 12e616 [T] 12e617 [T] :
TID: 3:IP: 64291a37:Disasm not edx:IMG: C:\Program Files\DAEMON Tools Lite\Engine.dll:RTN: .text:Read Regs: edx[T]: fffffd79: dl[T]: fffffd79: dh[T]: fffffd79: dx[T]: fffffd79: :Read Flags: :Read Memory: :
TID: 3:IP: 64291a3a:Disasm and eax, edx:IMG: C:\Program Files\DAEMON Tools Lite\Engine.dll:RTN: .text:Read Regs: edx[T]: 286: eax: 815: al: 815: ah: 815: ax: 815: dl[T]: 286: dh[T]: 286: dx[T]: 286: :Read Flags: :Read Memory: :
TID: 3:IP: 6428ab24:Disasm jp 0x6428b003:IMG: C:\Program Files\DAEMON Tools Lite\Engine.dll:RTN: .text:Read Regs: eflags[T]: 202: :Read Flags: 0:[T 4:pf ]:Values:202:Read Memory: :
TID: 3:IP: 6428ab2a:Disasm pushfd :IMG: C:\Program Files\DAEMON Tools Lite\Engine.dll:RTN: .text:Read Regs: esp: 12e534: ss: 23: eflags[T]: 202: sp: 12e534: :Read Flags: 3f7700:df vif iopl if ac vm rf nt tf id vip [T 8d5:of sf zf af pf cf ]:Values:202:Read Memory: :
TID: 3:IP: 6428ab2b:Disasm pushad :IMG: C:\Program Files\DAEMON Tools Lite\Engine.dll:RTN: .text:Read Regs: edi: 12e534: esi: 643a7876: ebp: 12e610: esp: 12e530: ebx: 9073fc3e: edx[T]: 286: ecx: 642895f4: eax[T]: 4: ss: 23: al[T]: 4: ah[T]: 4: ax[T]: 4: cl: 642895f4: ch: 642895f4: cx: 642895f4: dl[T]: 286: dh[T]: 286: dx[T]: 286: bl: 9073fc3e: bh: 9073fc3e: bx: 9073fc3e: bp: 12e610: si: 643a7876: di: 12e534: sp: 12e530: :Read Flags: :Read Memory: :
TID: 3:IP: 6428ab2c:Disasm mov dword ptr [ebp+0x4], eax:IMG: C:\Program Files\DAEMON Tools Lite\Engine.dll:RTN: .text:Read Regs: ebp: 12e610: eax[T]: 4: ss: 23: al[T]: 4: ah[T]: 4: ax[T]: 4: bp: 12e610: :Read Flags: :Read Memory: :
TID: 3:IP: 6428ab2f:Disasm pushad :IMG: C:\Program Files\DAEMON Tools Lite\Engine.dll:RTN: .text:Read Regs: edi: 12e534: esi: 643a7876: ebp: 12e610: esp: 12e510: ebx: 9073fc3e: edx[T]: 286: ecx: 642895f4: eax[T]: 4: ss: 23: al[T]: 4: ah[T]: 4: ax[T]: 4: cl: 642895f4: ch: 642895f4: cx: 642895f4: dl[T]: 286: dh[T]: 286: dx[T]: 286: bl: 9073fc3e: bh: 9073fc3e: bx: 9073fc3e: bp: 12e610: si: 643a7876: di: 12e534: sp: 12e510: :Read Flags: :Read Memory: :
TID: 3:IP: 64289568:Disasm pushfd :IMG: C:\Program Files\DAEMON Tools Lite\Engine.dll:RTN: .text:Read Regs: esp: 12e4f0: ss: 23: eflags[T]: 202: sp: 12e4f0: :Read Flags: 3f7700:df vif iopl if ac vm rf nt tf id vip [T 8d5:of sf zf af pf cf ]:Values:202:Read Memory: :
TID: 3:IP: 64289569:Disasm pop dword ptr [esp+0x40]:IMG: C:\Program Files\DAEMON Tools Lite\Engine.dll:RTN: .text:Read Regs: esp: 12e4ec: ss: 23: sp: 12e4ec: :Read Flags: :Read Memory: 12e4ec [T] 12e4ed [T] 12e4ee [T] 12e4ef [T] :
TID: 3:IP: 6429251b:Disasm push dword ptr [esp+0x48]:IMG: C:\Program Files\DAEMON Tools Lite\Engine.dll:RTN: .text:Read Regs: esp: 12e4e8: ss: 23: sp: 12e4e8: :Read Flags: :Read Memory: 12e530 [T] 12e531 [T] 12e532 [T] 12e533 [T] :
TID: 3:IP: 6429251f:Disasm pop dword ptr [ebp]:IMG: C:\Program Files\DAEMON Tools Lite\Engine.dll:RTN: .text:Read Regs: ebp: 12e610: esp: 12e4e4: ss: 23: bp: 12e610: sp: 12e4e4: :Read Flags: :Read Memory: 12e4e4 [T] 12e4e5 [T] 12e4e6 [T] 12e4e7 [T] :
TID: 3:IP: 64292522:Disasm mov byte ptr [esp], al:IMG: C:\Program Files\DAEMON Tools Lite\Engine.dll:RTN: .text:Read Regs: esp: 12e4e8: eax[T]: 4: ss: 23: al[T]: 4: ax[T]: 4: sp: 12e4e8: :Read Flags: :Read Memory: :
TID: 3:IP: 64292525:Disasm pushfd :IMG: C:\Program Files\DAEMON Tools Lite\Engine.dll:RTN: .text:Read Regs: esp: 12e4e8: ss: 23: eflags[T]: 202: sp: 12e4e8: :Read Flags: 3f7700:df vif iopl if ac vm rf nt tf id vip [T 8d5:of sf zf af pf cf ]:Values:202:Read Memory: :
TID: 3:IP: 64291548:Disasm sbb al, bh:IMG: C:\Program Files\DAEMON Tools Lite\Engine.dll:RTN: .text:Read Regs: ebx: 9073fc3e: eax[T]: 4: eflags[T]: 202: al[T]: 4: ax[T]: 4: bh: 9073fc3e: bx: 9073fc3e: :Read Flags: 0:[T 1:cf ]:Values:202:Read Memory: :
TID: 3:IP: 6429154a:Disasm xchg ch, al:IMG: C:\Program Files\DAEMON Tools Lite\Engine.dll:RTN: .text:Read Regs: ecx: 642895f4: eax[T]: 8: al[T]: 8: ax[T]: 8: ch: 642895f4: cx: 642895f4: :Read Flags: :Read Memory: :
TID: 3:IP: 6429154e:Disasm shr cl, 0x1:IMG: C:\Program Files\DAEMON Tools Lite\Engine.dll:RTN: .text:Read Regs: ecx[T]: 642808f4: cl: 642808f4: cx[T]: 642808f4: :Read Flags: :Read Memory: :
TID: 3:IP: 64291550:Disasm not ecx:IMG: C:\Program Files\DAEMON Tools Lite\Engine.dll:RTN: .text:Read Regs: ecx[T]: 6428087a: cl[T]: 6428087a: ch[T]: 6428087a: cx[T]: 6428087a: :Read Flags: :Read Memory: :
TID: 3:IP: 64291552:Disasm cmc :IMG: C:\Program Files\DAEMON Tools Lite\Engine.dll:RTN: .text:Read Regs: eflags[T]: a02: :Read Flags: 0:[T 1:cf ]:Values:a02:Read Memory: :
TID: 3:IP: 642915bc:Disasm pushad :IMG: C:\Program Files\DAEMON Tools Lite\Engine.dll:RTN: .text:Read Regs: edi: 12e534: esi: 643a7877: ebp: 12e610: esp: 12e52c: ebx: 9073fc08: edx[T]: 286: ecx: 6427ff80: eax: 36: ss: 23: al: 36: ah: 36: ax: 36: cl: 6427ff80: ch: 6427ff80: cx: 6427ff80: dl[T]: 286: dh[T]: 286: dx[T]: 286: bl: 9073fc08: bh: 9073fc08: bx: 9073fc08: bp: 12e610: si: 643a7877: di: 12e534: sp: 12e52c: :Read Flags: :Read Memory: :
TID: 3:IP: 6427ff82:Disasm sub dx, dx:IMG: C:\Program Files\DAEMON Tools Lite\Engine.dll:RTN: .text:Read Regs: edx[T]: 286: dl[T]: 286: dh[T]: 286: dx[T]: 286: :Read Flags: :Read Memory: :
TID: 3:IP: 6427ff85:Disasm rcl al, 0x5:IMG: C:\Program Files\DAEMON Tools Lite\Engine.dll:RTN: .text:Read Regs: eax: 36: eflags[T]: 246: al: 36: ax: 36: :Read Flags: 0:[T 1:cf ]:Values:246:Read Memory: :
TID: 3:IP: 6427ff91:Disasm shrd dx, bp, 0x5:IMG: C:\Program Files\DAEMON Tools Lite\Engine.dll:RTN: .text:Read Regs: ebp: 12e610: edx[T]: 0: dl[T]: 0: dh[T]: 0: dx[T]: 0: bp: 12e610: :Read Flags: :Read Memory: :
TID: 3:IP: 6427ff96:Disasm shld dx, cx, cl:IMG: C:\Program Files\DAEMON Tools Lite\Engine.dll:RTN: .text:Read Regs: edx[T]: 8000: ecx: 6427ff80: cl: 6427ff80: ch: 6427ff80: cx: 6427ff80: dl[T]: 8000: dh[T]: 8000: dx[T]: 8000: :Read Flags: :Read Memory: :
TID: 3:IP: 6427ffa1:Disasm dec dh:IMG: C:\Program Files\DAEMON Tools Lite\Engine.dll:RTN: .text:Read Regs: edx[T]: 8000: dh[T]: 8000: dx[T]: 8000: :Read Flags: :Read Memory: :
TID: 3:IP: 6427ffa3:Disasm btr dx, 0x1:IMG: C:\Program Files\DAEMON Tools Lite\Engine.dll:RTN: .text:Read Regs: edx[T]: 7f00: dl[T]: 7f00: dh[T]: 7f00: dx[T]: 7f00: :Read Flags: :Read Memory: :
TID: 3:IP: 6427ffaf:Disasm rol dl, cl:IMG: C:\Program Files\DAEMON Tools Lite\Engine.dll:RTN: .text:Read Regs: edx[T]: 7f00: ecx: 6427ff80: cl: 6427ff80: cx: 6427ff80: dl[T]: 7f00: dx[T]: 7f00: :Read Flags: :Read Memory: :
TID: 3:IP: 6427ffbd:Disasm mov edx, dword ptr [ebp]:IMG: C:\Program Files\DAEMON Tools Lite\Engine.dll:RTN: .text:Read Regs: ebp: 12e610: ss: 23: bp: 12e610: :Read Flags: :Read Memory: 12e610 [T] 12e611 [T] 12e612 [T] 12e613 [T] :
TID: 3:IP: 6428a22f:Disasm test dl, dh:IMG: C:\Program Files\DAEMON Tools Lite\Engine.dll:RTN: .text:Read Regs: edx[T]: 202: dl[T]: 202: dh[T]: 202: dx[T]: 202: :Read Flags: :Read Memory: :
TID: 3:IP: 6428cc6f:Disasm mov dword ptr [eax+edi*1], edx:IMG: C:\Program Files\DAEMON Tools Lite\Engine.dll:RTN: .text:Read Regs: edi: 12e534: edx[T]: 202: eax: 24: ds: 23: al: 24: ah: 24: ax: 24: dl[T]: 202: dh[T]: 202: dx[T]: 202: di: 12e534: :Read Flags: :Read Memory: :
TID: 3:IP: 642915bc:Disasm pushad :IMG: C:\Program Files\DAEMON Tools Lite\Engine.dll:RTN: .text:Read Regs: edi: 12e534: esi: 643a7879: ebp: 12e614: esp: 12e52c: ebx: 9073fce4: edx[T]: 202: ecx: 64293cd6: eax: 48: ss: 23: al: 48: ah: 48: ax: 48: cl: 64293cd6: ch: 64293cd6: cx: 64293cd6: dl[T]: 202: dh[T]: 202: dx[T]: 202: bl: 9073fce4: bh: 9073fce4: bx: 9073fce4: bp: 12e614: si: 643a7879: di: 12e534: sp: 12e52c: :Read Flags: :Read Memory: :
TID: 3:IP: 64289264:Disasm btr dx, 0x9:IMG: C:\Program Files\DAEMON Tools Lite\Engine.dll:RTN: .text:Read Regs: edx[T]: 202: dl[T]: 202: dh[T]: 202: dx[T]: 202: :Read Flags: :Read Memory: :
TID: 3:IP: 64289a79:Disasm bswap dx:IMG: C:\Program Files\DAEMON Tools Lite\Engine.dll:RTN: .text:Read Regs: edx: 2: dl[T]: 2: dh: 2: dx: 2: :Read Flags: :Read Memory: :
TID: 3:IP: 64289aaa:Disasm mov edx, dword ptr [eax+edi*1]:IMG: C:\Program Files\DAEMON Tools Lite\Engine.dll:RTN: .text:Read Regs: edi: 12e534: eax: 2c: ds: 23: al: 2c: ah: 2c: ax: 2c: di: 12e534: :Read Flags: :Read Memory: 12e560 [T] 12e561 [T] 12e562 [T] 12e563 [T] :
TID: 3:IP: 64289ab3:Disasm mov dword ptr [ebp], edx:IMG: C:\Program Files\DAEMON Tools Lite\Engine.dll:RTN: .text:Read Regs: ebp: 12e610: edx[T]: 246: ss: 23: dl[T]: 246: dh[T]: 246: dx[T]: 246: bp: 12e610: :Read Flags: :Read Memory: :
TID: 3:IP: 64289560:Disasm mov byte ptr [esp], dl:IMG: C:\Program Files\DAEMON Tools Lite\Engine.dll:RTN: .text:Read Regs: esp: 12e530: edx[T]: 246: ss: 23: dl[T]: 246: dx[T]: 246: sp: 12e530: :Read Flags: :Read Memory: :
TID: 3:IP: 642915bc:Disasm pushad :IMG: C:\Program Files\DAEMON Tools Lite\Engine.dll:RTN: .text:Read Regs: edi: 12e534: esi: 643a787b: ebp: 12e610: esp: 12e52c: ebx: 9073fcac: edx[T]: 246: ecx: 642899ad: eax: 1c: ss: 23: al: 1c: ah: 1c: ax: 1c: cl: 642899ad: ch: 642899ad: cx: 642899ad: dl[T]: 246: dh[T]: 246: dx[T]: 246: bl: 9073fcac: bh: 9073fcac: bx: 9073fcac: bp: 12e610: si: 643a787b: di: 12e534: sp: 12e52c: :Read Flags: :Read Memory: :
TID: 3:IP: 642899ae:Disasm lea eax, ptr [edx+0x320424cb]:IMG: C:\Program Files\DAEMON Tools Lite\Engine.dll:RTN: .text:Read Regs: edx[T]: 246: dl[T]: 246: dh[T]: 246: dx[T]: 246: :Read Flags: :Read Memory: :
TID: 3:IP: 6428b040:Disasm pushad :IMG: C:\Program Files\DAEMON Tools Lite\Engine.dll:RTN: .text:Read Regs: edi: 12e534: esi: 643a787b: ebp: 12e60c: esp: 12e528: ebx: 9073fcac: edx[T]: 246: ecx: 642899ad: eax: 12e610: ss: 23: al: 12e610: ah: 12e610: ax: 12e610: cl: 642899ad: ch: 642899ad: cx: 642899ad: dl[T]: 246: dh[T]: 246: dx[T]: 246: bl: 9073fcac: bh: 9073fcac: bx: 9073fcac: bp: 12e60c: si: 643a787b: di: 12e534: sp: 12e528: :Read Flags: :Read Memory: :
TID: 3:IP: 64289560:Disasm mov byte ptr [esp], dl:IMG: C:\Program Files\DAEMON Tools Lite\Engine.dll:RTN: .text:Read Regs: esp: 12e530: edx[T]: 246: ss: 23: dl[T]: 246: dx[T]: 246: sp: 12e530: :Read Flags: :Read Memory: :
TID: 3:IP: 642915bc:Disasm pushad :IMG: C:\Program Files\DAEMON Tools Lite\Engine.dll:RTN: .text:Read Regs: edi: 12e534: esi: 643a787c: ebp: 12e60c: esp: 12e52c: ebx: 9073fca4: edx[T]: 246: ecx: 64292592: eax: 8: ss: 23: al: 8: ah: 8: ax: 8: cl: 64292592: ch: 64292592: cx: 64292592: dl[T]: 246: dh[T]: 246: dx[T]: 246: bl: 9073fca4: bh: 9073fca4: bx: 9073fca4: bp: 12e60c: si: 643a787c: di: 12e534: sp: 12e52c: :Read Flags: :Read Memory: :
TID: 3:IP: 64292592:Disasm pushad :IMG: C:\Program Files\DAEMON Tools Lite\Engine.dll:RTN: .text:Read Regs: edi: 12e534: esi: 643a787c: ebp: 12e60c: esp: 12e534: ebx: 9073fca4: edx[T]: 246: ecx: 64292592: eax: 8: ss: 23: al: 8: ah: 8: ax: 8: cl: 64292592: ch: 64292592: cx: 64292592: dl[T]: 246: dh[T]: 246: dx[T]: 246: bl: 9073fca4: bh: 9073fca4: bx: 9073fca4: bp: 12e60c: si: 643a787c: di: 12e534: sp: 12e534: :Read Flags: :Read Memory: :
TID: 3:IP: 64292597:Disasm mov eax, dword ptr ss:[eax]:IMG: C:\Program Files\DAEMON Tools Lite\Engine.dll:RTN: .text:Read Regs: eax: 12e610: ss: 23: al: 12e610: ah: 12e610: ax: 12e610: :Read Flags: :Read Memory: 12e610 [T] 12e611 [T] 12e612 [T] 12e613 [T] :
TID: 3:IP: 642895c3:Disasm mov dword ptr [ebp], eax:IMG: C:\Program Files\DAEMON Tools Lite\Engine.dll:RTN: .text:Read Regs: ebp: 12e60c: eax[T]: 246: ss: 23: al[T]: 246: ah[T]: 246: ax[T]: 246: bp: 12e60c: :Read Flags: :Read Memory: :
TID: 3:IP: 64291548:Disasm sbb al, bh:IMG: C:\Program Files\DAEMON Tools Lite\Engine.dll:RTN: .text:Read Regs: ebx: 9073fca4: eax[T]: 246: eflags: 202: al[T]: 246: ax[T]: 246: bh: 9073fca4: bx: 9073fca4: :Read Flags: 1:cf :Values:202:Read Memory: :
TID: 3:IP: 6429154a:Disasm xchg ch, al:IMG: C:\Program Files\DAEMON Tools Lite\Engine.dll:RTN: .text:Read Regs: ecx: 64292592: eax[T]: 24a: al[T]: 24a: ax[T]: 24a: ch: 64292592: cx: 64292592: :Read Flags: :Read Memory: :
TID: 3:IP: 6429154e:Disasm shr cl, 0x1:IMG: C:\Program Files\DAEMON Tools Lite\Engine.dll:RTN: .text:Read Regs: ecx[T]: 64294a92: cl: 64294a92: cx[T]: 64294a92: :Read Flags: :Read Memory: :
TID: 3:IP: 64291550:Disasm not ecx:IMG: C:\Program Files\DAEMON Tools Lite\Engine.dll:RTN: .text:Read Regs: ecx[T]: 64294a49: cl[T]: 64294a49: ch[T]: 64294a49: cx[T]: 64294a49: :Read Flags: :Read Memory: :
TID: 3:IP: 64291552:Disasm cmc :IMG: C:\Program Files\DAEMON Tools Lite\Engine.dll:RTN: .text:Read Regs: eflags[T]: a02: :Read Flags: 0:[T 1:cf ]:Values:a02:Read Memory: :
TID: 3:IP: 642915bc:Disasm pushad :IMG: C:\Program Files\DAEMON Tools Lite\Engine.dll:RTN: .text:Read Regs: edi: 12e534: esi: 643a787d: ebp: 12e60c: esp: 12e52c: ebx: 9073fc61: edx[T]: 246: ecx: 642895f4: eax: 43: ss: 23: al: 43: ah: 43: ax: 43: cl: 642895f4: ch: 642895f4: cx: 642895f4: dl[T]: 246: dh[T]: 246: dx[T]: 246: bl: 9073fc61: bh: 9073fc61: bx: 9073fc61: bp: 12e60c: si: 643a787d: di: 12e534: sp: 12e52c: :Read Flags: :Read Memory: :
TID: 3:IP: 64292aa2:Disasm rcr dh, cl:IMG: C:\Program Files\DAEMON Tools Lite\Engine.dll:RTN: .text:Read Regs: edx[T]: 246: ecx: 642895f4: eflags: 202: cl: 642895f4: cx: 642895f4: dh[T]: 246: dx[T]: 246: :Read Flags: 1:cf :Values:202:Read Memory: :
TID: 3:IP: 64292aa4:Disasm mov eax, dword ptr [ebp]:IMG: C:\Program Files\DAEMON Tools Lite\Engine.dll:RTN: .text:Read Regs: ebp: 12e60c: ss: 23: bp: 12e60c: :Read Flags: :Read Memory: 12e60c [T] 12e60d [T] 12e60e [T] 12e60f [T] :
TID: 3:IP: 64292ab1:Disasm mov edx, dword ptr [ebp+0x4]:IMG: C:\Program Files\DAEMON Tools Lite\Engine.dll:RTN: .text:Read Regs: ebp: 12e60c: ss: 23: bp: 12e60c: :Read Flags: :Read Memory: 12e610 [T] 12e611 [T] 12e612 [T] 12e613 [T] :
TID: 3:IP: 64292ac1:Disasm not eax:IMG: C:\Program Files\DAEMON Tools Lite\Engine.dll:RTN: .text:Read Regs: eax[T]: 246: al[T]: 246: ah[T]: 246: ax[T]: 246: :Read Flags: :Read Memory: :
TID: 3:IP: 64291a37:Disasm not edx:IMG: C:\Program Files\DAEMON Tools Lite\Engine.dll:RTN: .text:Read Regs: edx[T]: 246: dl[T]: 246: dh[T]: 246: dx[T]: 246: :Read Flags: :Read Memory: :
TID: 3:IP: 64291a3a:Disasm and eax, edx:IMG: C:\Program Files\DAEMON Tools Lite\Engine.dll:RTN: .text:Read Regs: edx[T]: fffffdb9: eax[T]: fffffdb9: al[T]: fffffdb9: ah[T]: fffffdb9: ax[T]: fffffdb9: dl[T]: fffffdb9: dh[T]: fffffdb9: dx[T]: fffffdb9: :Read Flags: :Read Memory: :
TID: 3:IP: 6428ab24:Disasm jp 0x6428b003:IMG: C:\Program Files\DAEMON Tools Lite\Engine.dll:RTN: .text:Read Regs: eflags[T]: 282: :Read Flags: 0:[T 4:pf ]:Values:282:Read Memory: :
TID: 3:IP: 6428ab2a:Disasm pushfd :IMG: C:\Program Files\DAEMON Tools Lite\Engine.dll:RTN: .text:Read Regs: esp: 12e534: ss: 23: eflags[T]: 282: sp: 12e534: :Read Flags: 3f7700:df vif iopl if ac vm rf nt tf id vip [T 8d5:of sf zf af pf cf ]:Values:282:Read Memory: :
TID: 3:IP: 6428ab2b:Disasm pushad :IMG: C:\Program Files\DAEMON Tools Lite\Engine.dll:RTN: .text:Read Regs: edi: 12e534: esi: 643a787d: ebp: 12e60c: esp: 12e530: ebx: 9073fc61: edx[T]: fffffdb9: ecx: 642895f4: eax[T]: fffffdb9: ss: 23: al[T]: fffffdb9: ah[T]: fffffdb9: ax[T]: fffffdb9: cl: 642895f4: ch: 642895f4: cx: 642895f4: dl[T]: fffffdb9: dh[T]: fffffdb9: dx[T]: fffffdb9: bl: 9073fc61: bh: 9073fc61: bx: 9073fc61: bp: 12e60c: si: 643a787d: di: 12e534: sp: 12e530: :Read Flags: :Read Memory: :
TID: 3:IP: 6428ab2c:Disasm mov dword ptr [ebp+0x4], eax:IMG: C:\Program Files\DAEMON Tools Lite\Engine.dll:RTN: .text:Read Regs: ebp: 12e60c: eax[T]: fffffdb9: ss: 23: al[T]: fffffdb9: ah[T]: fffffdb9: ax[T]: fffffdb9: bp: 12e60c: :Read Flags: :Read Memory: :
TID: 3:IP: 6428ab2f:Disasm pushad :IMG: C:\Program Files\DAEMON Tools Lite\Engine.dll:RTN: .text:Read Regs: edi: 12e534: esi: 643a787d: ebp: 12e60c: esp: 12e510: ebx: 9073fc61: edx[T]: fffffdb9: ecx: 642895f4: eax[T]: fffffdb9: ss: 23: al[T]: fffffdb9: ah[T]: fffffdb9: ax[T]: fffffdb9: cl: 642895f4: ch: 642895f4: cx: 642895f4: dl[T]: fffffdb9: dh[T]: fffffdb9: dx[T]: fffffdb9: bl: 9073fc61: bh: 9073fc61: bx: 9073fc61: bp: 12e60c: si: 643a787d: di: 12e534: sp: 12e510: :Read Flags: :Read Memory: :
TID: 3:IP: 64289568:Disasm pushfd :IMG: C:\Program Files\DAEMON Tools Lite\Engine.dll:RTN: .text:Read Regs: esp: 12e4f0: ss: 23: eflags[T]: 282: sp: 12e4f0: :Read Flags: 3f7700:df vif iopl if ac vm rf nt tf id vip [T 8d5:of sf zf af pf cf ]:Values:282:Read Memory: :
TID: 3:IP: 64289569:Disasm pop dword ptr [esp+0x40]:IMG: C:\Program Files\DAEMON Tools Lite\Engine.dll:RTN: .text:Read Regs: esp: 12e4ec: ss: 23: sp: 12e4ec: :Read Flags: :Read Memory: 12e4ec [T] 12e4ed [T] 12e4ee [T] 12e4ef [T] :
TID: 3:IP: 6429251b:Disasm push dword ptr [esp+0x48]:IMG: C:\Program Files\DAEMON Tools Lite\Engine.dll:RTN: .text:Read Regs: esp: 12e4e8: ss: 23: sp: 12e4e8: :Read Flags: :Read Memory: 12e530 [T] 12e531 [T] 12e532 [T] 12e533 [T] :
TID: 3:IP: 6429251f:Disasm pop dword ptr [ebp]:IMG: C:\Program Files\DAEMON Tools Lite\Engine.dll:RTN: .text:Read Regs: ebp: 12e60c: esp: 12e4e4: ss: 23: bp: 12e60c: sp: 12e4e4: :Read Flags: :Read Memory: 12e4e4 [T] 12e4e5 [T] 12e4e6 [T] 12e4e7 [T] :
TID: 3:IP: 64292522:Disasm mov byte ptr [esp], al:IMG: C:\Program Files\DAEMON Tools Lite\Engine.dll:RTN: .text:Read Regs: esp: 12e4e8: eax[T]: fffffdb9: ss: 23: al[T]: fffffdb9: ax[T]: fffffdb9: sp: 12e4e8: :Read Flags: :Read Memory: :
TID: 3:IP: 64292525:Disasm pushfd :IMG: C:\Program Files\DAEMON Tools Lite\Engine.dll:RTN: .text:Read Regs: esp: 12e4e8: ss: 23: eflags[T]: 282: sp: 12e4e8: :Read Flags: 3f7700:df vif iopl if ac vm rf nt tf id vip [T 8d5:of sf zf af pf cf ]:Values:282:Read Memory: :
TID: 3:IP: 64291548:Disasm sbb al, bh:IMG: C:\Program Files\DAEMON Tools Lite\Engine.dll:RTN: .text:Read Regs: ebx: 9073fc61: eax[T]: fffffdb9: eflags[T]: 282: al[T]: fffffdb9: ax[T]: fffffdb9: bh: 9073fc61: bx: 9073fc61: :Read Flags: 0:[T 1:cf ]:Values:282:Read Memory: :
TID: 3:IP: 6429154a:Disasm xchg ch, al:IMG: C:\Program Files\DAEMON Tools Lite\Engine.dll:RTN: .text:Read Regs: ecx: 642895f4: eax[T]: fffffdbd: al[T]: fffffdbd: ax[T]: fffffdbd: ch: 642895f4: cx: 642895f4: :Read Flags: :Read Memory: :
TID: 3:IP: 6429154e:Disasm shr cl, 0x1:IMG: C:\Program Files\DAEMON Tools Lite\Engine.dll:RTN: .text:Read Regs: ecx[T]: 6428bdf4: cl: 6428bdf4: cx[T]: 6428bdf4: :Read Flags: :Read Memory: :
TID: 3:IP: 64291550:Disasm not ecx:IMG: C:\Program Files\DAEMON Tools Lite\Engine.dll:RTN: .text:Read Regs: ecx[T]: 6428bd7a: cl[T]: 6428bd7a: ch[T]: 6428bd7a: cx[T]: 6428bd7a: :Read Flags: :Read Memory: :
TID: 3:IP: 64291552:Disasm cmc :IMG: C:\Program Files\DAEMON Tools Lite\Engine.dll:RTN: .text:Read Regs: eflags[T]: a02: :Read Flags: 0:[T 1:cf ]:Values:a02:Read Memory: :
TID: 3:IP: 642915bc:Disasm pushad :IMG: C:\Program Files\DAEMON Tools Lite\Engine.dll:RTN: .text:Read Regs: edi: 12e534: esi: 643a787e: ebp: 12e60c: esp: 12e52c: ebx: 9073fc50: edx[T]: fffffdb9: ecx: 6427ff80: eax: 11: ss: 23: al: 11: ah: 11: ax: 11: cl: 6427ff80: ch: 6427ff80: cx: 6427ff80: dl[T]: fffffdb9: dh[T]: fffffdb9: dx[T]: fffffdb9: bl: 9073fc50: bh: 9073fc50: bx: 9073fc50: bp: 12e60c: si: 643a787e: di: 12e534: sp: 12e52c: :Read Flags: :Read Memory: :
TID: 3:IP: 6427ff82:Disasm sub dx, dx:IMG: C:\Program Files\DAEMON Tools Lite\Engine.dll:RTN: .text:Read Regs: edx[T]: fffffdb9: dl[T]: fffffdb9: dh[T]: fffffdb9: dx[T]: fffffdb9: :Read Flags: :Read Memory: :
TID: 3:IP: 6427ff85:Disasm rcl al, 0x5:IMG: C:\Program Files\DAEMON Tools Lite\Engine.dll:RTN: .text:Read Regs: eax: 11: eflags[T]: 246: al: 11: ax: 11: :Read Flags: 0:[T 1:cf ]:Values:246:Read Memory: :
TID: 3:IP: 6427ff91:Disasm shrd dx, bp, 0x5:IMG: C:\Program Files\DAEMON Tools Lite\Engine.dll:RTN: .text:Read Regs: ebp: 12e60c: edx[T]: ffff0000: dl[T]: ffff0000: dh[T]: ffff0000: dx[T]: ffff0000: bp: 12e60c: :Read Flags: :Read Memory: :
TID: 3:IP: 6427ff96:Disasm shld dx, cx, cl:IMG: C:\Program Files\DAEMON Tools Lite\Engine.dll:RTN: .text:Read Regs: edx[T]: ffff6000: ecx: 6427ff80: cl: 6427ff80: ch: 6427ff80: cx: 6427ff80: dl[T]: ffff6000: dh[T]: ffff6000: dx[T]: ffff6000: :Read Flags: :Read Memory: :
TID: 3:IP: 6427ffa1:Disasm dec dh:IMG: C:\Program Files\DAEMON Tools Lite\Engine.dll:RTN: .text:Read Regs: edx[T]: ffff6000: dh[T]: ffff6000: dx[T]: ffff6000: :Read Flags: :Read Memory: :
TID: 3:IP: 6427ffa3:Disasm btr dx, 0x1:IMG: C:\Program Files\DAEMON Tools Lite\Engine.dll:RTN: .text:Read Regs: edx[T]: ffff5f00: dl[T]: ffff5f00: dh[T]: ffff5f00: dx[T]: ffff5f00: :Read Flags: :Read Memory: :
TID: 3:IP: 6427ffaf:Disasm rol dl, cl:IMG: C:\Program Files\DAEMON Tools Lite\Engine.dll:RTN: .text:Read Regs: edx[T]: ffff5f00: ecx: 6427ff80: cl: 6427ff80: cx: 6427ff80: dl[T]: ffff5f00: dx[T]: ffff5f00: :Read Flags: :Read Memory: :
TID: 3:IP: 6427ffbd:Disasm mov edx, dword ptr [ebp]:IMG: C:\Program Files\DAEMON Tools Lite\Engine.dll:RTN: .text:Read Regs: ebp: 12e60c: ss: 23: bp: 12e60c: :Read Flags: :Read Memory: 12e60c [T] 12e60d [T] 12e60e [T] 12e60f [T] :
TID: 3:IP: 6428a22f:Disasm test dl, dh:IMG: C:\Program Files\DAEMON Tools Lite\Engine.dll:RTN: .text:Read Regs: edx[T]: 282: dl[T]: 282: dh[T]: 282: dx[T]: 282: :Read Flags: :Read Memory: :
TID: 3:IP: 6428cc6f:Disasm mov dword ptr [eax+edi*1], edx:IMG: C:\Program Files\DAEMON Tools Lite\Engine.dll:RTN: .text:Read Regs: edi: 12e534: edx[T]: 282: eax: 8: ds: 23: al: 8: ah: 8: ax: 8: dl[T]: 282: dh[T]: 282: dx[T]: 282: di: 12e534: :Read Flags: :Read Memory: :
TID: 3:IP: 642915bc:Disasm pushad :IMG: C:\Program Files\DAEMON Tools Lite\Engine.dll:RTN: .text:Read Regs: edi: 12e534: esi: 643a7880: ebp: 12e610: esp: 12e52c: ebx: 9073fc0d: edx[T]: 282: ecx: 64293bae: eax: 4b: ss: 23: al: 4b: ah: 4b: ax: 4b: cl: 64293bae: ch: 64293bae: cx: 64293bae: dl[T]: 282: dh[T]: 282: dx[T]: 282: bl: 9073fc0d: bh: 9073fc0d: bx: 9073fc0d: bp: 12e610: si: 643a7880: di: 12e534: sp: 12e52c: :Read Flags: :Read Memory: :
TID: 3:IP: 64293bb9:Disasm test dh, ch:IMG: C:\Program Files\DAEMON Tools Lite\Engine.dll:RTN: .text:Read Regs: edx[T]: 282: ecx: 64293bae: ch: 64293bae: cx: 64293bae: dh[T]: 282: dx[T]: 282: :Read Flags: :Read Memory: :
TID: 3:IP: 64293bbb:Disasm test dx, sp:IMG: C:\Program Files\DAEMON Tools Lite\Engine.dll:RTN: .text:Read Regs: esp: 12e534: edx[T]: 282: dl[T]: 282: dh[T]: 282: dx[T]: 282: sp: 12e534: :Read Flags: :Read Memory: :
TID: 3:IP: 64293bbe:Disasm pushfd :IMG: C:\Program Files\DAEMON Tools Lite\Engine.dll:RTN: .text:Read Regs: esp: 12e534: ss: 23: eflags[T]: 246: sp: 12e534: :Read Flags: 3f7700:df vif iopl if ac vm rf nt tf id vip [T 8d5:of sf zf af pf cf ]:Values:246:Read Memory: :
TID: 3:IP: 64293bc1:Disasm pushad :IMG: C:\Program Files\DAEMON Tools Lite\Engine.dll:RTN: .text:Read Regs: edi: 12e534: esi: 643a7880: ebp: 12e610: esp: 12e530: ebx: 9073fc0d: edx[T]: 282: ecx: 64293bae: eax: b58aa614: ss: 23: al: b58aa614: ah: b58aa614: ax: b58aa614: cl: 64293bae: ch: 64293bae: cx: 64293bae: dl[T]: 282: dh[T]: 282: dx[T]: 282: bl: 9073fc0d: bh: 9073fc0d: bx: 9073fc0d: bp: 12e610: si: 643a7880: di: 12e534: sp: 12e530: :Read Flags: :Read Memory: :
TID: 3:IP: 64289481:Disasm mov word ptr [esp], dx:IMG: C:\Program Files\DAEMON Tools Lite\Engine.dll:RTN: .text:Read Regs: esp: 12e4f8: edx[T]: 282: ss: 23: dl[T]: 282: dh[T]: 282: dx[T]: 282: sp: 12e4f8: :Read Flags: :Read Memory: :
TID: 3:IP: 64289560:Disasm mov byte ptr [esp], dl:IMG: C:\Program Files\DAEMON Tools Lite\Engine.dll:RTN: .text:Read Regs: esp: 12e530: edx[T]: 282: ss: 23: dl[T]: 282: dx[T]: 282: sp: 12e530: :Read Flags: :Read Memory: :
TID: 3:IP: 642915bc:Disasm pushad :IMG: C:\Program Files\DAEMON Tools Lite\Engine.dll:RTN: .text:Read Regs: edi: 12e534: esi: 643a7885: ebp: 12e60c: esp: 12e52c: ebx: 9e40daf: edx[T]: 282: ecx: 64293bae: eax: 4b: ss: 23: al: 4b: ah: 4b: ax: 4b: cl: 64293bae: ch: 64293bae: cx: 64293bae: dl[T]: 282: dh[T]: 282: dx[T]: 282: bl: 9e40daf: bh: 9e40daf: bx: 9e40daf: bp: 12e60c: si: 643a7885: di: 12e534: sp: 12e52c: :Read Flags: :Read Memory: :
TID: 3:IP: 64293bb9:Disasm test dh, ch:IMG: C:\Program Files\DAEMON Tools Lite\Engine.dll:RTN: .text:Read Regs: edx[T]: 282: ecx: 64293bae: ch: 64293bae: cx: 64293bae: dh[T]: 282: dx[T]: 282: :Read Flags: :Read Memory: :
TID: 3:IP: 64293bbb:Disasm test dx, sp:IMG: C:\Program Files\DAEMON Tools Lite\Engine.dll:RTN: .text:Read Regs: esp: 12e534: edx[T]: 282: dl[T]: 282: dh[T]: 282: dx[T]: 282: sp: 12e534: :Read Flags: :Read Memory: :
TID: 3:IP: 64293bbe:Disasm pushfd :IMG: C:\Program Files\DAEMON Tools Lite\Engine.dll:RTN: .text:Read Regs: esp: 12e534: ss: 23: eflags[T]: 246: sp: 12e534: :Read Flags: 3f7700:df vif iopl if ac vm rf nt tf id vip [T 8d5:of sf zf af pf cf ]:Values:246:Read Memory: :
TID: 3:IP: 64293bc1:Disasm pushad :IMG: C:\Program Files\DAEMON Tools Lite\Engine.dll:RTN: .text:Read Regs: edi: 12e534: esi: 643a7885: ebp: 12e60c: esp: 12e530: ebx: 9e40daf: edx[T]: 282: ecx: 64293bae: eax: 7fdf28f5: ss: 23: al: 7fdf28f5: ah: 7fdf28f5: ax: 7fdf28f5: cl: 64293bae: ch: 64293bae: cx: 64293bae: dl[T]: 282: dh[T]: 282: dx[T]: 282: bl: 9e40daf: bh: 9e40daf: bx: 9e40daf: bp: 12e60c: si: 643a7885: di: 12e534: sp: 12e530: :Read Flags: :Read Memory: :
TID: 3:IP: 64289481:Disasm mov word ptr [esp], dx:IMG: C:\Program Files\DAEMON Tools Lite\Engine.dll:RTN: .text:Read Regs: esp: 12e4f8: edx[T]: 282: ss: 23: dl[T]: 282: dh[T]: 282: dx[T]: 282: sp: 12e4f8: :Read Flags: :Read Memory: :
TID: 3:IP: 64289560:Disasm mov byte ptr [esp], dl:IMG: C:\Program Files\DAEMON Tools Lite\Engine.dll:RTN: .text:Read Regs: esp: 12e530: edx[T]: 282: ss: 23: dl[T]: 282: dx[T]: 282: sp: 12e530: :Read Flags: :Read Memory: :
TID: 3:IP: 642915bc:Disasm pushad :IMG: C:\Program Files\DAEMON Tools Lite\Engine.dll:RTN: .text:Read Regs: edi: 12e534: esi: 643a788a: ebp: 12e608: esp: 12e52c: ebx: 64d77349: edx[T]: 282: ecx: 6428abec: eax: 1d: ss: 23: al: 1d: ah: 1d: ax: 1d: cl: 6428abec: ch: 6428abec: cx: 6428abec: dl[T]: 282: dh[T]: 282: dx[T]: 282: bl: 64d77349: bh: 64d77349: bx: 64d77349: bp: 12e608: si: 643a788a: di: 12e534: sp: 12e52c: :Read Flags: :Read Memory: :
TID: 3:IP: 64293c9a:Disasm pushad :IMG: C:\Program Files\DAEMON Tools Lite\Engine.dll:RTN: .text:Read Regs: edi: 12e534: esi: 643a788b: ebp: 12e608: esp: 12e52c: ebx: 64d77349: edx[T]: 282: ecx: 6428abec: eax: 71: ss: 23: al: 71: ah: 71: ax: 71: cl: 6428abec: ch: 6428abec: cx: 6428abec: dl[T]: 282: dh[T]: 282: dx[T]: 282: bl: 64d77349: bh: 64d77349: bx: 64d77349: bp: 12e608: si: 643a788b: di: 12e534: sp: 12e52c: :Read Flags: :Read Memory: :
TID: 3:IP: 64293c9b:Disasm push dword ptr [esp+0x4]:IMG: C:\Program Files\DAEMON Tools Lite\Engine.dll:RTN: .text:Read Regs: esp: 12e50c: ss: 23: sp: 12e50c: :Read Flags: :Read Memory: 12e510 [T] 12e511 [T] 12e512 [T] 12e513 [T] :
TID: 3:IP: 6427ffc5:Disasm push dword ptr [esp+0xc]:IMG: C:\Program Files\DAEMON Tools Lite\Engine.dll:RTN: .text:Read Regs: esp: 12e508: ss: 23: sp: 12e508: :Read Flags: :Read Memory: 12e514 [T] 12e515 [T] 12e516 [T] 12e517 [T] :
TID: 3:IP: 6428a1a8:Disasm mov byte ptr [esp], dh:IMG: C:\Program Files\DAEMON Tools Lite\Engine.dll:RTN: .text:Read Regs: esp: 12e4e4: edx[T]: 282: ss: 23: dh[T]: 282: dx[T]: 282: sp: 12e4e4: :Read Flags: :Read Memory: :
TID: 3:IP: 64289560:Disasm mov byte ptr [esp], dl:IMG: C:\Program Files\DAEMON Tools Lite\Engine.dll:RTN: .text:Read Regs: esp: 12e530: edx[T]: 282: ss: 23: dl[T]: 282: dx[T]: 282: sp: 12e530: :Read Flags: :Read Memory: :
TID: 3:IP: 642915bc:Disasm pushad :IMG: C:\Program Files\DAEMON Tools Lite\Engine.dll:RTN: .text:Read Regs: edi: 12e534: esi: 643a788c: ebp: 12e606: esp: 12e52c: ebx: 64d7739f: edx[T]: 282: ecx: 642899ad: eax: 1c: ss: 23: al: 1c: ah: 1c: ax: 1c: cl: 642899ad: ch: 642899ad: cx: 642899ad: dl[T]: 282: dh[T]: 282: dx[T]: 282: bl: 64d7739f: bh: 64d7739f: bx: 64d7739f: bp: 12e606: si: 643a788c: di: 12e534: sp: 12e52c: :Read Flags: :Read Memory: :
TID: 3:IP: 642899ae:Disasm lea eax, ptr [edx+0x320424cb]:IMG: C:\Program Files\DAEMON Tools Lite\Engine.dll:RTN: .text:Read Regs: edx[T]: 282: dl[T]: 282: dh[T]: 282: dx[T]: 282: :Read Flags: :Read Memory: :
TID: 3:IP: 6428b040:Disasm pushad :IMG: C:\Program Files\DAEMON Tools Lite\Engine.dll:RTN: .text:Read Regs: edi: 12e534: esi: 643a788c: ebp: 12e602: esp: 12e528: ebx: 64d7739f: edx[T]: 282: ecx: 642899ad: eax: 12e606: ss: 23: al: 12e606: ah: 12e606: ax: 12e606: cl: 642899ad: ch: 642899ad: cx: 642899ad: dl[T]: 282: dh[T]: 282: dx[T]: 282: bl: 64d7739f: bh: 64d7739f: bx: 64d7739f: bp: 12e602: si: 643a788c: di: 12e534: sp: 12e528: :Read Flags: :Read Memory: :
TID: 3:IP: 64289560:Disasm mov byte ptr [esp], dl:IMG: C:\Program Files\DAEMON Tools Lite\Engine.dll:RTN: .text:Read Regs: esp: 12e530: edx[T]: 282: ss: 23: dl[T]: 282: dx[T]: 282: sp: 12e530: :Read Flags: :Read Memory: :
TID: 3:IP: 642915bc:Disasm pushad :IMG: C:\Program Files\DAEMON Tools Lite\Engine.dll:RTN: .text:Read Regs: edi: 12e534: esi: 643a788d: ebp: 12e602: esp: 12e52c: ebx: 64d7735b: edx[T]: 282: ecx: 64292592: eax: 44: ss: 23: al: 44: ah: 44: ax: 44: cl: 64292592: ch: 64292592: cx: 64292592: dl[T]: 282: dh[T]: 282: dx[T]: 282: bl: 64d7735b: bh: 64d7735b: bx: 64d7735b: bp: 12e602: si: 643a788d: di: 12e534: sp: 12e52c: :Read Flags: :Read Memory: :
TID: 3:IP: 64292592:Disasm pushad :IMG: C:\Program Files\DAEMON Tools Lite\Engine.dll:RTN: .text:Read Regs: edi: 12e534: esi: 643a788d: ebp: 12e602: esp: 12e534: ebx: 64d7735b: edx[T]: 282: ecx: 64292592: eax: 44: ss: 23: al: 44: ah: 44: ax: 44: cl: 64292592: ch: 64292592: cx: 64292592: dl[T]: 282: dh[T]: 282: dx[T]: 282: bl: 64d7735b: bh: 64d7735b: bx: 64d7735b: bp: 12e602: si: 643a788d: di: 12e534: sp: 12e534: :Read Flags: :Read Memory: :
TID: 3:IP: 642915bc:Disasm pushad :IMG: C:\Program Files\DAEMON Tools Lite\Engine.dll:RTN: .text:Read Regs: edi: 12e534: esi: 643a788e: ebp: 12e602: esp: 12e52c: ebx: 64d773b0: edx[T]: 282: ecx: 6427ff80: eax: ab: ss: 23: al: ab: ah: ab: ax: ab: cl: 6427ff80: ch: 6427ff80: cx: 6427ff80: dl[T]: 282: dh[T]: 282: dx[T]: 282: bl: 64d773b0: bh: 64d773b0: bx: 64d773b0: bp: 12e602: si: 643a788e: di: 12e534: sp: 12e52c: :Read Flags: :Read Memory: :
TID: 3:IP: 6427ff82:Disasm sub dx, dx:IMG: C:\Program Files\DAEMON Tools Lite\Engine.dll:RTN: .text:Read Regs: edx[T]: 282: dl[T]: 282: dh[T]: 282: dx[T]: 282: :Read Flags: :Read Memory: :
TID: 3:IP: 6427ff85:Disasm rcl al, 0x5:IMG: C:\Program Files\DAEMON Tools Lite\Engine.dll:RTN: .text:Read Regs: eax: ab: eflags[T]: 246: al: ab: ax: ab: :Read Flags: 0:[T 1:cf ]:Values:246:Read Memory: :
TID: 3:IP: 6427ff91:Disasm shrd dx, bp, 0x5:IMG: C:\Program Files\DAEMON Tools Lite\Engine.dll:RTN: .text:Read Regs: ebp: 12e602: edx[T]: 0: dl[T]: 0: dh[T]: 0: dx[T]: 0: bp: 12e602: :Read Flags: :Read Memory: :
TID: 3:IP: 6427ff96:Disasm shld dx, cx, cl:IMG: C:\Program Files\DAEMON Tools Lite\Engine.dll:RTN: .text:Read Regs: edx[T]: 1000: ecx: 6427ff80: cl: 6427ff80: ch: 6427ff80: cx: 6427ff80: dl[T]: 1000: dh[T]: 1000: dx[T]: 1000: :Read Flags: :Read Memory: :
TID: 3:IP: 6427ffa1:Disasm dec dh:IMG: C:\Program Files\DAEMON Tools Lite\Engine.dll:RTN: .text:Read Regs: edx[T]: 1000: dh[T]: 1000: dx[T]: 1000: :Read Flags: :Read Memory: :
TID: 3:IP: 6427ffa3:Disasm btr dx, 0x1:IMG: C:\Program Files\DAEMON Tools Lite\Engine.dll:RTN: .text:Read Regs: edx[T]: f00: dl[T]: f00: dh[T]: f00: dx[T]: f00: :Read Flags: :Read Memory: :
TID: 3:IP: 6427ffaf:Disasm rol dl, cl:IMG: C:\Program Files\DAEMON Tools Lite\Engine.dll:RTN: .text:Read Regs: edx[T]: f00: ecx: 6427ff80: cl: 6427ff80: cx: 6427ff80: dl[T]: f00: dx[T]: f00: :Read Flags: :Read Memory: :
TID: 3:IP: 64292ab1:Disasm mov edx, dword ptr [ebp+0x4]:IMG: C:\Program Files\DAEMON Tools Lite\Engine.dll:RTN: .text:Read Regs: ebp: 12e60c: ss: 23: bp: 12e60c: :Read Flags: :Read Memory: 12e610 [T] 12e611 [T] 12e612 [T] 12e613 [T] :
TID: 3:IP: 64291a37:Disasm not edx:IMG: C:\Program Files\DAEMON Tools Lite\Engine.dll:RTN: .text:Read Regs: edx[T]: fffffdb9: dl[T]: fffffdb9: dh[T]: fffffdb9: dx[T]: fffffdb9: :Read Flags: :Read Memory: :
TID: 3:IP: 64291a3a:Disasm and eax, edx:IMG: C:\Program Files\DAEMON Tools Lite\Engine.dll:RTN: .text:Read Regs: edx[T]: 246: eax: fffff7ea: al: fffff7ea: ah: fffff7ea: ax: fffff7ea: dl[T]: 246: dh[T]: 246: dx[T]: 246: :Read Flags: :Read Memory: :
TID: 3:IP: 6428ab24:Disasm jp 0x6428b003:IMG: C:\Program Files\DAEMON Tools Lite\Engine.dll:RTN: .text:Read Regs: eflags[T]: 206: :Read Flags: 0:[T 4:pf ]:Values:206:Read Memory: :
TID: 3:IP: 6428b003:Disasm pushfd :IMG: C:\Program Files\DAEMON Tools Lite\Engine.dll:RTN: .text:Read Regs: esp: 12e534: ss: 23: eflags[T]: 206: sp: 12e534: :Read Flags: 3f7700:df vif iopl if ac vm rf nt tf id vip [T 8d5:of sf zf af pf cf ]:Values:206:Read Memory: :
TID: 3:IP: 64293c45:Disasm mov dword ptr [ebp+0x4], eax:IMG: C:\Program Files\DAEMON Tools Lite\Engine.dll:RTN: .text:Read Regs: ebp: 12e60c: eax[T]: 242: ss: 23: al[T]: 242: ah[T]: 242: ax[T]: 242: bp: 12e60c: :Read Flags: :Read Memory: :
TID: 3:IP: 64293c50:Disasm pushfd :IMG: C:\Program Files\DAEMON Tools Lite\Engine.dll:RTN: .text:Read Regs: esp: 12e528: ss: 23: eflags[T]: 206: sp: 12e528: :Read Flags: 3f7700:df vif iopl if ac vm rf nt tf id vip [T 8d5:of sf zf af pf cf ]:Values:206:Read Memory: :
TID: 3:IP: 64293c51:Disasm pop dword ptr [esp+0x8]:IMG: C:\Program Files\DAEMON Tools Lite\Engine.dll:RTN: .text:Read Regs: esp: 12e524: ss: 23: sp: 12e524: :Read Flags: :Read Memory: 12e524 [T] 12e525 [T] 12e526 [T] 12e527 [T] :
TID: 3:IP: 64293c5c:Disasm push dword ptr [esp+0x8]:IMG: C:\Program Files\DAEMON Tools Lite\Engine.dll:RTN: .text:Read Regs: esp: 12e528: ss: 23: sp: 12e528: :Read Flags: :Read Memory: 12e530 [T] 12e531 [T] 12e532 [T] 12e533 [T] :
TID: 3:IP: 64293c60:Disasm pop dword ptr [ebp]:IMG: C:\Program Files\DAEMON Tools Lite\Engine.dll:RTN: .text:Read Regs: ebp: 12e60c: esp: 12e524: ss: 23: bp: 12e60c: sp: 12e524: :Read Flags: :Read Memory: 12e524 [T] 12e525 [T] 12e526 [T] 12e527 [T] :
TID: 3:IP: 64293c63:Disasm pushad :IMG: C:\Program Files\DAEMON Tools Lite\Engine.dll:RTN: .text:Read Regs: edi: 12e534: esi: 643a78a5: ebp: 12e60c: esp: 12e528: ebx: eb6769da: edx[T]: 246: ecx: 642895f4: eax[T]: 242: ss: 23: al[T]: 242: ah[T]: 242: ax[T]: 242: cl: 642895f4: ch: 642895f4: cx: 642895f4: dl[T]: 246: dh[T]: 246: dx[T]: 246: bl: eb6769da: bh: eb6769da: bx: eb6769da: bp: 12e60c: si: 643a78a5: di: 12e534: sp: 12e528: :Read Flags: :Read Memory: :
TID: 3:IP: 64291548:Disasm sbb al, bh:IMG: C:\Program Files\DAEMON Tools Lite\Engine.dll:RTN: .text:Read Regs: ebx: eb6769da: eax[T]: 242: eflags[T]: 206: al[T]: 242: ax[T]: 242: bh: eb6769da: bx: eb6769da: :Read Flags: 0:[T 1:cf ]:Values:206:Read Memory: :
TID: 3:IP: 6429154a:Disasm xchg ch, al:IMG: C:\Program Files\DAEMON Tools Lite\Engine.dll:RTN: .text:Read Regs: ecx: 642895f4: eax[T]: 2d9: al[T]: 2d9: ax[T]: 2d9: ch: 642895f4: cx: 642895f4: :Read Flags: :Read Memory: :
TID: 3:IP: 6429154e:Disasm shr cl, 0x1:IMG: C:\Program Files\DAEMON Tools Lite\Engine.dll:RTN: .text:Read Regs: ecx[T]: 6428d9f4: cl: 6428d9f4: cx[T]: 6428d9f4: :Read Flags: :Read Memory: :
TID: 3:IP: 64291550:Disasm not ecx:IMG: C:\Program Files\DAEMON Tools Lite\Engine.dll:RTN: .text:Read Regs: ecx[T]: 6428d97a: cl[T]: 6428d97a: ch[T]: 6428d97a: cx[T]: 6428d97a: :Read Flags: :Read Memory: :
TID: 3:IP: 64291552:Disasm cmc :IMG: C:\Program Files\DAEMON Tools Lite\Engine.dll:RTN: .text:Read Regs: eflags[T]: a02: :Read Flags: 0:[T 1:cf ]:Values:a02:Read Memory: :
TID: 3:IP: 642915bc:Disasm pushad :IMG: C:\Program Files\DAEMON Tools Lite\Engine.dll:RTN: .text:Read Regs: edi: 12e534: esi: 643a78a6: ebp: 12e60c: esp: 12e52c: ebx: eb6769c9: edx[T]: 246: ecx: 6427ff80: eax: 11: ss: 23: al: 11: ah: 11: ax: 11: cl: 6427ff80: ch: 6427ff80: cx: 6427ff80: dl[T]: 246: dh[T]: 246: dx[T]: 246: bl: eb6769c9: bh: eb6769c9: bx: eb6769c9: bp: 12e60c: si: 643a78a6: di: 12e534: sp: 12e52c: :Read Flags: :Read Memory: :
TID: 3:IP: 6427ff82:Disasm sub dx, dx:IMG: C:\Program Files\DAEMON Tools Lite\Engine.dll:RTN: .text:Read Regs: edx[T]: 246: dl[T]: 246: dh[T]: 246: dx[T]: 246: :Read Flags: :Read Memory: :
TID: 3:IP: 6427ff85:Disasm rcl al, 0x5:IMG: C:\Program Files\DAEMON Tools Lite\Engine.dll:RTN: .text:Read Regs: eax: 11: eflags[T]: 246: al: 11: ax: 11: :Read Flags: 0:[T 1:cf ]:Values:246:Read Memory: :
TID: 3:IP: 6427ff91:Disasm shrd dx, bp, 0x5:IMG: C:\Program Files\DAEMON Tools Lite\Engine.dll:RTN: .text:Read Regs: ebp: 12e60c: edx[T]: 0: dl[T]: 0: dh[T]: 0: dx[T]: 0: bp: 12e60c: :Read Flags: :Read Memory: :
TID: 3:IP: 6427ff96:Disasm shld dx, cx, cl:IMG: C:\Program Files\DAEMON Tools Lite\Engine.dll:RTN: .text:Read Regs: edx[T]: 6000: ecx: 6427ff80: cl: 6427ff80: ch: 6427ff80: cx: 6427ff80: dl[T]: 6000: dh[T]: 6000: dx[T]: 6000: :Read Flags: :Read Memory: :
TID: 3:IP: 6427ffa1:Disasm dec dh:IMG: C:\Program Files\DAEMON Tools Lite\Engine.dll:RTN: .text:Read Regs: edx[T]: 6000: dh[T]: 6000: dx[T]: 6000: :Read Flags: :Read Memory: :
TID: 3:IP: 6427ffa3:Disasm btr dx, 0x1:IMG: C:\Program Files\DAEMON Tools Lite\Engine.dll:RTN: .text:Read Regs: edx[T]: 5f00: dl[T]: 5f00: dh[T]: 5f00: dx[T]: 5f00: :Read Flags: :Read Memory: :
TID: 3:IP: 6427ffaf:Disasm rol dl, cl:IMG: C:\Program Files\DAEMON Tools Lite\Engine.dll:RTN: .text:Read Regs: edx[T]: 5f00: ecx: 6427ff80: cl: 6427ff80: cx: 6427ff80: dl[T]: 5f00: dx[T]: 5f00: :Read Flags: :Read Memory: :
TID: 3:IP: 6427ffbd:Disasm mov edx, dword ptr [ebp]:IMG: C:\Program Files\DAEMON Tools Lite\Engine.dll:RTN: .text:Read Regs: ebp: 12e60c: ss: 23: bp: 12e60c: :Read Flags: :Read Memory: 12e60c [T] 12e60d [T] 12e60e [T] 12e60f [T] :
TID: 3:IP: 6428a22f:Disasm test dl, dh:IMG: C:\Program Files\DAEMON Tools Lite\Engine.dll:RTN: .text:Read Regs: edx[T]: 206: dl[T]: 206: dh[T]: 206: dx[T]: 206: :Read Flags: :Read Memory: :
TID: 3:IP: 6428cc6f:Disasm mov dword ptr [eax+edi*1], edx:IMG: C:\Program Files\DAEMON Tools Lite\Engine.dll:RTN: .text:Read Regs: edi: 12e534: edx[T]: 206: eax: 24: ds: 23: al: 24: ah: 24: ax: 24: dl[T]: 206: dh[T]: 206: dx[T]: 206: di: 12e534: :Read Flags: :Read Memory: :
TID: 3:IP: 642915bc:Disasm pushad :IMG: C:\Program Files\DAEMON Tools Lite\Engine.dll:RTN: .text:Read Regs: edi: 12e534: esi: 643a78a8: ebp: 12e610: esp: 12e52c: ebx: eb676962: edx[T]: 206: ecx: 6428afe2: eax: 8b: ss: 23: al: 8b: ah: 8b: ax: 8b: cl: 6428afe2: ch: 6428afe2: cx: 6428afe2: dl[T]: 206: dh[T]: 206: dx[T]: 206: bl: eb676962: bh: eb676962: bx: eb676962: bp: 12e610: si: 643a78a8: di: 12e534: sp: 12e52c: :Read Flags: :Read Memory: :
TID: 3:IP: 6428afe4:Disasm mov eax, dword ptr [ebp]:IMG: C:\Program Files\DAEMON Tools Lite\Engine.dll:RTN: .text:Read Regs: ebp: 12e610: ss: 23: bp: 12e610: :Read Flags: :Read Memory: 12e610 [T] 12e611 [T] 12e612 [T] 12e613 [T] :
TID: 3:IP: 6428afea:Disasm add dword ptr [ebp+0x4], eax:IMG: C:\Program Files\DAEMON Tools Lite\Engine.dll:RTN: .text:Read Regs: ebp: 12e610: eax[T]: 242: ss: 23: al[T]: 242: ah[T]: 242: ax[T]: 242: bp: 12e610: :Read Flags: :Read Memory: 12e614 [T] 12e615 [T] 12e616 [T] 12e617 [T] :
TID: 3:IP: 6428afed:Disasm pushad :IMG: C:\Program Files\DAEMON Tools Lite\Engine.dll:RTN: .text:Read Regs: edi: 12e534: esi: 643a78a8: ebp: 12e610: esp: 12e52c: ebx: eb676962: edx[T]: 206: ecx: 6428afe2: eax[T]: 242: ss: 23: al[T]: 242: ah[T]: 242: ax[T]: 242: cl: 6428afe2: ch: 6428afe2: cx: 6428afe2: dl[T]: 206: dh[T]: 206: dx[T]: 206: bl: eb676962: bh: eb676962: bx: eb676962: bp: 12e610: si: 643a78a8: di: 12e534: sp: 12e52c: :Read Flags: :Read Memory: :
TID: 3:IP: 6428a16b:Disasm pushfd :IMG: C:\Program Files\DAEMON Tools Lite\Engine.dll:RTN: .text:Read Regs: esp: 12e50c: ss: 23: eflags[T]: 202: sp: 12e50c: :Read Flags: 3f7700:df vif iopl if ac vm rf nt tf id vip [T 8d5:of sf zf af pf cf ]:Values:202:Read Memory: :
TID: 3:IP: 642899ff:Disasm pushfd :IMG: C:\Program Files\DAEMON Tools Lite\Engine.dll:RTN: .text:Read Regs: esp: 12e508: ss: 23: eflags[T]: 202: sp: 12e508: :Read Flags: 3f7700:df vif iopl if ac vm rf nt tf id vip [T 8d5:of sf zf af pf cf ]:Values:202:Read Memory: :
TID: 3:IP: 64289a00:Disasm pop dword ptr [esp+0x28]:IMG: C:\Program Files\DAEMON Tools Lite\Engine.dll:RTN: .text:Read Regs: esp: 12e504: ss: 23: sp: 12e504: :Read Flags: :Read Memory: 12e504 [T] 12e505 [T] 12e506 [T] 12e507 [T] :
TID: 3:IP: 64293bf9:Disasm pushfd :IMG: C:\Program Files\DAEMON Tools Lite\Engine.dll:RTN: .text:Read Regs: esp: 12e504: ss: 23: eflags[T]: 202: sp: 12e504: :Read Flags: 3f7700:df vif iopl if ac vm rf nt tf id vip [T 8d5:of sf zf af pf cf ]:Values:202:Read Memory: :
TID: 3:IP: 64293bfa:Disasm push dword ptr [esp]:IMG: C:\Program Files\DAEMON Tools Lite\Engine.dll:RTN: .text:Read Regs: esp: 12e500: ss: 23: sp: 12e500: :Read Flags: :Read Memory: 12e500 [T] 12e501 [T] 12e502 [T] 12e503 [T] :
TID: 3:IP: 64293bfd:Disasm push dword ptr [esp+0x34]:IMG: C:\Program Files\DAEMON Tools Lite\Engine.dll:RTN: .text:Read Regs: esp: 12e4fc: ss: 23: sp: 12e4fc: :Read Flags: :Read Memory: 12e530 [T] 12e531 [T] 12e532 [T] 12e533 [T] :
TID: 3:IP: 64293c01:Disasm pop dword ptr [ebp]:IMG: C:\Program Files\DAEMON Tools Lite\Engine.dll:RTN: .text:Read Regs: ebp: 12e610: esp: 12e4f8: ss: 23: bp: 12e610: sp: 12e4f8: :Read Flags: :Read Memory: 12e4f8 [T] 12e4f9 [T] 12e4fa [T] 12e4fb [T] :
TID: 3:IP: 64293c09:Disasm pushfd :IMG: C:\Program Files\DAEMON Tools Lite\Engine.dll:RTN: .text:Read Regs: esp: 12e4fc: ss: 23: eflags[T]: 202: sp: 12e4fc: :Read Flags: 3f7700:df vif iopl if ac vm rf nt tf id vip [T 8d5:of sf zf af pf cf ]:Values:202:Read Memory: :
TID: 3:IP: 64291548:Disasm sbb al, bh:IMG: C:\Program Files\DAEMON Tools Lite\Engine.dll:RTN: .text:Read Regs: ebx: eb676962: eax[T]: 242: eflags[T]: 202: al[T]: 242: ax[T]: 242: bh: eb676962: bx: eb676962: :Read Flags: 0:[T 1:cf ]:Values:202:Read Memory: :
TID: 3:IP: 6429154a:Disasm xchg ch, al:IMG: C:\Program Files\DAEMON Tools Lite\Engine.dll:RTN: .text:Read Regs: ecx: 6428afe2: eax[T]: 2d9: al[T]: 2d9: ax[T]: 2d9: ch: 6428afe2: cx: 6428afe2: :Read Flags: :Read Memory: :
TID: 3:IP: 6429154e:Disasm shr cl, 0x1:IMG: C:\Program Files\DAEMON Tools Lite\Engine.dll:RTN: .text:Read Regs: ecx[T]: 6428d9e2: cl: 6428d9e2: cx[T]: 6428d9e2: :Read Flags: :Read Memory: :
TID: 3:IP: 64291550:Disasm not ecx:IMG: C:\Program Files\DAEMON Tools Lite\Engine.dll:RTN: .text:Read Regs: ecx[T]: 6428d971: cl[T]: 6428d971: ch[T]: 6428d971: cx[T]: 6428d971: :Read Flags: :Read Memory: :
TID: 3:IP: 64291552:Disasm cmc :IMG: C:\Program Files\DAEMON Tools Lite\Engine.dll:RTN: .text:Read Regs: eflags[T]: a06: :Read Flags: 0:[T 1:cf ]:Values:a06:Read Memory: :
TID: 3:IP: 642915bc:Disasm pushad :IMG: C:\Program Files\DAEMON Tools Lite\Engine.dll:RTN: .text:Read Regs: edi: 12e534: esi: 643a78a9: ebp: 12e610: esp: 12e52c: ebx: eb676963: edx[T]: 206: ecx: 6427ff80: eax: ff: ss: 23: al: ff: ah: ff: ax: ff: cl: 6427ff80: ch: 6427ff80: cx: 6427ff80: dl[T]: 206: dh[T]: 206: dx[T]: 206: bl: eb676963: bh: eb676963: bx: eb676963: bp: 12e610: si: 643a78a9: di: 12e534: sp: 12e52c: :Read Flags: :Read Memory: :
TID: 3:IP: 6427ff82:Disasm sub dx, dx:IMG: C:\Program Files\DAEMON Tools Lite\Engine.dll:RTN: .text:Read Regs: edx[T]: 206: dl[T]: 206: dh[T]: 206: dx[T]: 206: :Read Flags: :Read Memory: :
TID: 3:IP: 6427ff85:Disasm rcl al, 0x5:IMG: C:\Program Files\DAEMON Tools Lite\Engine.dll:RTN: .text:Read Regs: eax: ff: eflags[T]: 246: al: ff: ax: ff: :Read Flags: 0:[T 1:cf ]:Values:246:Read Memory: :
TID: 3:IP: 6427ff91:Disasm shrd dx, bp, 0x5:IMG: C:\Program Files\DAEMON Tools Lite\Engine.dll:RTN: .text:Read Regs: ebp: 12e610: edx[T]: 0: dl[T]: 0: dh[T]: 0: dx[T]: 0: bp: 12e610: :Read Flags: :Read Memory: :
TID: 3:IP: 6427ff96:Disasm shld dx, cx, cl:IMG: C:\Program Files\DAEMON Tools Lite\Engine.dll:RTN: .text:Read Regs: edx[T]: 8000: ecx: 6427ff80: cl: 6427ff80: ch: 6427ff80: cx: 6427ff80: dl[T]: 8000: dh[T]: 8000: dx[T]: 8000: :Read Flags: :Read Memory: :
TID: 3:IP: 6427ffa1:Disasm dec dh:IMG: C:\Program Files\DAEMON Tools Lite\Engine.dll:RTN: .text:Read Regs: edx[T]: 8000: dh[T]: 8000: dx[T]: 8000: :Read Flags: :Read Memory: :
TID: 3:IP: 6427ffa3:Disasm btr dx, 0x1:IMG: C:\Program Files\DAEMON Tools Lite\Engine.dll:RTN: .text:Read Regs: edx[T]: 7f00: dl[T]: 7f00: dh[T]: 7f00: dx[T]: 7f00: :Read Flags: :Read Memory: :
TID: 3:IP: 6427ffaf:Disasm rol dl, cl:IMG: C:\Program Files\DAEMON Tools Lite\Engine.dll:RTN: .text:Read Regs: edx[T]: 7f00: ecx: 6427ff80: cl: 6427ff80: cx: 6427ff80: dl[T]: 7f00: dx[T]: 7f00: :Read Flags: :Read Memory: :
TID: 3:IP: 6427ffbd:Disasm mov edx, dword ptr [ebp]:IMG: C:\Program Files\DAEMON Tools Lite\Engine.dll:RTN: .text:Read Regs: ebp: 12e610: ss: 23: bp: 12e610: :Read Flags: :Read Memory: 12e610 [T] 12e611 [T] 12e612 [T] 12e613 [T] :
TID: 3:IP: 6428a22f:Disasm test dl, dh:IMG: C:\Program Files\DAEMON Tools Lite\Engine.dll:RTN: .text:Read Regs: edx[T]: 202: dl[T]: 202: dh[T]: 202: dx[T]: 202: :Read Flags: :Read Memory: :
TID: 3:IP: 6428cc6f:Disasm mov dword ptr [eax+edi*1], edx:IMG: C:\Program Files\DAEMON Tools Lite\Engine.dll:RTN: .text:Read Regs: edi: 12e534: edx[T]: 202: eax: 20: ds: 23: al: 20: ah: 20: ax: 20: dl[T]: 202: dh[T]: 202: dx[T]: 202: di: 12e534: :Read Flags: :Read Memory: :
TID: 3:IP: 642915bc:Disasm pushad :IMG: C:\Program Files\DAEMON Tools Lite\Engine.dll:RTN: .text:Read Regs: edi: 12e534: esi: 643a78ab: ebp: 12e614: esp: 12e52c: ebx: eb67690d: edx[T]: 202: ecx: 6427ff80: eax: 36: ss: 23: al: 36: ah: 36: ax: 36: cl: 6427ff80: ch: 6427ff80: cx: 6427ff80: dl[T]: 202: dh[T]: 202: dx[T]: 202: bl: eb67690d: bh: eb67690d: bx: eb67690d: bp: 12e614: si: 643a78ab: di: 12e534: sp: 12e52c: :Read Flags: :Read Memory: :
TID: 3:IP: 6427ff82:Disasm sub dx, dx:IMG: C:\Program Files\DAEMON Tools Lite\Engine.dll:RTN: .text:Read Regs: edx[T]: 202: dl[T]: 202: dh[T]: 202: dx[T]: 202: :Read Flags: :Read Memory: :
TID: 3:IP: 6427ff85:Disasm rcl al, 0x5:IMG: C:\Program Files\DAEMON Tools Lite\Engine.dll:RTN: .text:Read Regs: eax: 36: eflags[T]: 246: al: 36: ax: 36: :Read Flags: 0:[T 1:cf ]:Values:246:Read Memory: :
TID: 3:IP: 6427ff91:Disasm shrd dx, bp, 0x5:IMG: C:\Program Files\DAEMON Tools Lite\Engine.dll:RTN: .text:Read Regs: ebp: 12e614: edx[T]: 0: dl[T]: 0: dh[T]: 0: dx[T]: 0: bp: 12e614: :Read Flags: :Read Memory: :
TID: 3:IP: 6427ff96:Disasm shld dx, cx, cl:IMG: C:\Program Files\DAEMON Tools Lite\Engine.dll:RTN: .text:Read Regs: edx[T]: a000: ecx: 6427ff80: cl: 6427ff80: ch: 6427ff80: cx: 6427ff80: dl[T]: a000: dh[T]: a000: dx[T]: a000: :Read Flags: :Read Memory: :
TID: 3:IP: 6427ffa1:Disasm dec dh:IMG: C:\Program Files\DAEMON Tools Lite\Engine.dll:RTN: .text:Read Regs: edx[T]: a000: dh[T]: a000: dx[T]: a000: :Read Flags: :Read Memory: :
TID: 3:IP: 6427ffa3:Disasm btr dx, 0x1:IMG: C:\Program Files\DAEMON Tools Lite\Engine.dll:RTN: .text:Read Regs: edx[T]: 9f00: dl[T]: 9f00: dh[T]: 9f00: dx[T]: 9f00: :Read Flags: :Read Memory: :
TID: 3:IP: 6427ffaf:Disasm rol dl, cl:IMG: C:\Program Files\DAEMON Tools Lite\Engine.dll:RTN: .text:Read Regs: edx[T]: 9f00: ecx: 6427ff80: cl: 6427ff80: cx: 6427ff80: dl[T]: 9f00: dx[T]: 9f00: :Read Flags: :Read Memory: :
TID: 3:IP: 6427ffbd:Disasm mov edx, dword ptr [ebp]:IMG: C:\Program Files\DAEMON Tools Lite\Engine.dll:RTN: .text:Read Regs: ebp: 12e614: ss: 23: bp: 12e614: :Read Flags: :Read Memory: 12e614 [T] 12e615 [T] 12e616 [T] 12e617 [T] :
TID: 3:IP: 6428a22f:Disasm test dl, dh:IMG: C:\Program Files\DAEMON Tools Lite\Engine.dll:RTN: .text:Read Regs: edx[T]: 246: dl[T]: 246: dh[T]: 246: dx[T]: 246: :Read Flags: :Read Memory: :
TID: 3:IP: 6428cc6f:Disasm mov dword ptr [eax+edi*1], edx:IMG: C:\Program Files\DAEMON Tools Lite\Engine.dll:RTN: .text:Read Regs: edi: 12e534: edx[T]: 246: eax: 8: ds: 23: al: 8: ah: 8: ax: 8: dl[T]: 246: dh[T]: 246: dx[T]: 246: di: 12e534: :Read Flags: :Read Memory: :
TID: 3:IP: 642915bc:Disasm pushad :IMG: C:\Program Files\DAEMON Tools Lite\Engine.dll:RTN: .text:Read Regs: edi: 12e534: esi: 643a78ad: ebp: 12e618: esp: 12e52c: ebx: eb6769f6: edx[T]: 246: ecx: 6429256e: eax: f: ss: 23: al: f: ah: f: ax: f: cl: 6429256e: ch: 6429256e: cx: 6429256e: dl[T]: 246: dh[T]: 246: dx[T]: 246: bl: eb6769f6: bh: eb6769f6: bx: eb6769f6: bp: 12e618: si: 643a78ad: di: 12e534: sp: 12e52c: :Read Flags: :Read Memory: :
TID: 3:IP: 64292574:Disasm pushad :IMG: C:\Program Files\DAEMON Tools Lite\Engine.dll:RTN: .text:Read Regs: edi: 12e534: esi: 643a78ad: ebp: 12e618: esp: 12e534: ebx: eb6769f6: edx[T]: 246: ecx: 6429256e: eax: 2: ss: 23: al: 2: ah: 2: ax: 2: cl: 6429256e: ch: 6429256e: cx: 6429256e: dl[T]: 246: dh[T]: 246: dx[T]: 246: bl: eb6769f6: bh: eb6769f6: bx: eb6769f6: bp: 12e618: si: 643a78ad: di: 12e534: sp: 12e534: :Read Flags: :Read Memory: :
TID: 3:IP: 642919c0:Disasm pushad :IMG: C:\Program Files\DAEMON Tools Lite\Engine.dll:RTN: .text:Read Regs: edi: 12e534: esi: 643a78ad: ebp: 12e616: esp: 12e514: ebx: eb6769f6: edx[T]: 246: ecx: 6429256e: eax: 2: ss: 23: al: 2: ah: 2: ax: 2: cl: 6429256e: ch: 6429256e: cx: 6429256e: dl[T]: 246: dh[T]: 246: dx[T]: 246: bl: eb6769f6: bh: eb6769f6: bx: eb6769f6: bp: 12e616: si: 643a78ad: di: 12e534: sp: 12e514: :Read Flags: :Read Memory: :
TID: 3:IP: 64289560:Disasm mov byte ptr [esp], dl:IMG: C:\Program Files\DAEMON Tools Lite\Engine.dll:RTN: .text:Read Regs: esp: 12e530: edx[T]: 246: ss: 23: dl[T]: 246: dx[T]: 246: sp: 12e530: :Read Flags: :Read Memory: :
TID: 3:IP: 642915bc:Disasm pushad :IMG: C:\Program Files\DAEMON Tools Lite\Engine.dll:RTN: .text:Read Regs: edi: 12e534: esi: 643a78ae: ebp: 12e616: esp: 12e52c: ebx: eb6769e5: edx[T]: 246: ecx: 6427ff80: eax: 11: ss: 23: al: 11: ah: 11: ax: 11: cl: 6427ff80: ch: 6427ff80: cx: 6427ff80: dl[T]: 246: dh[T]: 246: dx[T]: 246: bl: eb6769e5: bh: eb6769e5: bx: eb6769e5: bp: 12e616: si: 643a78ae: di: 12e534: sp: 12e52c: :Read Flags: :Read Memory: :
TID: 3:IP: 6427ff82:Disasm sub dx, dx:IMG: C:\Program Files\DAEMON Tools Lite\Engine.dll:RTN: .text:Read Regs: edx[T]: 246: dl[T]: 246: dh[T]: 246: dx[T]: 246: :Read Flags: :Read Memory: :
TID: 3:IP: 6427ff85:Disasm rcl al, 0x5:IMG: C:\Program Files\DAEMON Tools Lite\Engine.dll:RTN: .text:Read Regs: eax: 11: eflags[T]: 246: al: 11: ax: 11: :Read Flags: 0:[T 1:cf ]:Values:246:Read Memory: :
TID: 3:IP: 6427ff91:Disasm shrd dx, bp, 0x5:IMG: C:\Program Files\DAEMON Tools Lite\Engine.dll:RTN: .text:Read Regs: ebp: 12e616: edx[T]: 0: dl[T]: 0: dh[T]: 0: dx[T]: 0: bp: 12e616: :Read Flags: :Read Memory: :
TID: 3:IP: 6427ff96:Disasm shld dx, cx, cl:IMG: C:\Program Files\DAEMON Tools Lite\Engine.dll:RTN: .text:Read Regs: edx[T]: b000: ecx: 6427ff80: cl: 6427ff80: ch: 6427ff80: cx: 6427ff80: dl[T]: b000: dh[T]: b000: dx[T]: b000: :Read Flags: :Read Memory: :
TID: 3:IP: 6427ffa1:Disasm dec dh:IMG: C:\Program Files\DAEMON Tools Lite\Engine.dll:RTN: .text:Read Regs: edx[T]: b000: dh[T]: b000: dx[T]: b000: :Read Flags: :Read Memory: :
TID: 3:IP: 6427ffa3:Disasm btr dx, 0x1:IMG: C:\Program Files\DAEMON Tools Lite\Engine.dll:RTN: .text:Read Regs: edx[T]: af00: dl[T]: af00: dh[T]: af00: dx[T]: af00: :Read Flags: :Read Memory: :
TID: 3:IP: 6427ffaf:Disasm rol dl, cl:IMG: C:\Program Files\DAEMON Tools Lite\Engine.dll:RTN: .text:Read Regs: edx[T]: af00: ecx: 6427ff80: cl: 6427ff80: cx: 6427ff80: dl[T]: af00: dx[T]: af00: :Read Flags: :Read Memory: :
TID: 3:IP: 64289aaa:Disasm mov edx, dword ptr [eax+edi*1]:IMG: C:\Program Files\DAEMON Tools Lite\Engine.dll:RTN: .text:Read Regs: edi: 12e534: eax: 8: ds: 23: al: 8: ah: 8: ax: 8: di: 12e534: :Read Flags: :Read Memory: 12e53c [T] 12e53d [T] 12e53e [T] 12e53f [T] :
TID: 3:IP: 64289ab3:Disasm mov dword ptr [ebp], edx:IMG: C:\Program Files\DAEMON Tools Lite\Engine.dll:RTN: .text:Read Regs: ebp: 12e616: edx[T]: 246: ss: 23: dl[T]: 246: dh[T]: 246: dx[T]: 246: bp: 12e616: :Read Flags: :Read Memory: :
TID: 3:IP: 64289560:Disasm mov byte ptr [esp], dl:IMG: C:\Program Files\DAEMON Tools Lite\Engine.dll:RTN: .text:Read Regs: esp: 12e530: edx[T]: 246: ss: 23: dl[T]: 246: dx[T]: 246: sp: 12e530: :Read Flags: :Read Memory: :
TID: 3:IP: 642915bc:Disasm pushad :IMG: C:\Program Files\DAEMON Tools Lite\Engine.dll:RTN: .text:Read Regs: edi: 12e534: esi: 643a78c9: ebp: 12e616: esp: 12e52c: ebx: eb675428: edx[T]: 246: ecx: 64293cd6: eax: 54: ss: 23: al: 54: ah: 54: ax: 54: cl: 64293cd6: ch: 64293cd6: cx: 64293cd6: dl[T]: 246: dh[T]: 246: dx[T]: 246: bl: eb675428: bh: eb675428: bx: eb675428: bp: 12e616: si: 643a78c9: di: 12e534: sp: 12e52c: :Read Flags: :Read Memory: :
TID: 3:IP: 64289264:Disasm btr dx, 0x9:IMG: C:\Program Files\DAEMON Tools Lite\Engine.dll:RTN: .text:Read Regs: edx[T]: 246: dl[T]: 246: dh[T]: 246: dx[T]: 246: :Read Flags: :Read Memory: :
TID: 3:IP: 64289a79:Disasm bswap dx:IMG: C:\Program Files\DAEMON Tools Lite\Engine.dll:RTN: .text:Read Regs: edx: 46: dl[T]: 46: dh: 46: dx: 46: :Read Flags: :Read Memory: :
TID: 3:IP: 64289aaa:Disasm mov edx, dword ptr [eax+edi*1]:IMG: C:\Program Files\DAEMON Tools Lite\Engine.dll:RTN: .text:Read Regs: edi: 12e534: eax: 8: ds: 23: al: 8: ah: 8: ax: 8: di: 12e534: :Read Flags: :Read Memory: 12e53c [T] 12e53d [T] 12e53e [T] 12e53f [T] :
TID: 3:IP: 64289ab3:Disasm mov dword ptr [ebp], edx:IMG: C:\Program Files\DAEMON Tools Lite\Engine.dll:RTN: .text:Read Regs: ebp: 12e612: edx[T]: 246: ss: 23: dl[T]: 246: dh[T]: 246: dx[T]: 246: bp: 12e612: :Read Flags: :Read Memory: :
TID: 3:IP: 64289560:Disasm mov byte ptr [esp], dl:IMG: C:\Program Files\DAEMON Tools Lite\Engine.dll:RTN: .text:Read Regs: esp: 12e530: edx[T]: 246: ss: 23: dl[T]: 246: dx[T]: 246: sp: 12e530: :Read Flags: :Read Memory: :
TID: 3:IP: 642915bc:Disasm pushad :IMG: C:\Program Files\DAEMON Tools Lite\Engine.dll:RTN: .text:Read Regs: edi: 12e534: esi: 643a78cb: ebp: 12e612: esp: 12e52c: ebx: eb6754dd: edx[T]: 246: ecx: 642895f4: eax: 43: ss: 23: al: 43: ah: 43: ax: 43: cl: 642895f4: ch: 642895f4: cx: 642895f4: dl[T]: 246: dh[T]: 246: dx[T]: 246: bl: eb6754dd: bh: eb6754dd: bx: eb6754dd: bp: 12e612: si: 643a78cb: di: 12e534: sp: 12e52c: :Read Flags: :Read Memory: :
TID: 3:IP: 64292aa2:Disasm rcr dh, cl:IMG: C:\Program Files\DAEMON Tools Lite\Engine.dll:RTN: .text:Read Regs: edx[T]: 246: ecx: 642895f4: eflags: 202: cl: 642895f4: cx: 642895f4: dh[T]: 246: dx[T]: 246: :Read Flags: 1:cf :Values:202:Read Memory: :
TID: 3:IP: 64292aa4:Disasm mov eax, dword ptr [ebp]:IMG: C:\Program Files\DAEMON Tools Lite\Engine.dll:RTN: .text:Read Regs: ebp: 12e612: ss: 23: bp: 12e612: :Read Flags: :Read Memory: 12e612 [T] 12e613 [T] 12e614 [T] 12e615 [T] :
TID: 3:IP: 64292ab1:Disasm mov edx, dword ptr [ebp+0x4]:IMG: C:\Program Files\DAEMON Tools Lite\Engine.dll:RTN: .text:Read Regs: ebp: 12e612: ss: 23: bp: 12e612: :Read Flags: :Read Memory: 12e616 [T] 12e617 [T] 12e618 [T] 12e619 [T] :
TID: 3:IP: 64292ac1:Disasm not eax:IMG: C:\Program Files\DAEMON Tools Lite\Engine.dll:RTN: .text:Read Regs: eax[T]: 246: al[T]: 246: ah[T]: 246: ax[T]: 246: :Read Flags: :Read Memory: :
TID: 3:IP: 64291a37:Disasm not edx:IMG: C:\Program Files\DAEMON Tools Lite\Engine.dll:RTN: .text:Read Regs: edx[T]: 246: dl[T]: 246: dh[T]: 246: dx[T]: 246: :Read Flags: :Read Memory: :
TID: 3:IP: 64291a3a:Disasm and eax, edx:IMG: C:\Program Files\DAEMON Tools Lite\Engine.dll:RTN: .text:Read Regs: edx[T]: fffffdb9: eax[T]: fffffdb9: al[T]: fffffdb9: ah[T]: fffffdb9: ax[T]: fffffdb9: dl[T]: fffffdb9: dh[T]: fffffdb9: dx[T]: fffffdb9: :Read Flags: :Read Memory: :
TID: 3:IP: 6428ab24:Disasm jp 0x6428b003:IMG: C:\Program Files\DAEMON Tools Lite\Engine.dll:RTN: .text:Read Regs: eflags[T]: 282: :Read Flags: 0:[T 4:pf ]:Values:282:Read Memory: :
TID: 3:IP: 6428ab2a:Disasm pushfd :IMG: C:\Program Files\DAEMON Tools Lite\Engine.dll:RTN: .text:Read Regs: esp: 12e534: ss: 23: eflags[T]: 282: sp: 12e534: :Read Flags: 3f7700:df vif iopl if ac vm rf nt tf id vip [T 8d5:of sf zf af pf cf ]:Values:282:Read Memory: :
TID: 3:IP: 6428ab2b:Disasm pushad :IMG: C:\Program Files\DAEMON Tools Lite\Engine.dll:RTN: .text:Read Regs: edi: 12e534: esi: 643a78cb: ebp: 12e612: esp: 12e530: ebx: eb6754dd: edx[T]: fffffdb9: ecx: 642895f4: eax[T]: fffffdb9: ss: 23: al[T]: fffffdb9: ah[T]: fffffdb9: ax[T]: fffffdb9: cl: 642895f4: ch: 642895f4: cx: 642895f4: dl[T]: fffffdb9: dh[T]: fffffdb9: dx[T]: fffffdb9: bl: eb6754dd: bh: eb6754dd: bx: eb6754dd: bp: 12e612: si: 643a78cb: di: 12e534: sp: 12e530: :Read Flags: :Read Memory: :
TID: 3:IP: 6428ab2c:Disasm mov dword ptr [ebp+0x4], eax:IMG: C:\Program Files\DAEMON Tools Lite\Engine.dll:RTN: .text:Read Regs: ebp: 12e612: eax[T]: fffffdb9: ss: 23: al[T]: fffffdb9: ah[T]: fffffdb9: ax[T]: fffffdb9: bp: 12e612: :Read Flags: :Read Memory: :
TID: 3:IP: 6428ab2f:Disasm pushad :IMG: C:\Program Files\DAEMON Tools Lite\Engine.dll:RTN: .text:Read Regs: edi: 12e534: esi: 643a78cb: ebp: 12e612: esp: 12e510: ebx: eb6754dd: edx[T]: fffffdb9: ecx: 642895f4: eax[T]: fffffdb9: ss: 23: al[T]: fffffdb9: ah[T]: fffffdb9: ax[T]: fffffdb9: cl: 642895f4: ch: 642895f4: cx: 642895f4: dl[T]: fffffdb9: dh[T]: fffffdb9: dx[T]: fffffdb9: bl: eb6754dd: bh: eb6754dd: bx: eb6754dd: bp: 12e612: si: 643a78cb: di: 12e534: sp: 12e510: :Read Flags: :Read Memory: :
TID: 3:IP: 64289568:Disasm pushfd :IMG: C:\Program Files\DAEMON Tools Lite\Engine.dll:RTN: .text:Read Regs: esp: 12e4f0: ss: 23: eflags[T]: 282: sp: 12e4f0: :Read Flags: 3f7700:df vif iopl if ac vm rf nt tf id vip [T 8d5:of sf zf af pf cf ]:Values:282:Read Memory: :
TID: 3:IP: 64289569:Disasm pop dword ptr [esp+0x40]:IMG: C:\Program Files\DAEMON Tools Lite\Engine.dll:RTN: .text:Read Regs: esp: 12e4ec: ss: 23: sp: 12e4ec: :Read Flags: :Read Memory: 12e4ec [T] 12e4ed [T] 12e4ee [T] 12e4ef [T] :
TID: 3:IP: 6429251b:Disasm push dword ptr [esp+0x48]:IMG: C:\Program Files\DAEMON Tools Lite\Engine.dll:RTN: .text:Read Regs: esp: 12e4e8: ss: 23: sp: 12e4e8: :Read Flags: :Read Memory: 12e530 [T] 12e531 [T] 12e532 [T] 12e533 [T] :
TID: 3:IP: 6429251f:Disasm pop dword ptr [ebp]:IMG: C:\Program Files\DAEMON Tools Lite\Engine.dll:RTN: .text:Read Regs: ebp: 12e612: esp: 12e4e4: ss: 23: bp: 12e612: sp: 12e4e4: :Read Flags: :Read Memory: 12e4e4 [T] 12e4e5 [T] 12e4e6 [T] 12e4e7 [T] :
TID: 3:IP: 64292522:Disasm mov byte ptr [esp], al:IMG: C:\Program Files\DAEMON Tools Lite\Engine.dll:RTN: .text:Read Regs: esp: 12e4e8: eax[T]: fffffdb9: ss: 23: al[T]: fffffdb9: ax[T]: fffffdb9: sp: 12e4e8: :Read Flags: :Read Memory: :
TID: 3:IP: 64292525:Disasm pushfd :IMG: C:\Program Files\DAEMON Tools Lite\Engine.dll:RTN: .text:Read Regs: esp: 12e4e8: ss: 23: eflags[T]: 282: sp: 12e4e8: :Read Flags: 3f7700:df vif iopl if ac vm rf nt tf id vip [T 8d5:of sf zf af pf cf ]:Values:282:Read Memory: :
TID: 3:IP: 64291548:Disasm sbb al, bh:IMG: C:\Program Files\DAEMON Tools Lite\Engine.dll:RTN: .text:Read Regs: ebx: eb6754dd: eax[T]: fffffdb9: eflags[T]: 282: al[T]: fffffdb9: ax[T]: fffffdb9: bh: eb6754dd: bx: eb6754dd: :Read Flags: 0:[T 1:cf ]:Values:282:Read Memory: :
TID: 3:IP: 6429154a:Disasm xchg ch, al:IMG: C:\Program Files\DAEMON Tools Lite\Engine.dll:RTN: .text:Read Regs: ecx: 642895f4: eax[T]: fffffd65: al[T]: fffffd65: ax[T]: fffffd65: ch: 642895f4: cx: 642895f4: :Read Flags: :Read Memory: :
TID: 3:IP: 6429154e:Disasm shr cl, 0x1:IMG: C:\Program Files\DAEMON Tools Lite\Engine.dll:RTN: .text:Read Regs: ecx[T]: 642865f4: cl: 642865f4: cx[T]: 642865f4: :Read Flags: :Read Memory: :
TID: 3:IP: 64291550:Disasm not ecx:IMG: C:\Program Files\DAEMON Tools Lite\Engine.dll:RTN: .text:Read Regs: ecx[T]: 6428657a: cl[T]: 6428657a: ch[T]: 6428657a: cx[T]: 6428657a: :Read Flags: :Read Memory: :
TID: 3:IP: 64291552:Disasm cmc :IMG: C:\Program Files\DAEMON Tools Lite\Engine.dll:RTN: .text:Read Regs: eflags[T]: a02: :Read Flags: 0:[T 1:cf ]:Values:a02:Read Memory: :
TID: 3:IP: 642915bc:Disasm pushad :IMG: C:\Program Files\DAEMON Tools Lite\Engine.dll:RTN: .text:Read Regs: edi: 12e534: esi: 643a78cc: ebp: 12e612: esp: 12e52c: ebx: eb6754cc: edx[T]: fffffdb9: ecx: 6427ff80: eax: 11: ss: 23: al: 11: ah: 11: ax: 11: cl: 6427ff80: ch: 6427ff80: cx: 6427ff80: dl[T]: fffffdb9: dh[T]: fffffdb9: dx[T]: fffffdb9: bl: eb6754cc: bh: eb6754cc: bx: eb6754cc: bp: 12e612: si: 643a78cc: di: 12e534: sp: 12e52c: :Read Flags: :Read Memory: :
TID: 3:IP: 6427ff82:Disasm sub dx, dx:IMG: C:\Program Files\DAEMON Tools Lite\Engine.dll:RTN: .text:Read Regs: edx[T]: fffffdb9: dl[T]: fffffdb9: dh[T]: fffffdb9: dx[T]: fffffdb9: :Read Flags: :Read Memory: :
TID: 3:IP: 6427ff85:Disasm rcl al, 0x5:IMG: C:\Program Files\DAEMON Tools Lite\Engine.dll:RTN: .text:Read Regs: eax: 11: eflags[T]: 246: al: 11: ax: 11: :Read Flags: 0:[T 1:cf ]:Values:246:Read Memory: :
TID: 3:IP: 6427ff91:Disasm shrd dx, bp, 0x5:IMG: C:\Program Files\DAEMON Tools Lite\Engine.dll:RTN: .text:Read Regs: ebp: 12e612: edx[T]: ffff0000: dl[T]: ffff0000: dh[T]: ffff0000: dx[T]: ffff0000: bp: 12e612: :Read Flags: :Read Memory: :
TID: 3:IP: 6427ff96:Disasm shld dx, cx, cl:IMG: C:\Program Files\DAEMON Tools Lite\Engine.dll:RTN: .text:Read Regs: edx[T]: ffff9000: ecx: 6427ff80: cl: 6427ff80: ch: 6427ff80: cx: 6427ff80: dl[T]: ffff9000: dh[T]: ffff9000: dx[T]: ffff9000: :Read Flags: :Read Memory: :
TID: 3:IP: 6427ffa1:Disasm dec dh:IMG: C:\Program Files\DAEMON Tools Lite\Engine.dll:RTN: .text:Read Regs: edx[T]: ffff9000: dh[T]: ffff9000: dx[T]: ffff9000: :Read Flags: :Read Memory: :
TID: 3:IP: 6427ffa3:Disasm btr dx, 0x1:IMG: C:\Program Files\DAEMON Tools Lite\Engine.dll:RTN: .text:Read Regs: edx[T]: ffff8f00: dl[T]: ffff8f00: dh[T]: ffff8f00: dx[T]: ffff8f00: :Read Flags: :Read Memory: :
TID: 3:IP: 6427ffaf:Disasm rol dl, cl:IMG: C:\Program Files\DAEMON Tools Lite\Engine.dll:RTN: .text:Read Regs: edx[T]: ffff8f00: ecx: 6427ff80: cl: 6427ff80: cx: 6427ff80: dl[T]: ffff8f00: dx[T]: ffff8f00: :Read Flags: :Read Memory: :
TID: 3:IP: 6427ffbd:Disasm mov edx, dword ptr [ebp]:IMG: C:\Program Files\DAEMON Tools Lite\Engine.dll:RTN: .text:Read Regs: ebp: 12e612: ss: 23: bp: 12e612: :Read Flags: :Read Memory: 12e612 [T] 12e613 [T] 12e614 [T] 12e615 [T] :
TID: 3:IP: 6428a22f:Disasm test dl, dh:IMG: C:\Program Files\DAEMON Tools Lite\Engine.dll:RTN: .text:Read Regs: edx[T]: 282: dl[T]: 282: dh[T]: 282: dx[T]: 282: :Read Flags: :Read Memory: :
TID: 3:IP: 6428cc6f:Disasm mov dword ptr [eax+edi*1], edx:IMG: C:\Program Files\DAEMON Tools Lite\Engine.dll:RTN: .text:Read Regs: edi: 12e534: edx[T]: 282: eax: 24: ds: 23: al: 24: ah: 24: ax: 24: dl[T]: 282: dh[T]: 282: dx[T]: 282: di: 12e534: :Read Flags: :Read Memory: :
TID: 3:IP: 642915bc:Disasm pushad :IMG: C:\Program Files\DAEMON Tools Lite\Engine.dll:RTN: .text:Read Regs: edi: 12e534: esi: 643a78ce: ebp: 12e616: esp: 12e52c: ebx: eb67549d: edx[T]: 282: ecx: 64293bae: eax: 4b: ss: 23: al: 4b: ah: 4b: ax: 4b: cl: 64293bae: ch: 64293bae: cx: 64293bae: dl[T]: 282: dh[T]: 282: dx[T]: 282: bl: eb67549d: bh: eb67549d: bx: eb67549d: bp: 12e616: si: 643a78ce: di: 12e534: sp: 12e52c: :Read Flags: :Read Memory: :
TID: 3:IP: 64293bb9:Disasm test dh, ch:IMG: C:\Program Files\DAEMON Tools Lite\Engine.dll:RTN: .text:Read Regs: edx[T]: 282: ecx: 64293bae: ch: 64293bae: cx: 64293bae: dh[T]: 282: dx[T]: 282: :Read Flags: :Read Memory: :
TID: 3:IP: 64293bbb:Disasm test dx, sp:IMG: C:\Program Files\DAEMON Tools Lite\Engine.dll:RTN: .text:Read Regs: esp: 12e534: edx[T]: 282: dl[T]: 282: dh[T]: 282: dx[T]: 282: sp: 12e534: :Read Flags: :Read Memory: :
TID: 3:IP: 64293bbe:Disasm pushfd :IMG: C:\Program Files\DAEMON Tools Lite\Engine.dll:RTN: .text:Read Regs: esp: 12e534: ss: 23: eflags[T]: 246: sp: 12e534: :Read Flags: 3f7700:df vif iopl if ac vm rf nt tf id vip [T 8d5:of sf zf af pf cf ]:Values:246:Read Memory: :
TID: 3:IP: 64293bc1:Disasm pushad :IMG: C:\Program Files\DAEMON Tools Lite\Engine.dll:RTN: .text:Read Regs: edi: 12e534: esi: 643a78ce: ebp: 12e616: esp: 12e530: ebx: eb67549d: edx[T]: 282: ecx: 64293bae: eax: c4e0a54a: ss: 23: al: c4e0a54a: ah: c4e0a54a: ax: c4e0a54a: cl: 64293bae: ch: 64293bae: cx: 64293bae: dl[T]: 282: dh[T]: 282: dx[T]: 282: bl: eb67549d: bh: eb67549d: bx: eb67549d: bp: 12e616: si: 643a78ce: di: 12e534: sp: 12e530: :Read Flags: :Read Memory: :
TID: 3:IP: 64289481:Disasm mov word ptr [esp], dx:IMG: C:\Program Files\DAEMON Tools Lite\Engine.dll:RTN: .text:Read Regs: esp: 12e4f8: edx[T]: 282: ss: 23: dl[T]: 282: dh[T]: 282: dx[T]: 282: sp: 12e4f8: :Read Flags: :Read Memory: :
TID: 3:IP: 64289560:Disasm mov byte ptr [esp], dl:IMG: C:\Program Files\DAEMON Tools Lite\Engine.dll:RTN: .text:Read Regs: esp: 12e530: edx[T]: 282: ss: 23: dl[T]: 282: dx[T]: 282: sp: 12e530: :Read Flags: :Read Memory: :
TID: 3:IP: 642915bc:Disasm pushad :IMG: C:\Program Files\DAEMON Tools Lite\Engine.dll:RTN: .text:Read Regs: edi: 12e534: esi: 643a78d3: ebp: 12e612: esp: 12e52c: ebx: 9ad6bcfa: edx[T]: 282: ecx: 64293bae: eax: 9f: ss: 23: al: 9f: ah: 9f: ax: 9f: cl: 64293bae: ch: 64293bae: cx: 64293bae: dl[T]: 282: dh[T]: 282: dx[T]: 282: bl: 9ad6bcfa: bh: 9ad6bcfa: bx: 9ad6bcfa: bp: 12e612: si: 643a78d3: di: 12e534: sp: 12e52c: :Read Flags: :Read Memory: :
TID: 3:IP: 64293bb9:Disasm test dh, ch:IMG: C:\Program Files\DAEMON Tools Lite\Engine.dll:RTN: .text:Read Regs: edx[T]: 282: ecx: 64293bae: ch: 64293bae: cx: 64293bae: dh[T]: 282: dx[T]: 282: :Read Flags: :Read Memory: :
TID: 3:IP: 64293bbb:Disasm test dx, sp:IMG: C:\Program Files\DAEMON Tools Lite\Engine.dll:RTN: .text:Read Regs: esp: 12e534: edx[T]: 282: dl[T]: 282: dh[T]: 282: dx[T]: 282: sp: 12e534: :Read Flags: :Read Memory: :
TID: 3:IP: 64293bbe:Disasm pushfd :IMG: C:\Program Files\DAEMON Tools Lite\Engine.dll:RTN: .text:Read Regs: esp: 12e534: ss: 23: eflags[T]: 246: sp: 12e534: :Read Flags: 3f7700:df vif iopl if ac vm rf nt tf id vip [T 8d5:of sf zf af pf cf ]:Values:246:Read Memory: :
TID: 3:IP: 64293bc1:Disasm pushad :IMG: C:\Program Files\DAEMON Tools Lite\Engine.dll:RTN: .text:Read Regs: edi: 12e534: esi: 643a78d3: ebp: 12e612: esp: 12e530: ebx: 9ad6bcfa: edx[T]: 282: ecx: 64293bae: eax: ad361886: ss: 23: al: ad361886: ah: ad361886: ax: ad361886: cl: 64293bae: ch: 64293bae: cx: 64293bae: dl[T]: 282: dh[T]: 282: dx[T]: 282: bl: 9ad6bcfa: bh: 9ad6bcfa: bx: 9ad6bcfa: bp: 12e612: si: 643a78d3: di: 12e534: sp: 12e530: :Read Flags: :Read Memory: :
TID: 3:IP: 64289481:Disasm mov word ptr [esp], dx:IMG: C:\Program Files\DAEMON Tools Lite\Engine.dll:RTN: .text:Read Regs: esp: 12e4f8: edx[T]: 282: ss: 23: dl[T]: 282: dh[T]: 282: dx[T]: 282: sp: 12e4f8: :Read Flags: :Read Memory: :
TID: 3:IP: 64289560:Disasm mov byte ptr [esp], dl:IMG: C:\Program Files\DAEMON Tools Lite\Engine.dll:RTN: .text:Read Regs: esp: 12e530: edx[T]: 282: ss: 23: dl[T]: 282: dx[T]: 282: sp: 12e530: :Read Flags: :Read Memory: :
TID: 3:IP: 642915bc:Disasm pushad :IMG: C:\Program Files\DAEMON Tools Lite\Engine.dll:RTN: .text:Read Regs: edi: 12e534: esi: 643a78d8: ebp: 12e60e: esp: 12e52c: ebx: 86b97993: edx[T]: 282: ecx: 64293bae: eax: 4b: ss: 23: al: 4b: ah: 4b: ax: 4b: cl: 64293bae: ch: 64293bae: cx: 64293bae: dl[T]: 282: dh[T]: 282: dx[T]: 282: bl: 86b97993: bh: 86b97993: bx: 86b97993: bp: 12e60e: si: 643a78d8: di: 12e534: sp: 12e52c: :Read Flags: :Read Memory: :
TID: 3:IP: 64293bb9:Disasm test dh, ch:IMG: C:\Program Files\DAEMON Tools Lite\Engine.dll:RTN: .text:Read Regs: edx[T]: 282: ecx: 64293bae: ch: 64293bae: cx: 64293bae: dh[T]: 282: dx[T]: 282: :Read Flags: :Read Memory: :
TID: 3:IP: 64293bbb:Disasm test dx, sp:IMG: C:\Program Files\DAEMON Tools Lite\Engine.dll:RTN: .text:Read Regs: esp: 12e534: edx[T]: 282: dl[T]: 282: dh[T]: 282: dx[T]: 282: sp: 12e534: :Read Flags: :Read Memory: :
TID: 3:IP: 64293bbe:Disasm pushfd :IMG: C:\Program Files\DAEMON Tools Lite\Engine.dll:RTN: .text:Read Regs: esp: 12e534: ss: 23: eflags[T]: 246: sp: 12e534: :Read Flags: 3f7700:df vif iopl if ac vm rf nt tf id vip [T 8d5:of sf zf af pf cf ]:Values:246:Read Memory: :
TID: 3:IP: 64293bc1:Disasm pushad :IMG: C:\Program Files\DAEMON Tools Lite\Engine.dll:RTN: .text:Read Regs: edi: 12e534: esi: 643a78d8: ebp: 12e60e: esp: 12e530: ebx: 86b97993: edx[T]: 282: ecx: 64293bae: eax: 166dd003: ss: 23: al: 166dd003: ah: 166dd003: ax: 166dd003: cl: 64293bae: ch: 64293bae: cx: 64293bae: dl[T]: 282: dh[T]: 282: dx[T]: 282: bl: 86b97993: bh: 86b97993: bx: 86b97993: bp: 12e60e: si: 643a78d8: di: 12e534: sp: 12e530: :Read Flags: :Read Memory: :
TID: 3:IP: 64289481:Disasm mov word ptr [esp], dx:IMG: C:\Program Files\DAEMON Tools Lite\Engine.dll:RTN: .text:Read Regs: esp: 12e4f8: edx[T]: 282: ss: 23: dl[T]: 282: dh[T]: 282: dx[T]: 282: sp: 12e4f8: :Read Flags: :Read Memory: :
TID: 3:IP: 64289560:Disasm mov byte ptr [esp], dl:IMG: C:\Program Files\DAEMON Tools Lite\Engine.dll:RTN: .text:Read Regs: esp: 12e530: edx[T]: 282: ss: 23: dl[T]: 282: dx[T]: 282: sp: 12e530: :Read Flags: :Read Memory: :
TID: 3:IP: 642915bc:Disasm pushad :IMG: C:\Program Files\DAEMON Tools Lite\Engine.dll:RTN: .text:Read Regs: edi: 12e534: esi: 643a78dd: ebp: 12e60a: esp: 12e52c: ebx: ef546dcb: edx[T]: 282: ecx: 6428a03b: eax: 15: ss: 23: al: 15: ah: 15: ax: 15: cl: 6428a03b: ch: 6428a03b: cx: 6428a03b: dl[T]: 282: dh[T]: 282: dx[T]: 282: bl: ef546dcb: bh: ef546dcb: bx: ef546dcb: bp: 12e60a: si: 643a78dd: di: 12e534: sp: 12e52c: :Read Flags: :Read Memory: :
TID: 3:IP: 6428a053:Disasm pushad :IMG: C:\Program Files\DAEMON Tools Lite\Engine.dll:RTN: .text:Read Regs: edi: 12e534: esi: 643a78dd: ebp: 12e60a: esp: 12e52c: ebx: ef546dcb: edx[T]: 282: ecx: 6428a03b: eax: bb2: ss: 23: al: bb2: ah: bb2: ax: bb2: cl: 6428a03b: ch: 6428a03b: cx: 6428a03b: dl[T]: 282: dh[T]: 282: dx[T]: 282: bl: ef546dcb: bh: ef546dcb: bx: ef546dcb: bp: 12e60a: si: 643a78dd: di: 12e534: sp: 12e52c: :Read Flags: :Read Memory: :
TID: 3:IP: 6428a058:Disasm push dword ptr [esp+0xc]:IMG: C:\Program Files\DAEMON Tools Lite\Engine.dll:RTN: .text:Read Regs: esp: 12e50c: ss: 23: sp: 12e50c: :Read Flags: :Read Memory: 12e518 [T] 12e519 [T] 12e51a [T] 12e51b [T] :
TID: 3:IP: 64289560:Disasm mov byte ptr [esp], dl:IMG: C:\Program Files\DAEMON Tools Lite\Engine.dll:RTN: .text:Read Regs: esp: 12e530: edx[T]: 282: ss: 23: dl[T]: 282: dx[T]: 282: sp: 12e530: :Read Flags: :Read Memory: :
TID: 3:IP: 642915bc:Disasm pushad :IMG: C:\Program Files\DAEMON Tools Lite\Engine.dll:RTN: .text:Read Regs: edi: 12e534: esi: 643a78de: ebp: 12e608: esp: 12e52c: ebx: ef546d95: edx[T]: 282: ecx: 6427ff80: eax: 36: ss: 23: al: 36: ah: 36: ax: 36: cl: 6427ff80: ch: 6427ff80: cx: 6427ff80: dl[T]: 282: dh[T]: 282: dx[T]: 282: bl: ef546d95: bh: ef546d95: bx: ef546d95: bp: 12e608: si: 643a78de: di: 12e534: sp: 12e52c: :Read Flags: :Read Memory: :
TID: 3:IP: 6427ff82:Disasm sub dx, dx:IMG: C:\Program Files\DAEMON Tools Lite\Engine.dll:RTN: .text:Read Regs: edx[T]: 282: dl[T]: 282: dh[T]: 282: dx[T]: 282: :Read Flags: :Read Memory: :
TID: 3:IP: 6427ff85:Disasm rcl al, 0x5:IMG: C:\Program Files\DAEMON Tools Lite\Engine.dll:RTN: .text:Read Regs: eax: 36: eflags[T]: 246: al: 36: ax: 36: :Read Flags: 0:[T 1:cf ]:Values:246:Read Memory: :
TID: 3:IP: 6427ff91:Disasm shrd dx, bp, 0x5:IMG: C:\Program Files\DAEMON Tools Lite\Engine.dll:RTN: .text:Read Regs: ebp: 12e608: edx[T]: 0: dl[T]: 0: dh[T]: 0: dx[T]: 0: bp: 12e608: :Read Flags: :Read Memory: :
TID: 3:IP: 6427ff96:Disasm shld dx, cx, cl:IMG: C:\Program Files\DAEMON Tools Lite\Engine.dll:RTN: .text:Read Regs: edx[T]: 4000: ecx: 6427ff80: cl: 6427ff80: ch: 6427ff80: cx: 6427ff80: dl[T]: 4000: dh[T]: 4000: dx[T]: 4000: :Read Flags: :Read Memory: :
TID: 3:IP: 6427ffa1:Disasm dec dh:IMG: C:\Program Files\DAEMON Tools Lite\Engine.dll:RTN: .text:Read Regs: edx[T]: 4000: dh[T]: 4000: dx[T]: 4000: :Read Flags: :Read Memory: :
TID: 3:IP: 6427ffa3:Disasm btr dx, 0x1:IMG: C:\Program Files\DAEMON Tools Lite\Engine.dll:RTN: .text:Read Regs: edx[T]: 3f00: dl[T]: 3f00: dh[T]: 3f00: dx[T]: 3f00: :Read Flags: :Read Memory: :
TID: 3:IP: 6427ffaf:Disasm rol dl, cl:IMG: C:\Program Files\DAEMON Tools Lite\Engine.dll:RTN: .text:Read Regs: edx[T]: 3f00: ecx: 6427ff80: cl: 6427ff80: cx: 6427ff80: dl[T]: 3f00: dx[T]: 3f00: :Read Flags: :Read Memory: :
TID: 3:IP: 64292ab1:Disasm mov edx, dword ptr [ebp+0x4]:IMG: C:\Program Files\DAEMON Tools Lite\Engine.dll:RTN: .text:Read Regs: ebp: 12e612: ss: 23: bp: 12e612: :Read Flags: :Read Memory: 12e616 [T] 12e617 [T] 12e618 [T] 12e619 [T] :
TID: 3:IP: 64291a37:Disasm not edx:IMG: C:\Program Files\DAEMON Tools Lite\Engine.dll:RTN: .text:Read Regs: edx[T]: fffffdb9: dl[T]: fffffdb9: dh[T]: fffffdb9: dx[T]: fffffdb9: :Read Flags: :Read Memory: :
TID: 3:IP: 64291a3a:Disasm and eax, edx:IMG: C:\Program Files\DAEMON Tools Lite\Engine.dll:RTN: .text:Read Regs: edx[T]: 246: eax: 40: al: 40: ah: 40: ax: 40: dl[T]: 246: dh[T]: 246: dx[T]: 246: :Read Flags: :Read Memory: :
TID: 3:IP: 6428ab24:Disasm jp 0x6428b003:IMG: C:\Program Files\DAEMON Tools Lite\Engine.dll:RTN: .text:Read Regs: eflags[T]: 202: :Read Flags: 0:[T 4:pf ]:Values:202:Read Memory: :
TID: 3:IP: 6428ab2a:Disasm pushfd :IMG: C:\Program Files\DAEMON Tools Lite\Engine.dll:RTN: .text:Read Regs: esp: 12e534: ss: 23: eflags[T]: 202: sp: 12e534: :Read Flags: 3f7700:df vif iopl if ac vm rf nt tf id vip [T 8d5:of sf zf af pf cf ]:Values:202:Read Memory: :
TID: 3:IP: 6428ab2b:Disasm pushad :IMG: C:\Program Files\DAEMON Tools Lite\Engine.dll:RTN: .text:Read Regs: edi: 12e534: esi: 643a78f8: ebp: 12e612: esp: 12e530: ebx: 3fe5059e: edx[T]: 246: ecx: 642895f4: eax[T]: 40: ss: 23: al[T]: 40: ah[T]: 40: ax[T]: 40: cl: 642895f4: ch: 642895f4: cx: 642895f4: dl[T]: 246: dh[T]: 246: dx[T]: 246: bl: 3fe5059e: bh: 3fe5059e: bx: 3fe5059e: bp: 12e612: si: 643a78f8: di: 12e534: sp: 12e530: :Read Flags: :Read Memory: :
TID: 3:IP: 6428ab2c:Disasm mov dword ptr [ebp+0x4], eax:IMG: C:\Program Files\DAEMON Tools Lite\Engine.dll:RTN: .text:Read Regs: ebp: 12e612: eax[T]: 40: ss: 23: al[T]: 40: ah[T]: 40: ax[T]: 40: bp: 12e612: :Read Flags: :Read Memory: :
TID: 3:IP: 6428ab2f:Disasm pushad :IMG: C:\Program Files\DAEMON Tools Lite\Engine.dll:RTN: .text:Read Regs: edi: 12e534: esi: 643a78f8: ebp: 12e612: esp: 12e510: ebx: 3fe5059e: edx[T]: 246: ecx: 642895f4: eax[T]: 40: ss: 23: al[T]: 40: ah[T]: 40: ax[T]: 40: cl: 642895f4: ch: 642895f4: cx: 642895f4: dl[T]: 246: dh[T]: 246: dx[T]: 246: bl: 3fe5059e: bh: 3fe5059e: bx: 3fe5059e: bp: 12e612: si: 643a78f8: di: 12e534: sp: 12e510: :Read Flags: :Read Memory: :
TID: 3:IP: 64289568:Disasm pushfd :IMG: C:\Program Files\DAEMON Tools Lite\Engine.dll:RTN: .text:Read Regs: esp: 12e4f0: ss: 23: eflags[T]: 202: sp: 12e4f0: :Read Flags: 3f7700:df vif iopl if ac vm rf nt tf id vip [T 8d5:of sf zf af pf cf ]:Values:202:Read Memory: :
TID: 3:IP: 64289569:Disasm pop dword ptr [esp+0x40]:IMG: C:\Program Files\DAEMON Tools Lite\Engine.dll:RTN: .text:Read Regs: esp: 12e4ec: ss: 23: sp: 12e4ec: :Read Flags: :Read Memory: 12e4ec [T] 12e4ed [T] 12e4ee [T] 12e4ef [T] :
TID: 3:IP: 6429251b:Disasm push dword ptr [esp+0x48]:IMG: C:\Program Files\DAEMON Tools Lite\Engine.dll:RTN: .text:Read Regs: esp: 12e4e8: ss: 23: sp: 12e4e8: :Read Flags: :Read Memory: 12e530 [T] 12e531 [T] 12e532 [T] 12e533 [T] :
TID: 3:IP: 6429251f:Disasm pop dword ptr [ebp]:IMG: C:\Program Files\DAEMON Tools Lite\Engine.dll:RTN: .text:Read Regs: ebp: 12e612: esp: 12e4e4: ss: 23: bp: 12e612: sp: 12e4e4: :Read Flags: :Read Memory: 12e4e4 [T] 12e4e5 [T] 12e4e6 [T] 12e4e7 [T] :
TID: 3:IP: 64292522:Disasm mov byte ptr [esp], al:IMG: C:\Program Files\DAEMON Tools Lite\Engine.dll:RTN: .text:Read Regs: esp: 12e4e8: eax[T]: 40: ss: 23: al[T]: 40: ax[T]: 40: sp: 12e4e8: :Read Flags: :Read Memory: :
TID: 3:IP: 64292525:Disasm pushfd :IMG: C:\Program Files\DAEMON Tools Lite\Engine.dll:RTN: .text:Read Regs: esp: 12e4e8: ss: 23: eflags[T]: 202: sp: 12e4e8: :Read Flags: 3f7700:df vif iopl if ac vm rf nt tf id vip [T 8d5:of sf zf af pf cf ]:Values:202:Read Memory: :
TID: 3:IP: 64291548:Disasm sbb al, bh:IMG: C:\Program Files\DAEMON Tools Lite\Engine.dll:RTN: .text:Read Regs: ebx: 3fe5059e: eax[T]: 40: eflags[T]: 202: al[T]: 40: ax[T]: 40: bh: 3fe5059e: bx: 3fe5059e: :Read Flags: 0:[T 1:cf ]:Values:202:Read Memory: :
TID: 3:IP: 6429154a:Disasm xchg ch, al:IMG: C:\Program Files\DAEMON Tools Lite\Engine.dll:RTN: .text:Read Regs: ecx: 642895f4: eax[T]: 3b: al[T]: 3b: ax[T]: 3b: ch: 642895f4: cx: 642895f4: :Read Flags: :Read Memory: :
TID: 3:IP: 6429154e:Disasm shr cl, 0x1:IMG: C:\Program Files\DAEMON Tools Lite\Engine.dll:RTN: .text:Read Regs: ecx[T]: 64283bf4: cl: 64283bf4: cx[T]: 64283bf4: :Read Flags: :Read Memory: :
TID: 3:IP: 64291550:Disasm not ecx:IMG: C:\Program Files\DAEMON Tools Lite\Engine.dll:RTN: .text:Read Regs: ecx[T]: 64283b7a: cl[T]: 64283b7a: ch[T]: 64283b7a: cx[T]: 64283b7a: :Read Flags: :Read Memory: :
TID: 3:IP: 64291552:Disasm cmc :IMG: C:\Program Files\DAEMON Tools Lite\Engine.dll:RTN: .text:Read Regs: eflags[T]: a02: :Read Flags: 0:[T 1:cf ]:Values:a02:Read Memory: :
TID: 3:IP: 642915bc:Disasm pushad :IMG: C:\Program Files\DAEMON Tools Lite\Engine.dll:RTN: .text:Read Regs: edi: 12e534: esi: 643a78f9: ebp: 12e612: esp: 12e52c: ebx: 3fe505f3: edx[T]: 246: ecx: 6427ff80: eax: ab: ss: 23: al: ab: ah: ab: ax: ab: cl: 6427ff80: ch: 6427ff80: cx: 6427ff80: dl[T]: 246: dh[T]: 246: dx[T]: 246: bl: 3fe505f3: bh: 3fe505f3: bx: 3fe505f3: bp: 12e612: si: 643a78f9: di: 12e534: sp: 12e52c: :Read Flags: :Read Memory: :
TID: 3:IP: 6427ff82:Disasm sub dx, dx:IMG: C:\Program Files\DAEMON Tools Lite\Engine.dll:RTN: .text:Read Regs: edx[T]: 246: dl[T]: 246: dh[T]: 246: dx[T]: 246: :Read Flags: :Read Memory: :
TID: 3:IP: 6427ff85:Disasm rcl al, 0x5:IMG: C:\Program Files\DAEMON Tools Lite\Engine.dll:RTN: .text:Read Regs: eax: ab: eflags[T]: 246: al: ab: ax: ab: :Read Flags: 0:[T 1:cf ]:Values:246:Read Memory: :
TID: 3:IP: 6427ff91:Disasm shrd dx, bp, 0x5:IMG: C:\Program Files\DAEMON Tools Lite\Engine.dll:RTN: .text:Read Regs: ebp: 12e612: edx[T]: 0: dl[T]: 0: dh[T]: 0: dx[T]: 0: bp: 12e612: :Read Flags: :Read Memory: :
TID: 3:IP: 6427ff96:Disasm shld dx, cx, cl:IMG: C:\Program Files\DAEMON Tools Lite\Engine.dll:RTN: .text:Read Regs: edx[T]: 9000: ecx: 6427ff80: cl: 6427ff80: ch: 6427ff80: cx: 6427ff80: dl[T]: 9000: dh[T]: 9000: dx[T]: 9000: :Read Flags: :Read Memory: :
TID: 3:IP: 6427ffa1:Disasm dec dh:IMG: C:\Program Files\DAEMON Tools Lite\Engine.dll:RTN: .text:Read Regs: edx[T]: 9000: dh[T]: 9000: dx[T]: 9000: :Read Flags: :Read Memory: :
TID: 3:IP: 6427ffa3:Disasm btr dx, 0x1:IMG: C:\Program Files\DAEMON Tools Lite\Engine.dll:RTN: .text:Read Regs: edx[T]: 8f00: dl[T]: 8f00: dh[T]: 8f00: dx[T]: 8f00: :Read Flags: :Read Memory: :
TID: 3:IP: 6427ffaf:Disasm rol dl, cl:IMG: C:\Program Files\DAEMON Tools Lite\Engine.dll:RTN: .text:Read Regs: edx[T]: 8f00: ecx: 6427ff80: cl: 6427ff80: cx: 6427ff80: dl[T]: 8f00: dx[T]: 8f00: :Read Flags: :Read Memory: :
TID: 3:IP: 6427ffbd:Disasm mov edx, dword ptr [ebp]:IMG: C:\Program Files\DAEMON Tools Lite\Engine.dll:RTN: .text:Read Regs: ebp: 12e612: ss: 23: bp: 12e612: :Read Flags: :Read Memory: 12e612 [T] 12e613 [T] 12e614 [T] 12e615 [T] :
TID: 3:IP: 6428a22f:Disasm test dl, dh:IMG: C:\Program Files\DAEMON Tools Lite\Engine.dll:RTN: .text:Read Regs: edx[T]: 202: dl[T]: 202: dh[T]: 202: dx[T]: 202: :Read Flags: :Read Memory: :
TID: 3:IP: 6428cc6f:Disasm mov dword ptr [eax+edi*1], edx:IMG: C:\Program Files\DAEMON Tools Lite\Engine.dll:RTN: .text:Read Regs: edi: 12e534: edx[T]: 202: eax: 20: ds: 23: al: 20: ah: 20: ax: 20: dl[T]: 202: dh[T]: 202: dx[T]: 202: di: 12e534: :Read Flags: :Read Memory: :
TID: 3:IP: 642915bc:Disasm pushad :IMG: C:\Program Files\DAEMON Tools Lite\Engine.dll:RTN: .text:Read Regs: edi: 12e534: esi: 643a78fb: ebp: 12e616: esp: 12e52c: ebx: 3fe505bb: edx[T]: 202: ecx: 6428cb62: eax: 18: ss: 23: al: 18: ah: 18: ax: 18: cl: 6428cb62: ch: 6428cb62: cx: 6428cb62: dl[T]: 202: dh[T]: 202: dx[T]: 202: bl: 3fe505bb: bh: 3fe505bb: bx: 3fe505bb: bp: 12e616: si: 643a78fb: di: 12e534: sp: 12e52c: :Read Flags: :Read Memory: :
TID: 3:IP: 6428cb65:Disasm mov eax, dword ptr [ebp]:IMG: C:\Program Files\DAEMON Tools Lite\Engine.dll:RTN: .text:Read Regs: ebp: 12e616: ss: 23: bp: 12e616: :Read Flags: :Read Memory: 12e616 [T] 12e617 [T] 12e618 [T] 12e619 [T] :
TID: 3:IP: 6428cb75:Disasm test dh, 0x65:IMG: C:\Program Files\DAEMON Tools Lite\Engine.dll:RTN: .text:Read Regs: edx[T]: 202: dh[T]: 202: dx[T]: 202: :Read Flags: :Read Memory: :
TID: 3:IP: 6428cb78:Disasm cmp ah, ah:IMG: C:\Program Files\DAEMON Tools Lite\Engine.dll:RTN: .text:Read Regs: eax[T]: 40: ah[T]: 40: ax[T]: 40: :Read Flags: :Read Memory: :
TID: 3:IP: 64289937:Disasm shr eax, cl:IMG: C:\Program Files\DAEMON Tools Lite\Engine.dll:RTN: .text:Read Regs: ecx: 6428cb04: eax[T]: 40: al[T]: 40: ah[T]: 40: ax[T]: 40: cl: 6428cb04: cx: 6428cb04: :Read Flags: :Read Memory: :
TID: 3:IP: 64289939:Disasm pushad :IMG: C:\Program Files\DAEMON Tools Lite\Engine.dll:RTN: .text:Read Regs: edi: 12e534: esi: 643a78fb: ebp: 12e614: esp: 12e534: ebx: 3fe505bb: edx[T]: 202: ecx: 6428cb04: eax[T]: 4: ss: 23: al[T]: 4: ah[T]: 4: ax[T]: 4: cl: 6428cb04: ch: 6428cb04: cx: 6428cb04: dl[T]: 202: dh[T]: 202: dx[T]: 202: bl: 3fe505bb: bh: 3fe505bb: bx: 3fe505bb: bp: 12e614: si: 643a78fb: di: 12e534: sp: 12e534: :Read Flags: :Read Memory: :
TID: 3:IP: 6428993a:Disasm pushfd :IMG: C:\Program Files\DAEMON Tools Lite\Engine.dll:RTN: .text:Read Regs: esp: 12e514: ss: 23: eflags[T]: 202: sp: 12e514: :Read Flags: 3f7700:df vif iopl if ac vm rf nt tf id vip [T 8d5:of sf zf af pf cf ]:Values:202:Read Memory: :
TID: 3:IP: 6428993b:Disasm mov dword ptr [ebp+0x4], eax:IMG: C:\Program Files\DAEMON Tools Lite\Engine.dll:RTN: .text:Read Regs: ebp: 12e614: eax[T]: 4: ss: 23: al[T]: 4: ah[T]: 4: ax[T]: 4: bp: 12e614: :Read Flags: :Read Memory: :
TID: 3:IP: 64289c6b:Disasm pushfd :IMG: C:\Program Files\DAEMON Tools Lite\Engine.dll:RTN: .text:Read Regs: esp: 12e510: ss: 23: eflags[T]: 202: sp: 12e510: :Read Flags: 3f7700:df vif iopl if ac vm rf nt tf id vip [T 8d5:of sf zf af pf cf ]:Values:202:Read Memory: :
TID: 3:IP: 64289c6c:Disasm pop dword ptr [esp+0x20]:IMG: C:\Program Files\DAEMON Tools Lite\Engine.dll:RTN: .text:Read Regs: esp: 12e50c: ss: 23: sp: 12e50c: :Read Flags: :Read Memory: 12e50c [T] 12e50d [T] 12e50e [T] 12e50f [T] :
TID: 3:IP: 64289c70:Disasm pushfd :IMG: C:\Program Files\DAEMON Tools Lite\Engine.dll:RTN: .text:Read Regs: esp: 12e510: ss: 23: eflags[T]: 202: sp: 12e510: :Read Flags: 3f7700:df vif iopl if ac vm rf nt tf id vip [T 8d5:of sf zf af pf cf ]:Values:202:Read Memory: :
TID: 3:IP: 64291913:Disasm push dword ptr [esp]:IMG: C:\Program Files\DAEMON Tools Lite\Engine.dll:RTN: .text:Read Regs: esp: 12e50c: ss: 23: sp: 12e50c: :Read Flags: :Read Memory: 12e50c [T] 12e50d [T] 12e50e [T] 12e50f [T] :
TID: 3:IP: 64291916:Disasm push dword ptr [esp+0x28]:IMG: C:\Program Files\DAEMON Tools Lite\Engine.dll:RTN: .text:Read Regs: esp: 12e508: ss: 23: sp: 12e508: :Read Flags: :Read Memory: 12e530 [T] 12e531 [T] 12e532 [T] 12e533 [T] :
TID: 3:IP: 6429191a:Disasm pop dword ptr [ebp]:IMG: C:\Program Files\DAEMON Tools Lite\Engine.dll:RTN: .text:Read Regs: ebp: 12e614: esp: 12e504: ss: 23: bp: 12e614: sp: 12e504: :Read Flags: :Read Memory: 12e504 [T] 12e505 [T] 12e506 [T] 12e507 [T] :
TID: 3:IP: 6429191d:Disasm pushfd :IMG: C:\Program Files\DAEMON Tools Lite\Engine.dll:RTN: .text:Read Regs: esp: 12e508: ss: 23: eflags[T]: 202: sp: 12e508: :Read Flags: 3f7700:df vif iopl if ac vm rf nt tf id vip [T 8d5:of sf zf af pf cf ]:Values:202:Read Memory: :
TID: 3:IP: 6428953e:Disasm xor ax, bx:IMG: C:\Program Files\DAEMON Tools Lite\Engine.dll:RTN: .text:Read Regs: ebx: 3fe505bb: eax[T]: 4: al[T]: 4: ah[T]: 4: ax[T]: 4: bl: 3fe505bb: bh: 3fe505bb: bx: 3fe505bb: :Read Flags: :Read Memory: :
TID: 3:IP: 64289541:Disasm shrd ax, di, cl:IMG: C:\Program Files\DAEMON Tools Lite\Engine.dll:RTN: .text:Read Regs: edi: 12e534: ecx: 6428cb04: eax[T]: 5bf: al[T]: 5bf: ah[T]: 5bf: ax[T]: 5bf: cl: 6428cb04: cx: 6428cb04: di: 12e534: :Read Flags: :Read Memory: :
TID: 3:IP: 64289548:Disasm cmc :IMG: C:\Program Files\DAEMON Tools Lite\Engine.dll:RTN: .text:Read Regs: eflags[T]: 203: :Read Flags: 0:[T 1:cf ]:Values:203:Read Memory: :
TID: 3:IP: 64289560:Disasm mov byte ptr [esp], dl:IMG: C:\Program Files\DAEMON Tools Lite\Engine.dll:RTN: .text:Read Regs: esp: 12e530: edx[T]: 202: ss: 23: dl[T]: 202: dx[T]: 202: sp: 12e530: :Read Flags: :Read Memory: :
TID: 3:IP: 642915bc:Disasm pushad :IMG: C:\Program Files\DAEMON Tools Lite\Engine.dll:RTN: .text:Read Regs: edi: 12e534: esi: 643a78fc: ebp: 12e614: esp: 12e52c: ebx: 3fe505bc: edx[T]: 202: ecx: 6427ff80: eax: ff: ss: 23: al: ff: ah: ff: ax: ff: cl: 6427ff80: ch: 6427ff80: cx: 6427ff80: dl[T]: 202: dh[T]: 202: dx[T]: 202: bl: 3fe505bc: bh: 3fe505bc: bx: 3fe505bc: bp: 12e614: si: 643a78fc: di: 12e534: sp: 12e52c: :Read Flags: :Read Memory: :
TID: 3:IP: 6427ff82:Disasm sub dx, dx:IMG: C:\Program Files\DAEMON Tools Lite\Engine.dll:RTN: .text:Read Regs: edx[T]: 202: dl[T]: 202: dh[T]: 202: dx[T]: 202: :Read Flags: :Read Memory: :
TID: 3:IP: 6427ff85:Disasm rcl al, 0x5:IMG: C:\Program Files\DAEMON Tools Lite\Engine.dll:RTN: .text:Read Regs: eax: ff: eflags[T]: 246: al: ff: ax: ff: :Read Flags: 0:[T 1:cf ]:Values:246:Read Memory: :
TID: 3:IP: 6427ff91:Disasm shrd dx, bp, 0x5:IMG: C:\Program Files\DAEMON Tools Lite\Engine.dll:RTN: .text:Read Regs: ebp: 12e614: edx[T]: 0: dl[T]: 0: dh[T]: 0: dx[T]: 0: bp: 12e614: :Read Flags: :Read Memory: :
TID: 3:IP: 6427ff96:Disasm shld dx, cx, cl:IMG: C:\Program Files\DAEMON Tools Lite\Engine.dll:RTN: .text:Read Regs: edx[T]: a000: ecx: 6427ff80: cl: 6427ff80: ch: 6427ff80: cx: 6427ff80: dl[T]: a000: dh[T]: a000: dx[T]: a000: :Read Flags: :Read Memory: :
TID: 3:IP: 6427ffa1:Disasm dec dh:IMG: C:\Program Files\DAEMON Tools Lite\Engine.dll:RTN: .text:Read Regs: edx[T]: a000: dh[T]: a000: dx[T]: a000: :Read Flags: :Read Memory: :
TID: 3:IP: 6427ffa3:Disasm btr dx, 0x1:IMG: C:\Program Files\DAEMON Tools Lite\Engine.dll:RTN: .text:Read Regs: edx[T]: 9f00: dl[T]: 9f00: dh[T]: 9f00: dx[T]: 9f00: :Read Flags: :Read Memory: :
TID: 3:IP: 6427ffaf:Disasm rol dl, cl:IMG: C:\Program Files\DAEMON Tools Lite\Engine.dll:RTN: .text:Read Regs: edx[T]: 9f00: ecx: 6427ff80: cl: 6427ff80: cx: 6427ff80: dl[T]: 9f00: dx[T]: 9f00: :Read Flags: :Read Memory: :
TID: 3:IP: 6427ffbd:Disasm mov edx, dword ptr [ebp]:IMG: C:\Program Files\DAEMON Tools Lite\Engine.dll:RTN: .text:Read Regs: ebp: 12e614: ss: 23: bp: 12e614: :Read Flags: :Read Memory: 12e614 [T] 12e615 [T] 12e616 [T] 12e617 [T] :
TID: 3:IP: 6428a22f:Disasm test dl, dh:IMG: C:\Program Files\DAEMON Tools Lite\Engine.dll:RTN: .text:Read Regs: edx[T]: 202: dl[T]: 202: dh[T]: 202: dx[T]: 202: :Read Flags: :Read Memory: :
TID: 3:IP: 6428cc6f:Disasm mov dword ptr [eax+edi*1], edx:IMG: C:\Program Files\DAEMON Tools Lite\Engine.dll:RTN: .text:Read Regs: edi: 12e534: edx[T]: 202: eax: 24: ds: 23: al: 24: ah: 24: ax: 24: dl[T]: 202: dh[T]: 202: dx[T]: 202: di: 12e534: :Read Flags: :Read Memory: :
TID: 3:IP: 642915bc:Disasm pushad :IMG: C:\Program Files\DAEMON Tools Lite\Engine.dll:RTN: .text:Read Regs: edi: 12e534: esi: 643a78fe: ebp: 12e618: esp: 12e52c: ebx: 3fe5050d: edx[T]: 202: ecx: 6428afe2: eax: 8b: ss: 23: al: 8b: ah: 8b: ax: 8b: cl: 6428afe2: ch: 6428afe2: cx: 6428afe2: dl[T]: 202: dh[T]: 202: dx[T]: 202: bl: 3fe5050d: bh: 3fe5050d: bx: 3fe5050d: bp: 12e618: si: 643a78fe: di: 12e534: sp: 12e52c: :Read Flags: :Read Memory: :
TID: 3:IP: 6428afe4:Disasm mov eax, dword ptr [ebp]:IMG: C:\Program Files\DAEMON Tools Lite\Engine.dll:RTN: .text:Read Regs: ebp: 12e618: ss: 23: bp: 12e618: :Read Flags: :Read Memory: 12e618 [T] 12e619 [T] 12e61a [T] 12e61b [T] :
TID: 3:IP: 6428afea:Disasm add dword ptr [ebp+0x4], eax:IMG: C:\Program Files\DAEMON Tools Lite\Engine.dll:RTN: .text:Read Regs: ebp: 12e618: eax[T]: 4: ss: 23: al[T]: 4: ah[T]: 4: ax[T]: 4: bp: 12e618: :Read Flags: :Read Memory: 12e61c 12e61d 12e61e 12e61f :
TID: 3:IP: 6428afed:Disasm pushad :IMG: C:\Program Files\DAEMON Tools Lite\Engine.dll:RTN: .text:Read Regs: edi: 12e534: esi: 643a78fe: ebp: 12e618: esp: 12e52c: ebx: 3fe5050d: edx[T]: 202: ecx: 6428afe2: eax[T]: 4: ss: 23: al[T]: 4: ah[T]: 4: ax[T]: 4: cl: 6428afe2: ch: 6428afe2: cx: 6428afe2: dl[T]: 202: dh[T]: 202: dx[T]: 202: bl: 3fe5050d: bh: 3fe5050d: bx: 3fe5050d: bp: 12e618: si: 643a78fe: di: 12e534: sp: 12e52c: :Read Flags: :Read Memory: :
TID: 3:IP: 6428a16b:Disasm pushfd :IMG: C:\Program Files\DAEMON Tools Lite\Engine.dll:RTN: .text:Read Regs: esp: 12e50c: ss: 23: eflags[T]: 206: sp: 12e50c: :Read Flags: 3f7700:df vif iopl if ac vm rf nt tf id vip [T 8d5:of sf zf af pf cf ]:Values:206:Read Memory: :
TID: 3:IP: 642899ff:Disasm pushfd :IMG: C:\Program Files\DAEMON Tools Lite\Engine.dll:RTN: .text:Read Regs: esp: 12e508: ss: 23: eflags[T]: 206: sp: 12e508: :Read Flags: 3f7700:df vif iopl if ac vm rf nt tf id vip [T 8d5:of sf zf af pf cf ]:Values:206:Read Memory: :
TID: 3:IP: 64289a00:Disasm pop dword ptr [esp+0x28]:IMG: C:\Program Files\DAEMON Tools Lite\Engine.dll:RTN: .text:Read Regs: esp: 12e504: ss: 23: sp: 12e504: :Read Flags: :Read Memory: 12e504 [T] 12e505 [T] 12e506 [T] 12e507 [T] :
TID: 3:IP: 64293bf9:Disasm pushfd :IMG: C:\Program Files\DAEMON Tools Lite\Engine.dll:RTN: .text:Read Regs: esp: 12e504: ss: 23: eflags[T]: 206: sp: 12e504: :Read Flags: 3f7700:df vif iopl if ac vm rf nt tf id vip [T 8d5:of sf zf af pf cf ]:Values:206:Read Memory: :
TID: 3:IP: 64293bfa:Disasm push dword ptr [esp]:IMG: C:\Program Files\DAEMON Tools Lite\Engine.dll:RTN: .text:Read Regs: esp: 12e500: ss: 23: sp: 12e500: :Read Flags: :Read Memory: 12e500 [T] 12e501 [T] 12e502 [T] 12e503 [T] :
TID: 3:IP: 64293bfd:Disasm push dword ptr [esp+0x34]:IMG: C:\Program Files\DAEMON Tools Lite\Engine.dll:RTN: .text:Read Regs: esp: 12e4fc: ss: 23: sp: 12e4fc: :Read Flags: :Read Memory: 12e530 [T] 12e531 [T] 12e532 [T] 12e533 [T] :
TID: 3:IP: 64293c01:Disasm pop dword ptr [ebp]:IMG: C:\Program Files\DAEMON Tools Lite\Engine.dll:RTN: .text:Read Regs: ebp: 12e618: esp: 12e4f8: ss: 23: bp: 12e618: sp: 12e4f8: :Read Flags: :Read Memory: 12e4f8 [T] 12e4f9 [T] 12e4fa [T] 12e4fb [T] :
TID: 3:IP: 64293c09:Disasm pushfd :IMG: C:\Program Files\DAEMON Tools Lite\Engine.dll:RTN: .text:Read Regs: esp: 12e4fc: ss: 23: eflags[T]: 206: sp: 12e4fc: :Read Flags: 3f7700:df vif iopl if ac vm rf nt tf id vip [T 8d5:of sf zf af pf cf ]:Values:206:Read Memory: :
TID: 3:IP: 64291548:Disasm sbb al, bh:IMG: C:\Program Files\DAEMON Tools Lite\Engine.dll:RTN: .text:Read Regs: ebx: 3fe5050d: eax[T]: 4: eflags[T]: 206: al[T]: 4: ax[T]: 4: bh: 3fe5050d: bx: 3fe5050d: :Read Flags: 0:[T 1:cf ]:Values:206:Read Memory: :
TID: 3:IP: 6429154a:Disasm xchg ch, al:IMG: C:\Program Files\DAEMON Tools Lite\Engine.dll:RTN: .text:Read Regs: ecx: 6428afe2: eax[T]: ff: al[T]: ff: ax[T]: ff: ch: 6428afe2: cx: 6428afe2: :Read Flags: :Read Memory: :
TID: 3:IP: 6429154e:Disasm shr cl, 0x1:IMG: C:\Program Files\DAEMON Tools Lite\Engine.dll:RTN: .text:Read Regs: ecx[T]: 6428ffe2: cl: 6428ffe2: cx[T]: 6428ffe2: :Read Flags: :Read Memory: :
TID: 3:IP: 64291550:Disasm not ecx:IMG: C:\Program Files\DAEMON Tools Lite\Engine.dll:RTN: .text:Read Regs: ecx[T]: 6428ff71: cl[T]: 6428ff71: ch[T]: 6428ff71: cx[T]: 6428ff71: :Read Flags: :Read Memory: :
TID: 3:IP: 64291552:Disasm cmc :IMG: C:\Program Files\DAEMON Tools Lite\Engine.dll:RTN: .text:Read Regs: eflags[T]: a06: :Read Flags: 0:[T 1:cf ]:Values:a06:Read Memory: :
TID: 3:IP: 642915bc:Disasm pushad :IMG: C:\Program Files\DAEMON Tools Lite\Engine.dll:RTN: .text:Read Regs: edi: 12e534: esi: 643a78ff: ebp: 12e618: esp: 12e52c: ebx: 3fe505d7: edx[T]: 202: ecx: 6427ff80: eax: 36: ss: 23: al: 36: ah: 36: ax: 36: cl: 6427ff80: ch: 6427ff80: cx: 6427ff80: dl[T]: 202: dh[T]: 202: dx[T]: 202: bl: 3fe505d7: bh: 3fe505d7: bx: 3fe505d7: bp: 12e618: si: 643a78ff: di: 12e534: sp: 12e52c: :Read Flags: :Read Memory: :
TID: 3:IP: 6427ff82:Disasm sub dx, dx:IMG: C:\Program Files\DAEMON Tools Lite\Engine.dll:RTN: .text:Read Regs: edx[T]: 202: dl[T]: 202: dh[T]: 202: dx[T]: 202: :Read Flags: :Read Memory: :
TID: 3:IP: 6427ff85:Disasm rcl al, 0x5:IMG: C:\Program Files\DAEMON Tools Lite\Engine.dll:RTN: .text:Read Regs: eax: 36: eflags[T]: 246: al: 36: ax: 36: :Read Flags: 0:[T 1:cf ]:Values:246:Read Memory: :
TID: 3:IP: 6427ff91:Disasm shrd dx, bp, 0x5:IMG: C:\Program Files\DAEMON Tools Lite\Engine.dll:RTN: .text:Read Regs: ebp: 12e618: edx[T]: 0: dl[T]: 0: dh[T]: 0: dx[T]: 0: bp: 12e618: :Read Flags: :Read Memory: :
TID: 3:IP: 6427ff96:Disasm shld dx, cx, cl:IMG: C:\Program Files\DAEMON Tools Lite\Engine.dll:RTN: .text:Read Regs: edx[T]: c000: ecx: 6427ff80: cl: 6427ff80: ch: 6427ff80: cx: 6427ff80: dl[T]: c000: dh[T]: c000: dx[T]: c000: :Read Flags: :Read Memory: :
TID: 3:IP: 6427ffa1:Disasm dec dh:IMG: C:\Program Files\DAEMON Tools Lite\Engine.dll:RTN: .text:Read Regs: edx[T]: c000: dh[T]: c000: dx[T]: c000: :Read Flags: :Read Memory: :
TID: 3:IP: 6427ffa3:Disasm btr dx, 0x1:IMG: C:\Program Files\DAEMON Tools Lite\Engine.dll:RTN: .text:Read Regs: edx[T]: bf00: dl[T]: bf00: dh[T]: bf00: dx[T]: bf00: :Read Flags: :Read Memory: :
TID: 3:IP: 6427ffaf:Disasm rol dl, cl:IMG: C:\Program Files\DAEMON Tools Lite\Engine.dll:RTN: .text:Read Regs: edx[T]: bf00: ecx: 6427ff80: cl: 6427ff80: cx: 6427ff80: dl[T]: bf00: dx[T]: bf00: :Read Flags: :Read Memory: :
TID: 3:IP: 6427ffbd:Disasm mov edx, dword ptr [ebp]:IMG: C:\Program Files\DAEMON Tools Lite\Engine.dll:RTN: .text:Read Regs: ebp: 12e618: ss: 23: bp: 12e618: :Read Flags: :Read Memory: 12e618 [T] 12e619 [T] 12e61a [T] 12e61b [T] :
TID: 3:IP: 6428a22f:Disasm test dl, dh:IMG: C:\Program Files\DAEMON Tools Lite\Engine.dll:RTN: .text:Read Regs: edx[T]: 206: dl[T]: 206: dh[T]: 206: dx[T]: 206: :Read Flags: :Read Memory: :
TID: 3:IP: 6428cc6f:Disasm mov dword ptr [eax+edi*1], edx:IMG: C:\Program Files\DAEMON Tools Lite\Engine.dll:RTN: .text:Read Regs: edi: 12e534: edx[T]: 206: eax: 20: ds: 23: al: 20: ah: 20: ax: 20: dl[T]: 206: dh[T]: 206: dx[T]: 206: di: 12e534: :Read Flags: :Read Memory: :
TID: 3:IP: 642915bc:Disasm pushad :IMG: C:\Program Files\DAEMON Tools Lite\Engine.dll:RTN: .text:Read Regs: edi: 12e534: esi: 643a7901: ebp: 12e61c: esp: 12e52c: ebx: 3fe5052f: edx[T]: 206: ecx: 64292592: eax: c8: ss: 23: al: c8: ah: c8: ax: c8: cl: 64292592: ch: 64292592: cx: 64292592: dl[T]: 206: dh[T]: 206: dx[T]: 206: bl: 3fe5052f: bh: 3fe5052f: bx: 3fe5052f: bp: 12e61c: si: 643a7901: di: 12e534: sp: 12e52c: :Read Flags: :Read Memory: :
TID: 3:IP: 64292592:Disasm pushad :IMG: C:\Program Files\DAEMON Tools Lite\Engine.dll:RTN: .text:Read Regs: edi: 12e534: esi: 643a7901: ebp: 12e61c: esp: 12e534: ebx: 3fe5052f: edx[T]: 206: ecx: 64292592: eax: c8: ss: 23: al: c8: ah: c8: ax: c8: cl: 64292592: ch: 64292592: cx: 64292592: dl[T]: 206: dh[T]: 206: dx[T]: 206: bl: 3fe5052f: bh: 3fe5052f: bx: 3fe5052f: bp: 12e61c: si: 643a7901: di: 12e534: sp: 12e534: :Read Flags: :Read Memory: :
TID: 3:IP: 64292593:Disasm mov eax, dword ptr [ebp]:IMG: C:\Program Files\DAEMON Tools Lite\Engine.dll:RTN: .text:Read Regs: ebp: 12e61c: ss: 23: bp: 12e61c: :Read Flags: :Read Memory: 12e61c [T] 12e61d [T] 12e61e [T] 12e61f [T] :
TID: 3:IP: 64292597:Disasm mov eax, dword ptr ss:[eax]:IMG: C:\Program Files\DAEMON Tools Lite\Engine.dll:RTN: .text:Read Regs: eax[T]: 12e624: ss: 23: al[T]: 12e624: ah[T]: 12e624: ax[T]: 12e624: :Read Flags: :Read Memory: 12e624 12e625 12e626 12e627 :
TID: 3:IP: 642895c3:Disasm mov dword ptr [ebp], eax:IMG: C:\Program Files\DAEMON Tools Lite\Engine.dll:RTN: .text:Read Regs: ebp: 12e61c: eax[T]: 50afdd2b: ss: 23: al[T]: 50afdd2b: ah[T]: 50afdd2b: ax[T]: 50afdd2b: bp: 12e61c: :Read Flags: :Read Memory: :
TID: 3:IP: 64291548:Disasm sbb al, bh:IMG: C:\Program Files\DAEMON Tools Lite\Engine.dll:RTN: .text:Read Regs: ebx: 3fe5052f: eax[T]: 50afdd2b: eflags: 202: al[T]: 50afdd2b: ax[T]: 50afdd2b: bh: 3fe5052f: bx: 3fe5052f: :Read Flags: 1:cf :Values:202:Read Memory: :
TID: 3:IP: 6429154a:Disasm xchg ch, al:IMG: C:\Program Files\DAEMON Tools Lite\Engine.dll:RTN: .text:Read Regs: ecx: 64292592: eax[T]: 50afdd26: al[T]: 50afdd26: ax[T]: 50afdd26: ch: 64292592: cx: 64292592: :Read Flags: :Read Memory: :
TID: 3:IP: 6429154e:Disasm shr cl, 0x1:IMG: C:\Program Files\DAEMON Tools Lite\Engine.dll:RTN: .text:Read Regs: ecx[T]: 64292692: cl: 64292692: cx[T]: 64292692: :Read Flags: :Read Memory: :
TID: 3:IP: 64291550:Disasm not ecx:IMG: C:\Program Files\DAEMON Tools Lite\Engine.dll:RTN: .text:Read Regs: ecx[T]: 64292649: cl[T]: 64292649: ch[T]: 64292649: cx[T]: 64292649: :Read Flags: :Read Memory: :
TID: 3:IP: 64291552:Disasm cmc :IMG: C:\Program Files\DAEMON Tools Lite\Engine.dll:RTN: .text:Read Regs: eflags[T]: a02: :Read Flags: 0:[T 1:cf ]:Values:a02:Read Memory: :
TID: 3:IP: 642915bc:Disasm pushad :IMG: C:\Program Files\DAEMON Tools Lite\Engine.dll:RTN: .text:Read Regs: edi: 12e534: esi: 643a7902: ebp: 12e61c: esp: 12e52c: ebx: 3fe505f9: edx[T]: 206: ecx: 6427ff80: eax: 36: ss: 23: al: 36: ah: 36: ax: 36: cl: 6427ff80: ch: 6427ff80: cx: 6427ff80: dl[T]: 206: dh[T]: 206: dx[T]: 206: bl: 3fe505f9: bh: 3fe505f9: bx: 3fe505f9: bp: 12e61c: si: 643a7902: di: 12e534: sp: 12e52c: :Read Flags: :Read Memory: :
TID: 3:IP: 6427ff82:Disasm sub dx, dx:IMG: C:\Program Files\DAEMON Tools Lite\Engine.dll:RTN: .text:Read Regs: edx[T]: 206: dl[T]: 206: dh[T]: 206: dx[T]: 206: :Read Flags: :Read Memory: :
TID: 3:IP: 6427ff85:Disasm rcl al, 0x5:IMG: C:\Program Files\DAEMON Tools Lite\Engine.dll:RTN: .text:Read Regs: eax: 36: eflags[T]: 246: al: 36: ax: 36: :Read Flags: 0:[T 1:cf ]:Values:246:Read Memory: :
TID: 3:IP: 6427ff91:Disasm shrd dx, bp, 0x5:IMG: C:\Program Files\DAEMON Tools Lite\Engine.dll:RTN: .text:Read Regs: ebp: 12e61c: edx[T]: 0: dl[T]: 0: dh[T]: 0: dx[T]: 0: bp: 12e61c: :Read Flags: :Read Memory: :
TID: 3:IP: 6427ff96:Disasm shld dx, cx, cl:IMG: C:\Program Files\DAEMON Tools Lite\Engine.dll:RTN: .text:Read Regs: edx[T]: e000: ecx: 6427ff80: cl: 6427ff80: ch: 6427ff80: cx: 6427ff80: dl[T]: e000: dh[T]: e000: dx[T]: e000: :Read Flags: :Read Memory: :
TID: 3:IP: 6427ffa1:Disasm dec dh:IMG: C:\Program Files\DAEMON Tools Lite\Engine.dll:RTN: .text:Read Regs: edx[T]: e000: dh[T]: e000: dx[T]: e000: :Read Flags: :Read Memory: :
TID: 3:IP: 6427ffa3:Disasm btr dx, 0x1:IMG: C:\Program Files\DAEMON Tools Lite\Engine.dll:RTN: .text:Read Regs: edx[T]: df00: dl[T]: df00: dh[T]: df00: dx[T]: df00: :Read Flags: :Read Memory: :
TID: 3:IP: 6427ffaf:Disasm rol dl, cl:IMG: C:\Program Files\DAEMON Tools Lite\Engine.dll:RTN: .text:Read Regs: edx[T]: df00: ecx: 6427ff80: cl: 6427ff80: cx: 6427ff80: dl[T]: df00: dx[T]: df00: :Read Flags: :Read Memory: :
TID: 3:IP: 6427ffbd:Disasm mov edx, dword ptr [ebp]:IMG: C:\Program Files\DAEMON Tools Lite\Engine.dll:RTN: .text:Read Regs: ebp: 12e61c: ss: 23: bp: 12e61c: :Read Flags: :Read Memory: 12e61c [T] 12e61d [T] 12e61e [T] 12e61f [T] :
TID: 3:IP: 6428a22f:Disasm test dl, dh:IMG: C:\Program Files\DAEMON Tools Lite\Engine.dll:RTN: .text:Read Regs: edx[T]: 50afdd2b: dl[T]: 50afdd2b: dh[T]: 50afdd2b: dx[T]: 50afdd2b: :Read Flags: :Read Memory: :
TID: 3:IP: 6428cc6f:Disasm mov dword ptr [eax+edi*1], edx:IMG: C:\Program Files\DAEMON Tools Lite\Engine.dll:RTN: .text:Read Regs: edi: 12e534: edx[T]: 50afdd2b: eax: 4: ds: 23: al: 4: ah: 4: ax: 4: dl[T]: 50afdd2b: dh[T]: 50afdd2b: dx[T]: 50afdd2b: di: 12e534: :Read Flags: :Read Memory: :
TID: 3:IP: 642915bc:Disasm pushad :IMG: C:\Program Files\DAEMON Tools Lite\Engine.dll:RTN: .text:Read Regs: edi: 12e534: esi: 643a7904: ebp: 12e620: esp: 12e52c: ebx: 3fe50552: edx[T]: 50afdd2b: ecx: 6427ff80: eax: ab: ss: 23: al: ab: ah: ab: ax: ab: cl: 6427ff80: ch: 6427ff80: cx: 6427ff80: dl[T]: 50afdd2b: dh[T]: 50afdd2b: dx[T]: 50afdd2b: bl: 3fe50552: bh: 3fe50552: bx: 3fe50552: bp: 12e620: si: 643a7904: di: 12e534: sp: 12e52c: :Read Flags: :Read Memory: :
TID: 3:IP: 6427ff82:Disasm sub dx, dx:IMG: C:\Program Files\DAEMON Tools Lite\Engine.dll:RTN: .text:Read Regs: edx[T]: 50afdd2b: dl[T]: 50afdd2b: dh[T]: 50afdd2b: dx[T]: 50afdd2b: :Read Flags: :Read Memory: :
TID: 3:IP: 6427ff85:Disasm rcl al, 0x5:IMG: C:\Program Files\DAEMON Tools Lite\Engine.dll:RTN: .text:Read Regs: eax: ab: eflags[T]: 246: al: ab: ax: ab: :Read Flags: 0:[T 1:cf ]:Values:246:Read Memory: :
TID: 3:IP: 6427ff91:Disasm shrd dx, bp, 0x5:IMG: C:\Program Files\DAEMON Tools Lite\Engine.dll:RTN: .text:Read Regs: ebp: 12e620: edx[T]: 50af0000: dl[T]: 50af0000: dh[T]: 50af0000: dx[T]: 50af0000: bp: 12e620: :Read Flags: :Read Memory: :
TID: 3:IP: 6427ff96:Disasm shld dx, cx, cl:IMG: C:\Program Files\DAEMON Tools Lite\Engine.dll:RTN: .text:Read Regs: edx[T]: 50af0000: ecx: 6427ff80: cl: 6427ff80: ch: 6427ff80: cx: 6427ff80: dl[T]: 50af0000: dh[T]: 50af0000: dx[T]: 50af0000: :Read Flags: :Read Memory: :
TID: 3:IP: 6427ffa1:Disasm dec dh:IMG: C:\Program Files\DAEMON Tools Lite\Engine.dll:RTN: .text:Read Regs: edx[T]: 50af0000: dh[T]: 50af0000: dx[T]: 50af0000: :Read Flags: :Read Memory: :
TID: 3:IP: 6427ffa3:Disasm btr dx, 0x1:IMG: C:\Program Files\DAEMON Tools Lite\Engine.dll:RTN: .text:Read Regs: edx[T]: 50afff00: dl[T]: 50afff00: dh[T]: 50afff00: dx[T]: 50afff00: :Read Flags: :Read Memory: :
TID: 3:IP: 6427ffaf:Disasm rol dl, cl:IMG: C:\Program Files\DAEMON Tools Lite\Engine.dll:RTN: .text:Read Regs: edx[T]: 50afff00: ecx: 6427ff80: cl: 6427ff80: cx: 6427ff80: dl[T]: 50afff00: dx[T]: 50afff00: :Read Flags: :Read Memory: :
TID: 3:IP: 64289aaa:Disasm mov edx, dword ptr [eax+edi*1]:IMG: C:\Program Files\DAEMON Tools Lite\Engine.dll:RTN: .text:Read Regs: edi: 12e534: eax: 4: ds: 23: al: 4: ah: 4: ax: 4: di: 12e534: :Read Flags: :Read Memory: 12e538 [T] 12e539 [T] 12e53a [T] 12e53b [T] :
TID: 3:IP: 64289ab3:Disasm mov dword ptr [ebp], edx:IMG: C:\Program Files\DAEMON Tools Lite\Engine.dll:RTN: .text:Read Regs: ebp: 12e624: edx[T]: 50afdd2b: ss: 23: dl[T]: 50afdd2b: dh[T]: 50afdd2b: dx[T]: 50afdd2b: bp: 12e624: :Read Flags: :Read Memory: :
TID: 3:IP: 64289560:Disasm mov byte ptr [esp], dl:IMG: C:\Program Files\DAEMON Tools Lite\Engine.dll:RTN: .text:Read Regs: esp: 12e530: edx[T]: 50afdd2b: ss: 23: dl[T]: 50afdd2b: dx[T]: 50afdd2b: sp: 12e530: :Read Flags: :Read Memory: :
TID: 3:IP: 642915bc:Disasm pushad :IMG: C:\Program Files\DAEMON Tools Lite\Engine.dll:RTN: .text:Read Regs: edi: 12e534: esi: 643a790a: ebp: 12e624: esp: 12e52c: ebx: 3fe50598: edx[T]: 50afdd2b: ecx: 6427ff80: eax: ff: ss: 23: al: ff: ah: ff: ax: ff: cl: 6427ff80: ch: 6427ff80: cx: 6427ff80: dl[T]: 50afdd2b: dh[T]: 50afdd2b: dx[T]: 50afdd2b: bl: 3fe50598: bh: 3fe50598: bx: 3fe50598: bp: 12e624: si: 643a790a: di: 12e534: sp: 12e52c: :Read Flags: :Read Memory: :
TID: 3:IP: 6427ff82:Disasm sub dx, dx:IMG: C:\Program Files\DAEMON Tools Lite\Engine.dll:RTN: .text:Read Regs: edx[T]: 50afdd2b: dl[T]: 50afdd2b: dh[T]: 50afdd2b: dx[T]: 50afdd2b: :Read Flags: :Read Memory: :
TID: 3:IP: 6427ff85:Disasm rcl al, 0x5:IMG: C:\Program Files\DAEMON Tools Lite\Engine.dll:RTN: .text:Read Regs: eax: ff: eflags[T]: 246: al: ff: ax: ff: :Read Flags: 0:[T 1:cf ]:Values:246:Read Memory: :
TID: 3:IP: 6427ff91:Disasm shrd dx, bp, 0x5:IMG: C:\Program Files\DAEMON Tools Lite\Engine.dll:RTN: .text:Read Regs: ebp: 12e624: edx[T]: 50af0000: dl[T]: 50af0000: dh[T]: 50af0000: dx[T]: 50af0000: bp: 12e624: :Read Flags: :Read Memory: :
TID: 3:IP: 6427ff96:Disasm shld dx, cx, cl:IMG: C:\Program Files\DAEMON Tools Lite\Engine.dll:RTN: .text:Read Regs: edx[T]: 50af2000: ecx: 6427ff80: cl: 6427ff80: ch: 6427ff80: cx: 6427ff80: dl[T]: 50af2000: dh[T]: 50af2000: dx[T]: 50af2000: :Read Flags: :Read Memory: :
TID: 3:IP: 6427ffa1:Disasm dec dh:IMG: C:\Program Files\DAEMON Tools Lite\Engine.dll:RTN: .text:Read Regs: edx[T]: 50af2000: dh[T]: 50af2000: dx[T]: 50af2000: :Read Flags: :Read Memory: :
TID: 3:IP: 6427ffa3:Disasm btr dx, 0x1:IMG: C:\Program Files\DAEMON Tools Lite\Engine.dll:RTN: .text:Read Regs: edx[T]: 50af1f00: dl[T]: 50af1f00: dh[T]: 50af1f00: dx[T]: 50af1f00: :Read Flags: :Read Memory: :
TID: 3:IP: 6427ffaf:Disasm rol dl, cl:IMG: C:\Program Files\DAEMON Tools Lite\Engine.dll:RTN: .text:Read Regs: edx[T]: 50af1f00: ecx: 6427ff80: cl: 6427ff80: cx: 6427ff80: dl[T]: 50af1f00: dx[T]: 50af1f00: :Read Flags: :Read Memory: :
TID: 3:IP: 6427ffbd:Disasm mov edx, dword ptr [ebp]:IMG: C:\Program Files\DAEMON Tools Lite\Engine.dll:RTN: .text:Read Regs: ebp: 12e624: ss: 23: bp: 12e624: :Read Flags: :Read Memory: 12e624 [T] 12e625 [T] 12e626 [T] 12e627 [T] :
TID: 3:IP: 6428a22f:Disasm test dl, dh:IMG: C:\Program Files\DAEMON Tools Lite\Engine.dll:RTN: .text:Read Regs: edx[T]: 50afdd2b: dl[T]: 50afdd2b: dh[T]: 50afdd2b: dx[T]: 50afdd2b: :Read Flags: :Read Memory: :
TID: 3:IP: 6428cc6f:Disasm mov dword ptr [eax+edi*1], edx:IMG: C:\Program Files\DAEMON Tools Lite\Engine.dll:RTN: .text:Read Regs: edi: 12e534: edx[T]: 50afdd2b: eax: 14: ds: 23: al: 14: ah: 14: ax: 14: dl[T]: 50afdd2b: dh[T]: 50afdd2b: dx[T]: 50afdd2b: di: 12e534: :Read Flags: :Read Memory: :
TID: 3:IP: 642915bc:Disasm pushad :IMG: C:\Program Files\DAEMON Tools Lite\Engine.dll:RTN: .text:Read Regs: edi: 12e534: esi: 643a790c: ebp: 12e628: esp: 12e52c: ebx: 3fe50544: edx[T]: 50afdd2b: ecx: 64293cd6: eax: 48: ss: 23: al: 48: ah: 48: ax: 48: cl: 64293cd6: ch: 64293cd6: cx: 64293cd6: dl[T]: 50afdd2b: dh[T]: 50afdd2b: dx[T]: 50afdd2b: bl: 3fe50544: bh: 3fe50544: bx: 3fe50544: bp: 12e628: si: 643a790c: di: 12e534: sp: 12e52c: :Read Flags: :Read Memory: :
TID: 3:IP: 64289264:Disasm btr dx, 0x9:IMG: C:\Program Files\DAEMON Tools Lite\Engine.dll:RTN: .text:Read Regs: edx[T]: 50afdd2b: dl[T]: 50afdd2b: dh[T]: 50afdd2b: dx[T]: 50afdd2b: :Read Flags: :Read Memory: :
TID: 3:IP: 64289a79:Disasm bswap dx:IMG: C:\Program Files\DAEMON Tools Lite\Engine.dll:RTN: .text:Read Regs: edx: 50af002b: dl[T]: 50af002b: dh: 50af002b: dx: 50af002b: :Read Flags: :Read Memory: :
TID: 3:IP: 64289aaa:Disasm mov edx, dword ptr [eax+edi*1]:IMG: C:\Program Files\DAEMON Tools Lite\Engine.dll:RTN: .text:Read Regs: edi: 12e534: eax: 14: ds: 23: al: 14: ah: 14: ax: 14: di: 12e534: :Read Flags: :Read Memory: 12e548 [T] 12e549 [T] 12e54a [T] 12e54b [T] :
TID: 3:IP: 64289ab3:Disasm mov dword ptr [ebp], edx:IMG: C:\Program Files\DAEMON Tools Lite\Engine.dll:RTN: .text:Read Regs: ebp: 12e624: edx[T]: 50afdd2b: ss: 23: dl[T]: 50afdd2b: dh[T]: 50afdd2b: dx[T]: 50afdd2b: bp: 12e624: :Read Flags: :Read Memory: :
TID: 3:IP: 64289560:Disasm mov byte ptr [esp], dl:IMG: C:\Program Files\DAEMON Tools Lite\Engine.dll:RTN: .text:Read Regs: esp: 12e530: edx[T]: 50afdd2b: ss: 23: dl[T]: 50afdd2b: dx[T]: 50afdd2b: sp: 12e530: :Read Flags: :Read Memory: :
TID: 3:IP: 642915bc:Disasm pushad :IMG: C:\Program Files\DAEMON Tools Lite\Engine.dll:RTN: .text:Read Regs: edi: 12e534: esi: 643a790e: ebp: 12e624: esp: 12e52c: ebx: 3fe50508: edx[T]: 50afdd2b: ecx: 64293cd6: eax: 48: ss: 23: al: 48: ah: 48: ax: 48: cl: 64293cd6: ch: 64293cd6: cx: 64293cd6: dl[T]: 50afdd2b: dh[T]: 50afdd2b: dx[T]: 50afdd2b: bl: 3fe50508: bh: 3fe50508: bx: 3fe50508: bp: 12e624: si: 643a790e: di: 12e534: sp: 12e52c: :Read Flags: :Read Memory: :
TID: 3:IP: 64289264:Disasm btr dx, 0x9:IMG: C:\Program Files\DAEMON Tools Lite\Engine.dll:RTN: .text:Read Regs: edx[T]: 50afdd2b: dl[T]: 50afdd2b: dh[T]: 50afdd2b: dx[T]: 50afdd2b: :Read Flags: :Read Memory: :
TID: 3:IP: 64289a79:Disasm bswap dx:IMG: C:\Program Files\DAEMON Tools Lite\Engine.dll:RTN: .text:Read Regs: edx: 50af002b: dl[T]: 50af002b: dh: 50af002b: dx: 50af002b: :Read Flags: :Read Memory: :
TID: 3:IP: 64289aaa:Disasm mov edx, dword ptr [eax+edi*1]:IMG: C:\Program Files\DAEMON Tools Lite\Engine.dll:RTN: .text:Read Regs: edi: 12e534: eax: 14: ds: 23: al: 14: ah: 14: ax: 14: di: 12e534: :Read Flags: :Read Memory: 12e548 [T] 12e549 [T] 12e54a [T] 12e54b [T] :
TID: 3:IP: 64289ab3:Disasm mov dword ptr [ebp], edx:IMG: C:\Program Files\DAEMON Tools Lite\Engine.dll:RTN: .text:Read Regs: ebp: 12e620: edx[T]: 50afdd2b: ss: 23: dl[T]: 50afdd2b: dh[T]: 50afdd2b: dx[T]: 50afdd2b: bp: 12e620: :Read Flags: :Read Memory: :
TID: 3:IP: 64289560:Disasm mov byte ptr [esp], dl:IMG: C:\Program Files\DAEMON Tools Lite\Engine.dll:RTN: .text:Read Regs: esp: 12e530: edx[T]: 50afdd2b: ss: 23: dl[T]: 50afdd2b: dx[T]: 50afdd2b: sp: 12e530: :Read Flags: :Read Memory: :
TID: 3:IP: 642915bc:Disasm pushad :IMG: C:\Program Files\DAEMON Tools Lite\Engine.dll:RTN: .text:Read Regs: edi: 12e534: esi: 643a7910: ebp: 12e620: esp: 12e52c: ebx: 3fe505d9: edx[T]: 50afdd2b: ecx: 642895f4: eax: 43: ss: 23: al: 43: ah: 43: ax: 43: cl: 642895f4: ch: 642895f4: cx: 642895f4: dl[T]: 50afdd2b: dh[T]: 50afdd2b: dx[T]: 50afdd2b: bl: 3fe505d9: bh: 3fe505d9: bx: 3fe505d9: bp: 12e620: si: 643a7910: di: 12e534: sp: 12e52c: :Read Flags: :Read Memory: :
TID: 3:IP: 64292aa2:Disasm rcr dh, cl:IMG: C:\Program Files\DAEMON Tools Lite\Engine.dll:RTN: .text:Read Regs: edx[T]: 50afdd2b: ecx: 642895f4: eflags: 202: cl: 642895f4: cx: 642895f4: dh[T]: 50afdd2b: dx[T]: 50afdd2b: :Read Flags: 1:cf :Values:202:Read Memory: :
TID: 3:IP: 64292aa4:Disasm mov eax, dword ptr [ebp]:IMG: C:\Program Files\DAEMON Tools Lite\Engine.dll:RTN: .text:Read Regs: ebp: 12e620: ss: 23: bp: 12e620: :Read Flags: :Read Memory: 12e620 [T] 12e621 [T] 12e622 [T] 12e623 [T] :
TID: 3:IP: 64292ab1:Disasm mov edx, dword ptr [ebp+0x4]:IMG: C:\Program Files\DAEMON Tools Lite\Engine.dll:RTN: .text:Read Regs: ebp: 12e620: ss: 23: bp: 12e620: :Read Flags: :Read Memory: 12e624 [T] 12e625 [T] 12e626 [T] 12e627 [T] :
TID: 3:IP: 64292ac1:Disasm not eax:IMG: C:\Program Files\DAEMON Tools Lite\Engine.dll:RTN: .text:Read Regs: eax[T]: 50afdd2b: al[T]: 50afdd2b: ah[T]: 50afdd2b: ax[T]: 50afdd2b: :Read Flags: :Read Memory: :
TID: 3:IP: 64291a37:Disasm not edx:IMG: C:\Program Files\DAEMON Tools Lite\Engine.dll:RTN: .text:Read Regs: edx[T]: 50afdd2b: dl[T]: 50afdd2b: dh[T]: 50afdd2b: dx[T]: 50afdd2b: :Read Flags: :Read Memory: :
TID: 3:IP: 64291a3a:Disasm and eax, edx:IMG: C:\Program Files\DAEMON Tools Lite\Engine.dll:RTN: .text:Read Regs: edx[T]: af5022d4: eax[T]: af5022d4: al[T]: af5022d4: ah[T]: af5022d4: ax[T]: af5022d4: dl[T]: af5022d4: dh[T]: af5022d4: dx[T]: af5022d4: :Read Flags: :Read Memory: :
TID: 3:IP: 6428ab24:Disasm jp 0x6428b003:IMG: C:\Program Files\DAEMON Tools Lite\Engine.dll:RTN: .text:Read Regs: eflags[T]: 286: :Read Flags: 0:[T 4:pf ]:Values:286:Read Memory: :
TID: 3:IP: 6428b003:Disasm pushfd :IMG: C:\Program Files\DAEMON Tools Lite\Engine.dll:RTN: .text:Read Regs: esp: 12e534: ss: 23: eflags[T]: 286: sp: 12e534: :Read Flags: 3f7700:df vif iopl if ac vm rf nt tf id vip [T 8d5:of sf zf af pf cf ]:Values:286:Read Memory: :
TID: 3:IP: 64293c45:Disasm mov dword ptr [ebp+0x4], eax:IMG: C:\Program Files\DAEMON Tools Lite\Engine.dll:RTN: .text:Read Regs: ebp: 12e620: eax[T]: af5022d4: ss: 23: al[T]: af5022d4: ah[T]: af5022d4: ax[T]: af5022d4: bp: 12e620: :Read Flags: :Read Memory: :
TID: 3:IP: 64293c50:Disasm pushfd :IMG: C:\Program Files\DAEMON Tools Lite\Engine.dll:RTN: .text:Read Regs: esp: 12e528: ss: 23: eflags[T]: 286: sp: 12e528: :Read Flags: 3f7700:df vif iopl if ac vm rf nt tf id vip [T 8d5:of sf zf af pf cf ]:Values:286:Read Memory: :
TID: 3:IP: 64293c51:Disasm pop dword ptr [esp+0x8]:IMG: C:\Program Files\DAEMON Tools Lite\Engine.dll:RTN: .text:Read Regs: esp: 12e524: ss: 23: sp: 12e524: :Read Flags: :Read Memory: 12e524 [T] 12e525 [T] 12e526 [T] 12e527 [T] :
TID: 3:IP: 64293c5c:Disasm push dword ptr [esp+0x8]:IMG: C:\Program Files\DAEMON Tools Lite\Engine.dll:RTN: .text:Read Regs: esp: 12e528: ss: 23: sp: 12e528: :Read Flags: :Read Memory: 12e530 [T] 12e531 [T] 12e532 [T] 12e533 [T] :
TID: 3:IP: 64293c60:Disasm pop dword ptr [ebp]:IMG: C:\Program Files\DAEMON Tools Lite\Engine.dll:RTN: .text:Read Regs: ebp: 12e620: esp: 12e524: ss: 23: bp: 12e620: sp: 12e524: :Read Flags: :Read Memory: 12e524 [T] 12e525 [T] 12e526 [T] 12e527 [T] :
TID: 3:IP: 64293c63:Disasm pushad :IMG: C:\Program Files\DAEMON Tools Lite\Engine.dll:RTN: .text:Read Regs: edi: 12e534: esi: 643a7910: ebp: 12e620: esp: 12e528: ebx: 3fe505d9: edx[T]: af5022d4: ecx: 642895f4: eax[T]: af5022d4: ss: 23: al[T]: af5022d4: ah[T]: af5022d4: ax[T]: af5022d4: cl: 642895f4: ch: 642895f4: cx: 642895f4: dl[T]: af5022d4: dh[T]: af5022d4: dx[T]: af5022d4: bl: 3fe505d9: bh: 3fe505d9: bx: 3fe505d9: bp: 12e620: si: 643a7910: di: 12e534: sp: 12e528: :Read Flags: :Read Memory: :
TID: 3:IP: 64291548:Disasm sbb al, bh:IMG: C:\Program Files\DAEMON Tools Lite\Engine.dll:RTN: .text:Read Regs: ebx: 3fe505d9: eax[T]: af5022d4: eflags[T]: 286: al[T]: af5022d4: ax[T]: af5022d4: bh: 3fe505d9: bx: 3fe505d9: :Read Flags: 0:[T 1:cf ]:Values:286:Read Memory: :
TID: 3:IP: 6429154a:Disasm xchg ch, al:IMG: C:\Program Files\DAEMON Tools Lite\Engine.dll:RTN: .text:Read Regs: ecx: 642895f4: eax[T]: af5022cf: al[T]: af5022cf: ax[T]: af5022cf: ch: 642895f4: cx: 642895f4: :Read Flags: :Read Memory: :
TID: 3:IP: 6429154e:Disasm shr cl, 0x1:IMG: C:\Program Files\DAEMON Tools Lite\Engine.dll:RTN: .text:Read Regs: ecx[T]: 6428cff4: cl: 6428cff4: cx[T]: 6428cff4: :Read Flags: :Read Memory: :
TID: 3:IP: 64291550:Disasm not ecx:IMG: C:\Program Files\DAEMON Tools Lite\Engine.dll:RTN: .text:Read Regs: ecx[T]: 6428cf7a: cl[T]: 6428cf7a: ch[T]: 6428cf7a: cx[T]: 6428cf7a: :Read Flags: :Read Memory: :
TID: 3:IP: 64291552:Disasm cmc :IMG: C:\Program Files\DAEMON Tools Lite\Engine.dll:RTN: .text:Read Regs: eflags[T]: a02: :Read Flags: 0:[T 1:cf ]:Values:a02:Read Memory: :
TID: 3:IP: 642915bc:Disasm pushad :IMG: C:\Program Files\DAEMON Tools Lite\Engine.dll:RTN: .text:Read Regs: edi: 12e534: esi: 643a7911: ebp: 12e620: esp: 12e52c: ebx: 3fe505c8: edx[T]: af5022d4: ecx: 6427ff80: eax: 11: ss: 23: al: 11: ah: 11: ax: 11: cl: 6427ff80: ch: 6427ff80: cx: 6427ff80: dl[T]: af5022d4: dh[T]: af5022d4: dx[T]: af5022d4: bl: 3fe505c8: bh: 3fe505c8: bx: 3fe505c8: bp: 12e620: si: 643a7911: di: 12e534: sp: 12e52c: :Read Flags: :Read Memory: :
TID: 3:IP: 6427ff82:Disasm sub dx, dx:IMG: C:\Program Files\DAEMON Tools Lite\Engine.dll:RTN: .text:Read Regs: edx[T]: af5022d4: dl[T]: af5022d4: dh[T]: af5022d4: dx[T]: af5022d4: :Read Flags: :Read Memory: :
TID: 3:IP: 6427ff85:Disasm rcl al, 0x5:IMG: C:\Program Files\DAEMON Tools Lite\Engine.dll:RTN: .text:Read Regs: eax: 11: eflags[T]: 246: al: 11: ax: 11: :Read Flags: 0:[T 1:cf ]:Values:246:Read Memory: :
TID: 3:IP: 6427ff91:Disasm shrd dx, bp, 0x5:IMG: C:\Program Files\DAEMON Tools Lite\Engine.dll:RTN: .text:Read Regs: ebp: 12e620: edx[T]: af500000: dl[T]: af500000: dh[T]: af500000: dx[T]: af500000: bp: 12e620: :Read Flags: :Read Memory: :
TID: 3:IP: 6427ff96:Disasm shld dx, cx, cl:IMG: C:\Program Files\DAEMON Tools Lite\Engine.dll:RTN: .text:Read Regs: edx[T]: af500000: ecx: 6427ff80: cl: 6427ff80: ch: 6427ff80: cx: 6427ff80: dl[T]: af500000: dh[T]: af500000: dx[T]: af500000: :Read Flags: :Read Memory: :
TID: 3:IP: 6427ffa1:Disasm dec dh:IMG: C:\Program Files\DAEMON Tools Lite\Engine.dll:RTN: .text:Read Regs: edx[T]: af500000: dh[T]: af500000: dx[T]: af500000: :Read Flags: :Read Memory: :
TID: 3:IP: 6427ffa3:Disasm btr dx, 0x1:IMG: C:\Program Files\DAEMON Tools Lite\Engine.dll:RTN: .text:Read Regs: edx[T]: af50ff00: dl[T]: af50ff00: dh[T]: af50ff00: dx[T]: af50ff00: :Read Flags: :Read Memory: :
TID: 3:IP: 6427ffaf:Disasm rol dl, cl:IMG: C:\Program Files\DAEMON Tools Lite\Engine.dll:RTN: .text:Read Regs: edx[T]: af50ff00: ecx: 6427ff80: cl: 6427ff80: cx: 6427ff80: dl[T]: af50ff00: dx[T]: af50ff00: :Read Flags: :Read Memory: :
TID: 3:IP: 6427ffbd:Disasm mov edx, dword ptr [ebp]:IMG: C:\Program Files\DAEMON Tools Lite\Engine.dll:RTN: .text:Read Regs: ebp: 12e620: ss: 23: bp: 12e620: :Read Flags: :Read Memory: 12e620 [T] 12e621 [T] 12e622 [T] 12e623 [T] :
TID: 3:IP: 6428a22f:Disasm test dl, dh:IMG: C:\Program Files\DAEMON Tools Lite\Engine.dll:RTN: .text:Read Regs: edx[T]: 286: dl[T]: 286: dh[T]: 286: dx[T]: 286: :Read Flags: :Read Memory: :
TID: 3:IP: 6428cc6f:Disasm mov dword ptr [eax+edi*1], edx:IMG: C:\Program Files\DAEMON Tools Lite\Engine.dll:RTN: .text:Read Regs: edi: 12e534: edx[T]: 286: eax: 20: ds: 23: al: 20: ah: 20: ax: 20: dl[T]: 286: dh[T]: 286: dx[T]: 286: di: 12e534: :Read Flags: :Read Memory: :
TID: 3:IP: 642915bc:Disasm pushad :IMG: C:\Program Files\DAEMON Tools Lite\Engine.dll:RTN: .text:Read Regs: edi: 12e534: esi: 643a7913: ebp: 12e624: esp: 12e52c: ebx: 3fe505f8: edx[T]: 286: ecx: 64293bae: eax: f0: ss: 23: al: f0: ah: f0: ax: f0: cl: 64293bae: ch: 64293bae: cx: 64293bae: dl[T]: 286: dh[T]: 286: dx[T]: 286: bl: 3fe505f8: bh: 3fe505f8: bx: 3fe505f8: bp: 12e624: si: 643a7913: di: 12e534: sp: 12e52c: :Read Flags: :Read Memory: :
TID: 3:IP: 64293bb9:Disasm test dh, ch:IMG: C:\Program Files\DAEMON Tools Lite\Engine.dll:RTN: .text:Read Regs: edx[T]: 286: ecx: 64293bae: ch: 64293bae: cx: 64293bae: dh[T]: 286: dx[T]: 286: :Read Flags: :Read Memory: :
TID: 3:IP: 64293bbb:Disasm test dx, sp:IMG: C:\Program Files\DAEMON Tools Lite\Engine.dll:RTN: .text:Read Regs: esp: 12e534: edx[T]: 286: dl[T]: 286: dh[T]: 286: dx[T]: 286: sp: 12e534: :Read Flags: :Read Memory: :
TID: 3:IP: 64293bbe:Disasm pushfd :IMG: C:\Program Files\DAEMON Tools Lite\Engine.dll:RTN: .text:Read Regs: esp: 12e534: ss: 23: eflags[T]: 202: sp: 12e534: :Read Flags: 3f7700:df vif iopl if ac vm rf nt tf id vip [T 8d5:of sf zf af pf cf ]:Values:202:Read Memory: :
TID: 3:IP: 64293bc1:Disasm pushad :IMG: C:\Program Files\DAEMON Tools Lite\Engine.dll:RTN: .text:Read Regs: edi: 12e534: esi: 643a7913: ebp: 12e624: esp: 12e530: ebx: 3fe505f8: edx[T]: 286: ecx: 64293bae: eax: 44afa75a: ss: 23: al: 44afa75a: ah: 44afa75a: ax: 44afa75a: cl: 64293bae: ch: 64293bae: cx: 64293bae: dl[T]: 286: dh[T]: 286: dx[T]: 286: bl: 3fe505f8: bh: 3fe505f8: bx: 3fe505f8: bp: 12e624: si: 643a7913: di: 12e534: sp: 12e530: :Read Flags: :Read Memory: :
TID: 3:IP: 64289481:Disasm mov word ptr [esp], dx:IMG: C:\Program Files\DAEMON Tools Lite\Engine.dll:RTN: .text:Read Regs: esp: 12e4f8: edx[T]: 286: ss: 23: dl[T]: 286: dh[T]: 286: dx[T]: 286: sp: 12e4f8: :Read Flags: :Read Memory: :
TID: 3:IP: 64289560:Disasm mov byte ptr [esp], dl:IMG: C:\Program Files\DAEMON Tools Lite\Engine.dll:RTN: .text:Read Regs: esp: 12e530: edx[T]: 286: ss: 23: dl[T]: 286: dx[T]: 286: sp: 12e530: :Read Flags: :Read Memory: :
TID: 3:IP: 642915bc:Disasm pushad :IMG: C:\Program Files\DAEMON Tools Lite\Engine.dll:RTN: .text:Read Regs: edi: 12e534: esi: 643a7918: ebp: 12e620: esp: 12e52c: ebx: ff563c31: edx[T]: 286: ecx: 642895f4: eax: 43: ss: 23: al: 43: ah: 43: ax: 43: cl: 642895f4: ch: 642895f4: cx: 642895f4: dl[T]: 286: dh[T]: 286: dx[T]: 286: bl: ff563c31: bh: ff563c31: bx: ff563c31: bp: 12e620: si: 643a7918: di: 12e534: sp: 12e52c: :Read Flags: :Read Memory: :
TID: 3:IP: 64292aa2:Disasm rcr dh, cl:IMG: C:\Program Files\DAEMON Tools Lite\Engine.dll:RTN: .text:Read Regs: edx[T]: 286: ecx: 642895f4: eflags: 202: cl: 642895f4: cx: 642895f4: dh[T]: 286: dx[T]: 286: :Read Flags: 1:cf :Values:202:Read Memory: :
TID: 3:IP: 64292ab1:Disasm mov edx, dword ptr [ebp+0x4]:IMG: C:\Program Files\DAEMON Tools Lite\Engine.dll:RTN: .text:Read Regs: ebp: 12e620: ss: 23: bp: 12e620: :Read Flags: :Read Memory: 12e624 [T] 12e625 [T] 12e626 [T] 12e627 [T] :
TID: 3:IP: 64291a37:Disasm not edx:IMG: C:\Program Files\DAEMON Tools Lite\Engine.dll:RTN: .text:Read Regs: edx[T]: af5022d4: dl[T]: af5022d4: dh[T]: af5022d4: dx[T]: af5022d4: :Read Flags: :Read Memory: :
TID: 3:IP: 64291a3a:Disasm and eax, edx:IMG: C:\Program Files\DAEMON Tools Lite\Engine.dll:RTN: .text:Read Regs: edx[T]: 50afdd2b: eax: 408ec983: al: 408ec983: ah: 408ec983: ax: 408ec983: dl[T]: 50afdd2b: dh[T]: 50afdd2b: dx[T]: 50afdd2b: :Read Flags: :Read Memory: :
TID: 3:IP: 6428ab24:Disasm jp 0x6428b003:IMG: C:\Program Files\DAEMON Tools Lite\Engine.dll:RTN: .text:Read Regs: eflags[T]: 206: :Read Flags: 0:[T 4:pf ]:Values:206:Read Memory: :
TID: 3:IP: 6428b003:Disasm pushfd :IMG: C:\Program Files\DAEMON Tools Lite\Engine.dll:RTN: .text:Read Regs: esp: 12e534: ss: 23: eflags[T]: 206: sp: 12e534: :Read Flags: 3f7700:df vif iopl if ac vm rf nt tf id vip [T 8d5:of sf zf af pf cf ]:Values:206:Read Memory: :
TID: 3:IP: 64293c45:Disasm mov dword ptr [ebp+0x4], eax:IMG: C:\Program Files\DAEMON Tools Lite\Engine.dll:RTN: .text:Read Regs: ebp: 12e620: eax[T]: 408ec903: ss: 23: al[T]: 408ec903: ah[T]: 408ec903: ax[T]: 408ec903: bp: 12e620: :Read Flags: :Read Memory: :
TID: 3:IP: 64293c50:Disasm pushfd :IMG: C:\Program Files\DAEMON Tools Lite\Engine.dll:RTN: .text:Read Regs: esp: 12e528: ss: 23: eflags[T]: 206: sp: 12e528: :Read Flags: 3f7700:df vif iopl if ac vm rf nt tf id vip [T 8d5:of sf zf af pf cf ]:Values:206:Read Memory: :
TID: 3:IP: 64293c51:Disasm pop dword ptr [esp+0x8]:IMG: C:\Program Files\DAEMON Tools Lite\Engine.dll:RTN: .text:Read Regs: esp: 12e524: ss: 23: sp: 12e524: :Read Flags: :Read Memory: 12e524 [T] 12e525 [T] 12e526 [T] 12e527 [T] :
TID: 3:IP: 64293c5c:Disasm push dword ptr [esp+0x8]:IMG: C:\Program Files\DAEMON Tools Lite\Engine.dll:RTN: .text:Read Regs: esp: 12e528: ss: 23: sp: 12e528: :Read Flags: :Read Memory: 12e530 [T] 12e531 [T] 12e532 [T] 12e533 [T] :
TID: 3:IP: 64293c60:Disasm pop dword ptr [ebp]:IMG: C:\Program Files\DAEMON Tools Lite\Engine.dll:RTN: .text:Read Regs: ebp: 12e620: esp: 12e524: ss: 23: bp: 12e620: sp: 12e524: :Read Flags: :Read Memory: 12e524 [T] 12e525 [T] 12e526 [T] 12e527 [T] :
TID: 3:IP: 64293c63:Disasm pushad :IMG: C:\Program Files\DAEMON Tools Lite\Engine.dll:RTN: .text:Read Regs: edi: 12e534: esi: 643a7918: ebp: 12e620: esp: 12e528: ebx: ff563c31: edx[T]: 50afdd2b: ecx: 642895f4: eax[T]: 408ec903: ss: 23: al[T]: 408ec903: ah[T]: 408ec903: ax[T]: 408ec903: cl: 642895f4: ch: 642895f4: cx: 642895f4: dl[T]: 50afdd2b: dh[T]: 50afdd2b: dx[T]: 50afdd2b: bl: ff563c31: bh: ff563c31: bx: ff563c31: bp: 12e620: si: 643a7918: di: 12e534: sp: 12e528: :Read Flags: :Read Memory: :
TID: 3:IP: 64291548:Disasm sbb al, bh:IMG: C:\Program Files\DAEMON Tools Lite\Engine.dll:RTN: .text:Read Regs: ebx: ff563c31: eax[T]: 408ec903: eflags[T]: 206: al[T]: 408ec903: ax[T]: 408ec903: bh: ff563c31: bx: ff563c31: :Read Flags: 0:[T 1:cf ]:Values:206:Read Memory: :
TID: 3:IP: 6429154a:Disasm xchg ch, al:IMG: C:\Program Files\DAEMON Tools Lite\Engine.dll:RTN: .text:Read Regs: ecx: 642895f4: eax[T]: 408ec9c7: al[T]: 408ec9c7: ax[T]: 408ec9c7: ch: 642895f4: cx: 642895f4: :Read Flags: :Read Memory: :
TID: 3:IP: 6429154e:Disasm shr cl, 0x1:IMG: C:\Program Files\DAEMON Tools Lite\Engine.dll:RTN: .text:Read Regs: ecx[T]: 6428c7f4: cl: 6428c7f4: cx[T]: 6428c7f4: :Read Flags: :Read Memory: :
TID: 3:IP: 64291550:Disasm not ecx:IMG: C:\Program Files\DAEMON Tools Lite\Engine.dll:RTN: .text:Read Regs: ecx[T]: 6428c77a: cl[T]: 6428c77a: ch[T]: 6428c77a: cx[T]: 6428c77a: :Read Flags: :Read Memory: :
TID: 3:IP: 64291552:Disasm cmc :IMG: C:\Program Files\DAEMON Tools Lite\Engine.dll:RTN: .text:Read Regs: eflags[T]: a02: :Read Flags: 0:[T 1:cf ]:Values:a02:Read Memory: :
TID: 3:IP: 642915bc:Disasm pushad :IMG: C:\Program Files\DAEMON Tools Lite\Engine.dll:RTN: .text:Read Regs: edi: 12e534: esi: 643a7919: ebp: 12e620: esp: 12e52c: ebx: ff563c20: edx[T]: 50afdd2b: ecx: 6427ff80: eax: 11: ss: 23: al: 11: ah: 11: ax: 11: cl: 6427ff80: ch: 6427ff80: cx: 6427ff80: dl[T]: 50afdd2b: dh[T]: 50afdd2b: dx[T]: 50afdd2b: bl: ff563c20: bh: ff563c20: bx: ff563c20: bp: 12e620: si: 643a7919: di: 12e534: sp: 12e52c: :Read Flags: :Read Memory: :
TID: 3:IP: 6427ff82:Disasm sub dx, dx:IMG: C:\Program Files\DAEMON Tools Lite\Engine.dll:RTN: .text:Read Regs: edx[T]: 50afdd2b: dl[T]: 50afdd2b: dh[T]: 50afdd2b: dx[T]: 50afdd2b: :Read Flags: :Read Memory: :
TID: 3:IP: 6427ff85:Disasm rcl al, 0x5:IMG: C:\Program Files\DAEMON Tools Lite\Engine.dll:RTN: .text:Read Regs: eax: 11: eflags[T]: 246: al: 11: ax: 11: :Read Flags: 0:[T 1:cf ]:Values:246:Read Memory: :
TID: 3:IP: 6427ff91:Disasm shrd dx, bp, 0x5:IMG: C:\Program Files\DAEMON Tools Lite\Engine.dll:RTN: .text:Read Regs: ebp: 12e620: edx[T]: 50af0000: dl[T]: 50af0000: dh[T]: 50af0000: dx[T]: 50af0000: bp: 12e620: :Read Flags: :Read Memory: :
TID: 3:IP: 6427ff96:Disasm shld dx, cx, cl:IMG: C:\Program Files\DAEMON Tools Lite\Engine.dll:RTN: .text:Read Regs: edx[T]: 50af0000: ecx: 6427ff80: cl: 6427ff80: ch: 6427ff80: cx: 6427ff80: dl[T]: 50af0000: dh[T]: 50af0000: dx[T]: 50af0000: :Read Flags: :Read Memory: :
TID: 3:IP: 6427ffa1:Disasm dec dh:IMG: C:\Program Files\DAEMON Tools Lite\Engine.dll:RTN: .text:Read Regs: edx[T]: 50af0000: dh[T]: 50af0000: dx[T]: 50af0000: :Read Flags: :Read Memory: :
TID: 3:IP: 6427ffa3:Disasm btr dx, 0x1:IMG: C:\Program Files\DAEMON Tools Lite\Engine.dll:RTN: .text:Read Regs: edx[T]: 50afff00: dl[T]: 50afff00: dh[T]: 50afff00: dx[T]: 50afff00: :Read Flags: :Read Memory: :
TID: 3:IP: 6427ffaf:Disasm rol dl, cl:IMG: C:\Program Files\DAEMON Tools Lite\Engine.dll:RTN: .text:Read Regs: edx[T]: 50afff00: ecx: 6427ff80: cl: 6427ff80: cx: 6427ff80: dl[T]: 50afff00: dx[T]: 50afff00: :Read Flags: :Read Memory: :
TID: 3:IP: 6427ffbd:Disasm mov edx, dword ptr [ebp]:IMG: C:\Program Files\DAEMON Tools Lite\Engine.dll:RTN: .text:Read Regs: ebp: 12e620: ss: 23: bp: 12e620: :Read Flags: :Read Memory: 12e620 [T] 12e621 [T] 12e622 [T] 12e623 [T] :
TID: 3:IP: 6428a22f:Disasm test dl, dh:IMG: C:\Program Files\DAEMON Tools Lite\Engine.dll:RTN: .text:Read Regs: edx[T]: 206: dl[T]: 206: dh[T]: 206: dx[T]: 206: :Read Flags: :Read Memory: :
TID: 3:IP: 6428cc6f:Disasm mov dword ptr [eax+edi*1], edx:IMG: C:\Program Files\DAEMON Tools Lite\Engine.dll:RTN: .text:Read Regs: edi: 12e534: edx[T]: 206: eax: 4: ds: 23: al: 4: ah: 4: ax: 4: dl[T]: 206: dh[T]: 206: dx[T]: 206: di: 12e534: :Read Flags: :Read Memory: :
TID: 3:IP: 642915bc:Disasm pushad :IMG: C:\Program Files\DAEMON Tools Lite\Engine.dll:RTN: .text:Read Regs: edi: 12e534: esi: 643a791b: ebp: 12e624: esp: 12e52c: ebx: ff563cdc: edx[T]: 206: ecx: 64293cd6: eax: 48: ss: 23: al: 48: ah: 48: ax: 48: cl: 64293cd6: ch: 64293cd6: cx: 64293cd6: dl[T]: 206: dh[T]: 206: dx[T]: 206: bl: ff563cdc: bh: ff563cdc: bx: ff563cdc: bp: 12e624: si: 643a791b: di: 12e534: sp: 12e52c: :Read Flags: :Read Memory: :
TID: 3:IP: 64289264:Disasm btr dx, 0x9:IMG: C:\Program Files\DAEMON Tools Lite\Engine.dll:RTN: .text:Read Regs: edx[T]: 206: dl[T]: 206: dh[T]: 206: dx[T]: 206: :Read Flags: :Read Memory: :
TID: 3:IP: 64289a79:Disasm bswap dx:IMG: C:\Program Files\DAEMON Tools Lite\Engine.dll:RTN: .text:Read Regs: edx: 6: dl[T]: 6: dh: 6: dx: 6: :Read Flags: :Read Memory: :
TID: 3:IP: 64289aaa:Disasm mov edx, dword ptr [eax+edi*1]:IMG: C:\Program Files\DAEMON Tools Lite\Engine.dll:RTN: .text:Read Regs: edi: 12e534: eax: 14: ds: 23: al: 14: ah: 14: ax: 14: di: 12e534: :Read Flags: :Read Memory: 12e548 [T] 12e549 [T] 12e54a [T] 12e54b [T] :
TID: 3:IP: 64289ab3:Disasm mov dword ptr [ebp], edx:IMG: C:\Program Files\DAEMON Tools Lite\Engine.dll:RTN: .text:Read Regs: ebp: 12e620: edx[T]: 50afdd2b: ss: 23: dl[T]: 50afdd2b: dh[T]: 50afdd2b: dx[T]: 50afdd2b: bp: 12e620: :Read Flags: :Read Memory: :
TID: 3:IP: 64289560:Disasm mov byte ptr [esp], dl:IMG: C:\Program Files\DAEMON Tools Lite\Engine.dll:RTN: .text:Read Regs: esp: 12e530: edx[T]: 50afdd2b: ss: 23: dl[T]: 50afdd2b: dx[T]: 50afdd2b: sp: 12e530: :Read Flags: :Read Memory: :
TID: 3:IP: 642915bc:Disasm pushad :IMG: C:\Program Files\DAEMON Tools Lite\Engine.dll:RTN: .text:Read Regs: edi: 12e534: esi: 643a791d: ebp: 12e620: esp: 12e52c: ebx: ff563c20: edx[T]: 50afdd2b: ecx: 64293bae: eax: a8: ss: 23: al: a8: ah: a8: ax: a8: cl: 64293bae: ch: 64293bae: cx: 64293bae: dl[T]: 50afdd2b: dh[T]: 50afdd2b: dx[T]: 50afdd2b: bl: ff563c20: bh: ff563c20: bx: ff563c20: bp: 12e620: si: 643a791d: di: 12e534: sp: 12e52c: :Read Flags: :Read Memory: :
TID: 3:IP: 64293bb9:Disasm test dh, ch:IMG: C:\Program Files\DAEMON Tools Lite\Engine.dll:RTN: .text:Read Regs: edx[T]: 50afdd2b: ecx: 64293bae: ch: 64293bae: cx: 64293bae: dh[T]: 50afdd2b: dx[T]: 50afdd2b: :Read Flags: :Read Memory: :
TID: 3:IP: 64293bbb:Disasm test dx, sp:IMG: C:\Program Files\DAEMON Tools Lite\Engine.dll:RTN: .text:Read Regs: esp: 12e534: edx[T]: 50afdd2b: dl[T]: 50afdd2b: dh[T]: 50afdd2b: dx[T]: 50afdd2b: sp: 12e534: :Read Flags: :Read Memory: :
TID: 3:IP: 64293bbe:Disasm pushfd :IMG: C:\Program Files\DAEMON Tools Lite\Engine.dll:RTN: .text:Read Regs: esp: 12e534: ss: 23: eflags[T]: 282: sp: 12e534: :Read Flags: 3f7700:df vif iopl if ac vm rf nt tf id vip [T 8d5:of sf zf af pf cf ]:Values:282:Read Memory: :
TID: 3:IP: 64293bc1:Disasm pushad :IMG: C:\Program Files\DAEMON Tools Lite\Engine.dll:RTN: .text:Read Regs: edi: 12e534: esi: 643a791d: ebp: 12e620: esp: 12e530: ebx: ff563c20: edx[T]: 50afdd2b: ecx: 64293bae: eax: 4c42c3db: ss: 23: al: 4c42c3db: ah: 4c42c3db: ax: 4c42c3db: cl: 64293bae: ch: 64293bae: cx: 64293bae: dl[T]: 50afdd2b: dh[T]: 50afdd2b: dx[T]: 50afdd2b: bl: ff563c20: bh: ff563c20: bx: ff563c20: bp: 12e620: si: 643a791d: di: 12e534: sp: 12e530: :Read Flags: :Read Memory: :
TID: 3:IP: 64289481:Disasm mov word ptr [esp], dx:IMG: C:\Program Files\DAEMON Tools Lite\Engine.dll:RTN: .text:Read Regs: esp: 12e4f8: edx[T]: 50afdd2b: ss: 23: dl[T]: 50afdd2b: dh[T]: 50afdd2b: dx[T]: 50afdd2b: sp: 12e4f8: :Read Flags: :Read Memory: :
TID: 3:IP: 64289560:Disasm mov byte ptr [esp], dl:IMG: C:\Program Files\DAEMON Tools Lite\Engine.dll:RTN: .text:Read Regs: esp: 12e530: edx[T]: 50afdd2b: ss: 23: dl[T]: 50afdd2b: dx[T]: 50afdd2b: sp: 12e530: :Read Flags: :Read Memory: :
TID: 3:IP: 642915bc:Disasm pushad :IMG: C:\Program Files\DAEMON Tools Lite\Engine.dll:RTN: .text:Read Regs: edi: 12e534: esi: 643a7922: ebp: 12e61c: esp: 12e52c: ebx: 3fe50529: edx[T]: 50afdd2b: ecx: 642895f4: eax: 7a: ss: 23: al: 7a: ah: 7a: ax: 7a: cl: 642895f4: ch: 642895f4: cx: 642895f4: dl[T]: 50afdd2b: dh[T]: 50afdd2b: dx[T]: 50afdd2b: bl: 3fe50529: bh: 3fe50529: bx: 3fe50529: bp: 12e61c: si: 643a7922: di: 12e534: sp: 12e52c: :Read Flags: :Read Memory: :
TID: 3:IP: 64292aa2:Disasm rcr dh, cl:IMG: C:\Program Files\DAEMON Tools Lite\Engine.dll:RTN: .text:Read Regs: edx[T]: 50afdd2b: ecx: 642895f4: eflags: 202: cl: 642895f4: cx: 642895f4: dh[T]: 50afdd2b: dx[T]: 50afdd2b: :Read Flags: 1:cf :Values:202:Read Memory: :
TID: 3:IP: 64292ab1:Disasm mov edx, dword ptr [ebp+0x4]:IMG: C:\Program Files\DAEMON Tools Lite\Engine.dll:RTN: .text:Read Regs: ebp: 12e61c: ss: 23: bp: 12e61c: :Read Flags: :Read Memory: 12e620 [T] 12e621 [T] 12e622 [T] 12e623 [T] :
TID: 3:IP: 64291a37:Disasm not edx:IMG: C:\Program Files\DAEMON Tools Lite\Engine.dll:RTN: .text:Read Regs: edx[T]: 50afdd2b: dl[T]: 50afdd2b: dh[T]: 50afdd2b: dx[T]: 50afdd2b: :Read Flags: :Read Memory: :
TID: 3:IP: 64291a3a:Disasm and eax, edx:IMG: C:\Program Files\DAEMON Tools Lite\Engine.dll:RTN: .text:Read Regs: edx[T]: af5022d4: eax: bf71367c: al: bf71367c: ah: bf71367c: ax: bf71367c: dl[T]: af5022d4: dh[T]: af5022d4: dx[T]: af5022d4: :Read Flags: :Read Memory: :
TID: 3:IP: 6428ab24:Disasm jp 0x6428b003:IMG: C:\Program Files\DAEMON Tools Lite\Engine.dll:RTN: .text:Read Regs: eflags[T]: 282: :Read Flags: 0:[T 4:pf ]:Values:282:Read Memory: :
TID: 3:IP: 6428ab2a:Disasm pushfd :IMG: C:\Program Files\DAEMON Tools Lite\Engine.dll:RTN: .text:Read Regs: esp: 12e534: ss: 23: eflags[T]: 282: sp: 12e534: :Read Flags: 3f7700:df vif iopl if ac vm rf nt tf id vip [T 8d5:of sf zf af pf cf ]:Values:282:Read Memory: :
TID: 3:IP: 6428ab2b:Disasm pushad :IMG: C:\Program Files\DAEMON Tools Lite\Engine.dll:RTN: .text:Read Regs: edi: 12e534: esi: 643a7922: ebp: 12e61c: esp: 12e530: ebx: 3fe50529: edx[T]: af5022d4: ecx: 642895f4: eax[T]: af502254: ss: 23: al[T]: af502254: ah[T]: af502254: ax[T]: af502254: cl: 642895f4: ch: 642895f4: cx: 642895f4: dl[T]: af5022d4: dh[T]: af5022d4: dx[T]: af5022d4: bl: 3fe50529: bh: 3fe50529: bx: 3fe50529: bp: 12e61c: si: 643a7922: di: 12e534: sp: 12e530: :Read Flags: :Read Memory: :
TID: 3:IP: 6428ab2c:Disasm mov dword ptr [ebp+0x4], eax:IMG: C:\Program Files\DAEMON Tools Lite\Engine.dll:RTN: .text:Read Regs: ebp: 12e61c: eax[T]: af502254: ss: 23: al[T]: af502254: ah[T]: af502254: ax[T]: af502254: bp: 12e61c: :Read Flags: :Read Memory: :
TID: 3:IP: 6428ab2f:Disasm pushad :IMG: C:\Program Files\DAEMON Tools Lite\Engine.dll:RTN: .text:Read Regs: edi: 12e534: esi: 643a7922: ebp: 12e61c: esp: 12e510: ebx: 3fe50529: edx[T]: af5022d4: ecx: 642895f4: eax[T]: af502254: ss: 23: al[T]: af502254: ah[T]: af502254: ax[T]: af502254: cl: 642895f4: ch: 642895f4: cx: 642895f4: dl[T]: af5022d4: dh[T]: af5022d4: dx[T]: af5022d4: bl: 3fe50529: bh: 3fe50529: bx: 3fe50529: bp: 12e61c: si: 643a7922: di: 12e534: sp: 12e510: :Read Flags: :Read Memory: :
TID: 3:IP: 64289568:Disasm pushfd :IMG: C:\Program Files\DAEMON Tools Lite\Engine.dll:RTN: .text:Read Regs: esp: 12e4f0: ss: 23: eflags[T]: 282: sp: 12e4f0: :Read Flags: 3f7700:df vif iopl if ac vm rf nt tf id vip [T 8d5:of sf zf af pf cf ]:Values:282:Read Memory: :
TID: 3:IP: 64289569:Disasm pop dword ptr [esp+0x40]:IMG: C:\Program Files\DAEMON Tools Lite\Engine.dll:RTN: .text:Read Regs: esp: 12e4ec: ss: 23: sp: 12e4ec: :Read Flags: :Read Memory: 12e4ec [T] 12e4ed [T] 12e4ee [T] 12e4ef [T] :
TID: 3:IP: 6429251b:Disasm push dword ptr [esp+0x48]:IMG: C:\Program Files\DAEMON Tools Lite\Engine.dll:RTN: .text:Read Regs: esp: 12e4e8: ss: 23: sp: 12e4e8: :Read Flags: :Read Memory: 12e530 [T] 12e531 [T] 12e532 [T] 12e533 [T] :
TID: 3:IP: 6429251f:Disasm pop dword ptr [ebp]:IMG: C:\Program Files\DAEMON Tools Lite\Engine.dll:RTN: .text:Read Regs: ebp: 12e61c: esp: 12e4e4: ss: 23: bp: 12e61c: sp: 12e4e4: :Read Flags: :Read Memory: 12e4e4 [T] 12e4e5 [T] 12e4e6 [T] 12e4e7 [T] :
TID: 3:IP: 64292522:Disasm mov byte ptr [esp], al:IMG: C:\Program Files\DAEMON Tools Lite\Engine.dll:RTN: .text:Read Regs: esp: 12e4e8: eax[T]: af502254: ss: 23: al[T]: af502254: ax[T]: af502254: sp: 12e4e8: :Read Flags: :Read Memory: :
TID: 3:IP: 64292525:Disasm pushfd :IMG: C:\Program Files\DAEMON Tools Lite\Engine.dll:RTN: .text:Read Regs: esp: 12e4e8: ss: 23: eflags[T]: 282: sp: 12e4e8: :Read Flags: 3f7700:df vif iopl if ac vm rf nt tf id vip [T 8d5:of sf zf af pf cf ]:Values:282:Read Memory: :
TID: 3:IP: 64291548:Disasm sbb al, bh:IMG: C:\Program Files\DAEMON Tools Lite\Engine.dll:RTN: .text:Read Regs: ebx: 3fe50529: eax[T]: af502254: eflags[T]: 282: al[T]: af502254: ax[T]: af502254: bh: 3fe50529: bx: 3fe50529: :Read Flags: 0:[T 1:cf ]:Values:282:Read Memory: :
TID: 3:IP: 6429154a:Disasm xchg ch, al:IMG: C:\Program Files\DAEMON Tools Lite\Engine.dll:RTN: .text:Read Regs: ecx: 642895f4: eax[T]: af50224f: al[T]: af50224f: ax[T]: af50224f: ch: 642895f4: cx: 642895f4: :Read Flags: :Read Memory: :
TID: 3:IP: 6429154e:Disasm shr cl, 0x1:IMG: C:\Program Files\DAEMON Tools Lite\Engine.dll:RTN: .text:Read Regs: ecx[T]: 64284ff4: cl: 64284ff4: cx[T]: 64284ff4: :Read Flags: :Read Memory: :
TID: 3:IP: 64291550:Disasm not ecx:IMG: C:\Program Files\DAEMON Tools Lite\Engine.dll:RTN: .text:Read Regs: ecx[T]: 64284f7a: cl[T]: 64284f7a: ch[T]: 64284f7a: cx[T]: 64284f7a: :Read Flags: :Read Memory: :
TID: 3:IP: 64291552:Disasm cmc :IMG: C:\Program Files\DAEMON Tools Lite\Engine.dll:RTN: .text:Read Regs: eflags[T]: a02: :Read Flags: 0:[T 1:cf ]:Values:a02:Read Memory: :
TID: 3:IP: 642915bc:Disasm pushad :IMG: C:\Program Files\DAEMON Tools Lite\Engine.dll:RTN: .text:Read Regs: edi: 12e534: esi: 643a7923: ebp: 12e61c: esp: 12e52c: ebx: 3fe50518: edx[T]: af5022d4: ecx: 6427ff80: eax: 11: ss: 23: al: 11: ah: 11: ax: 11: cl: 6427ff80: ch: 6427ff80: cx: 6427ff80: dl[T]: af5022d4: dh[T]: af5022d4: dx[T]: af5022d4: bl: 3fe50518: bh: 3fe50518: bx: 3fe50518: bp: 12e61c: si: 643a7923: di: 12e534: sp: 12e52c: :Read Flags: :Read Memory: :
TID: 3:IP: 6427ff82:Disasm sub dx, dx:IMG: C:\Program Files\DAEMON Tools Lite\Engine.dll:RTN: .text:Read Regs: edx[T]: af5022d4: dl[T]: af5022d4: dh[T]: af5022d4: dx[T]: af5022d4: :Read Flags: :Read Memory: :
TID: 3:IP: 6427ff85:Disasm rcl al, 0x5:IMG: C:\Program Files\DAEMON Tools Lite\Engine.dll:RTN: .text:Read Regs: eax: 11: eflags[T]: 246: al: 11: ax: 11: :Read Flags: 0:[T 1:cf ]:Values:246:Read Memory: :
TID: 3:IP: 6427ff91:Disasm shrd dx, bp, 0x5:IMG: C:\Program Files\DAEMON Tools Lite\Engine.dll:RTN: .text:Read Regs: ebp: 12e61c: edx[T]: af500000: dl[T]: af500000: dh[T]: af500000: dx[T]: af500000: bp: 12e61c: :Read Flags: :Read Memory: :
TID: 3:IP: 6427ff96:Disasm shld dx, cx, cl:IMG: C:\Program Files\DAEMON Tools Lite\Engine.dll:RTN: .text:Read Regs: edx[T]: af50e000: ecx: 6427ff80: cl: 6427ff80: ch: 6427ff80: cx: 6427ff80: dl[T]: af50e000: dh[T]: af50e000: dx[T]: af50e000: :Read Flags: :Read Memory: :
TID: 3:IP: 6427ffa1:Disasm dec dh:IMG: C:\Program Files\DAEMON Tools Lite\Engine.dll:RTN: .text:Read Regs: edx[T]: af50e000: dh[T]: af50e000: dx[T]: af50e000: :Read Flags: :Read Memory: :
TID: 3:IP: 6427ffa3:Disasm btr dx, 0x1:IMG: C:\Program Files\DAEMON Tools Lite\Engine.dll:RTN: .text:Read Regs: edx[T]: af50df00: dl[T]: af50df00: dh[T]: af50df00: dx[T]: af50df00: :Read Flags: :Read Memory: :
TID: 3:IP: 6427ffaf:Disasm rol dl, cl:IMG: C:\Program Files\DAEMON Tools Lite\Engine.dll:RTN: .text:Read Regs: edx[T]: af50df00: ecx: 6427ff80: cl: 6427ff80: cx: 6427ff80: dl[T]: af50df00: dx[T]: af50df00: :Read Flags: :Read Memory: :
TID: 3:IP: 6427ffbd:Disasm mov edx, dword ptr [ebp]:IMG: C:\Program Files\DAEMON Tools Lite\Engine.dll:RTN: .text:Read Regs: ebp: 12e61c: ss: 23: bp: 12e61c: :Read Flags: :Read Memory: 12e61c [T] 12e61d [T] 12e61e [T] 12e61f [T] :
TID: 3:IP: 6428a22f:Disasm test dl, dh:IMG: C:\Program Files\DAEMON Tools Lite\Engine.dll:RTN: .text:Read Regs: edx[T]: 282: dl[T]: 282: dh[T]: 282: dx[T]: 282: :Read Flags: :Read Memory: :
TID: 3:IP: 6428cc6f:Disasm mov dword ptr [eax+edi*1], edx:IMG: C:\Program Files\DAEMON Tools Lite\Engine.dll:RTN: .text:Read Regs: edi: 12e534: edx[T]: 282: eax: 3c: ds: 23: al: 3c: ah: 3c: ax: 3c: dl[T]: 282: dh[T]: 282: dx[T]: 282: di: 12e534: :Read Flags: :Read Memory: :
TID: 3:IP: 642915bc:Disasm pushad :IMG: C:\Program Files\DAEMON Tools Lite\Engine.dll:RTN: .text:Read Regs: edi: 12e534: esi: 643a7925: ebp: 12e620: esp: 12e52c: ebx: 3fe505aa: edx[T]: 282: ecx: 642895f4: eax: 7a: ss: 23: al: 7a: ah: 7a: ax: 7a: cl: 642895f4: ch: 642895f4: cx: 642895f4: dl[T]: 282: dh[T]: 282: dx[T]: 282: bl: 3fe505aa: bh: 3fe505aa: bx: 3fe505aa: bp: 12e620: si: 643a7925: di: 12e534: sp: 12e52c: :Read Flags: :Read Memory: :
TID: 3:IP: 64292aa2:Disasm rcr dh, cl:IMG: C:\Program Files\DAEMON Tools Lite\Engine.dll:RTN: .text:Read Regs: edx[T]: 282: ecx: 642895f4: eflags: 202: cl: 642895f4: cx: 642895f4: dh[T]: 282: dx[T]: 282: :Read Flags: 1:cf :Values:202:Read Memory: :
TID: 3:IP: 64292aa4:Disasm mov eax, dword ptr [ebp]:IMG: C:\Program Files\DAEMON Tools Lite\Engine.dll:RTN: .text:Read Regs: ebp: 12e620: ss: 23: bp: 12e620: :Read Flags: :Read Memory: 12e620 [T] 12e621 [T] 12e622 [T] 12e623 [T] :
TID: 3:IP: 64292ab1:Disasm mov edx, dword ptr [ebp+0x4]:IMG: C:\Program Files\DAEMON Tools Lite\Engine.dll:RTN: .text:Read Regs: ebp: 12e620: ss: 23: bp: 12e620: :Read Flags: :Read Memory: 12e624 [T] 12e625 [T] 12e626 [T] 12e627 [T] :
TID: 3:IP: 64292ac1:Disasm not eax:IMG: C:\Program Files\DAEMON Tools Lite\Engine.dll:RTN: .text:Read Regs: eax[T]: af502254: al[T]: af502254: ah[T]: af502254: ax[T]: af502254: :Read Flags: :Read Memory: :
TID: 3:IP: 64291a37:Disasm not edx:IMG: C:\Program Files\DAEMON Tools Lite\Engine.dll:RTN: .text:Read Regs: edx[T]: 408ec903: dl[T]: 408ec903: dh[T]: 408ec903: dx[T]: 408ec903: :Read Flags: :Read Memory: :
TID: 3:IP: 64291a3a:Disasm and eax, edx:IMG: C:\Program Files\DAEMON Tools Lite\Engine.dll:RTN: .text:Read Regs: edx[T]: bf7136fc: eax[T]: 50afddab: al[T]: 50afddab: ah[T]: 50afddab: ax[T]: 50afddab: dl[T]: bf7136fc: dh[T]: bf7136fc: dx[T]: bf7136fc: :Read Flags: :Read Memory: :
TID: 3:IP: 6428ab24:Disasm jp 0x6428b003:IMG: C:\Program Files\DAEMON Tools Lite\Engine.dll:RTN: .text:Read Regs: eflags[T]: 202: :Read Flags: 0:[T 4:pf ]:Values:202:Read Memory: :
TID: 3:IP: 6428ab2a:Disasm pushfd :IMG: C:\Program Files\DAEMON Tools Lite\Engine.dll:RTN: .text:Read Regs: esp: 12e534: ss: 23: eflags[T]: 202: sp: 12e534: :Read Flags: 3f7700:df vif iopl if ac vm rf nt tf id vip [T 8d5:of sf zf af pf cf ]:Values:202:Read Memory: :
TID: 3:IP: 6428ab2b:Disasm pushad :IMG: C:\Program Files\DAEMON Tools Lite\Engine.dll:RTN: .text:Read Regs: edi: 12e534: esi: 643a7925: ebp: 12e620: esp: 12e530: ebx: 3fe505aa: edx[T]: bf7136fc: ecx: 642895f4: eax[T]: 102114a8: ss: 23: al[T]: 102114a8: ah[T]: 102114a8: ax[T]: 102114a8: cl: 642895f4: ch: 642895f4: cx: 642895f4: dl[T]: bf7136fc: dh[T]: bf7136fc: dx[T]: bf7136fc: bl: 3fe505aa: bh: 3fe505aa: bx: 3fe505aa: bp: 12e620: si: 643a7925: di: 12e534: sp: 12e530: :Read Flags: :Read Memory: :
TID: 3:IP: 6428ab2c:Disasm mov dword ptr [ebp+0x4], eax:IMG: C:\Program Files\DAEMON Tools Lite\Engine.dll:RTN: .text:Read Regs: ebp: 12e620: eax[T]: 102114a8: ss: 23: al[T]: 102114a8: ah[T]: 102114a8: ax[T]: 102114a8: bp: 12e620: :Read Flags: :Read Memory: :
TID: 3:IP: 6428ab2f:Disasm pushad :IMG: C:\Program Files\DAEMON Tools Lite\Engine.dll:RTN: .text:Read Regs: edi: 12e534: esi: 643a7925: ebp: 12e620: esp: 12e510: ebx: 3fe505aa: edx[T]: bf7136fc: ecx: 642895f4: eax[T]: 102114a8: ss: 23: al[T]: 102114a8: ah[T]: 102114a8: ax[T]: 102114a8: cl: 642895f4: ch: 642895f4: cx: 642895f4: dl[T]: bf7136fc: dh[T]: bf7136fc: dx[T]: bf7136fc: bl: 3fe505aa: bh: 3fe505aa: bx: 3fe505aa: bp: 12e620: si: 643a7925: di: 12e534: sp: 12e510: :Read Flags: :Read Memory: :
TID: 3:IP: 64289568:Disasm pushfd :IMG: C:\Program Files\DAEMON Tools Lite\Engine.dll:RTN: .text:Read Regs: esp: 12e4f0: ss: 23: eflags[T]: 202: sp: 12e4f0: :Read Flags: 3f7700:df vif iopl if ac vm rf nt tf id vip [T 8d5:of sf zf af pf cf ]:Values:202:Read Memory: :
TID: 3:IP: 64289569:Disasm pop dword ptr [esp+0x40]:IMG: C:\Program Files\DAEMON Tools Lite\Engine.dll:RTN: .text:Read Regs: esp: 12e4ec: ss: 23: sp: 12e4ec: :Read Flags: :Read Memory: 12e4ec [T] 12e4ed [T] 12e4ee [T] 12e4ef [T] :
TID: 3:IP: 6429251b:Disasm push dword ptr [esp+0x48]:IMG: C:\Program Files\DAEMON Tools Lite\Engine.dll:RTN: .text:Read Regs: esp: 12e4e8: ss: 23: sp: 12e4e8: :Read Flags: :Read Memory: 12e530 [T] 12e531 [T] 12e532 [T] 12e533 [T] :
TID: 3:IP: 6429251f:Disasm pop dword ptr [ebp]:IMG: C:\Program Files\DAEMON Tools Lite\Engine.dll:RTN: .text:Read Regs: ebp: 12e620: esp: 12e4e4: ss: 23: bp: 12e620: sp: 12e4e4: :Read Flags: :Read Memory: 12e4e4 [T] 12e4e5 [T] 12e4e6 [T] 12e4e7 [T] :
TID: 3:IP: 64292522:Disasm mov byte ptr [esp], al:IMG: C:\Program Files\DAEMON Tools Lite\Engine.dll:RTN: .text:Read Regs: esp: 12e4e8: eax[T]: 102114a8: ss: 23: al[T]: 102114a8: ax[T]: 102114a8: sp: 12e4e8: :Read Flags: :Read Memory: :
TID: 3:IP: 64292525:Disasm pushfd :IMG: C:\Program Files\DAEMON Tools Lite\Engine.dll:RTN: .text:Read Regs: esp: 12e4e8: ss: 23: eflags[T]: 202: sp: 12e4e8: :Read Flags: 3f7700:df vif iopl if ac vm rf nt tf id vip [T 8d5:of sf zf af pf cf ]:Values:202:Read Memory: :
TID: 3:IP: 64291548:Disasm sbb al, bh:IMG: C:\Program Files\DAEMON Tools Lite\Engine.dll:RTN: .text:Read Regs: ebx: 3fe505aa: eax[T]: 102114a8: eflags[T]: 202: al[T]: 102114a8: ax[T]: 102114a8: bh: 3fe505aa: bx: 3fe505aa: :Read Flags: 0:[T 1:cf ]:Values:202:Read Memory: :
TID: 3:IP: 6429154a:Disasm xchg ch, al:IMG: C:\Program Files\DAEMON Tools Lite\Engine.dll:RTN: .text:Read Regs: ecx: 642895f4: eax[T]: 102114a3: al[T]: 102114a3: ax[T]: 102114a3: ch: 642895f4: cx: 642895f4: :Read Flags: :Read Memory: :
TID: 3:IP: 6429154e:Disasm shr cl, 0x1:IMG: C:\Program Files\DAEMON Tools Lite\Engine.dll:RTN: .text:Read Regs: ecx[T]: 6428a3f4: cl: 6428a3f4: cx[T]: 6428a3f4: :Read Flags: :Read Memory: :
TID: 3:IP: 64291550:Disasm not ecx:IMG: C:\Program Files\DAEMON Tools Lite\Engine.dll:RTN: .text:Read Regs: ecx[T]: 6428a37a: cl[T]: 6428a37a: ch[T]: 6428a37a: cx[T]: 6428a37a: :Read Flags: :Read Memory: :
TID: 3:IP: 64291552:Disasm cmc :IMG: C:\Program Files\DAEMON Tools Lite\Engine.dll:RTN: .text:Read Regs: eflags[T]: a02: :Read Flags: 0:[T 1:cf ]:Values:a02:Read Memory: :
TID: 3:IP: 642915bc:Disasm pushad :IMG: C:\Program Files\DAEMON Tools Lite\Engine.dll:RTN: .text:Read Regs: edi: 12e534: esi: 643a7926: ebp: 12e620: esp: 12e52c: ebx: 3fe505ab: edx[T]: bf7136fc: ecx: 6427ff80: eax: ff: ss: 23: al: ff: ah: ff: ax: ff: cl: 6427ff80: ch: 6427ff80: cx: 6427ff80: dl[T]: bf7136fc: dh[T]: bf7136fc: dx[T]: bf7136fc: bl: 3fe505ab: bh: 3fe505ab: bx: 3fe505ab: bp: 12e620: si: 643a7926: di: 12e534: sp: 12e52c: :Read Flags: :Read Memory: :
TID: 3:IP: 6427ff82:Disasm sub dx, dx:IMG: C:\Program Files\DAEMON Tools Lite\Engine.dll:RTN: .text:Read Regs: edx[T]: bf7136fc: dl[T]: bf7136fc: dh[T]: bf7136fc: dx[T]: bf7136fc: :Read Flags: :Read Memory: :
TID: 3:IP: 6427ff85:Disasm rcl al, 0x5:IMG: C:\Program Files\DAEMON Tools Lite\Engine.dll:RTN: .text:Read Regs: eax: ff: eflags[T]: 246: al: ff: ax: ff: :Read Flags: 0:[T 1:cf ]:Values:246:Read Memory: :
TID: 3:IP: 6427ff91:Disasm shrd dx, bp, 0x5:IMG: C:\Program Files\DAEMON Tools Lite\Engine.dll:RTN: .text:Read Regs: ebp: 12e620: edx[T]: bf710000: dl[T]: bf710000: dh[T]: bf710000: dx[T]: bf710000: bp: 12e620: :Read Flags: :Read Memory: :
TID: 3:IP: 6427ff96:Disasm shld dx, cx, cl:IMG: C:\Program Files\DAEMON Tools Lite\Engine.dll:RTN: .text:Read Regs: edx[T]: bf710000: ecx: 6427ff80: cl: 6427ff80: ch: 6427ff80: cx: 6427ff80: dl[T]: bf710000: dh[T]: bf710000: dx[T]: bf710000: :Read Flags: :Read Memory: :
TID: 3:IP: 6427ffa1:Disasm dec dh:IMG: C:\Program Files\DAEMON Tools Lite\Engine.dll:RTN: .text:Read Regs: edx[T]: bf710000: dh[T]: bf710000: dx[T]: bf710000: :Read Flags: :Read Memory: :
TID: 3:IP: 6427ffa3:Disasm btr dx, 0x1:IMG: C:\Program Files\DAEMON Tools Lite\Engine.dll:RTN: .text:Read Regs: edx[T]: bf71ff00: dl[T]: bf71ff00: dh[T]: bf71ff00: dx[T]: bf71ff00: :Read Flags: :Read Memory: :
TID: 3:IP: 6427ffaf:Disasm rol dl, cl:IMG: C:\Program Files\DAEMON Tools Lite\Engine.dll:RTN: .text:Read Regs: edx[T]: bf71ff00: ecx: 6427ff80: cl: 6427ff80: cx: 6427ff80: dl[T]: bf71ff00: dx[T]: bf71ff00: :Read Flags: :Read Memory: :
TID: 3:IP: 6427ffbd:Disasm mov edx, dword ptr [ebp]:IMG: C:\Program Files\DAEMON Tools Lite\Engine.dll:RTN: .text:Read Regs: ebp: 12e620: ss: 23: bp: 12e620: :Read Flags: :Read Memory: 12e620 [T] 12e621 [T] 12e622 [T] 12e623 [T] :
TID: 3:IP: 6428a22f:Disasm test dl, dh:IMG: C:\Program Files\DAEMON Tools Lite\Engine.dll:RTN: .text:Read Regs: edx[T]: 202: dl[T]: 202: dh[T]: 202: dx[T]: 202: :Read Flags: :Read Memory: :
TID: 3:IP: 6428cc6f:Disasm mov dword ptr [eax+edi*1], edx:IMG: C:\Program Files\DAEMON Tools Lite\Engine.dll:RTN: .text:Read Regs: edi: 12e534: edx[T]: 202: eax: 3c: ds: 23: al: 3c: ah: 3c: ax: 3c: dl[T]: 202: dh[T]: 202: dx[T]: 202: di: 12e534: :Read Flags: :Read Memory: :
TID: 3:IP: 642915bc:Disasm pushad :IMG: C:\Program Files\DAEMON Tools Lite\Engine.dll:RTN: .text:Read Regs: edi: 12e534: esi: 643a7928: ebp: 12e624: esp: 12e52c: ebx: 3fe50586: edx[T]: 202: ecx: 6427ff80: eax: 11: ss: 23: al: 11: ah: 11: ax: 11: cl: 6427ff80: ch: 6427ff80: cx: 6427ff80: dl[T]: 202: dh[T]: 202: dx[T]: 202: bl: 3fe50586: bh: 3fe50586: bx: 3fe50586: bp: 12e624: si: 643a7928: di: 12e534: sp: 12e52c: :Read Flags: :Read Memory: :
TID: 3:IP: 6427ff82:Disasm sub dx, dx:IMG: C:\Program Files\DAEMON Tools Lite\Engine.dll:RTN: .text:Read Regs: edx[T]: 202: dl[T]: 202: dh[T]: 202: dx[T]: 202: :Read Flags: :Read Memory: :
TID: 3:IP: 6427ff85:Disasm rcl al, 0x5:IMG: C:\Program Files\DAEMON Tools Lite\Engine.dll:RTN: .text:Read Regs: eax: 11: eflags[T]: 246: al: 11: ax: 11: :Read Flags: 0:[T 1:cf ]:Values:246:Read Memory: :
TID: 3:IP: 6427ff91:Disasm shrd dx, bp, 0x5:IMG: C:\Program Files\DAEMON Tools Lite\Engine.dll:RTN: .text:Read Regs: ebp: 12e624: edx[T]: 0: dl[T]: 0: dh[T]: 0: dx[T]: 0: bp: 12e624: :Read Flags: :Read Memory: :
TID: 3:IP: 6427ff96:Disasm shld dx, cx, cl:IMG: C:\Program Files\DAEMON Tools Lite\Engine.dll:RTN: .text:Read Regs: edx[T]: 2000: ecx: 6427ff80: cl: 6427ff80: ch: 6427ff80: cx: 6427ff80: dl[T]: 2000: dh[T]: 2000: dx[T]: 2000: :Read Flags: :Read Memory: :
TID: 3:IP: 6427ffa1:Disasm dec dh:IMG: C:\Program Files\DAEMON Tools Lite\Engine.dll:RTN: .text:Read Regs: edx[T]: 2000: dh[T]: 2000: dx[T]: 2000: :Read Flags: :Read Memory: :
TID: 3:IP: 6427ffa3:Disasm btr dx, 0x1:IMG: C:\Program Files\DAEMON Tools Lite\Engine.dll:RTN: .text:Read Regs: edx[T]: 1f00: dl[T]: 1f00: dh[T]: 1f00: dx[T]: 1f00: :Read Flags: :Read Memory: :
TID: 3:IP: 6427ffaf:Disasm rol dl, cl:IMG: C:\Program Files\DAEMON Tools Lite\Engine.dll:RTN: .text:Read Regs: edx[T]: 1f00: ecx: 6427ff80: cl: 6427ff80: cx: 6427ff80: dl[T]: 1f00: dx[T]: 1f00: :Read Flags: :Read Memory: :
TID: 3:IP: 6427ffbd:Disasm mov edx, dword ptr [ebp]:IMG: C:\Program Files\DAEMON Tools Lite\Engine.dll:RTN: .text:Read Regs: ebp: 12e624: ss: 23: bp: 12e624: :Read Flags: :Read Memory: 12e624 [T] 12e625 [T] 12e626 [T] 12e627 [T] :
TID: 3:IP: 6428a22f:Disasm test dl, dh:IMG: C:\Program Files\DAEMON Tools Lite\Engine.dll:RTN: .text:Read Regs: edx[T]: 102114a8: dl[T]: 102114a8: dh[T]: 102114a8: dx[T]: 102114a8: :Read Flags: :Read Memory: :
TID: 3:IP: 6428cc6f:Disasm mov dword ptr [eax+edi*1], edx:IMG: C:\Program Files\DAEMON Tools Lite\Engine.dll:RTN: .text:Read Regs: edi: 12e534: edx[T]: 102114a8: eax: 4: ds: 23: al: 4: ah: 4: ax: 4: dl[T]: 102114a8: dh[T]: 102114a8: dx[T]: 102114a8: di: 12e534: :Read Flags: :Read Memory: :
TID: 3:IP: 642915bc:Disasm pushad :IMG: C:\Program Files\DAEMON Tools Lite\Engine.dll:RTN: .text:Read Regs: edi: 12e534: esi: 643a792a: ebp: 12e628: esp: 12e52c: ebx: 3fe5053a: edx[T]: 102114a8: ecx: 64293cd6: eax: 48: ss: 23: al: 48: ah: 48: ax: 48: cl: 64293cd6: ch: 64293cd6: cx: 64293cd6: dl[T]: 102114a8: dh[T]: 102114a8: dx[T]: 102114a8: bl: 3fe5053a: bh: 3fe5053a: bx: 3fe5053a: bp: 12e628: si: 643a792a: di: 12e534: sp: 12e52c: :Read Flags: :Read Memory: :
TID: 3:IP: 64289264:Disasm btr dx, 0x9:IMG: C:\Program Files\DAEMON Tools Lite\Engine.dll:RTN: .text:Read Regs: edx[T]: 102114a8: dl[T]: 102114a8: dh[T]: 102114a8: dx[T]: 102114a8: :Read Flags: :Read Memory: :
TID: 3:IP: 64289a79:Disasm bswap dx:IMG: C:\Program Files\DAEMON Tools Lite\Engine.dll:RTN: .text:Read Regs: edx: 102100a8: dl[T]: 102100a8: dh: 102100a8: dx: 102100a8: :Read Flags: :Read Memory: :
TID: 3:IP: 64289aaa:Disasm mov edx, dword ptr [eax+edi*1]:IMG: C:\Program Files\DAEMON Tools Lite\Engine.dll:RTN: .text:Read Regs: edi: 12e534: eax: 3c: ds: 23: al: 3c: ah: 3c: ax: 3c: di: 12e534: :Read Flags: :Read Memory: 12e570 [T] 12e571 [T] 12e572 [T] 12e573 [T] :
TID: 3:IP: 64289ab3:Disasm mov dword ptr [ebp], edx:IMG: C:\Program Files\DAEMON Tools Lite\Engine.dll:RTN: .text:Read Regs: ebp: 12e620: edx[T]: 202: ss: 23: dl[T]: 202: dh[T]: 202: dx[T]: 202: bp: 12e620: :Read Flags: :Read Memory: :
TID: 3:IP: 64289560:Disasm mov byte ptr [esp], dl:IMG: C:\Program Files\DAEMON Tools Lite\Engine.dll:RTN: .text:Read Regs: esp: 12e530: edx[T]: 202: ss: 23: dl[T]: 202: dx[T]: 202: sp: 12e530: :Read Flags: :Read Memory: :
TID: 3:IP: 642915bc:Disasm pushad :IMG: C:\Program Files\DAEMON Tools Lite\Engine.dll:RTN: .text:Read Regs: edi: 12e534: esi: 643a792e: ebp: 12e620: esp: 12e52c: ebx: 3fe50522: edx[T]: 202: ecx: 64293cd6: eax: 68: ss: 23: al: 68: ah: 68: ax: 68: cl: 64293cd6: ch: 64293cd6: cx: 64293cd6: dl[T]: 202: dh[T]: 202: dx[T]: 202: bl: 3fe50522: bh: 3fe50522: bx: 3fe50522: bp: 12e620: si: 643a792e: di: 12e534: sp: 12e52c: :Read Flags: :Read Memory: :
TID: 3:IP: 64289264:Disasm btr dx, 0x9:IMG: C:\Program Files\DAEMON Tools Lite\Engine.dll:RTN: .text:Read Regs: edx[T]: 202: dl[T]: 202: dh[T]: 202: dx[T]: 202: :Read Flags: :Read Memory: :
TID: 3:IP: 64289a79:Disasm bswap dx:IMG: C:\Program Files\DAEMON Tools Lite\Engine.dll:RTN: .text:Read Regs: edx: 2: dl[T]: 2: dh: 2: dx: 2: :Read Flags: :Read Memory: :
TID: 3:IP: 64290c2e:Disasm mov edx, dword ptr [eax+edi*1]:IMG: C:\Program Files\DAEMON Tools Lite\Engine.dll:RTN: .text:Read Regs: edi: 12e534: eax: 8: ds: 23: al: 8: ah: 8: ax: 8: di: 12e534: :Read Flags: :Read Memory: 12e53c [T] 12e53d [T] 12e53e [T] 12e53f [T] :
TID: 3:IP: 6428a9db:Disasm mov dword ptr [ebp], edx:IMG: C:\Program Files\DAEMON Tools Lite\Engine.dll:RTN: .text:Read Regs: ebp: 12e5fc: edx[T]: 246: ss: 23: dl[T]: 246: dh[T]: 246: dx[T]: 246: bp: 12e5fc: :Read Flags: :Read Memory: :
TID: 3:IP: 64289560:Disasm mov byte ptr [esp], dl:IMG: C:\Program Files\DAEMON Tools Lite\Engine.dll:RTN: .text:Read Regs: esp: 12e530: edx[T]: 246: ss: 23: dl[T]: 246: dx[T]: 246: sp: 12e530: :Read Flags: :Read Memory: :
TID: 3:IP: 642915bc:Disasm pushad :IMG: C:\Program Files\DAEMON Tools Lite\Engine.dll:RTN: .text:Read Regs: edi: 12e534: esi: 643a7940: ebp: 12e5fc: esp: 12e52c: ebx: 3fe50586: edx[T]: 246: ecx: 64293cd6: eax: e8: ss: 23: al: e8: ah: e8: ax: e8: cl: 64293cd6: ch: 64293cd6: cx: 64293cd6: dl[T]: 246: dh[T]: 246: dx[T]: 246: bl: 3fe50586: bh: 3fe50586: bx: 3fe50586: bp: 12e5fc: si: 643a7940: di: 12e534: sp: 12e52c: :Read Flags: :Read Memory: :
TID: 3:IP: 64293ce3:Disasm movsx dx, dl:IMG: C:\Program Files\DAEMON Tools Lite\Engine.dll:RTN: .text:Read Regs: edx[T]: 246: dl[T]: 246: dx[T]: 246: :Read Flags: :Read Memory: :
TID: 3:IP: 64289aaa:Disasm mov edx, dword ptr [eax+edi*1]:IMG: C:\Program Files\DAEMON Tools Lite\Engine.dll:RTN: .text:Read Regs: edi: 12e534: eax: 4: ds: 23: al: 4: ah: 4: ax: 4: di: 12e534: :Read Flags: :Read Memory: 12e538 [T] 12e539 [T] 12e53a [T] 12e53b [T] :
TID: 3:IP: 64289ab3:Disasm mov dword ptr [ebp], edx:IMG: C:\Program Files\DAEMON Tools Lite\Engine.dll:RTN: .text:Read Regs: ebp: 12e5f0: edx[T]: 102114a8: ss: 23: dl[T]: 102114a8: dh[T]: 102114a8: dx[T]: 102114a8: bp: 12e5f0: :Read Flags: :Read Memory: :
TID: 3:IP: 64289560:Disasm mov byte ptr [esp], dl:IMG: C:\Program Files\DAEMON Tools Lite\Engine.dll:RTN: .text:Read Regs: esp: 12e530: edx[T]: 102114a8: ss: 23: dl[T]: 102114a8: dx[T]: 102114a8: sp: 12e530: :Read Flags: :Read Memory: :
TID: 3:IP: 642915bc:Disasm pushad :IMG: C:\Program Files\DAEMON Tools Lite\Engine.dll:RTN: .text:Read Regs: edi: 12e534: esi: 643a794e: ebp: 12e5f0: esp: 12e52c: ebx: 8ef383e9: edx[T]: 102114a8: ecx: 6427c175: eax: c0: ss: 23: al: c0: ah: c0: ax: c0: cl: 6427c175: ch: 6427c175: cx: 6427c175: dl[T]: 102114a8: dh[T]: 102114a8: dx[T]: 102114a8: bl: 8ef383e9: bh: 8ef383e9: bx: 8ef383e9: bp: 12e5f0: si: 643a794e: di: 12e534: sp: 12e52c: :Read Flags: :Read Memory: :
TID: 3:IP: 6427c17a:Disasm mov esi, dword ptr [ebp]:IMG: C:\Program Files\DAEMON Tools Lite\Engine.dll:RTN: .text:Read Regs: ebp: 12e5f0: ss: 23: bp: 12e5f0: :Read Flags: :Read Memory: 12e5f0 [T] 12e5f1 [T] 12e5f2 [T] 12e5f3 [T] :
TID: 3:IP: 6427c187:Disasm pushad :IMG: C:\Program Files\DAEMON Tools Lite\Engine.dll:RTN: .text:Read Regs: edi: 12e534: esi[T]: 102114a8: ebp: 12e5f4: esp: 12e534: ebx: 8ef383e9: edx[T]: 102114a8: ecx: 6427c175: eax: c0: ss: 23: al: c0: ah: c0: ax: c0: cl: 6427c175: ch: 6427c175: cx: 6427c175: dl[T]: 102114a8: dh[T]: 102114a8: dx[T]: 102114a8: bl: 8ef383e9: bh: 8ef383e9: bx: 8ef383e9: bp: 12e5f4: si[T]: 102114a8: di: 12e534: sp: 12e534: :Read Flags: :Read Memory: :
TID: 3:IP: 64291539:Disasm mov ebx, esi:IMG: C:\Program Files\DAEMON Tools Lite\Engine.dll:RTN: .text:Read Regs: esi[T]: 102114a8: si[T]: 102114a8: :Read Flags: :Read Memory: :
TID: 3:IP: 64291545:Disasm add esi, dword ptr [ebp]:IMG: C:\Program Files\DAEMON Tools Lite\Engine.dll:RTN: .text:Read Regs: esi[T]: 102114a8: ebp: 12e5f4: ss: 23: bp: 12e5f4: si[T]: 102114a8: :Read Flags: :Read Memory: 12e5f4 12e5f5 12e5f6 12e5f7 :
TID: 3:IP: 64291548:Disasm sbb al, bh:IMG: C:\Program Files\DAEMON Tools Lite\Engine.dll:RTN: .text:Read Regs: ebx[T]: 102114a8: eax: c0: eflags[T]: 202: al: c0: ax: c0: bh[T]: 102114a8: bx[T]: 102114a8: :Read Flags: 0:[T 1:cf ]:Values:202:Read Memory: :
TID: 3:IP: 6429154a:Disasm xchg ch, al:IMG: C:\Program Files\DAEMON Tools Lite\Engine.dll:RTN: .text:Read Regs: ecx: 6427b8da: eax[T]: ac: al[T]: ac: ax[T]: ac: ch: 6427b8da: cx: 6427b8da: :Read Flags: :Read Memory: :
TID: 3:IP: 6429154c:Disasm mov al, byte ptr [esi]:IMG: C:\Program Files\DAEMON Tools Lite\Engine.dll:RTN: .text:Read Regs: esi[T]: 644814a8: ds: 23: si[T]: 644814a8: :Read Flags: :Read Memory: 644814a8 :
TID: 3:IP: 6429154e:Disasm shr cl, 0x1:IMG: C:\Program Files\DAEMON Tools Lite\Engine.dll:RTN: .text:Read Regs: ecx[T]: 6427acda: cl: 6427acda: cx[T]: 6427acda: :Read Flags: :Read Memory: :
TID: 3:IP: 64291550:Disasm not ecx:IMG: C:\Program Files\DAEMON Tools Lite\Engine.dll:RTN: .text:Read Regs: ecx[T]: 6427ac6d: cl[T]: 6427ac6d: ch[T]: 6427ac6d: cx[T]: 6427ac6d: :Read Flags: :Read Memory: :
TID: 3:IP: 64291552:Disasm cmc :IMG: C:\Program Files\DAEMON Tools Lite\Engine.dll:RTN: .text:Read Regs: eflags[T]: a02: :Read Flags: 0:[T 1:cf ]:Values:a02:Read Memory: :
TID: 3:IP: 64291553:Disasm sub al, bl:IMG: C:\Program Files\DAEMON Tools Lite\Engine.dll:RTN: .text:Read Regs: ebx[T]: 102114a8: eax[T]: a9: al[T]: a9: ax[T]: a9: bl[T]: 102114a8: bx[T]: 102114a8: :Read Flags: :Read Memory: :
TID: 3:IP: 64291555:Disasm movzx cx, bl:IMG: C:\Program Files\DAEMON Tools Lite\Engine.dll:RTN: .text:Read Regs: ebx[T]: 102114a8: bl[T]: 102114a8: bx[T]: 102114a8: :Read Flags: :Read Memory: :
TID: 3:IP: 64291559:Disasm movsx cx, cl:IMG: C:\Program Files\DAEMON Tools Lite\Engine.dll:RTN: .text:Read Regs: ecx[T]: 9bd800a8: cl[T]: 9bd800a8: cx[T]: 9bd800a8: :Read Flags: :Read Memory: :
TID: 3:IP: 6429155f:Disasm dec al:IMG: C:\Program Files\DAEMON Tools Lite\Engine.dll:RTN: .text:Read Regs: eax[T]: 1: al[T]: 1: ax[T]: 1: :Read Flags: :Read Memory: :
TID: 3:IP: 64291561:Disasm pushfd :IMG: C:\Program Files\DAEMON Tools Lite\Engine.dll:RTN: .text:Read Regs: esp: 12e534: ss: 23: eflags[T]: 246: sp: 12e534: :Read Flags: 3f7700:df vif iopl if ac vm rf nt tf id vip [T 8d5:of sf zf af pf cf ]:Values:246:Read Memory: :
TID: 3:IP: 64291562:Disasm rol al, 0x7:IMG: C:\Program Files\DAEMON Tools Lite\Engine.dll:RTN: .text:Read Regs: eax[T]: 0: al[T]: 0: ax[T]: 0: :Read Flags: :Read Memory: :
TID: 3:IP: 64291565:Disasm rol cx, 0xe:IMG: C:\Program Files\DAEMON Tools Lite\Engine.dll:RTN: .text:Read Regs: ecx: 9bd8ffc3: cl: 9bd8ffc3: ch[T]: 9bd8ffc3: cx: 9bd8ffc3: :Read Flags: :Read Memory: :
TID: 3:IP: 64291569:Disasm not al:IMG: C:\Program Files\DAEMON Tools Lite\Engine.dll:RTN: .text:Read Regs: eax[T]: 0: al[T]: 0: ax[T]: 0: :Read Flags: :Read Memory: :
TID: 3:IP: 6429156b:Disasm movsx ecx, cl:IMG: C:\Program Files\DAEMON Tools Lite\Engine.dll:RTN: .text:Read Regs: ecx[T]: 9bd8fff0: cl[T]: 9bd8fff0: cx[T]: 9bd8fff0: :Read Flags: :Read Memory: :
TID: 3:IP: 6429156e:Disasm movzx cx, cl:IMG: C:\Program Files\DAEMON Tools Lite\Engine.dll:RTN: .text:Read Regs: ecx[T]: fffffff0: cl[T]: fffffff0: cx[T]: fffffff0: :Read Flags: :Read Memory: :
TID: 3:IP: 64291572:Disasm shr ecx, cl:IMG: C:\Program Files\DAEMON Tools Lite\Engine.dll:RTN: .text:Read Regs: ecx[T]: ffff00f0: cl[T]: ffff00f0: ch[T]: ffff00f0: cx[T]: ffff00f0: :Read Flags: :Read Memory: :
TID: 3:IP: 64291574:Disasm and ch, 0xe4:IMG: C:\Program Files\DAEMON Tools Lite\Engine.dll:RTN: .text:Read Regs: ecx[T]: ffff: ch[T]: ffff: cx[T]: ffff: :Read Flags: :Read Memory: :
TID: 3:IP: 64291577:Disasm sub bl, al:IMG: C:\Program Files\DAEMON Tools Lite\Engine.dll:RTN: .text:Read Regs: ebx[T]: 102114a8: eax[T]: ff: al[T]: ff: ax[T]: ff: bl[T]: 102114a8: bx[T]: 102114a8: :Read Flags: :Read Memory: :
TID: 3:IP: 64291579:Disasm pop ecx:IMG: C:\Program Files\DAEMON Tools Lite\Engine.dll:RTN: .text:Read Regs: esp: 12e530: ss: 23: sp: 12e530: :Read Flags: :Read Memory: 12e530 [T] 12e531 [T] 12e532 [T] 12e533 [T] :
TID: 3:IP: 6429157a:Disasm ror cx, 0xe:IMG: C:\Program Files\DAEMON Tools Lite\Engine.dll:RTN: .text:Read Regs: ecx[T]: 246: cl[T]: 246: ch[T]: 246: cx[T]: 246: :Read Flags: :Read Memory: :
TID: 3:IP: 6429157e:Disasm shl cl, 0x4:IMG: C:\Program Files\DAEMON Tools Lite\Engine.dll:RTN: .text:Read Regs: ecx[T]: 918: cl[T]: 918: cx[T]: 918: :Read Flags: :Read Memory: :
TID: 3:IP: 64291581:Disasm pushfd :IMG: C:\Program Files\DAEMON Tools Lite\Engine.dll:RTN: .text:Read Regs: esp: 12e534: ss: 23: eflags[T]: 283: sp: 12e534: :Read Flags: 3f7700:df vif iopl if ac vm rf nt tf id vip [T 8d5:of sf zf af pf cf ]:Values:283:Read Memory: :
TID: 3:IP: 64291582:Disasm sub esi, 0xffffffff:IMG: C:\Program Files\DAEMON Tools Lite\Engine.dll:RTN: .text:Read Regs: esi[T]: 644814a8: si[T]: 644814a8: :Read Flags: :Read Memory: :
TID: 3:IP: 64291585:Disasm xor cl, bh:IMG: C:\Program Files\DAEMON Tools Lite\Engine.dll:RTN: .text:Read Regs: ebx[T]: 102114a9: ecx[T]: 980: cl[T]: 980: cx[T]: 980: bh[T]: 102114a9: bx[T]: 102114a9: :Read Flags: :Read Memory: :
TID: 3:IP: 64291587:Disasm add ecx, esi:IMG: C:\Program Files\DAEMON Tools Lite\Engine.dll:RTN: .text:Read Regs: esi[T]: 644814a9: ecx[T]: 994: cl[T]: 994: ch[T]: 994: cx[T]: 994: si[T]: 644814a9: :Read Flags: :Read Memory: :
TID: 3:IP: 64291589:Disasm btc cx, bx:IMG: C:\Program Files\DAEMON Tools Lite\Engine.dll:RTN: .text:Read Regs: ebx[T]: 102114a9: ecx[T]: 64481e3d: cl[T]: 64481e3d: ch[T]: 64481e3d: cx[T]: 64481e3d: bl[T]: 102114a9: bh[T]: 102114a9: bx[T]: 102114a9: :Read Flags: :Read Memory: :
TID: 3:IP: 6429158d:Disasm movzx eax, al:IMG: C:\Program Files\DAEMON Tools Lite\Engine.dll:RTN: .text:Read Regs: eax[T]: ff: al[T]: ff: ax[T]: ff: :Read Flags: :Read Memory: :
TID: 3:IP: 64291590:Disasm bswap cx:IMG: C:\Program Files\DAEMON Tools Lite\Engine.dll:RTN: .text:Read Regs: ecx[T]: 64481c3d: cl[T]: 64481c3d: ch[T]: 64481c3d: cx[T]: 64481c3d: :Read Flags: :Read Memory: :
TID: 3:IP: 64291593:Disasm cmp ah, 0x70:IMG: C:\Program Files\DAEMON Tools Lite\Engine.dll:RTN: .text:Read Regs: eax[T]: ff: ah[T]: ff: ax[T]: ff: :Read Flags: :Read Memory: :
TID: 3:IP: 6429159a:Disasm setnp ch:IMG: C:\Program Files\DAEMON Tools Lite\Engine.dll:RTN: .text:Read Regs: eflags[T]: 287: :Read Flags: 0:[T 4:pf ]:Values:287:Read Memory: :
TID: 3:IP: 6429159d:Disasm mov ecx, dword ptr [eax*4+0x642a0250]:IMG: C:\Program Files\DAEMON Tools Lite\Engine.dll:RTN: .text:Read Regs: eax[T]: ff: ds: 23: al[T]: ff: ah[T]: ff: ax[T]: ff: :Read Flags: :Read Memory: 642a064c 642a064d 642a064e 642a064f :
TID: 3:IP: 642915a8:Disasm bswap ecx:IMG: C:\Program Files\DAEMON Tools Lite\Engine.dll:RTN: .text:Read Regs: ecx[T]: 80ff0010: cl[T]: 80ff0010: ch[T]: 80ff0010: cx[T]: 80ff0010: :Read Flags: :Read Memory: :
TID: 3:IP: 642915b0:Disasm mov byte ptr [esp], bh:IMG: C:\Program Files\DAEMON Tools Lite\Engine.dll:RTN: .text:Read Regs: esp: 12e530: ebx[T]: 102114a9: ss: 23: bh[T]: 102114a9: bx[T]: 102114a9: sp: 12e530: :Read Flags: :Read Memory: :
TID: 3:IP: 642915b3:Disasm add ecx, 0x54270000:IMG: C:\Program Files\DAEMON Tools Lite\Engine.dll:RTN: .text:Read Regs: ecx[T]: 1000ff80: cl[T]: 1000ff80: ch[T]: 1000ff80: cx[T]: 1000ff80: :Read Flags: :Read Memory: :
TID: 3:IP: 642915b9:Disasm push dword ptr [esp]:IMG: C:\Program Files\DAEMON Tools Lite\Engine.dll:RTN: .text:Read Regs: esp: 12e530: ss: 23: sp: 12e530: :Read Flags: :Read Memory: 12e530 [T] 12e531 12e532 [T] 12e533 [T] :
TID: 3:IP: 642915bc:Disasm pushad :IMG: C:\Program Files\DAEMON Tools Lite\Engine.dll:RTN: .text:Read Regs: edi: 12e534: esi[T]: 644814a9: ebp: 12e5f4: esp: 12e52c: ebx[T]: 102114a9: edx[T]: 102114a8: ecx[T]: 6427ff80: eax[T]: ff: ss: 23: al[T]: ff: ah[T]: ff: ax[T]: ff: cl[T]: 6427ff80: ch[T]: 6427ff80: cx[T]: 6427ff80: dl[T]: 102114a8: dh[T]: 102114a8: dx[T]: 102114a8: bl[T]: 102114a9: bh[T]: 102114a9: bx[T]: 102114a9: bp: 12e5f4: si[T]: 644814a9: di: 12e534: sp: 12e52c: :Read Flags: :Read Memory: :
TID: 3:IP: 642919e6:Disasm mov dword ptr [esp+0x24], ecx:IMG: C:\Program Files\DAEMON Tools Lite\Engine.dll:RTN: .text:Read Regs: esp: 12e50c: ecx[T]: 6427ff80: ss: 23: cl[T]: 6427ff80: ch[T]: 6427ff80: cx[T]: 6427ff80: sp: 12e50c: :Read Flags: :Read Memory: :
TID: 3:IP: 642919ea:Disasm pushfd :IMG: C:\Program Files\DAEMON Tools Lite\Engine.dll:RTN: .text:Read Regs: esp: 12e50c: ss: 23: eflags[T]: 202: sp: 12e50c: :Read Flags: 3f7700:df vif iopl if ac vm rf nt tf id vip [T 8d5:of sf zf af pf cf ]:Values:202:Read Memory: :
TID: 3:IP: 642919f6:Disasm push dword ptr [esp+0x28]:IMG: C:\Program Files\DAEMON Tools Lite\Engine.dll:RTN: .text:Read Regs: esp: 12e508: ss: 23: sp: 12e508: :Read Flags: :Read Memory: 12e530 [T] 12e531 [T] 12e532 [T] 12e533 [T] :
TID: 3:IP: 642919fa:Disasm ret 0x2c:IMG: C:\Program Files\DAEMON Tools Lite\Engine.dll:RTN: .text:Read Regs: esp: 12e504: ss: 23: sp: 12e504: :Read Flags: :Read Memory: 12e504 [T] 12e505 [T] 12e506 [T] 12e507 [T] :
TID: 3:IP: 6427ff80:Disasm rcr al, cl:IMG: C:\Program Files\DAEMON Tools Lite\Engine.dll:RTN: .text:Read Regs: ecx[T]: 6427ff80: eax[T]: ff: eflags[T]: 202: al[T]: ff: ax[T]: ff: cl[T]: 6427ff80: cx[T]: 6427ff80: :Read Flags: 0:[T 1:cf ]:Values:202:Read Memory: :
TID: 3:IP: 6427ff82:Disasm sub dx, dx:IMG: C:\Program Files\DAEMON Tools Lite\Engine.dll:RTN: .text:Read Regs: edx[T]: 102114a8: dl[T]: 102114a8: dh[T]: 102114a8: dx[T]: 102114a8: :Read Flags: :Read Memory: :
TID: 3:IP: 6427ff85:Disasm rcl al, 0x5:IMG: C:\Program Files\DAEMON Tools Lite\Engine.dll:RTN: .text:Read Regs: eax[T]: ff: eflags[T]: 246: al[T]: ff: ax[T]: ff: :Read Flags: 0:[T 1:cf ]:Values:246:Read Memory: :
TID: 3:IP: 6427ff88:Disasm movzx eax, byte ptr [esi]:IMG: C:\Program Files\DAEMON Tools Lite\Engine.dll:RTN: .text:Read Regs: esi[T]: 644814a9: ds: 23: si[T]: 644814a9: :Read Flags: :Read Memory: 644814a9 :
TID: 3:IP: 6427ff8b:Disasm bt cx, bp:IMG: C:\Program Files\DAEMON Tools Lite\Engine.dll:RTN: .text:Read Regs: ebp: 12e5f4: ecx[T]: 6427ff80: cl[T]: 6427ff80: ch[T]: 6427ff80: cx[T]: 6427ff80: bp: 12e5f4: :Read Flags: :Read Memory: :
TID: 3:IP: 6427ff8f:Disasm xor al, bl:IMG: C:\Program Files\DAEMON Tools Lite\Engine.dll:RTN: .text:Read Regs: ebx[T]: 102114a9: eax[T]: a6: al[T]: a6: ax[T]: a6: bl[T]: 102114a9: bx[T]: 102114a9: :Read Flags: :Read Memory: :
TID: 3:IP: 6427ff91:Disasm shrd dx, bp, 0x5:IMG: C:\Program Files\DAEMON Tools Lite\Engine.dll:RTN: .text:Read Regs: ebp: 12e5f4: edx[T]: 10210000: dl[T]: 10210000: dh[T]: 10210000: dx[T]: 10210000: bp: 12e5f4: :Read Flags: :Read Memory: :
TID: 3:IP: 6427ff96:Disasm shld dx, cx, cl:IMG: C:\Program Files\DAEMON Tools Lite\Engine.dll:RTN: .text:Read Regs: edx[T]: 1021a000: ecx[T]: 6427ff80: cl[T]: 6427ff80: ch[T]: 6427ff80: cx[T]: 6427ff80: dl[T]: 1021a000: dh[T]: 1021a000: dx[T]: 1021a000: :Read Flags: :Read Memory: :
TID: 3:IP: 6427ff9a:Disasm not al:IMG: C:\Program Files\DAEMON Tools Lite\Engine.dll:RTN: .text:Read Regs: eax[T]: f: al[T]: f: ax[T]: f: :Read Flags: :Read Memory: :
TID: 3:IP: 6427ffa1:Disasm dec dh:IMG: C:\Program Files\DAEMON Tools Lite\Engine.dll:RTN: .text:Read Regs: edx[T]: 1021a000: dh[T]: 1021a000: dx[T]: 1021a000: :Read Flags: :Read Memory: :
TID: 3:IP: 6427ffa3:Disasm btr dx, 0x1:IMG: C:\Program Files\DAEMON Tools Lite\Engine.dll:RTN: .text:Read Regs: edx[T]: 10219f00: dl[T]: 10219f00: dh[T]: 10219f00: dx[T]: 10219f00: :Read Flags: :Read Memory: :
TID: 3:IP: 6427ffa8:Disasm neg al:IMG: C:\Program Files\DAEMON Tools Lite\Engine.dll:RTN: .text:Read Regs: eax[T]: f0: al[T]: f0: ax[T]: f0: :Read Flags: :Read Memory: :
TID: 3:IP: 6427ffaa:Disasm test esi, ebp:IMG: C:\Program Files\DAEMON Tools Lite\Engine.dll:RTN: .text:Read Regs: esi[T]: 644814a9: ebp: 12e5f4: bp: 12e5f4: si[T]: 644814a9: :Read Flags: :Read Memory: :
TID: 3:IP: 6427ffac:Disasm sub al, 0x0:IMG: C:\Program Files\DAEMON Tools Lite\Engine.dll:RTN: .text:Read Regs: eax[T]: 10: al[T]: 10: ax[T]: 10: :Read Flags: :Read Memory: :
TID: 3:IP: 6427ffaf:Disasm rol dl, cl:IMG: C:\Program Files\DAEMON Tools Lite\Engine.dll:RTN: .text:Read Regs: edx[T]: 10219f00: ecx[T]: 6427ff80: cl[T]: 6427ff80: cx[T]: 6427ff80: dl[T]: 10219f00: dx[T]: 10219f00: :Read Flags: :Read Memory: :
TID: 3:IP: 6427ffb1:Disasm xor bl, al:IMG: C:\Program Files\DAEMON Tools Lite\Engine.dll:RTN: .text:Read Regs: ebx[T]: 102114a9: eax[T]: 10: al[T]: 10: ax[T]: 10: bl[T]: 102114a9: bx[T]: 102114a9: :Read Flags: :Read Memory: :
TID: 3:IP: 6427ffbc:Disasm pushfd :IMG: C:\Program Files\DAEMON Tools Lite\Engine.dll:RTN: .text:Read Regs: esp: 12e52c: ss: 23: eflags[T]: 282: sp: 12e52c: :Read Flags: 3f7700:df vif iopl if ac vm rf nt tf id vip [T 8d5:of sf zf af pf cf ]:Values:282:Read Memory: :
TID: 3:IP: 6428a22d:Disasm inc esi:IMG: C:\Program Files\DAEMON Tools Lite\Engine.dll:RTN: .text:Read Regs: esi[T]: 644814a9: si[T]: 644814a9: :Read Flags: :Read Memory: :
TID: 3:IP: 6428cc64:Disasm mov dword ptr [esp+0x4], esi:IMG: C:\Program Files\DAEMON Tools Lite\Engine.dll:RTN: .text:Read Regs: esi[T]: 644814aa: esp: 12e524: ss: 23: si[T]: 644814aa: sp: 12e524: :Read Flags: :Read Memory: :
TID: 3:IP: 6428cc6f:Disasm mov dword ptr [eax+edi*1], edx:IMG: C:\Program Files\DAEMON Tools Lite\Engine.dll:RTN: .text:Read Regs: edi: 12e534: edx: 54270000: eax[T]: 10: ds: 23: al[T]: 10: ah[T]: 10: ax[T]: 10: dl: 54270000: dh: 54270000: dx: 54270000: di: 12e534: :Read Flags: :Read Memory: :
TID: 3:IP: 6428cc72:Disasm mov word ptr [esp], ax:IMG: C:\Program Files\DAEMON Tools Lite\Engine.dll:RTN: .text:Read Regs: esp: 12e520: eax[T]: 10: ss: 23: al[T]: 10: ah[T]: 10: ax[T]: 10: sp: 12e520: :Read Flags: :Read Memory: :
TID: 3:IP: 64291548:Disasm sbb al, bh:IMG: C:\Program Files\DAEMON Tools Lite\Engine.dll:RTN: .text:Read Regs: ebx[T]: 102114b9: eax[T]: 10: eflags: 202: al[T]: 10: ax[T]: 10: bh[T]: 102114b9: bx[T]: 102114b9: :Read Flags: 1:cf :Values:202:Read Memory: :
TID: 3:IP: 6429154a:Disasm xchg ch, al:IMG: C:\Program Files\DAEMON Tools Lite\Engine.dll:RTN: .text:Read Regs: ecx[T]: 6427ff80: eax[T]: fc: al[T]: fc: ax[T]: fc: ch[T]: 6427ff80: cx[T]: 6427ff80: :Read Flags: :Read Memory: :
TID: 3:IP: 6429154c:Disasm mov al, byte ptr [esi]:IMG: C:\Program Files\DAEMON Tools Lite\Engine.dll:RTN: .text:Read Regs: esi[T]: 644814aa: ds: 23: si[T]: 644814aa: :Read Flags: :Read Memory: 644814aa :
TID: 3:IP: 6429154e:Disasm shr cl, 0x1:IMG: C:\Program Files\DAEMON Tools Lite\Engine.dll:RTN: .text:Read Regs: ecx[T]: 6427fc80: cl[T]: 6427fc80: cx[T]: 6427fc80: :Read Flags: :Read Memory: :
TID: 3:IP: 64291550:Disasm not ecx:IMG: C:\Program Files\DAEMON Tools Lite\Engine.dll:RTN: .text:Read Regs: ecx[T]: 6427fc40: cl[T]: 6427fc40: ch[T]: 6427fc40: cx[T]: 6427fc40: :Read Flags: :Read Memory: :
TID: 3:IP: 64291552:Disasm cmc :IMG: C:\Program Files\DAEMON Tools Lite\Engine.dll:RTN: .text:Read Regs: eflags[T]: a02: :Read Flags: 0:[T 1:cf ]:Values:a02:Read Memory: :
TID: 3:IP: 64291553:Disasm sub al, bl:IMG: C:\Program Files\DAEMON Tools Lite\Engine.dll:RTN: .text:Read Regs: ebx[T]: 102114b9: eax[T]: f8: al[T]: f8: ax[T]: f8: bl[T]: 102114b9: bx[T]: 102114b9: :Read Flags: :Read Memory: :
TID: 3:IP: 64291555:Disasm movzx cx, bl:IMG: C:\Program Files\DAEMON Tools Lite\Engine.dll:RTN: .text:Read Regs: ebx[T]: 102114b9: bl[T]: 102114b9: bx[T]: 102114b9: :Read Flags: :Read Memory: :
TID: 3:IP: 64291559:Disasm movsx cx, cl:IMG: C:\Program Files\DAEMON Tools Lite\Engine.dll:RTN: .text:Read Regs: ecx[T]: 9bd800b9: cl[T]: 9bd800b9: cx[T]: 9bd800b9: :Read Flags: :Read Memory: :
TID: 3:IP: 6429155f:Disasm dec al:IMG: C:\Program Files\DAEMON Tools Lite\Engine.dll:RTN: .text:Read Regs: eax[T]: 3f: al[T]: 3f: ax[T]: 3f: :Read Flags: :Read Memory: :
TID: 3:IP: 64291561:Disasm pushfd :IMG: C:\Program Files\DAEMON Tools Lite\Engine.dll:RTN: .text:Read Regs: esp: 12e534: ss: 23: eflags[T]: 202: sp: 12e534: :Read Flags: 3f7700:df vif iopl if ac vm rf nt tf id vip [T 8d5:of sf zf af pf cf ]:Values:202:Read Memory: :
TID: 3:IP: 64291562:Disasm rol al, 0x7:IMG: C:\Program Files\DAEMON Tools Lite\Engine.dll:RTN: .text:Read Regs: eax[T]: 3e: al[T]: 3e: ax[T]: 3e: :Read Flags: :Read Memory: :
TID: 3:IP: 64291565:Disasm rol cx, 0xe:IMG: C:\Program Files\DAEMON Tools Lite\Engine.dll:RTN: .text:Read Regs: ecx: 9bd8ffc3: cl: 9bd8ffc3: ch[T]: 9bd8ffc3: cx: 9bd8ffc3: :Read Flags: :Read Memory: :
TID: 3:IP: 64291569:Disasm not al:IMG: C:\Program Files\DAEMON Tools Lite\Engine.dll:RTN: .text:Read Regs: eax[T]: 1f: al[T]: 1f: ax[T]: 1f: :Read Flags: :Read Memory: :
TID: 3:IP: 6429156b:Disasm movsx ecx, cl:IMG: C:\Program Files\DAEMON Tools Lite\Engine.dll:RTN: .text:Read Regs: ecx[T]: 9bd8fff0: cl[T]: 9bd8fff0: cx[T]: 9bd8fff0: :Read Flags: :Read Memory: :
TID: 3:IP: 6429156e:Disasm movzx cx, cl:IMG: C:\Program Files\DAEMON Tools Lite\Engine.dll:RTN: .text:Read Regs: ecx[T]: fffffff0: cl[T]: fffffff0: cx[T]: fffffff0: :Read Flags: :Read Memory: :
TID: 3:IP: 64291572:Disasm shr ecx, cl:IMG: C:\Program Files\DAEMON Tools Lite\Engine.dll:RTN: .text:Read Regs: ecx[T]: ffff00f0: cl[T]: ffff00f0: ch[T]: ffff00f0: cx[T]: ffff00f0: :Read Flags: :Read Memory: :
TID: 3:IP: 64291574:Disasm and ch, 0xe4:IMG: C:\Program Files\DAEMON Tools Lite\Engine.dll:RTN: .text:Read Regs: ecx[T]: ffff: ch[T]: ffff: cx[T]: ffff: :Read Flags: :Read Memory: :
TID: 3:IP: 64291577:Disasm sub bl, al:IMG: C:\Program Files\DAEMON Tools Lite\Engine.dll:RTN: .text:Read Regs: ebx[T]: 102114b9: eax[T]: e0: al[T]: e0: ax[T]: e0: bl[T]: 102114b9: bx[T]: 102114b9: :Read Flags: :Read Memory: :
TID: 3:IP: 64291579:Disasm pop ecx:IMG: C:\Program Files\DAEMON Tools Lite\Engine.dll:RTN: .text:Read Regs: esp: 12e530: ss: 23: sp: 12e530: :Read Flags: :Read Memory: 12e530 [T] 12e531 [T] 12e532 [T] 12e533 [T] :
TID: 3:IP: 6429157a:Disasm ror cx, 0xe:IMG: C:\Program Files\DAEMON Tools Lite\Engine.dll:RTN: .text:Read Regs: ecx[T]: 202: cl[T]: 202: ch[T]: 202: cx[T]: 202: :Read Flags: :Read Memory: :
TID: 3:IP: 6429157e:Disasm shl cl, 0x4:IMG: C:\Program Files\DAEMON Tools Lite\Engine.dll:RTN: .text:Read Regs: ecx[T]: 808: cl[T]: 808: cx[T]: 808: :Read Flags: :Read Memory: :
TID: 3:IP: 64291581:Disasm pushfd :IMG: C:\Program Files\DAEMON Tools Lite\Engine.dll:RTN: .text:Read Regs: esp: 12e534: ss: 23: eflags[T]: 282: sp: 12e534: :Read Flags: 3f7700:df vif iopl if ac vm rf nt tf id vip [T 8d5:of sf zf af pf cf ]:Values:282:Read Memory: :
TID: 3:IP: 64291582:Disasm sub esi, 0xffffffff:IMG: C:\Program Files\DAEMON Tools Lite\Engine.dll:RTN: .text:Read Regs: esi[T]: 644814aa: si[T]: 644814aa: :Read Flags: :Read Memory: :
TID: 3:IP: 64291585:Disasm xor cl, bh:IMG: C:\Program Files\DAEMON Tools Lite\Engine.dll:RTN: .text:Read Regs: ebx[T]: 102114d9: ecx[T]: 880: cl[T]: 880: cx[T]: 880: bh[T]: 102114d9: bx[T]: 102114d9: :Read Flags: :Read Memory: :
TID: 3:IP: 64291587:Disasm add ecx, esi:IMG: C:\Program Files\DAEMON Tools Lite\Engine.dll:RTN: .text:Read Regs: esi[T]: 644814ab: ecx[T]: 894: cl[T]: 894: ch[T]: 894: cx[T]: 894: si[T]: 644814ab: :Read Flags: :Read Memory: :
TID: 3:IP: 64291589:Disasm btc cx, bx:IMG: C:\Program Files\DAEMON Tools Lite\Engine.dll:RTN: .text:Read Regs: ebx[T]: 102114d9: ecx[T]: 64481d3f: cl[T]: 64481d3f: ch[T]: 64481d3f: cx[T]: 64481d3f: bl[T]: 102114d9: bh[T]: 102114d9: bx[T]: 102114d9: :Read Flags: :Read Memory: :
TID: 3:IP: 6429158d:Disasm movzx eax, al:IMG: C:\Program Files\DAEMON Tools Lite\Engine.dll:RTN: .text:Read Regs: eax[T]: e0: al[T]: e0: ax[T]: e0: :Read Flags: :Read Memory: :
TID: 3:IP: 64291590:Disasm bswap cx:IMG: C:\Program Files\DAEMON Tools Lite\Engine.dll:RTN: .text:Read Regs: ecx[T]: 64481f3f: cl[T]: 64481f3f: ch[T]: 64481f3f: cx[T]: 64481f3f: :Read Flags: :Read Memory: :
TID: 3:IP: 64291593:Disasm cmp ah, 0x70:IMG: C:\Program Files\DAEMON Tools Lite\Engine.dll:RTN: .text:Read Regs: eax[T]: e0: ah[T]: e0: ax[T]: e0: :Read Flags: :Read Memory: :
TID: 3:IP: 6429159a:Disasm setnp ch:IMG: C:\Program Files\DAEMON Tools Lite\Engine.dll:RTN: .text:Read Regs: eflags[T]: 287: :Read Flags: 0:[T 4:pf ]:Values:287:Read Memory: :
TID: 3:IP: 6429159d:Disasm mov ecx, dword ptr [eax*4+0x642a0250]:IMG: C:\Program Files\DAEMON Tools Lite\Engine.dll:RTN: .text:Read Regs: eax[T]: e0: ds: 23: al[T]: e0: ah[T]: e0: ax[T]: e0: :Read Flags: :Read Memory: 642a05d0 642a05d1 642a05d2 642a05d3 :
TID: 3:IP: 642915a8:Disasm bswap ecx:IMG: C:\Program Files\DAEMON Tools Lite\Engine.dll:RTN: .text:Read Regs: ecx[T]: ae3b0210: cl[T]: ae3b0210: ch[T]: ae3b0210: cx[T]: ae3b0210: :Read Flags: :Read Memory: :
TID: 3:IP: 642915b0:Disasm mov byte ptr [esp], bh:IMG: C:\Program Files\DAEMON Tools Lite\Engine.dll:RTN: .text:Read Regs: esp: 12e530: ebx[T]: 102114d9: ss: 23: bh[T]: 102114d9: bx[T]: 102114d9: sp: 12e530: :Read Flags: :Read Memory: :
TID: 3:IP: 642915b3:Disasm add ecx, 0x54270000:IMG: C:\Program Files\DAEMON Tools Lite\Engine.dll:RTN: .text:Read Regs: ecx[T]: 10023bae: cl[T]: 10023bae: ch[T]: 10023bae: cx[T]: 10023bae: :Read Flags: :Read Memory: :
TID: 3:IP: 642915b9:Disasm push dword ptr [esp]:IMG: C:\Program Files\DAEMON Tools Lite\Engine.dll:RTN: .text:Read Regs: esp: 12e530: ss: 23: sp: 12e530: :Read Flags: :Read Memory: 12e530 [T] 12e531 12e532 [T] 12e533 [T] :
TID: 3:IP: 642915bc:Disasm pushad :IMG: C:\Program Files\DAEMON Tools Lite\Engine.dll:RTN: .text:Read Regs: edi: 12e534: esi[T]: 644814ab: ebp: 12e5f8: esp: 12e52c: ebx[T]: 102114d9: edx: 54270000: ecx[T]: 64293bae: eax[T]: e0: ss: 23: al[T]: e0: ah[T]: e0: ax[T]: e0: cl[T]: 64293bae: ch[T]: 64293bae: cx[T]: 64293bae: dl: 54270000: dh: 54270000: dx: 54270000: bl[T]: 102114d9: bh[T]: 102114d9: bx[T]: 102114d9: bp: 12e5f8: si[T]: 644814ab: di: 12e534: sp: 12e52c: :Read Flags: :Read Memory: :
TID: 3:IP: 642919e6:Disasm mov dword ptr [esp+0x24], ecx:IMG: C:\Program Files\DAEMON Tools Lite\Engine.dll:RTN: .text:Read Regs: esp: 12e50c: ecx[T]: 64293bae: ss: 23: cl[T]: 64293bae: ch[T]: 64293bae: cx[T]: 64293bae: sp: 12e50c: :Read Flags: :Read Memory: :
TID: 3:IP: 642919ea:Disasm pushfd :IMG: C:\Program Files\DAEMON Tools Lite\Engine.dll:RTN: .text:Read Regs: esp: 12e50c: ss: 23: eflags[T]: 202: sp: 12e50c: :Read Flags: 3f7700:df vif iopl if ac vm rf nt tf id vip [T 8d5:of sf zf af pf cf ]:Values:202:Read Memory: :
TID: 3:IP: 642919f6:Disasm push dword ptr [esp+0x28]:IMG: C:\Program Files\DAEMON Tools Lite\Engine.dll:RTN: .text:Read Regs: esp: 12e508: ss: 23: sp: 12e508: :Read Flags: :Read Memory: 12e530 [T] 12e531 [T] 12e532 [T] 12e533 [T] :
TID: 3:IP: 642919fa:Disasm ret 0x2c:IMG: C:\Program Files\DAEMON Tools Lite\Engine.dll:RTN: .text:Read Regs: esp: 12e504: ss: 23: sp: 12e504: :Read Flags: :Read Memory: 12e504 [T] 12e505 [T] 12e506 [T] 12e507 [T] :
TID: 3:IP: 64293bae:Disasm shld eax, edi, 0x5:IMG: C:\Program Files\DAEMON Tools Lite\Engine.dll:RTN: .text:Read Regs: edi: 12e534: eax[T]: e0: al[T]: e0: ah[T]: e0: ax[T]: e0: di: 12e534: :Read Flags: :Read Memory: :
TID: 3:IP: 64293bb2:Disasm cwde :IMG: C:\Program Files\DAEMON Tools Lite\Engine.dll:RTN: .text:Read Regs: eax[T]: 1c00: al[T]: 1c00: ah[T]: 1c00: ax[T]: 1c00: :Read Flags: :Read Memory: :
TID: 3:IP: 64293bb3:Disasm movsx ax, al:IMG: C:\Program Files\DAEMON Tools Lite\Engine.dll:RTN: .text:Read Regs: eax[T]: 1c00: al[T]: 1c00: ax[T]: 1c00: :Read Flags: :Read Memory: :
TID: 3:IP: 64293bb7:Disasm mov eax, dword ptr [esi]:IMG: C:\Program Files\DAEMON Tools Lite\Engine.dll:RTN: .text:Read Regs: esi[T]: 644814ab: ds: 23: si[T]: 644814ab: :Read Flags: :Read Memory: 644814ab 644814ac 644814ad 644814ae :
TID: 3:IP: 64293bb9:Disasm test dh, ch:IMG: C:\Program Files\DAEMON Tools Lite\Engine.dll:RTN: .text:Read Regs: edx: 54270000: ecx[T]: 64293bae: ch[T]: 64293bae: cx[T]: 64293bae: dh: 54270000: dx: 54270000: :Read Flags: :Read Memory: :
TID: 3:IP: 64293bbf:Disasm add eax, ebx:IMG: C:\Program Files\DAEMON Tools Lite\Engine.dll:RTN: .text:Read Regs: ebx[T]: 102114d9: eax[T]: f0db1272: al[T]: f0db1272: ah[T]: f0db1272: ax[T]: f0db1272: bl[T]: 102114d9: bh[T]: 102114d9: bx[T]: 102114d9: :Read Flags: :Read Memory: :
TID: 3:IP: 64293bc1:Disasm pushad :IMG: C:\Program Files\DAEMON Tools Lite\Engine.dll:RTN: .text:Read Regs: edi: 12e534: esi[T]: 644814ab: ebp: 12e5f8: esp: 12e530: ebx[T]: 102114d9: edx: 54270000: ecx[T]: 64293bae: eax[T]: fc274b: ss: 23: al[T]: fc274b: ah[T]: fc274b: ax[T]: fc274b: cl[T]: 64293bae: ch[T]: 64293bae: cx[T]: 64293bae: dl: 54270000: dh: 54270000: dx: 54270000: bl[T]: 102114d9: bh[T]: 102114d9: bx[T]: 102114d9: bp: 12e5f8: si[T]: 644814ab: di: 12e534: sp: 12e530: :Read Flags: :Read Memory: :
TID: 3:IP: 64293bc2:Disasm push ebx:IMG: C:\Program Files\DAEMON Tools Lite\Engine.dll:RTN: .text:Read Regs: esp: 12e510: ebx[T]: 102114d9: ss: 23: bl[T]: 102114d9: bh[T]: 102114d9: bx[T]: 102114d9: sp: 12e510: :Read Flags: :Read Memory: :
TID: 3:IP: 64293bc9:Disasm sub eax, 0xc779359b:IMG: C:\Program Files\DAEMON Tools Lite\Engine.dll:RTN: .text:Read Regs: eax[T]: fc274b: al[T]: fc274b: ah[T]: fc274b: ax[T]: fc274b: :Read Flags: :Read Memory: :
TID: 3:IP: 64293bce:Disasm pushfd :IMG: C:\Program Files\DAEMON Tools Lite\Engine.dll:RTN: .text:Read Regs: esp: 12e508: ss: 23: eflags[T]: 203: sp: 12e508: :Read Flags: 3f7700:df vif iopl if ac vm rf nt tf id vip [T 8d5:of sf zf af pf cf ]:Values:203:Read Memory: :
TID: 3:IP: 64293bcf:Disasm bt ax, 0x7:IMG: C:\Program Files\DAEMON Tools Lite\Engine.dll:RTN: .text:Read Regs: eax[T]: 3982f1b0: al[T]: 3982f1b0: ah[T]: 3982f1b0: ax[T]: 3982f1b0: :Read Flags: :Read Memory: :
TID: 3:IP: 64293bdb:Disasm bswap eax:IMG: C:\Program Files\DAEMON Tools Lite\Engine.dll:RTN: .text:Read Regs: eax[T]: 3982f1b0: al[T]: 3982f1b0: ah[T]: 3982f1b0: ax[T]: 3982f1b0: :Read Flags: :Read Memory: :
TID: 3:IP: 6429313f:Disasm mov byte ptr [esp+0x4], al:IMG: C:\Program Files\DAEMON Tools Lite\Engine.dll:RTN: .text:Read Regs: esp: 12e500: eax[T]: b0f18239: ss: 23: al[T]: b0f18239: ax[T]: b0f18239: sp: 12e500: :Read Flags: :Read Memory: :
TID: 3:IP: 64293143:Disasm add esi, 0x4:IMG: C:\Program Files\DAEMON Tools Lite\Engine.dll:RTN: .text:Read Regs: esi[T]: 644814ab: si[T]: 644814ab: :Read Flags: :Read Memory: :
TID: 3:IP: 64293146:Disasm pushfd :IMG: C:\Program Files\DAEMON Tools Lite\Engine.dll:RTN: .text:Read Regs: esp: 12e500: ss: 23: eflags[T]: 206: sp: 12e500: :Read Flags: 3f7700:df vif iopl if ac vm rf nt tf id vip [T 8d5:of sf zf af pf cf ]:Values:206:Read Memory: :
TID: 3:IP: 64289480:Disasm pushfd :IMG: C:\Program Files\DAEMON Tools Lite\Engine.dll:RTN: .text:Read Regs: esp: 12e4fc: ss: 23: eflags[T]: 206: sp: 12e4fc: :Read Flags: 3f7700:df vif iopl if ac vm rf nt tf id vip [T 8d5:of sf zf af pf cf ]:Values:206:Read Memory: :
TID: 3:IP: 64289485:Disasm dec eax:IMG: C:\Program Files\DAEMON Tools Lite\Engine.dll:RTN: .text:Read Regs: eax[T]: b0f18239: al[T]: b0f18239: ah[T]: b0f18239: ax[T]: b0f18239: :Read Flags: :Read Memory: :
TID: 3:IP: 6428948d:Disasm add ebx, eax:IMG: C:\Program Files\DAEMON Tools Lite\Engine.dll:RTN: .text:Read Regs: ebx[T]: 102114d9: eax[T]: b0f18238: al[T]: b0f18238: ah[T]: b0f18238: ax[T]: b0f18238: bl[T]: 102114d9: bh[T]: 102114d9: bx[T]: 102114d9: :Read Flags: :Read Memory: :
TID: 3:IP: 6428948f:Disasm push ecx:IMG: C:\Program Files\DAEMON Tools Lite\Engine.dll:RTN: .text:Read Regs: esp: 12e4f8: ecx[T]: 64293bae: ss: 23: cl[T]: 64293bae: ch[T]: 64293bae: cx[T]: 64293bae: sp: 12e4f8: :Read Flags: :Read Memory: :
TID: 3:IP: 64289490:Disasm cmp ch, 0x35:IMG: C:\Program Files\DAEMON Tools Lite\Engine.dll:RTN: .text:Read Regs: ecx[T]: 64293bae: ch[T]: 64293bae: cx[T]: 64293bae: :Read Flags: :Read Memory: :
TID: 3:IP: 64289494:Disasm bt bx, 0x2:IMG: C:\Program Files\DAEMON Tools Lite\Engine.dll:RTN: .text:Read Regs: ebx[T]: c1129711: bl[T]: c1129711: bh[T]: c1129711: bx[T]: c1129711: :Read Flags: :Read Memory: :
TID: 3:IP: 6428949c:Disasm mov byte ptr [esp], ch:IMG: C:\Program Files\DAEMON Tools Lite\Engine.dll:RTN: .text:Read Regs: esp: 12e4f4: ecx[T]: 64293bae: ss: 23: ch[T]: 64293bae: cx[T]: 64293bae: sp: 12e4f4: :Read Flags: :Read Memory: :
TID: 3:IP: 6428ac22:Disasm mov byte ptr [esp], bh:IMG: C:\Program Files\DAEMON Tools Lite\Engine.dll:RTN: .text:Read Regs: esp: 12e4f4: ebx[T]: c1129711: ss: 23: bh[T]: c1129711: bx[T]: c1129711: sp: 12e4f4: :Read Flags: :Read Memory: :
TID: 3:IP: 6428ac25:Disasm mov dword ptr [ebp], eax:IMG: C:\Program Files\DAEMON Tools Lite\Engine.dll:RTN: .text:Read Regs: ebp: 12e5f4: eax[T]: b0f18238: ss: 23: al[T]: b0f18238: ah[T]: b0f18238: ax[T]: b0f18238: bp: 12e5f4: :Read Flags: :Read Memory: :
TID: 3:IP: 6428ac28:Disasm push dword ptr [esp]:IMG: C:\Program Files\DAEMON Tools Lite\Engine.dll:RTN: .text:Read Regs: esp: 12e4f4: ss: 23: sp: 12e4f4: :Read Flags: :Read Memory: 12e4f4 [T] 12e4f5 [T] 12e4f6 [T] 12e4f7 [T] :
TID: 3:IP: 6428953e:Disasm xor ax, bx:IMG: C:\Program Files\DAEMON Tools Lite\Engine.dll:RTN: .text:Read Regs: ebx[T]: c1129711: eax[T]: b0f18238: al[T]: b0f18238: ah[T]: b0f18238: ax[T]: b0f18238: bl[T]: c1129711: bh[T]: c1129711: bx[T]: c1129711: :Read Flags: :Read Memory: :
TID: 3:IP: 64289541:Disasm shrd ax, di, cl:IMG: C:\Program Files\DAEMON Tools Lite\Engine.dll:RTN: .text:Read Regs: edi: 12e534: ecx[T]: 64293bae: eax[T]: b0f11529: al[T]: b0f11529: ah[T]: b0f11529: ax[T]: b0f11529: cl[T]: 64293bae: cx[T]: 64293bae: di: 12e534: :Read Flags: :Read Memory: :
TID: 3:IP: 64289548:Disasm cmc :IMG: C:\Program Files\DAEMON Tools Lite\Engine.dll:RTN: .text:Read Regs: eflags[T]: 282: :Read Flags: 0:[T 1:cf ]:Values:282:Read Memory: :
TID: 3:IP: 64291548:Disasm sbb al, bh:IMG: C:\Program Files\DAEMON Tools Lite\Engine.dll:RTN: .text:Read Regs: ebx[T]: c1129711: eax: 12e584: eflags: 202: al: 12e584: ax: 12e584: bh[T]: c1129711: bx[T]: c1129711: :Read Flags: 1:cf :Values:202:Read Memory: :
TID: 3:IP: 6429154a:Disasm xchg ch, al:IMG: C:\Program Files\DAEMON Tools Lite\Engine.dll:RTN: .text:Read Regs: ecx[T]: 64293bae: eax[T]: 12e5ed: al[T]: 12e5ed: ax[T]: 12e5ed: ch[T]: 64293bae: cx[T]: 64293bae: :Read Flags: :Read Memory: :
TID: 3:IP: 6429154c:Disasm mov al, byte ptr [esi]:IMG: C:\Program Files\DAEMON Tools Lite\Engine.dll:RTN: .text:Read Regs: esi[T]: 644814af: ds: 23: si[T]: 644814af: :Read Flags: :Read Memory: 644814af :
TID: 3:IP: 6429154e:Disasm shr cl, 0x1:IMG: C:\Program Files\DAEMON Tools Lite\Engine.dll:RTN: .text:Read Regs: ecx[T]: 6429edae: cl[T]: 6429edae: cx[T]: 6429edae: :Read Flags: :Read Memory: :
TID: 3:IP: 64291550:Disasm not ecx:IMG: C:\Program Files\DAEMON Tools Lite\Engine.dll:RTN: .text:Read Regs: ecx[T]: 6429ed57: cl[T]: 6429ed57: ch[T]: 6429ed57: cx[T]: 6429ed57: :Read Flags: :Read Memory: :
TID: 3:IP: 64291552:Disasm cmc :IMG: C:\Program Files\DAEMON Tools Lite\Engine.dll:RTN: .text:Read Regs: eflags[T]: a02: :Read Flags: 0:[T 1:cf ]:Values:a02:Read Memory: :
TID: 3:IP: 64291553:Disasm sub al, bl:IMG: C:\Program Files\DAEMON Tools Lite\Engine.dll:RTN: .text:Read Regs: ebx[T]: c1129711: eax[T]: 12e5fa: al[T]: 12e5fa: ax[T]: 12e5fa: bl[T]: c1129711: bx[T]: c1129711: :Read Flags: :Read Memory: :
TID: 3:IP: 64291555:Disasm movzx cx, bl:IMG: C:\Program Files\DAEMON Tools Lite\Engine.dll:RTN: .text:Read Regs: ebx[T]: c1129711: bl[T]: c1129711: bx[T]: c1129711: :Read Flags: :Read Memory: :
TID: 3:IP: 64291559:Disasm movsx cx, cl:IMG: C:\Program Files\DAEMON Tools Lite\Engine.dll:RTN: .text:Read Regs: ecx[T]: 9bd60011: cl[T]: 9bd60011: cx[T]: 9bd60011: :Read Flags: :Read Memory: :
TID: 3:IP: 6429155f:Disasm dec al:IMG: C:\Program Files\DAEMON Tools Lite\Engine.dll:RTN: .text:Read Regs: eax[T]: 12e5e9: al[T]: 12e5e9: ax[T]: 12e5e9: :Read Flags: :Read Memory: :
TID: 3:IP: 64291561:Disasm pushfd :IMG: C:\Program Files\DAEMON Tools Lite\Engine.dll:RTN: .text:Read Regs: esp: 12e534: ss: 23: eflags[T]: 286: sp: 12e534: :Read Flags: 3f7700:df vif iopl if ac vm rf nt tf id vip [T 8d5:of sf zf af pf cf ]:Values:286:Read Memory: :
TID: 3:IP: 64291562:Disasm rol al, 0x7:IMG: C:\Program Files\DAEMON Tools Lite\Engine.dll:RTN: .text:Read Regs: eax[T]: 12e5e8: al[T]: 12e5e8: ax[T]: 12e5e8: :Read Flags: :Read Memory: :
TID: 3:IP: 64291565:Disasm rol cx, 0xe:IMG: C:\Program Files\DAEMON Tools Lite\Engine.dll:RTN: .text:Read Regs: ecx: 9bd600c3: cl: 9bd600c3: ch[T]: 9bd600c3: cx: 9bd600c3: :Read Flags: :Read Memory: :
TID: 3:IP: 64291569:Disasm not al:IMG: C:\Program Files\DAEMON Tools Lite\Engine.dll:RTN: .text:Read Regs: eax[T]: 12e574: al[T]: 12e574: ax[T]: 12e574: :Read Flags: :Read Memory: :
TID: 3:IP: 6429156b:Disasm movsx ecx, cl:IMG: C:\Program Files\DAEMON Tools Lite\Engine.dll:RTN: .text:Read Regs: ecx[T]: 9bd6c030: cl[T]: 9bd6c030: cx[T]: 9bd6c030: :Read Flags: :Read Memory: :
TID: 3:IP: 6429156e:Disasm movzx cx, cl:IMG: C:\Program Files\DAEMON Tools Lite\Engine.dll:RTN: .text:Read Regs: ecx[T]: 30: cl[T]: 30: cx[T]: 30: :Read Flags: :Read Memory: :
TID: 3:IP: 64291572:Disasm shr ecx, cl:IMG: C:\Program Files\DAEMON Tools Lite\Engine.dll:RTN: .text:Read Regs: ecx[T]: 30: cl[T]: 30: ch[T]: 30: cx[T]: 30: :Read Flags: :Read Memory: :
TID: 3:IP: 64291574:Disasm and ch, 0xe4:IMG: C:\Program Files\DAEMON Tools Lite\Engine.dll:RTN: .text:Read Regs: ecx[T]: 0: ch[T]: 0: cx[T]: 0: :Read Flags: :Read Memory: :
TID: 3:IP: 64291577:Disasm sub bl, al:IMG: C:\Program Files\DAEMON Tools Lite\Engine.dll:RTN: .text:Read Regs: ebx[T]: c1129711: eax[T]: 12e58b: al[T]: 12e58b: ax[T]: 12e58b: bl[T]: c1129711: bx[T]: c1129711: :Read Flags: :Read Memory: :
TID: 3:IP: 64291579:Disasm pop ecx:IMG: C:\Program Files\DAEMON Tools Lite\Engine.dll:RTN: .text:Read Regs: esp: 12e530: ss: 23: sp: 12e530: :Read Flags: :Read Memory: 12e530 [T] 12e531 [T] 12e532 [T] 12e533 [T] :
TID: 3:IP: 6429157a:Disasm ror cx, 0xe:IMG: C:\Program Files\DAEMON Tools Lite\Engine.dll:RTN: .text:Read Regs: ecx[T]: 286: cl[T]: 286: ch[T]: 286: cx[T]: 286: :Read Flags: :Read Memory: :
TID: 3:IP: 6429157e:Disasm shl cl, 0x4:IMG: C:\Program Files\DAEMON Tools Lite\Engine.dll:RTN: .text:Read Regs: ecx[T]: a18: cl[T]: a18: cx[T]: a18: :Read Flags: :Read Memory: :
TID: 3:IP: 64291581:Disasm pushfd :IMG: C:\Program Files\DAEMON Tools Lite\Engine.dll:RTN: .text:Read Regs: esp: 12e534: ss: 23: eflags[T]: 283: sp: 12e534: :Read Flags: 3f7700:df vif iopl if ac vm rf nt tf id vip [T 8d5:of sf zf af pf cf ]:Values:283:Read Memory: :
TID: 3:IP: 64291582:Disasm sub esi, 0xffffffff:IMG: C:\Program Files\DAEMON Tools Lite\Engine.dll:RTN: .text:Read Regs: esi[T]: 644814af: si[T]: 644814af: :Read Flags: :Read Memory: :
TID: 3:IP: 64291585:Disasm xor cl, bh:IMG: C:\Program Files\DAEMON Tools Lite\Engine.dll:RTN: .text:Read Regs: ebx[T]: c1129786: ecx[T]: a80: cl[T]: a80: cx[T]: a80: bh[T]: c1129786: bx[T]: c1129786: :Read Flags: :Read Memory: :
TID: 3:IP: 64291587:Disasm add ecx, esi:IMG: C:\Program Files\DAEMON Tools Lite\Engine.dll:RTN: .text:Read Regs: esi[T]: 644814b0: ecx[T]: a17: cl[T]: a17: ch[T]: a17: cx[T]: a17: si[T]: 644814b0: :Read Flags: :Read Memory: :
TID: 3:IP: 64291589:Disasm btc cx, bx:IMG: C:\Program Files\DAEMON Tools Lite\Engine.dll:RTN: .text:Read Regs: ebx[T]: c1129786: ecx[T]: 64481ec7: cl[T]: 64481ec7: ch[T]: 64481ec7: cx[T]: 64481ec7: bl[T]: c1129786: bh[T]: c1129786: bx[T]: c1129786: :Read Flags: :Read Memory: :
TID: 3:IP: 6429158d:Disasm movzx eax, al:IMG: C:\Program Files\DAEMON Tools Lite\Engine.dll:RTN: .text:Read Regs: eax[T]: 12e58b: al[T]: 12e58b: ax[T]: 12e58b: :Read Flags: :Read Memory: :
TID: 3:IP: 64291590:Disasm bswap cx:IMG: C:\Program Files\DAEMON Tools Lite\Engine.dll:RTN: .text:Read Regs: ecx[T]: 64481e87: cl[T]: 64481e87: ch[T]: 64481e87: cx[T]: 64481e87: :Read Flags: :Read Memory: :
TID: 3:IP: 64291593:Disasm cmp ah, 0x70:IMG: C:\Program Files\DAEMON Tools Lite\Engine.dll:RTN: .text:Read Regs: eax[T]: 8b: ah[T]: 8b: ax[T]: 8b: :Read Flags: :Read Memory: :
TID: 3:IP: 6429159a:Disasm setnp ch:IMG: C:\Program Files\DAEMON Tools Lite\Engine.dll:RTN: .text:Read Regs: eflags[T]: 287: :Read Flags: 0:[T 4:pf ]:Values:287:Read Memory: :
TID: 3:IP: 6429159d:Disasm mov ecx, dword ptr [eax*4+0x642a0250]:IMG: C:\Program Files\DAEMON Tools Lite\Engine.dll:RTN: .text:Read Regs: eax[T]: 8b: ds: 23: al[T]: 8b: ah[T]: 8b: ax[T]: 8b: :Read Flags: :Read Memory: 642a047c 642a047d 642a047e 642a047f :
TID: 3:IP: 642915a8:Disasm bswap ecx:IMG: C:\Program Files\DAEMON Tools Lite\Engine.dll:RTN: .text:Read Regs: ecx[T]: e2af0110: cl[T]: e2af0110: ch[T]: e2af0110: cx[T]: e2af0110: :Read Flags: :Read Memory: :
TID: 3:IP: 642915b0:Disasm mov byte ptr [esp], bh:IMG: C:\Program Files\DAEMON Tools Lite\Engine.dll:RTN: .text:Read Regs: esp: 12e530: ebx[T]: c1129786: ss: 23: bh[T]: c1129786: bx[T]: c1129786: sp: 12e530: :Read Flags: :Read Memory: :
TID: 3:IP: 642915b3:Disasm add ecx, 0x54270000:IMG: C:\Program Files\DAEMON Tools Lite\Engine.dll:RTN: .text:Read Regs: ecx[T]: 1001afe2: cl[T]: 1001afe2: ch[T]: 1001afe2: cx[T]: 1001afe2: :Read Flags: :Read Memory: :
TID: 3:IP: 642915b9:Disasm push dword ptr [esp]:IMG: C:\Program Files\DAEMON Tools Lite\Engine.dll:RTN: .text:Read Regs: esp: 12e530: ss: 23: sp: 12e530: :Read Flags: :Read Memory: 12e530 [T] 12e531 12e532 [T] 12e533 [T] :
TID: 3:IP: 642915bc:Disasm pushad :IMG: C:\Program Files\DAEMON Tools Lite\Engine.dll:RTN: .text:Read Regs: edi: 12e534: esi[T]: 644814b0: ebp: 12e5f4: esp: 12e52c: ebx[T]: c1129786: edx: 54270000: ecx[T]: 6428afe2: eax[T]: 8b: ss: 23: al[T]: 8b: ah[T]: 8b: ax[T]: 8b: cl[T]: 6428afe2: ch[T]: 6428afe2: cx[T]: 6428afe2: dl: 54270000: dh: 54270000: dx: 54270000: bl[T]: c1129786: bh[T]: c1129786: bx[T]: c1129786: bp: 12e5f4: si[T]: 644814b0: di: 12e534: sp: 12e52c: :Read Flags: :Read Memory: :
TID: 3:IP: 642919e6:Disasm mov dword ptr [esp+0x24], ecx:IMG: C:\Program Files\DAEMON Tools Lite\Engine.dll:RTN: .text:Read Regs: esp: 12e50c: ecx[T]: 6428afe2: ss: 23: cl[T]: 6428afe2: ch[T]: 6428afe2: cx[T]: 6428afe2: sp: 12e50c: :Read Flags: :Read Memory: :
TID: 3:IP: 642919ea:Disasm pushfd :IMG: C:\Program Files\DAEMON Tools Lite\Engine.dll:RTN: .text:Read Regs: esp: 12e50c: ss: 23: eflags[T]: 206: sp: 12e50c: :Read Flags: 3f7700:df vif iopl if ac vm rf nt tf id vip [T 8d5:of sf zf af pf cf ]:Values:206:Read Memory: :
TID: 3:IP: 642919f6:Disasm push dword ptr [esp+0x28]:IMG: C:\Program Files\DAEMON Tools Lite\Engine.dll:RTN: .text:Read Regs: esp: 12e508: ss: 23: sp: 12e508: :Read Flags: :Read Memory: 12e530 [T] 12e531 [T] 12e532 [T] 12e533 [T] :
TID: 3:IP: 642919fa:Disasm ret 0x2c:IMG: C:\Program Files\DAEMON Tools Lite\Engine.dll:RTN: .text:Read Regs: esp: 12e504: ss: 23: sp: 12e504: :Read Flags: :Read Memory: 12e504 [T] 12e505 [T] 12e506 [T] 12e507 [T] :
TID: 3:IP: 6428afe2:Disasm not eax:IMG: C:\Program Files\DAEMON Tools Lite\Engine.dll:RTN: .text:Read Regs: eax[T]: 8b: al[T]: 8b: ah[T]: 8b: ax[T]: 8b: :Read Flags: :Read Memory: :
TID: 3:IP: 6428afe4:Disasm mov eax, dword ptr [ebp]:IMG: C:\Program Files\DAEMON Tools Lite\Engine.dll:RTN: .text:Read Regs: ebp: 12e5f4: ss: 23: bp: 12e5f4: :Read Flags: :Read Memory: 12e5f4 [T] 12e5f5 [T] 12e5f6 [T] 12e5f7 [T] :
TID: 3:IP: 6428afe8:Disasm pushfd :IMG: C:\Program Files\DAEMON Tools Lite\Engine.dll:RTN: .text:Read Regs: esp: 12e534: ss: 23: eflags: 207: sp: 12e534: :Read Flags: 3f7701:cf df vif iopl if ac vm rf nt tf id vip [T 8d4:of sf zf af pf ]:Values:207:Read Memory: :
TID: 3:IP: 6428afea:Disasm add dword ptr [ebp+0x4], eax:IMG: C:\Program Files\DAEMON Tools Lite\Engine.dll:RTN: .text:Read Regs: ebp: 12e5f4: eax[T]: b0f18238: ss: 23: al[T]: b0f18238: ah[T]: b0f18238: ax[T]: b0f18238: bp: 12e5f4: :Read Flags: :Read Memory: 12e5f8 12e5f9 12e5fa 12e5fb :
TID: 3:IP: 6428afed:Disasm pushad :IMG: C:\Program Files\DAEMON Tools Lite\Engine.dll:RTN: .text:Read Regs: edi: 12e534: esi[T]: 644814b0: ebp: 12e5f4: esp: 12e52c: ebx[T]: c1129786: edx: 54270000: ecx[T]: 6428afe2: eax[T]: b0f18238: ss: 23: al[T]: b0f18238: ah[T]: b0f18238: ax[T]: b0f18238: cl[T]: 6428afe2: ch[T]: 6428afe2: cx[T]: 6428afe2: dl: 54270000: dh: 54270000: dx: 54270000: bl[T]: c1129786: bh[T]: c1129786: bx[T]: c1129786: bp: 12e5f4: si[T]: 644814b0: di: 12e534: sp: 12e52c: :Read Flags: :Read Memory: :
TID: 3:IP: 6428a16b:Disasm pushfd :IMG: C:\Program Files\DAEMON Tools Lite\Engine.dll:RTN: .text:Read Regs: esp: 12e50c: ss: 23: eflags[T]: 282: sp: 12e50c: :Read Flags: 3f7700:df vif iopl if ac vm rf nt tf id vip [T 8d5:of sf zf af pf cf ]:Values:282:Read Memory: :
TID: 3:IP: 642899ff:Disasm pushfd :IMG: C:\Program Files\DAEMON Tools Lite\Engine.dll:RTN: .text:Read Regs: esp: 12e508: ss: 23: eflags[T]: 282: sp: 12e508: :Read Flags: 3f7700:df vif iopl if ac vm rf nt tf id vip [T 8d5:of sf zf af pf cf ]:Values:282:Read Memory: :
TID: 3:IP: 64289a00:Disasm pop dword ptr [esp+0x28]:IMG: C:\Program Files\DAEMON Tools Lite\Engine.dll:RTN: .text:Read Regs: esp: 12e504: ss: 23: sp: 12e504: :Read Flags: :Read Memory: 12e504 [T] 12e505 [T] 12e506 [T] 12e507 [T] :
TID: 3:IP: 64293bf9:Disasm pushfd :IMG: C:\Program Files\DAEMON Tools Lite\Engine.dll:RTN: .text:Read Regs: esp: 12e504: ss: 23: eflags[T]: 282: sp: 12e504: :Read Flags: 3f7700:df vif iopl if ac vm rf nt tf id vip [T 8d5:of sf zf af pf cf ]:Values:282:Read Memory: :
TID: 3:IP: 64293bfa:Disasm push dword ptr [esp]:IMG: C:\Program Files\DAEMON Tools Lite\Engine.dll:RTN: .text:Read Regs: esp: 12e500: ss: 23: sp: 12e500: :Read Flags: :Read Memory: 12e500 [T] 12e501 [T] 12e502 [T] 12e503 [T] :
TID: 3:IP: 64293bfd:Disasm push dword ptr [esp+0x34]:IMG: C:\Program Files\DAEMON Tools Lite\Engine.dll:RTN: .text:Read Regs: esp: 12e4fc: ss: 23: sp: 12e4fc: :Read Flags: :Read Memory: 12e530 [T] 12e531 [T] 12e532 [T] 12e533 [T] :
TID: 3:IP: 64293c01:Disasm pop dword ptr [ebp]:IMG: C:\Program Files\DAEMON Tools Lite\Engine.dll:RTN: .text:Read Regs: ebp: 12e5f4: esp: 12e4f8: ss: 23: bp: 12e5f4: sp: 12e4f8: :Read Flags: :Read Memory: 12e4f8 [T] 12e4f9 [T] 12e4fa [T] 12e4fb [T] :
TID: 3:IP: 64293c09:Disasm pushfd :IMG: C:\Program Files\DAEMON Tools Lite\Engine.dll:RTN: .text:Read Regs: esp: 12e4fc: ss: 23: eflags[T]: 282: sp: 12e4fc: :Read Flags: 3f7700:df vif iopl if ac vm rf nt tf id vip [T 8d5:of sf zf af pf cf ]:Values:282:Read Memory: :
TID: 3:IP: 64291548:Disasm sbb al, bh:IMG: C:\Program Files\DAEMON Tools Lite\Engine.dll:RTN: .text:Read Regs: ebx[T]: c1129786: eax[T]: b0f18238: eflags[T]: 282: al[T]: b0f18238: ax[T]: b0f18238: bh[T]: c1129786: bx[T]: c1129786: :Read Flags: 0:[T 1:cf ]:Values:282:Read Memory: :
TID: 3:IP: 6429154a:Disasm xchg ch, al:IMG: C:\Program Files\DAEMON Tools Lite\Engine.dll:RTN: .text:Read Regs: ecx[T]: 6428afe2: eax[T]: b0f182a1: al[T]: b0f182a1: ax[T]: b0f182a1: ch[T]: 6428afe2: cx[T]: 6428afe2: :Read Flags: :Read Memory: :
TID: 3:IP: 6429154c:Disasm mov al, byte ptr [esi]:IMG: C:\Program Files\DAEMON Tools Lite\Engine.dll:RTN: .text:Read Regs: esi[T]: 644814b0: ds: 23: si[T]: 644814b0: :Read Flags: :Read Memory: 644814b0 :
TID: 3:IP: 6429154e:Disasm shr cl, 0x1:IMG: C:\Program Files\DAEMON Tools Lite\Engine.dll:RTN: .text:Read Regs: ecx[T]: 6428a1e2: cl[T]: 6428a1e2: cx[T]: 6428a1e2: :Read Flags: :Read Memory: :
TID: 3:IP: 64291550:Disasm not ecx:IMG: C:\Program Files\DAEMON Tools Lite\Engine.dll:RTN: .text:Read Regs: ecx[T]: 6428a171: cl[T]: 6428a171: ch[T]: 6428a171: cx[T]: 6428a171: :Read Flags: :Read Memory: :
TID: 3:IP: 64291552:Disasm cmc :IMG: C:\Program Files\DAEMON Tools Lite\Engine.dll:RTN: .text:Read Regs: eflags[T]: a06: :Read Flags: 0:[T 1:cf ]:Values:a06:Read Memory: :
TID: 3:IP: 64291553:Disasm sub al, bl:IMG: C:\Program Files\DAEMON Tools Lite\Engine.dll:RTN: .text:Read Regs: ebx[T]: c1129786: eax[T]: b0f18264: al[T]: b0f18264: ax[T]: b0f18264: bl[T]: c1129786: bx[T]: c1129786: :Read Flags: :Read Memory: :
TID: 3:IP: 64291555:Disasm movzx cx, bl:IMG: C:\Program Files\DAEMON Tools Lite\Engine.dll:RTN: .text:Read Regs: ebx[T]: c1129786: bl[T]: c1129786: bx[T]: c1129786: :Read Flags: :Read Memory: :
TID: 3:IP: 64291559:Disasm movsx cx, cl:IMG: C:\Program Files\DAEMON Tools Lite\Engine.dll:RTN: .text:Read Regs: ecx[T]: 9bd70086: cl[T]: 9bd70086: cx[T]: 9bd70086: :Read Flags: :Read Memory: :
TID: 3:IP: 6429155f:Disasm dec al:IMG: C:\Program Files\DAEMON Tools Lite\Engine.dll:RTN: .text:Read Regs: eax[T]: b0f182de: al[T]: b0f182de: ax[T]: b0f182de: :Read Flags: :Read Memory: :
TID: 3:IP: 64291561:Disasm pushfd :IMG: C:\Program Files\DAEMON Tools Lite\Engine.dll:RTN: .text:Read Regs: esp: 12e534: ss: 23: eflags[T]: 287: sp: 12e534: :Read Flags: 3f7700:df vif iopl if ac vm rf nt tf id vip [T 8d5:of sf zf af pf cf ]:Values:287:Read Memory: :
TID: 3:IP: 64291562:Disasm rol al, 0x7:IMG: C:\Program Files\DAEMON Tools Lite\Engine.dll:RTN: .text:Read Regs: eax[T]: b0f182dd: al[T]: b0f182dd: ax[T]: b0f182dd: :Read Flags: :Read Memory: :
TID: 3:IP: 64291565:Disasm rol cx, 0xe:IMG: C:\Program Files\DAEMON Tools Lite\Engine.dll:RTN: .text:Read Regs: ecx: 9bd7ffc3: cl: 9bd7ffc3: ch[T]: 9bd7ffc3: cx: 9bd7ffc3: :Read Flags: :Read Memory: :
TID: 3:IP: 64291569:Disasm not al:IMG: C:\Program Files\DAEMON Tools Lite\Engine.dll:RTN: .text:Read Regs: eax[T]: b0f182ee: al[T]: b0f182ee: ax[T]: b0f182ee: :Read Flags: :Read Memory: :
TID: 3:IP: 6429156b:Disasm movsx ecx, cl:IMG: C:\Program Files\DAEMON Tools Lite\Engine.dll:RTN: .text:Read Regs: ecx[T]: 9bd7fff0: cl[T]: 9bd7fff0: cx[T]: 9bd7fff0: :Read Flags: :Read Memory: :
TID: 3:IP: 6429156e:Disasm movzx cx, cl:IMG: C:\Program Files\DAEMON Tools Lite\Engine.dll:RTN: .text:Read Regs: ecx[T]: fffffff0: cl[T]: fffffff0: cx[T]: fffffff0: :Read Flags: :Read Memory: :
TID: 3:IP: 64291572:Disasm shr ecx, cl:IMG: C:\Program Files\DAEMON Tools Lite\Engine.dll:RTN: .text:Read Regs: ecx[T]: ffff00f0: cl[T]: ffff00f0: ch[T]: ffff00f0: cx[T]: ffff00f0: :Read Flags: :Read Memory: :
TID: 3:IP: 64291574:Disasm and ch, 0xe4:IMG: C:\Program Files\DAEMON Tools Lite\Engine.dll:RTN: .text:Read Regs: ecx[T]: ffff: ch[T]: ffff: cx[T]: ffff: :Read Flags: :Read Memory: :
TID: 3:IP: 64291577:Disasm sub bl, al:IMG: C:\Program Files\DAEMON Tools Lite\Engine.dll:RTN: .text:Read Regs: ebx[T]: c1129786: eax[T]: b0f18211: al[T]: b0f18211: ax[T]: b0f18211: bl[T]: c1129786: bx[T]: c1129786: :Read Flags: :Read Memory: :
TID: 3:IP: 64291579:Disasm pop ecx:IMG: C:\Program Files\DAEMON Tools Lite\Engine.dll:RTN: .text:Read Regs: esp: 12e530: ss: 23: sp: 12e530: :Read Flags: :Read Memory: 12e530 [T] 12e531 [T] 12e532 [T] 12e533 [T] :
TID: 3:IP: 6429157a:Disasm ror cx, 0xe:IMG: C:\Program Files\DAEMON Tools Lite\Engine.dll:RTN: .text:Read Regs: ecx[T]: 287: cl[T]: 287: ch[T]: 287: cx[T]: 287: :Read Flags: :Read Memory: :
TID: 3:IP: 6429157e:Disasm shl cl, 0x4:IMG: C:\Program Files\DAEMON Tools Lite\Engine.dll:RTN: .text:Read Regs: ecx[T]: a1c: cl[T]: a1c: cx[T]: a1c: :Read Flags: :Read Memory: :
TID: 3:IP: 64291581:Disasm pushfd :IMG: C:\Program Files\DAEMON Tools Lite\Engine.dll:RTN: .text:Read Regs: esp: 12e534: ss: 23: eflags[T]: 287: sp: 12e534: :Read Flags: 3f7700:df vif iopl if ac vm rf nt tf id vip [T 8d5:of sf zf af pf cf ]:Values:287:Read Memory: :
TID: 3:IP: 64291582:Disasm sub esi, 0xffffffff:IMG: C:\Program Files\DAEMON Tools Lite\Engine.dll:RTN: .text:Read Regs: esi[T]: 644814b0: si[T]: 644814b0: :Read Flags: :Read Memory: :
TID: 3:IP: 64291585:Disasm xor cl, bh:IMG: C:\Program Files\DAEMON Tools Lite\Engine.dll:RTN: .text:Read Regs: ebx[T]: c1129775: ecx[T]: ac0: cl[T]: ac0: cx[T]: ac0: bh[T]: c1129775: bx[T]: c1129775: :Read Flags: :Read Memory: :
TID: 3:IP: 64291587:Disasm add ecx, esi:IMG: C:\Program Files\DAEMON Tools Lite\Engine.dll:RTN: .text:Read Regs: esi[T]: 644814b1: ecx[T]: a57: cl[T]: a57: ch[T]: a57: cx[T]: a57: si[T]: 644814b1: :Read Flags: :Read Memory: :
TID: 3:IP: 64291589:Disasm btc cx, bx:IMG: C:\Program Files\DAEMON Tools Lite\Engine.dll:RTN: .text:Read Regs: ebx[T]: c1129775: ecx[T]: 64481f08: cl[T]: 64481f08: ch[T]: 64481f08: cx[T]: 64481f08: bl[T]: c1129775: bh[T]: c1129775: bx[T]: c1129775: :Read Flags: :Read Memory: :
TID: 3:IP: 6429158d:Disasm movzx eax, al:IMG: C:\Program Files\DAEMON Tools Lite\Engine.dll:RTN: .text:Read Regs: eax[T]: b0f18211: al[T]: b0f18211: ax[T]: b0f18211: :Read Flags: :Read Memory: :
TID: 3:IP: 64291590:Disasm bswap cx:IMG: C:\Program Files\DAEMON Tools Lite\Engine.dll:RTN: .text:Read Regs: ecx[T]: 64481f28: cl[T]: 64481f28: ch[T]: 64481f28: cx[T]: 64481f28: :Read Flags: :Read Memory: :
TID: 3:IP: 64291593:Disasm cmp ah, 0x70:IMG: C:\Program Files\DAEMON Tools Lite\Engine.dll:RTN: .text:Read Regs: eax[T]: 11: ah[T]: 11: ax[T]: 11: :Read Flags: :Read Memory: :
TID: 3:IP: 6429159a:Disasm setnp ch:IMG: C:\Program Files\DAEMON Tools Lite\Engine.dll:RTN: .text:Read Regs: eflags[T]: 287: :Read Flags: 0:[T 4:pf ]:Values:287:Read Memory: :
TID: 3:IP: 6429159d:Disasm mov ecx, dword ptr [eax*4+0x642a0250]:IMG: C:\Program Files\DAEMON Tools Lite\Engine.dll:RTN: .text:Read Regs: eax[T]: 11: ds: 23: al[T]: 11: ah[T]: 11: ax[T]: 11: :Read Flags: :Read Memory: 642a0294 642a0295 642a0296 642a0297 :
TID: 3:IP: 642915a8:Disasm bswap ecx:IMG: C:\Program Files\DAEMON Tools Lite\Engine.dll:RTN: .text:Read Regs: ecx[T]: 80ff0010: cl[T]: 80ff0010: ch[T]: 80ff0010: cx[T]: 80ff0010: :Read Flags: :Read Memory: :
TID: 3:IP: 642915b0:Disasm mov byte ptr [esp], bh:IMG: C:\Program Files\DAEMON Tools Lite\Engine.dll:RTN: .text:Read Regs: esp: 12e530: ebx[T]: c1129775: ss: 23: bh[T]: c1129775: bx[T]: c1129775: sp: 12e530: :Read Flags: :Read Memory: :
TID: 3:IP: 642915b3:Disasm add ecx, 0x54270000:IMG: C:\Program Files\DAEMON Tools Lite\Engine.dll:RTN: .text:Read Regs: ecx[T]: 1000ff80: cl[T]: 1000ff80: ch[T]: 1000ff80: cx[T]: 1000ff80: :Read Flags: :Read Memory: :
TID: 3:IP: 642915b9:Disasm push dword ptr [esp]:IMG: C:\Program Files\DAEMON Tools Lite\Engine.dll:RTN: .text:Read Regs: esp: 12e530: ss: 23: sp: 12e530: :Read Flags: :Read Memory: 12e530 [T] 12e531 12e532 [T] 12e533 [T] :
TID: 3:IP: 642915bc:Disasm pushad :IMG: C:\Program Files\DAEMON Tools Lite\Engine.dll:RTN: .text:Read Regs: edi: 12e534: esi[T]: 644814b1: ebp: 12e5f4: esp: 12e52c: ebx[T]: c1129775: edx: 54270000: ecx[T]: 6427ff80: eax[T]: 11: ss: 23: al[T]: 11: ah[T]: 11: ax[T]: 11: cl[T]: 6427ff80: ch[T]: 6427ff80: cx[T]: 6427ff80: dl: 54270000: dh: 54270000: dx: 54270000: bl[T]: c1129775: bh[T]: c1129775: bx[T]: c1129775: bp: 12e5f4: si[T]: 644814b1: di: 12e534: sp: 12e52c: :Read Flags: :Read Memory: :
TID: 3:IP: 642919e6:Disasm mov dword ptr [esp+0x24], ecx:IMG: C:\Program Files\DAEMON Tools Lite\Engine.dll:RTN: .text:Read Regs: esp: 12e50c: ecx[T]: 6427ff80: ss: 23: cl[T]: 6427ff80: ch[T]: 6427ff80: cx[T]: 6427ff80: sp: 12e50c: :Read Flags: :Read Memory: :
TID: 3:IP: 642919ea:Disasm pushfd :IMG: C:\Program Files\DAEMON Tools Lite\Engine.dll:RTN: .text:Read Regs: esp: 12e50c: ss: 23: eflags[T]: 202: sp: 12e50c: :Read Flags: 3f7700:df vif iopl if ac vm rf nt tf id vip [T 8d5:of sf zf af pf cf ]:Values:202:Read Memory: :
TID: 3:IP: 642919f6:Disasm push dword ptr [esp+0x28]:IMG: C:\Program Files\DAEMON Tools Lite\Engine.dll:RTN: .text:Read Regs: esp: 12e508: ss: 23: sp: 12e508: :Read Flags: :Read Memory: 12e530 [T] 12e531 [T] 12e532 [T] 12e533 [T] :
TID: 3:IP: 642919fa:Disasm ret 0x2c:IMG: C:\Program Files\DAEMON Tools Lite\Engine.dll:RTN: .text:Read Regs: esp: 12e504: ss: 23: sp: 12e504: :Read Flags: :Read Memory: 12e504 [T] 12e505 [T] 12e506 [T] 12e507 [T] :
TID: 3:IP: 6427ff80:Disasm rcr al, cl:IMG: C:\Program Files\DAEMON Tools Lite\Engine.dll:RTN: .text:Read Regs: ecx[T]: 6427ff80: eax[T]: 11: eflags[T]: 202: al[T]: 11: ax[T]: 11: cl[T]: 6427ff80: cx[T]: 6427ff80: :Read Flags: 0:[T 1:cf ]:Values:202:Read Memory: :
TID: 3:IP: 6427ff85:Disasm rcl al, 0x5:IMG: C:\Program Files\DAEMON Tools Lite\Engine.dll:RTN: .text:Read Regs: eax[T]: 11: eflags: 246: al[T]: 11: ax[T]: 11: :Read Flags: 1:cf :Values:246:Read Memory: :
TID: 3:IP: 6427ff88:Disasm movzx eax, byte ptr [esi]:IMG: C:\Program Files\DAEMON Tools Lite\Engine.dll:RTN: .text:Read Regs: esi[T]: 644814b1: ds: 23: si[T]: 644814b1: :Read Flags: :Read Memory: 644814b1 :
TID: 3:IP: 6427ff8b:Disasm bt cx, bp:IMG: C:\Program Files\DAEMON Tools Lite\Engine.dll:RTN: .text:Read Regs: ebp: 12e5f4: ecx[T]: 6427ff80: cl[T]: 6427ff80: ch[T]: 6427ff80: cx[T]: 6427ff80: bp: 12e5f4: :Read Flags: :Read Memory: :
TID: 3:IP: 6427ff8f:Disasm xor al, bl:IMG: C:\Program Files\DAEMON Tools Lite\Engine.dll:RTN: .text:Read Regs: ebx[T]: c1129775: eax[T]: 66: al[T]: 66: ax[T]: 66: bl[T]: c1129775: bx[T]: c1129775: :Read Flags: :Read Memory: :
TID: 3:IP: 6427ff96:Disasm shld dx, cx, cl:IMG: C:\Program Files\DAEMON Tools Lite\Engine.dll:RTN: .text:Read Regs: edx: 5427a000: ecx[T]: 6427ff80: cl[T]: 6427ff80: ch[T]: 6427ff80: cx[T]: 6427ff80: dl: 5427a000: dh: 5427a000: dx: 5427a000: :Read Flags: :Read Memory: :
TID: 3:IP: 6427ff9a:Disasm not al:IMG: C:\Program Files\DAEMON Tools Lite\Engine.dll:RTN: .text:Read Regs: eax[T]: 13: al[T]: 13: ax[T]: 13: :Read Flags: :Read Memory: :
TID: 3:IP: 6427ffa1:Disasm dec dh:IMG: C:\Program Files\DAEMON Tools Lite\Engine.dll:RTN: .text:Read Regs: edx[T]: 5427a000: dh[T]: 5427a000: dx[T]: 5427a000: :Read Flags: :Read Memory: :
TID: 3:IP: 6427ffa3:Disasm btr dx, 0x1:IMG: C:\Program Files\DAEMON Tools Lite\Engine.dll:RTN: .text:Read Regs: edx[T]: 54279f00: dl[T]: 54279f00: dh[T]: 54279f00: dx[T]: 54279f00: :Read Flags: :Read Memory: :
TID: 3:IP: 6427ffa8:Disasm neg al:IMG: C:\Program Files\DAEMON Tools Lite\Engine.dll:RTN: .text:Read Regs: eax[T]: ec: al[T]: ec: ax[T]: ec: :Read Flags: :Read Memory: :
TID: 3:IP: 6427ffaa:Disasm test esi, ebp:IMG: C:\Program Files\DAEMON Tools Lite\Engine.dll:RTN: .text:Read Regs: esi[T]: 644814b1: ebp: 12e5f4: bp: 12e5f4: si[T]: 644814b1: :Read Flags: :Read Memory: :
TID: 3:IP: 6427ffac:Disasm sub al, 0x0:IMG: C:\Program Files\DAEMON Tools Lite\Engine.dll:RTN: .text:Read Regs: eax[T]: 14: al[T]: 14: ax[T]: 14: :Read Flags: :Read Memory: :
TID: 3:IP: 6427ffaf:Disasm rol dl, cl:IMG: C:\Program Files\DAEMON Tools Lite\Engine.dll:RTN: .text:Read Regs: edx[T]: 54279f00: ecx[T]: 6427ff80: cl[T]: 6427ff80: cx[T]: 6427ff80: dl[T]: 54279f00: dx[T]: 54279f00: :Read Flags: :Read Memory: :
TID: 3:IP: 6427ffb1:Disasm xor bl, al:IMG: C:\Program Files\DAEMON Tools Lite\Engine.dll:RTN: .text:Read Regs: ebx[T]: c1129775: eax[T]: 14: al[T]: 14: ax[T]: 14: bl[T]: c1129775: bx[T]: c1129775: :Read Flags: :Read Memory: :
TID: 3:IP: 6427ffbc:Disasm pushfd :IMG: C:\Program Files\DAEMON Tools Lite\Engine.dll:RTN: .text:Read Regs: esp: 12e52c: ss: 23: eflags[T]: 202: sp: 12e52c: :Read Flags: 3f7700:df vif iopl if ac vm rf nt tf id vip [T 8d5:of sf zf af pf cf ]:Values:202:Read Memory: :
TID: 3:IP: 6427ffbd:Disasm mov edx, dword ptr [ebp]:IMG: C:\Program Files\DAEMON Tools Lite\Engine.dll:RTN: .text:Read Regs: ebp: 12e5f4: ss: 23: bp: 12e5f4: :Read Flags: :Read Memory: 12e5f4 [T] 12e5f5 [T] 12e5f6 [T] 12e5f7 [T] :
TID: 3:IP: 6428a22d:Disasm inc esi:IMG: C:\Program Files\DAEMON Tools Lite\Engine.dll:RTN: .text:Read Regs: esi[T]: 644814b1: si[T]: 644814b1: :Read Flags: :Read Memory: :
TID: 3:IP: 6428a22f:Disasm test dl, dh:IMG: C:\Program Files\DAEMON Tools Lite\Engine.dll:RTN: .text:Read Regs: edx[T]: 282: dl[T]: 282: dh[T]: 282: dx[T]: 282: :Read Flags: :Read Memory: :
TID: 3:IP: 6428cc64:Disasm mov dword ptr [esp+0x4], esi:IMG: C:\Program Files\DAEMON Tools Lite\Engine.dll:RTN: .text:Read Regs: esi[T]: 644814b2: esp: 12e524: ss: 23: si[T]: 644814b2: sp: 12e524: :Read Flags: :Read Memory: :
TID: 3:IP: 6428cc6f:Disasm mov dword ptr [eax+edi*1], edx:IMG: C:\Program Files\DAEMON Tools Lite\Engine.dll:RTN: .text:Read Regs: edi: 12e534: edx[T]: 282: eax[T]: 14: ds: 23: al[T]: 14: ah[T]: 14: ax[T]: 14: dl[T]: 282: dh[T]: 282: dx[T]: 282: di: 12e534: :Read Flags: :Read Memory: :
TID: 3:IP: 6428cc72:Disasm mov word ptr [esp], ax:IMG: C:\Program Files\DAEMON Tools Lite\Engine.dll:RTN: .text:Read Regs: esp: 12e520: eax[T]: 14: ss: 23: al[T]: 14: ah[T]: 14: ax[T]: 14: sp: 12e520: :Read Flags: :Read Memory: :
TID: 3:IP: 64291548:Disasm sbb al, bh:IMG: C:\Program Files\DAEMON Tools Lite\Engine.dll:RTN: .text:Read Regs: ebx[T]: c1129761: eax[T]: 14: eflags: 202: al[T]: 14: ax[T]: 14: bh[T]: c1129761: bx[T]: c1129761: :Read Flags: 1:cf :Values:202:Read Memory: :
TID: 3:IP: 6429154a:Disasm xchg ch, al:IMG: C:\Program Files\DAEMON Tools Lite\Engine.dll:RTN: .text:Read Regs: ecx[T]: 6427ff80: eax[T]: 7d: al[T]: 7d: ax[T]: 7d: ch[T]: 6427ff80: cx[T]: 6427ff80: :Read Flags: :Read Memory: :
TID: 3:IP: 6429154c:Disasm mov al, byte ptr [esi]:IMG: C:\Program Files\DAEMON Tools Lite\Engine.dll:RTN: .text:Read Regs: esi[T]: 644814b2: ds: 23: si[T]: 644814b2: :Read Flags: :Read Memory: 644814b2 :
TID: 3:IP: 6429154e:Disasm shr cl, 0x1:IMG: C:\Program Files\DAEMON Tools Lite\Engine.dll:RTN: .text:Read Regs: ecx[T]: 64277d80: cl[T]: 64277d80: cx[T]: 64277d80: :Read Flags: :Read Memory: :
TID: 3:IP: 64291550:Disasm not ecx:IMG: C:\Program Files\DAEMON Tools Lite\Engine.dll:RTN: .text:Read Regs: ecx[T]: 64277d40: cl[T]: 64277d40: ch[T]: 64277d40: cx[T]: 64277d40: :Read Flags: :Read Memory: :
TID: 3:IP: 64291552:Disasm cmc :IMG: C:\Program Files\DAEMON Tools Lite\Engine.dll:RTN: .text:Read Regs: eflags[T]: a02: :Read Flags: 0:[T 1:cf ]:Values:a02:Read Memory: :
TID: 3:IP: 64291553:Disasm sub al, bl:IMG: C:\Program Files\DAEMON Tools Lite\Engine.dll:RTN: .text:Read Regs: ebx[T]: c1129761: eax[T]: a: al[T]: a: ax[T]: a: bl[T]: c1129761: bx[T]: c1129761: :Read Flags: :Read Memory: :
TID: 3:IP: 64291555:Disasm movzx cx, bl:IMG: C:\Program Files\DAEMON Tools Lite\Engine.dll:RTN: .text:Read Regs: ebx[T]: c1129761: bl[T]: c1129761: bx[T]: c1129761: :Read Flags: :Read Memory: :
TID: 3:IP: 64291559:Disasm movsx cx, cl:IMG: C:\Program Files\DAEMON Tools Lite\Engine.dll:RTN: .text:Read Regs: ecx[T]: 9bd80061: cl[T]: 9bd80061: cx[T]: 9bd80061: :Read Flags: :Read Memory: :
TID: 3:IP: 6429155f:Disasm dec al:IMG: C:\Program Files\DAEMON Tools Lite\Engine.dll:RTN: .text:Read Regs: eax[T]: a9: al[T]: a9: ax[T]: a9: :Read Flags: :Read Memory: :
TID: 3:IP: 64291561:Disasm pushfd :IMG: C:\Program Files\DAEMON Tools Lite\Engine.dll:RTN: .text:Read Regs: esp: 12e534: ss: 23: eflags[T]: 283: sp: 12e534: :Read Flags: 3f7700:df vif iopl if ac vm rf nt tf id vip [T 8d5:of sf zf af pf cf ]:Values:283:Read Memory: :
TID: 3:IP: 64291562:Disasm rol al, 0x7:IMG: C:\Program Files\DAEMON Tools Lite\Engine.dll:RTN: .text:Read Regs: eax[T]: a8: al[T]: a8: ax[T]: a8: :Read Flags: :Read Memory: :
TID: 3:IP: 64291565:Disasm rol cx, 0xe:IMG: C:\Program Files\DAEMON Tools Lite\Engine.dll:RTN: .text:Read Regs: ecx: 9bd800c3: cl: 9bd800c3: ch[T]: 9bd800c3: cx: 9bd800c3: :Read Flags: :Read Memory: :
TID: 3:IP: 64291569:Disasm not al:IMG: C:\Program Files\DAEMON Tools Lite\Engine.dll:RTN: .text:Read Regs: eax[T]: 54: al[T]: 54: ax[T]: 54: :Read Flags: :Read Memory: :
TID: 3:IP: 6429156b:Disasm movsx ecx, cl:IMG: C:\Program Files\DAEMON Tools Lite\Engine.dll:RTN: .text:Read Regs: ecx[T]: 9bd8c030: cl[T]: 9bd8c030: cx[T]: 9bd8c030: :Read Flags: :Read Memory: :
TID: 3:IP: 6429156e:Disasm movzx cx, cl:IMG: C:\Program Files\DAEMON Tools Lite\Engine.dll:RTN: .text:Read Regs: ecx[T]: 30: cl[T]: 30: cx[T]: 30: :Read Flags: :Read Memory: :
TID: 3:IP: 64291572:Disasm shr ecx, cl:IMG: C:\Program Files\DAEMON Tools Lite\Engine.dll:RTN: .text:Read Regs: ecx[T]: 30: cl[T]: 30: ch[T]: 30: cx[T]: 30: :Read Flags: :Read Memory: :
TID: 3:IP: 64291574:Disasm and ch, 0xe4:IMG: C:\Program Files\DAEMON Tools Lite\Engine.dll:RTN: .text:Read Regs: ecx[T]: 0: ch[T]: 0: cx[T]: 0: :Read Flags: :Read Memory: :
TID: 3:IP: 64291577:Disasm sub bl, al:IMG: C:\Program Files\DAEMON Tools Lite\Engine.dll:RTN: .text:Read Regs: ebx[T]: c1129761: eax[T]: ab: al[T]: ab: ax[T]: ab: bl[T]: c1129761: bx[T]: c1129761: :Read Flags: :Read Memory: :
TID: 3:IP: 64291579:Disasm pop ecx:IMG: C:\Program Files\DAEMON Tools Lite\Engine.dll:RTN: .text:Read Regs: esp: 12e530: ss: 23: sp: 12e530: :Read Flags: :Read Memory: 12e530 [T] 12e531 [T] 12e532 [T] 12e533 [T] :
TID: 3:IP: 6429157a:Disasm ror cx, 0xe:IMG: C:\Program Files\DAEMON Tools Lite\Engine.dll:RTN: .text:Read Regs: ecx[T]: 283: cl[T]: 283: ch[T]: 283: cx[T]: 283: :Read Flags: :Read Memory: :
TID: 3:IP: 6429157e:Disasm shl cl, 0x4:IMG: C:\Program Files\DAEMON Tools Lite\Engine.dll:RTN: .text:Read Regs: ecx[T]: a0c: cl[T]: a0c: cx[T]: a0c: :Read Flags: :Read Memory: :
TID: 3:IP: 64291581:Disasm pushfd :IMG: C:\Program Files\DAEMON Tools Lite\Engine.dll:RTN: .text:Read Regs: esp: 12e534: ss: 23: eflags[T]: 286: sp: 12e534: :Read Flags: 3f7700:df vif iopl if ac vm rf nt tf id vip [T 8d5:of sf zf af pf cf ]:Values:286:Read Memory: :
TID: 3:IP: 64291582:Disasm sub esi, 0xffffffff:IMG: C:\Program Files\DAEMON Tools Lite\Engine.dll:RTN: .text:Read Regs: esi[T]: 644814b2: si[T]: 644814b2: :Read Flags: :Read Memory: :
TID: 3:IP: 64291585:Disasm xor cl, bh:IMG: C:\Program Files\DAEMON Tools Lite\Engine.dll:RTN: .text:Read Regs: ebx[T]: c11297b6: ecx[T]: ac0: cl[T]: ac0: cx[T]: ac0: bh[T]: c11297b6: bx[T]: c11297b6: :Read Flags: :Read Memory: :
TID: 3:IP: 64291587:Disasm add ecx, esi:IMG: C:\Program Files\DAEMON Tools Lite\Engine.dll:RTN: .text:Read Regs: esi[T]: 644814b3: ecx[T]: a57: cl[T]: a57: ch[T]: a57: cx[T]: a57: si[T]: 644814b3: :Read Flags: :Read Memory: :
TID: 3:IP: 64291589:Disasm btc cx, bx:IMG: C:\Program Files\DAEMON Tools Lite\Engine.dll:RTN: .text:Read Regs: ebx[T]: c11297b6: ecx[T]: 64481f0a: cl[T]: 64481f0a: ch[T]: 64481f0a: cx[T]: 64481f0a: bl[T]: c11297b6: bh[T]: c11297b6: bx[T]: c11297b6: :Read Flags: :Read Memory: :
TID: 3:IP: 6429158d:Disasm movzx eax, al:IMG: C:\Program Files\DAEMON Tools Lite\Engine.dll:RTN: .text:Read Regs: eax[T]: ab: al[T]: ab: ax[T]: ab: :Read Flags: :Read Memory: :
TID: 3:IP: 64291590:Disasm bswap cx:IMG: C:\Program Files\DAEMON Tools Lite\Engine.dll:RTN: .text:Read Regs: ecx[T]: 64481f4a: cl[T]: 64481f4a: ch[T]: 64481f4a: cx[T]: 64481f4a: :Read Flags: :Read Memory: :
TID: 3:IP: 64291593:Disasm cmp ah, 0x70:IMG: C:\Program Files\DAEMON Tools Lite\Engine.dll:RTN: .text:Read Regs: eax[T]: ab: ah[T]: ab: ax[T]: ab: :Read Flags: :Read Memory: :
TID: 3:IP: 6429159a:Disasm setnp ch:IMG: C:\Program Files\DAEMON Tools Lite\Engine.dll:RTN: .text:Read Regs: eflags[T]: 287: :Read Flags: 0:[T 4:pf ]:Values:287:Read Memory: :
TID: 3:IP: 6429159d:Disasm mov ecx, dword ptr [eax*4+0x642a0250]:IMG: C:\Program Files\DAEMON Tools Lite\Engine.dll:RTN: .text:Read Regs: eax[T]: ab: ds: 23: al[T]: ab: ah[T]: ab: ax[T]: ab: :Read Flags: :Read Memory: 642a04fc 642a04fd 642a04fe 642a04ff :
TID: 3:IP: 642915a8:Disasm bswap ecx:IMG: C:\Program Files\DAEMON Tools Lite\Engine.dll:RTN: .text:Read Regs: ecx[T]: 80ff0010: cl[T]: 80ff0010: ch[T]: 80ff0010: cx[T]: 80ff0010: :Read Flags: :Read Memory: :
TID: 3:IP: 642915b0:Disasm mov byte ptr [esp], bh:IMG: C:\Program Files\DAEMON Tools Lite\Engine.dll:RTN: .text:Read Regs: esp: 12e530: ebx[T]: c11297b6: ss: 23: bh[T]: c11297b6: bx[T]: c11297b6: sp: 12e530: :Read Flags: :Read Memory: :
TID: 3:IP: 642915b3:Disasm add ecx, 0x54270000:IMG: C:\Program Files\DAEMON Tools Lite\Engine.dll:RTN: .text:Read Regs: ecx[T]: 1000ff80: cl[T]: 1000ff80: ch[T]: 1000ff80: cx[T]: 1000ff80: :Read Flags: :Read Memory: :
TID: 3:IP: 642915b9:Disasm push dword ptr [esp]:IMG: C:\Program Files\DAEMON Tools Lite\Engine.dll:RTN: .text:Read Regs: esp: 12e530: ss: 23: sp: 12e530: :Read Flags: :Read Memory: 12e530 [T] 12e531 12e532 [T] 12e533 [T] :
TID: 3:IP: 642915bc:Disasm pushad :IMG: C:\Program Files\DAEMON Tools Lite\Engine.dll:RTN: .text:Read Regs: edi: 12e534: esi[T]: 644814b3: ebp: 12e5f8: esp: 12e52c: ebx[T]: c11297b6: edx[T]: 282: ecx[T]: 6427ff80: eax[T]: ab: ss: 23: al[T]: ab: ah[T]: ab: ax[T]: ab: cl[T]: 6427ff80: ch[T]: 6427ff80: cx[T]: 6427ff80: dl[T]: 282: dh[T]: 282: dx[T]: 282: bl[T]: c11297b6: bh[T]: c11297b6: bx[T]: c11297b6: bp: 12e5f8: si[T]: 644814b3: di: 12e534: sp: 12e52c: :Read Flags: :Read Memory: :
TID: 3:IP: 642919e6:Disasm mov dword ptr [esp+0x24], ecx:IMG: C:\Program Files\DAEMON Tools Lite\Engine.dll:RTN: .text:Read Regs: esp: 12e50c: ecx[T]: 6427ff80: ss: 23: cl[T]: 6427ff80: ch[T]: 6427ff80: cx[T]: 6427ff80: sp: 12e50c: :Read Flags: :Read Memory: :
TID: 3:IP: 642919ea:Disasm pushfd :IMG: C:\Program Files\DAEMON Tools Lite\Engine.dll:RTN: .text:Read Regs: esp: 12e50c: ss: 23: eflags[T]: 202: sp: 12e50c: :Read Flags: 3f7700:df vif iopl if ac vm rf nt tf id vip [T 8d5:of sf zf af pf cf ]:Values:202:Read Memory: :
TID: 3:IP: 642919f6:Disasm push dword ptr [esp+0x28]:IMG: C:\Program Files\DAEMON Tools Lite\Engine.dll:RTN: .text:Read Regs: esp: 12e508: ss: 23: sp: 12e508: :Read Flags: :Read Memory: 12e530 [T] 12e531 [T] 12e532 [T] 12e533 [T] :
TID: 3:IP: 642919fa:Disasm ret 0x2c:IMG: C:\Program Files\DAEMON Tools Lite\Engine.dll:RTN: .text:Read Regs: esp: 12e504: ss: 23: sp: 12e504: :Read Flags: :Read Memory: 12e504 [T] 12e505 [T] 12e506 [T] 12e507 [T] :
TID: 3:IP: 6427ff80:Disasm rcr al, cl:IMG: C:\Program Files\DAEMON Tools Lite\Engine.dll:RTN: .text:Read Regs: ecx[T]: 6427ff80: eax[T]: ab: eflags[T]: 202: al[T]: ab: ax[T]: ab: cl[T]: 6427ff80: cx[T]: 6427ff80: :Read Flags: 0:[T 1:cf ]:Values:202:Read Memory: :
TID: 3:IP: 6427ff82:Disasm sub dx, dx:IMG: C:\Program Files\DAEMON Tools Lite\Engine.dll:RTN: .text:Read Regs: edx[T]: 282: dl[T]: 282: dh[T]: 282: dx[T]: 282: :Read Flags: :Read Memory: :
TID: 3:IP: 6427ff85:Disasm rcl al, 0x5:IMG: C:\Program Files\DAEMON Tools Lite\Engine.dll:RTN: .text:Read Regs: eax[T]: ab: eflags[T]: 246: al[T]: ab: ax[T]: ab: :Read Flags: 0:[T 1:cf ]:Values:246:Read Memory: :
TID: 3:IP: 6427ff88:Disasm movzx eax, byte ptr [esi]:IMG: C:\Program Files\DAEMON Tools Lite\Engine.dll:RTN: .text:Read Regs: esi[T]: 644814b3: ds: 23: si[T]: 644814b3: :Read Flags: :Read Memory: 644814b3 :
TID: 3:IP: 6427ff8b:Disasm bt cx, bp:IMG: C:\Program Files\DAEMON Tools Lite\Engine.dll:RTN: .text:Read Regs: ebp: 12e5f8: ecx[T]: 6427ff80: cl[T]: 6427ff80: ch[T]: 6427ff80: cx[T]: 6427ff80: bp: 12e5f8: :Read Flags: :Read Memory: :
TID: 3:IP: 6427ff8f:Disasm xor al, bl:IMG: C:\Program Files\DAEMON Tools Lite\Engine.dll:RTN: .text:Read Regs: ebx[T]: c11297b6: eax[T]: 91: al[T]: 91: ax[T]: 91: bl[T]: c11297b6: bx[T]: c11297b6: :Read Flags: :Read Memory: :
TID: 3:IP: 6427ff91:Disasm shrd dx, bp, 0x5:IMG: C:\Program Files\DAEMON Tools Lite\Engine.dll:RTN: .text:Read Regs: ebp: 12e5f8: edx[T]: 0: dl[T]: 0: dh[T]: 0: dx[T]: 0: bp: 12e5f8: :Read Flags: :Read Memory: :
TID: 3:IP: 6427ff96:Disasm shld dx, cx, cl:IMG: C:\Program Files\DAEMON Tools Lite\Engine.dll:RTN: .text:Read Regs: edx[T]: c000: ecx[T]: 6427ff80: cl[T]: 6427ff80: ch[T]: 6427ff80: cx[T]: 6427ff80: dl[T]: c000: dh[T]: c000: dx[T]: c000: :Read Flags: :Read Memory: :
TID: 3:IP: 6427ff9a:Disasm not al:IMG: C:\Program Files\DAEMON Tools Lite\Engine.dll:RTN: .text:Read Regs: eax[T]: 27: al[T]: 27: ax[T]: 27: :Read Flags: :Read Memory: :
TID: 3:IP: 6427ffa1:Disasm dec dh:IMG: C:\Program Files\DAEMON Tools Lite\Engine.dll:RTN: .text:Read Regs: edx[T]: c000: dh[T]: c000: dx[T]: c000: :Read Flags: :Read Memory: :
TID: 3:IP: 6427ffa3:Disasm btr dx, 0x1:IMG: C:\Program Files\DAEMON Tools Lite\Engine.dll:RTN: .text:Read Regs: edx[T]: bf00: dl[T]: bf00: dh[T]: bf00: dx[T]: bf00: :Read Flags: :Read Memory: :
TID: 3:IP: 6427ffa8:Disasm neg al:IMG: C:\Program Files\DAEMON Tools Lite\Engine.dll:RTN: .text:Read Regs: eax[T]: d8: al[T]: d8: ax[T]: d8: :Read Flags: :Read Memory: :
TID: 3:IP: 6427ffaa:Disasm test esi, ebp:IMG: C:\Program Files\DAEMON Tools Lite\Engine.dll:RTN: .text:Read Regs: esi[T]: 644814b3: ebp: 12e5f8: bp: 12e5f8: si[T]: 644814b3: :Read Flags: :Read Memory: :
TID: 3:IP: 6427ffac:Disasm sub al, 0x0:IMG: C:\Program Files\DAEMON Tools Lite\Engine.dll:RTN: .text:Read Regs: eax[T]: 28: al[T]: 28: ax[T]: 28: :Read Flags: :Read Memory: :
TID: 3:IP: 6427ffaf:Disasm rol dl, cl:IMG: C:\Program Files\DAEMON Tools Lite\Engine.dll:RTN: .text:Read Regs: edx[T]: bf00: ecx[T]: 6427ff80: cl[T]: 6427ff80: cx[T]: 6427ff80: dl[T]: bf00: dx[T]: bf00: :Read Flags: :Read Memory: :
TID: 3:IP: 6427ffb1:Disasm xor bl, al:IMG: C:\Program Files\DAEMON Tools Lite\Engine.dll:RTN: .text:Read Regs: ebx[T]: c11297b6: eax[T]: 28: al[T]: 28: ax[T]: 28: bl[T]: c11297b6: bx[T]: c11297b6: :Read Flags: :Read Memory: :
TID: 3:IP: 6427ffbc:Disasm pushfd :IMG: C:\Program Files\DAEMON Tools Lite\Engine.dll:RTN: .text:Read Regs: esp: 12e52c: ss: 23: eflags[T]: 282: sp: 12e52c: :Read Flags: 3f7700:df vif iopl if ac vm rf nt tf id vip [T 8d5:of sf zf af pf cf ]:Values:282:Read Memory: :
TID: 3:IP: 6427ffbd:Disasm mov edx, dword ptr [ebp]:IMG: C:\Program Files\DAEMON Tools Lite\Engine.dll:RTN: .text:Read Regs: ebp: 12e5f8: ss: 23: bp: 12e5f8: :Read Flags: :Read Memory: 12e5f8 [T] 12e5f9 [T] 12e5fa [T] 12e5fb [T] :
TID: 3:IP: 6428a22d:Disasm inc esi:IMG: C:\Program Files\DAEMON Tools Lite\Engine.dll:RTN: .text:Read Regs: esi[T]: 644814b3: si[T]: 644814b3: :Read Flags: :Read Memory: :
TID: 3:IP: 6428a22f:Disasm test dl, dh:IMG: C:\Program Files\DAEMON Tools Lite\Engine.dll:RTN: .text:Read Regs: edx[T]: b0f18238: dl[T]: b0f18238: dh[T]: b0f18238: dx[T]: b0f18238: :Read Flags: :Read Memory: :
TID: 3:IP: 6428cc64:Disasm mov dword ptr [esp+0x4], esi:IMG: C:\Program Files\DAEMON Tools Lite\Engine.dll:RTN: .text:Read Regs: esi[T]: 644814b4: esp: 12e524: ss: 23: si[T]: 644814b4: sp: 12e524: :Read Flags: :Read Memory: :
TID: 3:IP: 6428cc6f:Disasm mov dword ptr [eax+edi*1], edx:IMG: C:\Program Files\DAEMON Tools Lite\Engine.dll:RTN: .text:Read Regs: edi: 12e534: edx[T]: b0f18238: eax[T]: 28: ds: 23: al[T]: 28: ah[T]: 28: ax[T]: 28: dl[T]: b0f18238: dh[T]: b0f18238: dx[T]: b0f18238: di: 12e534: :Read Flags: :Read Memory: :
TID: 3:IP: 6428cc72:Disasm mov word ptr [esp], ax:IMG: C:\Program Files\DAEMON Tools Lite\Engine.dll:RTN: .text:Read Regs: esp: 12e520: eax[T]: 28: ss: 23: al[T]: 28: ah[T]: 28: ax[T]: 28: sp: 12e520: :Read Flags: :Read Memory: :
TID: 3:IP: 64291548:Disasm sbb al, bh:IMG: C:\Program Files\DAEMON Tools Lite\Engine.dll:RTN: .text:Read Regs: ebx[T]: c112979e: eax[T]: 28: eflags: 206: al[T]: 28: ax[T]: 28: bh[T]: c112979e: bx[T]: c112979e: :Read Flags: 1:cf :Values:206:Read Memory: :
TID: 3:IP: 6429154a:Disasm xchg ch, al:IMG: C:\Program Files\DAEMON Tools Lite\Engine.dll:RTN: .text:Read Regs: ecx[T]: 6427ff80: eax[T]: 91: al[T]: 91: ax[T]: 91: ch[T]: 6427ff80: cx[T]: 6427ff80: :Read Flags: :Read Memory: :
TID: 3:IP: 6429154c:Disasm mov al, byte ptr [esi]:IMG: C:\Program Files\DAEMON Tools Lite\Engine.dll:RTN: .text:Read Regs: esi[T]: 644814b4: ds: 23: si[T]: 644814b4: :Read Flags: :Read Memory: 644814b4 :
TID: 3:IP: 6429154e:Disasm shr cl, 0x1:IMG: C:\Program Files\DAEMON Tools Lite\Engine.dll:RTN: .text:Read Regs: ecx[T]: 64279180: cl[T]: 64279180: cx[T]: 64279180: :Read Flags: :Read Memory: :
TID: 3:IP: 64291550:Disasm not ecx:IMG: C:\Program Files\DAEMON Tools Lite\Engine.dll:RTN: .text:Read Regs: ecx[T]: 64279140: cl[T]: 64279140: ch[T]: 64279140: cx[T]: 64279140: :Read Flags: :Read Memory: :
TID: 3:IP: 64291552:Disasm cmc :IMG: C:\Program Files\DAEMON Tools Lite\Engine.dll:RTN: .text:Read Regs: eflags[T]: a02: :Read Flags: 0:[T 1:cf ]:Values:a02:Read Memory: :
TID: 3:IP: 64291553:Disasm sub al, bl:IMG: C:\Program Files\DAEMON Tools Lite\Engine.dll:RTN: .text:Read Regs: ebx[T]: c112979e: eax[T]: 32: al[T]: 32: ax[T]: 32: bl[T]: c112979e: bx[T]: c112979e: :Read Flags: :Read Memory: :
TID: 3:IP: 64291555:Disasm movzx cx, bl:IMG: C:\Program Files\DAEMON Tools Lite\Engine.dll:RTN: .text:Read Regs: ebx[T]: c112979e: bl[T]: c112979e: bx[T]: c112979e: :Read Flags: :Read Memory: :
TID: 3:IP: 64291559:Disasm movsx cx, cl:IMG: C:\Program Files\DAEMON Tools Lite\Engine.dll:RTN: .text:Read Regs: ecx[T]: 9bd8009e: cl[T]: 9bd8009e: cx[T]: 9bd8009e: :Read Flags: :Read Memory: :
TID: 3:IP: 6429155f:Disasm dec al:IMG: C:\Program Files\DAEMON Tools Lite\Engine.dll:RTN: .text:Read Regs: eax[T]: 94: al[T]: 94: ax[T]: 94: :Read Flags: :Read Memory: :
TID: 3:IP: 64291561:Disasm pushfd :IMG: C:\Program Files\DAEMON Tools Lite\Engine.dll:RTN: .text:Read Regs: esp: 12e534: ss: 23: eflags[T]: 287: sp: 12e534: :Read Flags: 3f7700:df vif iopl if ac vm rf nt tf id vip [T 8d5:of sf zf af pf cf ]:Values:287:Read Memory: :
TID: 3:IP: 64291562:Disasm rol al, 0x7:IMG: C:\Program Files\DAEMON Tools Lite\Engine.dll:RTN: .text:Read Regs: eax[T]: 93: al[T]: 93: ax[T]: 93: :Read Flags: :Read Memory: :
TID: 3:IP: 64291565:Disasm rol cx, 0xe:IMG: C:\Program Files\DAEMON Tools Lite\Engine.dll:RTN: .text:Read Regs: ecx: 9bd8ffc3: cl: 9bd8ffc3: ch[T]: 9bd8ffc3: cx: 9bd8ffc3: :Read Flags: :Read Memory: :
TID: 3:IP: 64291569:Disasm not al:IMG: C:\Program Files\DAEMON Tools Lite\Engine.dll:RTN: .text:Read Regs: eax[T]: c9: al[T]: c9: ax[T]: c9: :Read Flags: :Read Memory: :
TID: 3:IP: 6429156b:Disasm movsx ecx, cl:IMG: C:\Program Files\DAEMON Tools Lite\Engine.dll:RTN: .text:Read Regs: ecx[T]: 9bd8fff0: cl[T]: 9bd8fff0: cx[T]: 9bd8fff0: :Read Flags: :Read Memory: :
TID: 3:IP: 6429156e:Disasm movzx cx, cl:IMG: C:\Program Files\DAEMON Tools Lite\Engine.dll:RTN: .text:Read Regs: ecx[T]: fffffff0: cl[T]: fffffff0: cx[T]: fffffff0: :Read Flags: :Read Memory: :
TID: 3:IP: 64291572:Disasm shr ecx, cl:IMG: C:\Program Files\DAEMON Tools Lite\Engine.dll:RTN: .text:Read Regs: ecx[T]: ffff00f0: cl[T]: ffff00f0: ch[T]: ffff00f0: cx[T]: ffff00f0: :Read Flags: :Read Memory: :
TID: 3:IP: 64291574:Disasm and ch, 0xe4:IMG: C:\Program Files\DAEMON Tools Lite\Engine.dll:RTN: .text:Read Regs: ecx[T]: ffff: ch[T]: ffff: cx[T]: ffff: :Read Flags: :Read Memory: :
TID: 3:IP: 64291577:Disasm sub bl, al:IMG: C:\Program Files\DAEMON Tools Lite\Engine.dll:RTN: .text:Read Regs: ebx[T]: c112979e: eax[T]: 36: al[T]: 36: ax[T]: 36: bl[T]: c112979e: bx[T]: c112979e: :Read Flags: :Read Memory: :
TID: 3:IP: 64291579:Disasm pop ecx:IMG: C:\Program Files\DAEMON Tools Lite\Engine.dll:RTN: .text:Read Regs: esp: 12e530: ss: 23: sp: 12e530: :Read Flags: :Read Memory: 12e530 [T] 12e531 [T] 12e532 [T] 12e533 [T] :
TID: 3:IP: 6429157a:Disasm ror cx, 0xe:IMG: C:\Program Files\DAEMON Tools Lite\Engine.dll:RTN: .text:Read Regs: ecx[T]: 287: cl[T]: 287: ch[T]: 287: cx[T]: 287: :Read Flags: :Read Memory: :
TID: 3:IP: 6429157e:Disasm shl cl, 0x4:IMG: C:\Program Files\DAEMON Tools Lite\Engine.dll:RTN: .text:Read Regs: ecx[T]: a1c: cl[T]: a1c: cx[T]: a1c: :Read Flags: :Read Memory: :
TID: 3:IP: 64291581:Disasm pushfd :IMG: C:\Program Files\DAEMON Tools Lite\Engine.dll:RTN: .text:Read Regs: esp: 12e534: ss: 23: eflags[T]: 287: sp: 12e534: :Read Flags: 3f7700:df vif iopl if ac vm rf nt tf id vip [T 8d5:of sf zf af pf cf ]:Values:287:Read Memory: :
TID: 3:IP: 64291582:Disasm sub esi, 0xffffffff:IMG: C:\Program Files\DAEMON Tools Lite\Engine.dll:RTN: .text:Read Regs: esi[T]: 644814b4: si[T]: 644814b4: :Read Flags: :Read Memory: :
TID: 3:IP: 64291585:Disasm xor cl, bh:IMG: C:\Program Files\DAEMON Tools Lite\Engine.dll:RTN: .text:Read Regs: ebx[T]: c1129768: ecx[T]: ac0: cl[T]: ac0: cx[T]: ac0: bh[T]: c1129768: bx[T]: c1129768: :Read Flags: :Read Memory: :
TID: 3:IP: 64291587:Disasm add ecx, esi:IMG: C:\Program Files\DAEMON Tools Lite\Engine.dll:RTN: .text:Read Regs: esi[T]: 644814b5: ecx[T]: a57: cl[T]: a57: ch[T]: a57: cx[T]: a57: si[T]: 644814b5: :Read Flags: :Read Memory: :
TID: 3:IP: 64291589:Disasm btc cx, bx:IMG: C:\Program Files\DAEMON Tools Lite\Engine.dll:RTN: .text:Read Regs: ebx[T]: c1129768: ecx[T]: 64481f0c: cl[T]: 64481f0c: ch[T]: 64481f0c: cx[T]: 64481f0c: bl[T]: c1129768: bh[T]: c1129768: bx[T]: c1129768: :Read Flags: :Read Memory: :
TID: 3:IP: 6429158d:Disasm movzx eax, al:IMG: C:\Program Files\DAEMON Tools Lite\Engine.dll:RTN: .text:Read Regs: eax[T]: 36: al[T]: 36: ax[T]: 36: :Read Flags: :Read Memory: :
TID: 3:IP: 64291590:Disasm bswap cx:IMG: C:\Program Files\DAEMON Tools Lite\Engine.dll:RTN: .text:Read Regs: ecx[T]: 64481e0c: cl[T]: 64481e0c: ch[T]: 64481e0c: cx[T]: 64481e0c: :Read Flags: :Read Memory: :
TID: 3:IP: 64291593:Disasm cmp ah, 0x70:IMG: C:\Program Files\DAEMON Tools Lite\Engine.dll:RTN: .text:Read Regs: eax[T]: 36: ah[T]: 36: ax[T]: 36: :Read Flags: :Read Memory: :
TID: 3:IP: 6429159a:Disasm setnp ch:IMG: C:\Program Files\DAEMON Tools Lite\Engine.dll:RTN: .text:Read Regs: eflags[T]: 287: :Read Flags: 0:[T 4:pf ]:Values:287:Read Memory: :
TID: 3:IP: 6429159d:Disasm mov ecx, dword ptr [eax*4+0x642a0250]:IMG: C:\Program Files\DAEMON Tools Lite\Engine.dll:RTN: .text:Read Regs: eax[T]: 36: ds: 23: al[T]: 36: ah[T]: 36: ax[T]: 36: :Read Flags: :Read Memory: 642a0328 642a0329 642a032a 642a032b :
TID: 3:IP: 642915a8:Disasm bswap ecx:IMG: C:\Program Files\DAEMON Tools Lite\Engine.dll:RTN: .text:Read Regs: ecx[T]: 80ff0010: cl[T]: 80ff0010: ch[T]: 80ff0010: cx[T]: 80ff0010: :Read Flags: :Read Memory: :
TID: 3:IP: 642915b0:Disasm mov byte ptr [esp], bh:IMG: C:\Program Files\DAEMON Tools Lite\Engine.dll:RTN: .text:Read Regs: esp: 12e530: ebx[T]: c1129768: ss: 23: bh[T]: c1129768: bx[T]: c1129768: sp: 12e530: :Read Flags: :Read Memory: :
TID: 3:IP: 642915b3:Disasm add ecx, 0x54270000:IMG: C:\Program Files\DAEMON Tools Lite\Engine.dll:RTN: .text:Read Regs: ecx[T]: 1000ff80: cl[T]: 1000ff80: ch[T]: 1000ff80: cx[T]: 1000ff80: :Read Flags: :Read Memory: :
TID: 3:IP: 642915b9:Disasm push dword ptr [esp]:IMG: C:\Program Files\DAEMON Tools Lite\Engine.dll:RTN: .text:Read Regs: esp: 12e530: ss: 23: sp: 12e530: :Read Flags: :Read Memory: 12e530 [T] 12e531 12e532 [T] 12e533 [T] :
TID: 3:IP: 642915bc:Disasm pushad :IMG: C:\Program Files\DAEMON Tools Lite\Engine.dll:RTN: .text:Read Regs: edi: 12e534: esi[T]: 644814b5: ebp: 12e5fc: esp: 12e52c: ebx[T]: c1129768: edx[T]: b0f18238: ecx[T]: 6427ff80: eax[T]: 36: ss: 23: al[T]: 36: ah[T]: 36: ax[T]: 36: cl[T]: 6427ff80: ch[T]: 6427ff80: cx[T]: 6427ff80: dl[T]: b0f18238: dh[T]: b0f18238: dx[T]: b0f18238: bl[T]: c1129768: bh[T]: c1129768: bx[T]: c1129768: bp: 12e5fc: si[T]: 644814b5: di: 12e534: sp: 12e52c: :Read Flags: :Read Memory: :
TID: 3:IP: 642919e6:Disasm mov dword ptr [esp+0x24], ecx:IMG: C:\Program Files\DAEMON Tools Lite\Engine.dll:RTN: .text:Read Regs: esp: 12e50c: ecx[T]: 6427ff80: ss: 23: cl[T]: 6427ff80: ch[T]: 6427ff80: cx[T]: 6427ff80: sp: 12e50c: :Read Flags: :Read Memory: :
TID: 3:IP: 642919ea:Disasm pushfd :IMG: C:\Program Files\DAEMON Tools Lite\Engine.dll:RTN: .text:Read Regs: esp: 12e50c: ss: 23: eflags[T]: 202: sp: 12e50c: :Read Flags: 3f7700:df vif iopl if ac vm rf nt tf id vip [T 8d5:of sf zf af pf cf ]:Values:202:Read Memory: :
TID: 3:IP: 642919f6:Disasm push dword ptr [esp+0x28]:IMG: C:\Program Files\DAEMON Tools Lite\Engine.dll:RTN: .text:Read Regs: esp: 12e508: ss: 23: sp: 12e508: :Read Flags: :Read Memory: 12e530 [T] 12e531 [T] 12e532 [T] 12e533 [T] :
TID: 3:IP: 642919fa:Disasm ret 0x2c:IMG: C:\Program Files\DAEMON Tools Lite\Engine.dll:RTN: .text:Read Regs: esp: 12e504: ss: 23: sp: 12e504: :Read Flags: :Read Memory: 12e504 [T] 12e505 [T] 12e506 [T] 12e507 [T] :
TID: 3:IP: 6427ff80:Disasm rcr al, cl:IMG: C:\Program Files\DAEMON Tools Lite\Engine.dll:RTN: .text:Read Regs: ecx[T]: 6427ff80: eax[T]: 36: eflags[T]: 202: al[T]: 36: ax[T]: 36: cl[T]: 6427ff80: cx[T]: 6427ff80: :Read Flags: 0:[T 1:cf ]:Values:202:Read Memory: :
TID: 3:IP: 6427ff82:Disasm sub dx, dx:IMG: C:\Program Files\DAEMON Tools Lite\Engine.dll:RTN: .text:Read Regs: edx[T]: b0f18238: dl[T]: b0f18238: dh[T]: b0f18238: dx[T]: b0f18238: :Read Flags: :Read Memory: :
TID: 3:IP: 6427ff85:Disasm rcl al, 0x5:IMG: C:\Program Files\DAEMON Tools Lite\Engine.dll:RTN: .text:Read Regs: eax[T]: 36: eflags[T]: 246: al[T]: 36: ax[T]: 36: :Read Flags: 0:[T 1:cf ]:Values:246:Read Memory: :
TID: 3:IP: 6427ff88:Disasm movzx eax, byte ptr [esi]:IMG: C:\Program Files\DAEMON Tools Lite\Engine.dll:RTN: .text:Read Regs: esi[T]: 644814b5: ds: 23: si[T]: 644814b5: :Read Flags: :Read Memory: 644814b5 :
TID: 3:IP: 6427ff8b:Disasm bt cx, bp:IMG: C:\Program Files\DAEMON Tools Lite\Engine.dll:RTN: .text:Read Regs: ebp: 12e5fc: ecx[T]: 6427ff80: cl[T]: 6427ff80: ch[T]: 6427ff80: cx[T]: 6427ff80: bp: 12e5fc: :Read Flags: :Read Memory: :
TID: 3:IP: 6427ff8f:Disasm xor al, bl:IMG: C:\Program Files\DAEMON Tools Lite\Engine.dll:RTN: .text:Read Regs: ebx[T]: c1129768: eax[T]: 97: al[T]: 97: ax[T]: 97: bl[T]: c1129768: bx[T]: c1129768: :Read Flags: :Read Memory: :
TID: 3:IP: 6427ff91:Disasm shrd dx, bp, 0x5:IMG: C:\Program Files\DAEMON Tools Lite\Engine.dll:RTN: .text:Read Regs: ebp: 12e5fc: edx[T]: b0f10000: dl[T]: b0f10000: dh[T]: b0f10000: dx[T]: b0f10000: bp: 12e5fc: :Read Flags: :Read Memory: :
TID: 3:IP: 6427ff96:Disasm shld dx, cx, cl:IMG: C:\Program Files\DAEMON Tools Lite\Engine.dll:RTN: .text:Read Regs: edx[T]: b0f1e000: ecx[T]: 6427ff80: cl[T]: 6427ff80: ch[T]: 6427ff80: cx[T]: 6427ff80: dl[T]: b0f1e000: dh[T]: b0f1e000: dx[T]: b0f1e000: :Read Flags: :Read Memory: :
TID: 3:IP: 6427ff9a:Disasm not al:IMG: C:\Program Files\DAEMON Tools Lite\Engine.dll:RTN: .text:Read Regs: eax[T]: ff: al[T]: ff: ax[T]: ff: :Read Flags: :Read Memory: :
TID: 3:IP: 6427ffa1:Disasm dec dh:IMG: C:\Program Files\DAEMON Tools Lite\Engine.dll:RTN: .text:Read Regs: edx[T]: b0f1e000: dh[T]: b0f1e000: dx[T]: b0f1e000: :Read Flags: :Read Memory: :
TID: 3:IP: 6427ffa3:Disasm btr dx, 0x1:IMG: C:\Program Files\DAEMON Tools Lite\Engine.dll:RTN: .text:Read Regs: edx[T]: b0f1df00: dl[T]: b0f1df00: dh[T]: b0f1df00: dx[T]: b0f1df00: :Read Flags: :Read Memory: :
TID: 3:IP: 6427ffa8:Disasm neg al:IMG: C:\Program Files\DAEMON Tools Lite\Engine.dll:RTN: .text:Read Regs: eax[T]: 0: al[T]: 0: ax[T]: 0: :Read Flags: :Read Memory: :
TID: 3:IP: 6427ffaa:Disasm test esi, ebp:IMG: C:\Program Files\DAEMON Tools Lite\Engine.dll:RTN: .text:Read Regs: esi[T]: 644814b5: ebp: 12e5fc: bp: 12e5fc: si[T]: 644814b5: :Read Flags: :Read Memory: :
TID: 3:IP: 6427ffac:Disasm sub al, 0x0:IMG: C:\Program Files\DAEMON Tools Lite\Engine.dll:RTN: .text:Read Regs: eax[T]: 0: al[T]: 0: ax[T]: 0: :Read Flags: :Read Memory: :
TID: 3:IP: 6427ffaf:Disasm rol dl, cl:IMG: C:\Program Files\DAEMON Tools Lite\Engine.dll:RTN: .text:Read Regs: edx[T]: b0f1df00: ecx[T]: 6427ff80: cl[T]: 6427ff80: cx[T]: 6427ff80: dl[T]: b0f1df00: dx[T]: b0f1df00: :Read Flags: :Read Memory: :
TID: 3:IP: 6427ffb1:Disasm xor bl, al:IMG: C:\Program Files\DAEMON Tools Lite\Engine.dll:RTN: .text:Read Regs: ebx[T]: c1129768: eax[T]: 0: al[T]: 0: ax[T]: 0: bl[T]: c1129768: bx[T]: c1129768: :Read Flags: :Read Memory: :
TID: 3:IP: 6427ffbc:Disasm pushfd :IMG: C:\Program Files\DAEMON Tools Lite\Engine.dll:RTN: .text:Read Regs: esp: 12e52c: ss: 23: eflags[T]: 202: sp: 12e52c: :Read Flags: 3f7700:df vif iopl if ac vm rf nt tf id vip [T 8d5:of sf zf af pf cf ]:Values:202:Read Memory: :
TID: 3:IP: 6427ffbd:Disasm mov edx, dword ptr [ebp]:IMG: C:\Program Files\DAEMON Tools Lite\Engine.dll:RTN: .text:Read Regs: ebp: 12e5fc: ss: 23: bp: 12e5fc: :Read Flags: :Read Memory: 12e5fc [T] 12e5fd [T] 12e5fe [T] 12e5ff [T] :
TID: 3:IP: 6428a22d:Disasm inc esi:IMG: C:\Program Files\DAEMON Tools Lite\Engine.dll:RTN: .text:Read Regs: esi[T]: 644814b5: si[T]: 644814b5: :Read Flags: :Read Memory: :
TID: 3:IP: 6428a22f:Disasm test dl, dh:IMG: C:\Program Files\DAEMON Tools Lite\Engine.dll:RTN: .text:Read Regs: edx[T]: 246: dl[T]: 246: dh[T]: 246: dx[T]: 246: :Read Flags: :Read Memory: :
TID: 3:IP: 6428cc64:Disasm mov dword ptr [esp+0x4], esi:IMG: C:\Program Files\DAEMON Tools Lite\Engine.dll:RTN: .text:Read Regs: esi[T]: 644814b6: esp: 12e524: ss: 23: si[T]: 644814b6: sp: 12e524: :Read Flags: :Read Memory: :
TID: 3:IP: 6428cc6f:Disasm mov dword ptr [eax+edi*1], edx:IMG: C:\Program Files\DAEMON Tools Lite\Engine.dll:RTN: .text:Read Regs: edi: 12e534: edx[T]: 246: eax[T]: 0: ds: 23: al[T]: 0: ah[T]: 0: ax[T]: 0: dl[T]: 246: dh[T]: 246: dx[T]: 246: di: 12e534: :Read Flags: :Read Memory: :
TID: 3:IP: 6428cc72:Disasm mov word ptr [esp], ax:IMG: C:\Program Files\DAEMON Tools Lite\Engine.dll:RTN: .text:Read Regs: esp: 12e520: eax[T]: 0: ss: 23: al[T]: 0: ah[T]: 0: ax[T]: 0: sp: 12e520: :Read Flags: :Read Memory: :
TID: 3:IP: 64291548:Disasm sbb al, bh:IMG: C:\Program Files\DAEMON Tools Lite\Engine.dll:RTN: .text:Read Regs: ebx[T]: c1129768: eax[T]: 0: eflags: 216: al[T]: 0: ax[T]: 0: bh[T]: c1129768: bx[T]: c1129768: :Read Flags: 1:cf :Values:216:Read Memory: :
TID: 3:IP: 6429154a:Disasm xchg ch, al:IMG: C:\Program Files\DAEMON Tools Lite\Engine.dll:RTN: .text:Read Regs: ecx[T]: 6427ff80: eax[T]: 69: al[T]: 69: ax[T]: 69: ch[T]: 6427ff80: cx[T]: 6427ff80: :Read Flags: :Read Memory: :
TID: 3:IP: 6429154c:Disasm mov al, byte ptr [esi]:IMG: C:\Program Files\DAEMON Tools Lite\Engine.dll:RTN: .text:Read Regs: esi[T]: 644814b6: ds: 23: si[T]: 644814b6: :Read Flags: :Read Memory: 644814b6 :
TID: 3:IP: 6429154e:Disasm shr cl, 0x1:IMG: C:\Program Files\DAEMON Tools Lite\Engine.dll:RTN: .text:Read Regs: ecx[T]: 64276980: cl[T]: 64276980: cx[T]: 64276980: :Read Flags: :Read Memory: :
TID: 3:IP: 64291550:Disasm not ecx:IMG: C:\Program Files\DAEMON Tools Lite\Engine.dll:RTN: .text:Read Regs: ecx[T]: 64276940: cl[T]: 64276940: ch[T]: 64276940: cx[T]: 64276940: :Read Flags: :Read Memory: :
TID: 3:IP: 64291552:Disasm cmc :IMG: C:\Program Files\DAEMON Tools Lite\Engine.dll:RTN: .text:Read Regs: eflags[T]: a02: :Read Flags: 0:[T 1:cf ]:Values:a02:Read Memory: :
TID: 3:IP: 64291553:Disasm sub al, bl:IMG: C:\Program Files\DAEMON Tools Lite\Engine.dll:RTN: .text:Read Regs: ebx[T]: c1129768: eax[T]: fc: al[T]: fc: ax[T]: fc: bl[T]: c1129768: bx[T]: c1129768: :Read Flags: :Read Memory: :
TID: 3:IP: 64291555:Disasm movzx cx, bl:IMG: C:\Program Files\DAEMON Tools Lite\Engine.dll:RTN: .text:Read Regs: ebx[T]: c1129768: bl[T]: c1129768: bx[T]: c1129768: :Read Flags: :Read Memory: :
TID: 3:IP: 64291559:Disasm movsx cx, cl:IMG: C:\Program Files\DAEMON Tools Lite\Engine.dll:RTN: .text:Read Regs: ecx[T]: 9bd80068: cl[T]: 9bd80068: cx[T]: 9bd80068: :Read Flags: :Read Memory: :
TID: 3:IP: 6429155f:Disasm dec al:IMG: C:\Program Files\DAEMON Tools Lite\Engine.dll:RTN: .text:Read Regs: eax[T]: 94: al[T]: 94: ax[T]: 94: :Read Flags: :Read Memory: :
TID: 3:IP: 64291561:Disasm pushfd :IMG: C:\Program Files\DAEMON Tools Lite\Engine.dll:RTN: .text:Read Regs: esp: 12e534: ss: 23: eflags[T]: 286: sp: 12e534: :Read Flags: 3f7700:df vif iopl if ac vm rf nt tf id vip [T 8d5:of sf zf af pf cf ]:Values:286:Read Memory: :
TID: 3:IP: 64291562:Disasm rol al, 0x7:IMG: C:\Program Files\DAEMON Tools Lite\Engine.dll:RTN: .text:Read Regs: eax[T]: 93: al[T]: 93: ax[T]: 93: :Read Flags: :Read Memory: :
TID: 3:IP: 64291565:Disasm rol cx, 0xe:IMG: C:\Program Files\DAEMON Tools Lite\Engine.dll:RTN: .text:Read Regs: ecx: 9bd800c3: cl: 9bd800c3: ch[T]: 9bd800c3: cx: 9bd800c3: :Read Flags: :Read Memory: :
TID: 3:IP: 64291569:Disasm not al:IMG: C:\Program Files\DAEMON Tools Lite\Engine.dll:RTN: .text:Read Regs: eax[T]: c9: al[T]: c9: ax[T]: c9: :Read Flags: :Read Memory: :
TID: 3:IP: 6429156b:Disasm movsx ecx, cl:IMG: C:\Program Files\DAEMON Tools Lite\Engine.dll:RTN: .text:Read Regs: ecx[T]: 9bd8c030: cl[T]: 9bd8c030: cx[T]: 9bd8c030: :Read Flags: :Read Memory: :
TID: 3:IP: 6429156e:Disasm movzx cx, cl:IMG: C:\Program Files\DAEMON Tools Lite\Engine.dll:RTN: .text:Read Regs: ecx[T]: 30: cl[T]: 30: cx[T]: 30: :Read Flags: :Read Memory: :
TID: 3:IP: 64291572:Disasm shr ecx, cl:IMG: C:\Program Files\DAEMON Tools Lite\Engine.dll:RTN: .text:Read Regs: ecx[T]: 30: cl[T]: 30: ch[T]: 30: cx[T]: 30: :Read Flags: :Read Memory: :
TID: 3:IP: 64291574:Disasm and ch, 0xe4:IMG: C:\Program Files\DAEMON Tools Lite\Engine.dll:RTN: .text:Read Regs: ecx[T]: 0: ch[T]: 0: cx[T]: 0: :Read Flags: :Read Memory: :
TID: 3:IP: 64291577:Disasm sub bl, al:IMG: C:\Program Files\DAEMON Tools Lite\Engine.dll:RTN: .text:Read Regs: ebx[T]: c1129768: eax[T]: 36: al[T]: 36: ax[T]: 36: bl[T]: c1129768: bx[T]: c1129768: :Read Flags: :Read Memory: :
TID: 3:IP: 64291579:Disasm pop ecx:IMG: C:\Program Files\DAEMON Tools Lite\Engine.dll:RTN: .text:Read Regs: esp: 12e530: ss: 23: sp: 12e530: :Read Flags: :Read Memory: 12e530 [T] 12e531 [T] 12e532 [T] 12e533 [T] :
TID: 3:IP: 6429157a:Disasm ror cx, 0xe:IMG: C:\Program Files\DAEMON Tools Lite\Engine.dll:RTN: .text:Read Regs: ecx[T]: 286: cl[T]: 286: ch[T]: 286: cx[T]: 286: :Read Flags: :Read Memory: :
TID: 3:IP: 6429157e:Disasm shl cl, 0x4:IMG: C:\Program Files\DAEMON Tools Lite\Engine.dll:RTN: .text:Read Regs: ecx[T]: a18: cl[T]: a18: cx[T]: a18: :Read Flags: :Read Memory: :
TID: 3:IP: 64291581:Disasm pushfd :IMG: C:\Program Files\DAEMON Tools Lite\Engine.dll:RTN: .text:Read Regs: esp: 12e534: ss: 23: eflags[T]: 283: sp: 12e534: :Read Flags: 3f7700:df vif iopl if ac vm rf nt tf id vip [T 8d5:of sf zf af pf cf ]:Values:283:Read Memory: :
TID: 3:IP: 64291582:Disasm sub esi, 0xffffffff:IMG: C:\Program Files\DAEMON Tools Lite\Engine.dll:RTN: .text:Read Regs: esi[T]: 644814b6: si[T]: 644814b6: :Read Flags: :Read Memory: :
TID: 3:IP: 64291585:Disasm xor cl, bh:IMG: C:\Program Files\DAEMON Tools Lite\Engine.dll:RTN: .text:Read Regs: ebx[T]: c1129732: ecx[T]: a80: cl[T]: a80: cx[T]: a80: bh[T]: c1129732: bx[T]: c1129732: :Read Flags: :Read Memory: :
TID: 3:IP: 64291587:Disasm add ecx, esi:IMG: C:\Program Files\DAEMON Tools Lite\Engine.dll:RTN: .text:Read Regs: esi[T]: 644814b7: ecx[T]: a17: cl[T]: a17: ch[T]: a17: cx[T]: a17: si[T]: 644814b7: :Read Flags: :Read Memory: :
TID: 3:IP: 64291589:Disasm btc cx, bx:IMG: C:\Program Files\DAEMON Tools Lite\Engine.dll:RTN: .text:Read Regs: ebx[T]: c1129732: ecx[T]: 64481ece: cl[T]: 64481ece: ch[T]: 64481ece: cx[T]: 64481ece: bl[T]: c1129732: bh[T]: c1129732: bx[T]: c1129732: :Read Flags: :Read Memory: :
TID: 3:IP: 6429158d:Disasm movzx eax, al:IMG: C:\Program Files\DAEMON Tools Lite\Engine.dll:RTN: .text:Read Regs: eax[T]: 36: al[T]: 36: ax[T]: 36: :Read Flags: :Read Memory: :
TID: 3:IP: 64291590:Disasm bswap cx:IMG: C:\Program Files\DAEMON Tools Lite\Engine.dll:RTN: .text:Read Regs: ecx[T]: 64481eca: cl[T]: 64481eca: ch[T]: 64481eca: cx[T]: 64481eca: :Read Flags: :Read Memory: :
TID: 3:IP: 64291593:Disasm cmp ah, 0x70:IMG: C:\Program Files\DAEMON Tools Lite\Engine.dll:RTN: .text:Read Regs: eax[T]: 36: ah[T]: 36: ax[T]: 36: :Read Flags: :Read Memory: :
TID: 3:IP: 6429159a:Disasm setnp ch:IMG: C:\Program Files\DAEMON Tools Lite\Engine.dll:RTN: .text:Read Regs: eflags[T]: 287: :Read Flags: 0:[T 4:pf ]:Values:287:Read Memory: :
TID: 3:IP: 6429159d:Disasm mov ecx, dword ptr [eax*4+0x642a0250]:IMG: C:\Program Files\DAEMON Tools Lite\Engine.dll:RTN: .text:Read Regs: eax[T]: 36: ds: 23: al[T]: 36: ah[T]: 36: ax[T]: 36: :Read Flags: :Read Memory: 642a0328 642a0329 642a032a 642a032b :
TID: 3:IP: 642915a8:Disasm bswap ecx:IMG: C:\Program Files\DAEMON Tools Lite\Engine.dll:RTN: .text:Read Regs: ecx[T]: 80ff0010: cl[T]: 80ff0010: ch[T]: 80ff0010: cx[T]: 80ff0010: :Read Flags: :Read Memory: :
TID: 3:IP: 642915b0:Disasm mov byte ptr [esp], bh:IMG: C:\Program Files\DAEMON Tools Lite\Engine.dll:RTN: .text:Read Regs: esp: 12e530: ebx[T]: c1129732: ss: 23: bh[T]: c1129732: bx[T]: c1129732: sp: 12e530: :Read Flags: :Read Memory: :
TID: 3:IP: 642915b3:Disasm add ecx, 0x54270000:IMG: C:\Program Files\DAEMON Tools Lite\Engine.dll:RTN: .text:Read Regs: ecx[T]: 1000ff80: cl[T]: 1000ff80: ch[T]: 1000ff80: cx[T]: 1000ff80: :Read Flags: :Read Memory: :
TID: 3:IP: 642915b9:Disasm push dword ptr [esp]:IMG: C:\Program Files\DAEMON Tools Lite\Engine.dll:RTN: .text:Read Regs: esp: 12e530: ss: 23: sp: 12e530: :Read Flags: :Read Memory: 12e530 [T] 12e531 12e532 [T] 12e533 [T] :
TID: 3:IP: 642915bc:Disasm pushad :IMG: C:\Program Files\DAEMON Tools Lite\Engine.dll:RTN: .text:Read Regs: edi: 12e534: esi[T]: 644814b7: ebp: 12e600: esp: 12e52c: ebx[T]: c1129732: edx[T]: 246: ecx[T]: 6427ff80: eax[T]: 36: ss: 23: al[T]: 36: ah[T]: 36: ax[T]: 36: cl[T]: 6427ff80: ch[T]: 6427ff80: cx[T]: 6427ff80: dl[T]: 246: dh[T]: 246: dx[T]: 246: bl[T]: c1129732: bh[T]: c1129732: bx[T]: c1129732: bp: 12e600: si[T]: 644814b7: di: 12e534: sp: 12e52c: :Read Flags: :Read Memory: :
TID: 3:IP: 642919e6:Disasm mov dword ptr [esp+0x24], ecx:IMG: C:\Program Files\DAEMON Tools Lite\Engine.dll:RTN: .text:Read Regs: esp: 12e50c: ecx[T]: 6427ff80: ss: 23: cl[T]: 6427ff80: ch[T]: 6427ff80: cx[T]: 6427ff80: sp: 12e50c: :Read Flags: :Read Memory: :
TID: 3:IP: 642919ea:Disasm pushfd :IMG: C:\Program Files\DAEMON Tools Lite\Engine.dll:RTN: .text:Read Regs: esp: 12e50c: ss: 23: eflags[T]: 202: sp: 12e50c: :Read Flags: 3f7700:df vif iopl if ac vm rf nt tf id vip [T 8d5:of sf zf af pf cf ]:Values:202:Read Memory: :
TID: 3:IP: 642919f6:Disasm push dword ptr [esp+0x28]:IMG: C:\Program Files\DAEMON Tools Lite\Engine.dll:RTN: .text:Read Regs: esp: 12e508: ss: 23: sp: 12e508: :Read Flags: :Read Memory: 12e530 [T] 12e531 [T] 12e532 [T] 12e533 [T] :
TID: 3:IP: 642919fa:Disasm ret 0x2c:IMG: C:\Program Files\DAEMON Tools Lite\Engine.dll:RTN: .text:Read Regs: esp: 12e504: ss: 23: sp: 12e504: :Read Flags: :Read Memory: 12e504 [T] 12e505 [T] 12e506 [T] 12e507 [T] :
TID: 3:IP: 6427ff80:Disasm rcr al, cl:IMG: C:\Program Files\DAEMON Tools Lite\Engine.dll:RTN: .text:Read Regs: ecx[T]: 6427ff80: eax[T]: 36: eflags[T]: 202: al[T]: 36: ax[T]: 36: cl[T]: 6427ff80: cx[T]: 6427ff80: :Read Flags: 0:[T 1:cf ]:Values:202:Read Memory: :
TID: 3:IP: 6427ff82:Disasm sub dx, dx:IMG: C:\Program Files\DAEMON Tools Lite\Engine.dll:RTN: .text:Read Regs: edx[T]: 246: dl[T]: 246: dh[T]: 246: dx[T]: 246: :Read Flags: :Read Memory: :
TID: 3:IP: 6427ff85:Disasm rcl al, 0x5:IMG: C:\Program Files\DAEMON Tools Lite\Engine.dll:RTN: .text:Read Regs: eax[T]: 36: eflags[T]: 246: al[T]: 36: ax[T]: 36: :Read Flags: 0:[T 1:cf ]:Values:246:Read Memory: :
TID: 3:IP: 6427ff88:Disasm movzx eax, byte ptr [esi]:IMG: C:\Program Files\DAEMON Tools Lite\Engine.dll:RTN: .text:Read Regs: esi[T]: 644814b7: ds: 23: si[T]: 644814b7: :Read Flags: :Read Memory: 644814b7 :
TID: 3:IP: 6427ff8b:Disasm bt cx, bp:IMG: C:\Program Files\DAEMON Tools Lite\Engine.dll:RTN: .text:Read Regs: ebp: 12e600: ecx[T]: 6427ff80: cl[T]: 6427ff80: ch[T]: 6427ff80: cx[T]: 6427ff80: bp: 12e600: :Read Flags: :Read Memory: :
TID: 3:IP: 6427ff8f:Disasm xor al, bl:IMG: C:\Program Files\DAEMON Tools Lite\Engine.dll:RTN: .text:Read Regs: ebx[T]: c1129732: eax[T]: 25: al[T]: 25: ax[T]: 25: bl[T]: c1129732: bx[T]: c1129732: :Read Flags: :Read Memory: :
TID: 3:IP: 6427ff91:Disasm shrd dx, bp, 0x5:IMG: C:\Program Files\DAEMON Tools Lite\Engine.dll:RTN: .text:Read Regs: ebp: 12e600: edx[T]: 0: dl[T]: 0: dh[T]: 0: dx[T]: 0: bp: 12e600: :Read Flags: :Read Memory: :
TID: 3:IP: 6427ff96:Disasm shld dx, cx, cl:IMG: C:\Program Files\DAEMON Tools Lite\Engine.dll:RTN: .text:Read Regs: edx[T]: 0: ecx[T]: 6427ff80: cl[T]: 6427ff80: ch[T]: 6427ff80: cx[T]: 6427ff80: dl[T]: 0: dh[T]: 0: dx[T]: 0: :Read Flags: :Read Memory: :
TID: 3:IP: 6427ff9a:Disasm not al:IMG: C:\Program Files\DAEMON Tools Lite\Engine.dll:RTN: .text:Read Regs: eax[T]: 17: al[T]: 17: ax[T]: 17: :Read Flags: :Read Memory: :
TID: 3:IP: 6427ffa1:Disasm dec dh:IMG: C:\Program Files\DAEMON Tools Lite\Engine.dll:RTN: .text:Read Regs: edx[T]: 0: dh[T]: 0: dx[T]: 0: :Read Flags: :Read Memory: :
TID: 3:IP: 6427ffa3:Disasm btr dx, 0x1:IMG: C:\Program Files\DAEMON Tools Lite\Engine.dll:RTN: .text:Read Regs: edx[T]: ff00: dl[T]: ff00: dh[T]: ff00: dx[T]: ff00: :Read Flags: :Read Memory: :
TID: 3:IP: 6427ffa8:Disasm neg al:IMG: C:\Program Files\DAEMON Tools Lite\Engine.dll:RTN: .text:Read Regs: eax[T]: e8: al[T]: e8: ax[T]: e8: :Read Flags: :Read Memory: :
TID: 3:IP: 6427ffaa:Disasm test esi, ebp:IMG: C:\Program Files\DAEMON Tools Lite\Engine.dll:RTN: .text:Read Regs: esi[T]: 644814b7: ebp: 12e600: bp: 12e600: si[T]: 644814b7: :Read Flags: :Read Memory: :
TID: 3:IP: 6427ffac:Disasm sub al, 0x0:IMG: C:\Program Files\DAEMON Tools Lite\Engine.dll:RTN: .text:Read Regs: eax[T]: 18: al[T]: 18: ax[T]: 18: :Read Flags: :Read Memory: :
TID: 3:IP: 6427ffaf:Disasm rol dl, cl:IMG: C:\Program Files\DAEMON Tools Lite\Engine.dll:RTN: .text:Read Regs: edx[T]: ff00: ecx[T]: 6427ff80: cl[T]: 6427ff80: cx[T]: 6427ff80: dl[T]: ff00: dx[T]: ff00: :Read Flags: :Read Memory: :
TID: 3:IP: 6427ffb1:Disasm xor bl, al:IMG: C:\Program Files\DAEMON Tools Lite\Engine.dll:RTN: .text:Read Regs: ebx[T]: c1129732: eax[T]: 18: al[T]: 18: ax[T]: 18: bl[T]: c1129732: bx[T]: c1129732: :Read Flags: :Read Memory: :
TID: 3:IP: 6427ffbc:Disasm pushfd :IMG: C:\Program Files\DAEMON Tools Lite\Engine.dll:RTN: .text:Read Regs: esp: 12e52c: ss: 23: eflags[T]: 202: sp: 12e52c: :Read Flags: 3f7700:df vif iopl if ac vm rf nt tf id vip [T 8d5:of sf zf af pf cf ]:Values:202:Read Memory: :
TID: 3:IP: 6428a22d:Disasm inc esi:IMG: C:\Program Files\DAEMON Tools Lite\Engine.dll:RTN: .text:Read Regs: esi[T]: 644814b7: si[T]: 644814b7: :Read Flags: :Read Memory: :
TID: 3:IP: 6428cc64:Disasm mov dword ptr [esp+0x4], esi:IMG: C:\Program Files\DAEMON Tools Lite\Engine.dll:RTN: .text:Read Regs: esi[T]: 644814b8: esp: 12e524: ss: 23: si[T]: 644814b8: sp: 12e524: :Read Flags: :Read Memory: :
TID: 3:IP: 6428cc6f:Disasm mov dword ptr [eax+edi*1], edx:IMG: C:\Program Files\DAEMON Tools Lite\Engine.dll:RTN: .text:Read Regs: edi: 12e534: edx: 76d89c76: eax[T]: 18: ds: 23: al[T]: 18: ah[T]: 18: ax[T]: 18: dl: 76d89c76: dh: 76d89c76: dx: 76d89c76: di: 12e534: :Read Flags: :Read Memory: :
TID: 3:IP: 6428cc72:Disasm mov word ptr [esp], ax:IMG: C:\Program Files\DAEMON Tools Lite\Engine.dll:RTN: .text:Read Regs: esp: 12e520: eax[T]: 18: ss: 23: al[T]: 18: ah[T]: 18: ax[T]: 18: sp: 12e520: :Read Flags: :Read Memory: :
TID: 3:IP: 64291548:Disasm sbb al, bh:IMG: C:\Program Files\DAEMON Tools Lite\Engine.dll:RTN: .text:Read Regs: ebx[T]: c112972a: eax[T]: 18: eflags: 202: al[T]: 18: ax[T]: 18: bh[T]: c112972a: bx[T]: c112972a: :Read Flags: 1:cf :Values:202:Read Memory: :
TID: 3:IP: 6429154a:Disasm xchg ch, al:IMG: C:\Program Files\DAEMON Tools Lite\Engine.dll:RTN: .text:Read Regs: ecx[T]: 6427ff80: eax[T]: 81: al[T]: 81: ax[T]: 81: ch[T]: 6427ff80: cx[T]: 6427ff80: :Read Flags: :Read Memory: :
TID: 3:IP: 6429154c:Disasm mov al, byte ptr [esi]:IMG: C:\Program Files\DAEMON Tools Lite\Engine.dll:RTN: .text:Read Regs: esi[T]: 644814b8: ds: 23: si[T]: 644814b8: :Read Flags: :Read Memory: 644814b8 :
TID: 3:IP: 6429154e:Disasm shr cl, 0x1:IMG: C:\Program Files\DAEMON Tools Lite\Engine.dll:RTN: .text:Read Regs: ecx[T]: 64278180: cl[T]: 64278180: cx[T]: 64278180: :Read Flags: :Read Memory: :
TID: 3:IP: 64291550:Disasm not ecx:IMG: C:\Program Files\DAEMON Tools Lite\Engine.dll:RTN: .text:Read Regs: ecx[T]: 64278140: cl[T]: 64278140: ch[T]: 64278140: cx[T]: 64278140: :Read Flags: :Read Memory: :
TID: 3:IP: 64291552:Disasm cmc :IMG: C:\Program Files\DAEMON Tools Lite\Engine.dll:RTN: .text:Read Regs: eflags[T]: a02: :Read Flags: 0:[T 1:cf ]:Values:a02:Read Memory: :
TID: 3:IP: 64291553:Disasm sub al, bl:IMG: C:\Program Files\DAEMON Tools Lite\Engine.dll:RTN: .text:Read Regs: ebx[T]: c112972a: eax[T]: 8: al[T]: 8: ax[T]: 8: bl[T]: c112972a: bx[T]: c112972a: :Read Flags: :Read Memory: :
TID: 3:IP: 64291555:Disasm movzx cx, bl:IMG: C:\Program Files\DAEMON Tools Lite\Engine.dll:RTN: .text:Read Regs: ebx[T]: c112972a: bl[T]: c112972a: bx[T]: c112972a: :Read Flags: :Read Memory: :
TID: 3:IP: 64291559:Disasm movsx cx, cl:IMG: C:\Program Files\DAEMON Tools Lite\Engine.dll:RTN: .text:Read Regs: ecx[T]: 9bd8002a: cl[T]: 9bd8002a: cx[T]: 9bd8002a: :Read Flags: :Read Memory: :
TID: 3:IP: 6429155f:Disasm dec al:IMG: C:\Program Files\DAEMON Tools Lite\Engine.dll:RTN: .text:Read Regs: eax[T]: de: al[T]: de: ax[T]: de: :Read Flags: :Read Memory: :
TID: 3:IP: 64291561:Disasm pushfd :IMG: C:\Program Files\DAEMON Tools Lite\Engine.dll:RTN: .text:Read Regs: esp: 12e534: ss: 23: eflags[T]: 287: sp: 12e534: :Read Flags: 3f7700:df vif iopl if ac vm rf nt tf id vip [T 8d5:of sf zf af pf cf ]:Values:287:Read Memory: :
TID: 3:IP: 64291562:Disasm rol al, 0x7:IMG: C:\Program Files\DAEMON Tools Lite\Engine.dll:RTN: .text:Read Regs: eax[T]: dd: al[T]: dd: ax[T]: dd: :Read Flags: :Read Memory: :
TID: 3:IP: 64291565:Disasm rol cx, 0xe:IMG: C:\Program Files\DAEMON Tools Lite\Engine.dll:RTN: .text:Read Regs: ecx: 9bd800c3: cl: 9bd800c3: ch[T]: 9bd800c3: cx: 9bd800c3: :Read Flags: :Read Memory: :
TID: 3:IP: 64291569:Disasm not al:IMG: C:\Program Files\DAEMON Tools Lite\Engine.dll:RTN: .text:Read Regs: eax[T]: ee: al[T]: ee: ax[T]: ee: :Read Flags: :Read Memory: :
TID: 3:IP: 6429156b:Disasm movsx ecx, cl:IMG: C:\Program Files\DAEMON Tools Lite\Engine.dll:RTN: .text:Read Regs: ecx[T]: 9bd8c030: cl[T]: 9bd8c030: cx[T]: 9bd8c030: :Read Flags: :Read Memory: :
TID: 3:IP: 6429156e:Disasm movzx cx, cl:IMG: C:\Program Files\DAEMON Tools Lite\Engine.dll:RTN: .text:Read Regs: ecx[T]: 30: cl[T]: 30: cx[T]: 30: :Read Flags: :Read Memory: :
TID: 3:IP: 64291572:Disasm shr ecx, cl:IMG: C:\Program Files\DAEMON Tools Lite\Engine.dll:RTN: .text:Read Regs: ecx[T]: 30: cl[T]: 30: ch[T]: 30: cx[T]: 30: :Read Flags: :Read Memory: :
TID: 3:IP: 64291574:Disasm and ch, 0xe4:IMG: C:\Program Files\DAEMON Tools Lite\Engine.dll:RTN: .text:Read Regs: ecx[T]: 0: ch[T]: 0: cx[T]: 0: :Read Flags: :Read Memory: :
TID: 3:IP: 64291577:Disasm sub bl, al:IMG: C:\Program Files\DAEMON Tools Lite\Engine.dll:RTN: .text:Read Regs: ebx[T]: c112972a: eax[T]: 11: al[T]: 11: ax[T]: 11: bl[T]: c112972a: bx[T]: c112972a: :Read Flags: :Read Memory: :
TID: 3:IP: 64291579:Disasm pop ecx:IMG: C:\Program Files\DAEMON Tools Lite\Engine.dll:RTN: .text:Read Regs: esp: 12e530: ss: 23: sp: 12e530: :Read Flags: :Read Memory: 12e530 [T] 12e531 [T] 12e532 [T] 12e533 [T] :
TID: 3:IP: 6429157a:Disasm ror cx, 0xe:IMG: C:\Program Files\DAEMON Tools Lite\Engine.dll:RTN: .text:Read Regs: ecx[T]: 287: cl[T]: 287: ch[T]: 287: cx[T]: 287: :Read Flags: :Read Memory: :
TID: 3:IP: 6429157e:Disasm shl cl, 0x4:IMG: C:\Program Files\DAEMON Tools Lite\Engine.dll:RTN: .text:Read Regs: ecx[T]: a1c: cl[T]: a1c: cx[T]: a1c: :Read Flags: :Read Memory: :
TID: 3:IP: 64291581:Disasm pushfd :IMG: C:\Program Files\DAEMON Tools Lite\Engine.dll:RTN: .text:Read Regs: esp: 12e534: ss: 23: eflags[T]: 287: sp: 12e534: :Read Flags: 3f7700:df vif iopl if ac vm rf nt tf id vip [T 8d5:of sf zf af pf cf ]:Values:287:Read Memory: :
TID: 3:IP: 64291582:Disasm sub esi, 0xffffffff:IMG: C:\Program Files\DAEMON Tools Lite\Engine.dll:RTN: .text:Read Regs: esi[T]: 644814b8: si[T]: 644814b8: :Read Flags: :Read Memory: :
TID: 3:IP: 64291585:Disasm xor cl, bh:IMG: C:\Program Files\DAEMON Tools Lite\Engine.dll:RTN: .text:Read Regs: ebx[T]: c1129719: ecx[T]: ac0: cl[T]: ac0: cx[T]: ac0: bh[T]: c1129719: bx[T]: c1129719: :Read Flags: :Read Memory: :
TID: 3:IP: 64291587:Disasm add ecx, esi:IMG: C:\Program Files\DAEMON Tools Lite\Engine.dll:RTN: .text:Read Regs: esi[T]: 644814b9: ecx[T]: a57: cl[T]: a57: ch[T]: a57: cx[T]: a57: si[T]: 644814b9: :Read Flags: :Read Memory: :
TID: 3:IP: 64291589:Disasm btc cx, bx:IMG: C:\Program Files\DAEMON Tools Lite\Engine.dll:RTN: .text:Read Regs: ebx[T]: c1129719: ecx[T]: 64481f10: cl[T]: 64481f10: ch[T]: 64481f10: cx[T]: 64481f10: bl[T]: c1129719: bh[T]: c1129719: bx[T]: c1129719: :Read Flags: :Read Memory: :
TID: 3:IP: 6429158d:Disasm movzx eax, al:IMG: C:\Program Files\DAEMON Tools Lite\Engine.dll:RTN: .text:Read Regs: eax[T]: 11: al[T]: 11: ax[T]: 11: :Read Flags: :Read Memory: :
TID: 3:IP: 64291590:Disasm bswap cx:IMG: C:\Program Files\DAEMON Tools Lite\Engine.dll:RTN: .text:Read Regs: ecx[T]: 64481d10: cl[T]: 64481d10: ch[T]: 64481d10: cx[T]: 64481d10: :Read Flags: :Read Memory: :
TID: 3:IP: 64291593:Disasm cmp ah, 0x70:IMG: C:\Program Files\DAEMON Tools Lite\Engine.dll:RTN: .text:Read Regs: eax[T]: 11: ah[T]: 11: ax[T]: 11: :Read Flags: :Read Memory: :
TID: 3:IP: 6429159a:Disasm setnp ch:IMG: C:\Program Files\DAEMON Tools Lite\Engine.dll:RTN: .text:Read Regs: eflags[T]: 287: :Read Flags: 0:[T 4:pf ]:Values:287:Read Memory: :
TID: 3:IP: 6429159d:Disasm mov ecx, dword ptr [eax*4+0x642a0250]:IMG: C:\Program Files\DAEMON Tools Lite\Engine.dll:RTN: .text:Read Regs: eax[T]: 11: ds: 23: al[T]: 11: ah[T]: 11: ax[T]: 11: :Read Flags: :Read Memory: 642a0294 642a0295 642a0296 642a0297 :
TID: 3:IP: 642915a8:Disasm bswap ecx:IMG: C:\Program Files\DAEMON Tools Lite\Engine.dll:RTN: .text:Read Regs: ecx[T]: 80ff0010: cl[T]: 80ff0010: ch[T]: 80ff0010: cx[T]: 80ff0010: :Read Flags: :Read Memory: :
TID: 3:IP: 642915b0:Disasm mov byte ptr [esp], bh:IMG: C:\Program Files\DAEMON Tools Lite\Engine.dll:RTN: .text:Read Regs: esp: 12e530: ebx[T]: c1129719: ss: 23: bh[T]: c1129719: bx[T]: c1129719: sp: 12e530: :Read Flags: :Read Memory: :
TID: 3:IP: 642915b3:Disasm add ecx, 0x54270000:IMG: C:\Program Files\DAEMON Tools Lite\Engine.dll:RTN: .text:Read Regs: ecx[T]: 1000ff80: cl[T]: 1000ff80: ch[T]: 1000ff80: cx[T]: 1000ff80: :Read Flags: :Read Memory: :
TID: 3:IP: 642915b9:Disasm push dword ptr [esp]:IMG: C:\Program Files\DAEMON Tools Lite\Engine.dll:RTN: .text:Read Regs: esp: 12e530: ss: 23: sp: 12e530: :Read Flags: :Read Memory: 12e530 [T] 12e531 12e532 [T] 12e533 [T] :
TID: 3:IP: 642915bc:Disasm pushad :IMG: C:\Program Files\DAEMON Tools Lite\Engine.dll:RTN: .text:Read Regs: edi: 12e534: esi[T]: 644814b9: ebp: 12e604: esp: 12e52c: ebx[T]: c1129719: edx: 76d89c76: ecx[T]: 6427ff80: eax[T]: 11: ss: 23: al[T]: 11: ah[T]: 11: ax[T]: 11: cl[T]: 6427ff80: ch[T]: 6427ff80: cx[T]: 6427ff80: dl: 76d89c76: dh: 76d89c76: dx: 76d89c76: bl[T]: c1129719: bh[T]: c1129719: bx[T]: c1129719: bp: 12e604: si[T]: 644814b9: di: 12e534: sp: 12e52c: :Read Flags: :Read Memory: :
TID: 3:IP: 642919e6:Disasm mov dword ptr [esp+0x24], ecx:IMG: C:\Program Files\DAEMON Tools Lite\Engine.dll:RTN: .text:Read Regs: esp: 12e50c: ecx[T]: 6427ff80: ss: 23: cl[T]: 6427ff80: ch[T]: 6427ff80: cx[T]: 6427ff80: sp: 12e50c: :Read Flags: :Read Memory: :
TID: 3:IP: 642919ea:Disasm pushfd :IMG: C:\Program Files\DAEMON Tools Lite\Engine.dll:RTN: .text:Read Regs: esp: 12e50c: ss: 23: eflags[T]: 202: sp: 12e50c: :Read Flags: 3f7700:df vif iopl if ac vm rf nt tf id vip [T 8d5:of sf zf af pf cf ]:Values:202:Read Memory: :
TID: 3:IP: 642919f6:Disasm push dword ptr [esp+0x28]:IMG: C:\Program Files\DAEMON Tools Lite\Engine.dll:RTN: .text:Read Regs: esp: 12e508: ss: 23: sp: 12e508: :Read Flags: :Read Memory: 12e530 [T] 12e531 [T] 12e532 [T] 12e533 [T] :
TID: 3:IP: 642919fa:Disasm ret 0x2c:IMG: C:\Program Files\DAEMON Tools Lite\Engine.dll:RTN: .text:Read Regs: esp: 12e504: ss: 23: sp: 12e504: :Read Flags: :Read Memory: 12e504 [T] 12e505 [T] 12e506 [T] 12e507 [T] :
TID: 3:IP: 6427ff80:Disasm rcr al, cl:IMG: C:\Program Files\DAEMON Tools Lite\Engine.dll:RTN: .text:Read Regs: ecx[T]: 6427ff80: eax[T]: 11: eflags[T]: 202: al[T]: 11: ax[T]: 11: cl[T]: 6427ff80: cx[T]: 6427ff80: :Read Flags: 0:[T 1:cf ]:Values:202:Read Memory: :
TID: 3:IP: 6427ff85:Disasm rcl al, 0x5:IMG: C:\Program Files\DAEMON Tools Lite\Engine.dll:RTN: .text:Read Regs: eax[T]: 11: eflags: 246: al[T]: 11: ax[T]: 11: :Read Flags: 1:cf :Values:246:Read Memory: :
TID: 3:IP: 6427ff88:Disasm movzx eax, byte ptr [esi]:IMG: C:\Program Files\DAEMON Tools Lite\Engine.dll:RTN: .text:Read Regs: esi[T]: 644814b9: ds: 23: si[T]: 644814b9: :Read Flags: :Read Memory: 644814b9 :
TID: 3:IP: 6427ff8b:Disasm bt cx, bp:IMG: C:\Program Files\DAEMON Tools Lite\Engine.dll:RTN: .text:Read Regs: ebp: 12e604: ecx[T]: 6427ff80: cl[T]: 6427ff80: ch[T]: 6427ff80: cx[T]: 6427ff80: bp: 12e604: :Read Flags: :Read Memory: :
TID: 3:IP: 6427ff8f:Disasm xor al, bl:IMG: C:\Program Files\DAEMON Tools Lite\Engine.dll:RTN: .text:Read Regs: ebx[T]: c1129719: eax[T]: 2a: al[T]: 2a: ax[T]: 2a: bl[T]: c1129719: bx[T]: c1129719: :Read Flags: :Read Memory: :
TID: 3:IP: 6427ff96:Disasm shld dx, cx, cl:IMG: C:\Program Files\DAEMON Tools Lite\Engine.dll:RTN: .text:Read Regs: edx: 76d82000: ecx[T]: 6427ff80: cl[T]: 6427ff80: ch[T]: 6427ff80: cx[T]: 6427ff80: dl: 76d82000: dh: 76d82000: dx: 76d82000: :Read Flags: :Read Memory: :
TID: 3:IP: 6427ff9a:Disasm not al:IMG: C:\Program Files\DAEMON Tools Lite\Engine.dll:RTN: .text:Read Regs: eax[T]: 33: al[T]: 33: ax[T]: 33: :Read Flags: :Read Memory: :
TID: 3:IP: 6427ffa1:Disasm dec dh:IMG: C:\Program Files\DAEMON Tools Lite\Engine.dll:RTN: .text:Read Regs: edx[T]: 76d82000: dh[T]: 76d82000: dx[T]: 76d82000: :Read Flags: :Read Memory: :
TID: 3:IP: 6427ffa3:Disasm btr dx, 0x1:IMG: C:\Program Files\DAEMON Tools Lite\Engine.dll:RTN: .text:Read Regs: edx[T]: 76d81f00: dl[T]: 76d81f00: dh[T]: 76d81f00: dx[T]: 76d81f00: :Read Flags: :Read Memory: :
TID: 3:IP: 6427ffa8:Disasm neg al:IMG: C:\Program Files\DAEMON Tools Lite\Engine.dll:RTN: .text:Read Regs: eax[T]: cc: al[T]: cc: ax[T]: cc: :Read Flags: :Read Memory: :
TID: 3:IP: 6427ffaa:Disasm test esi, ebp:IMG: C:\Program Files\DAEMON Tools Lite\Engine.dll:RTN: .text:Read Regs: esi[T]: 644814b9: ebp: 12e604: bp: 12e604: si[T]: 644814b9: :Read Flags: :Read Memory: :
TID: 3:IP: 6427ffac:Disasm sub al, 0x0:IMG: C:\Program Files\DAEMON Tools Lite\Engine.dll:RTN: .text:Read Regs: eax[T]: 34: al[T]: 34: ax[T]: 34: :Read Flags: :Read Memory: :
TID: 3:IP: 6427ffaf:Disasm rol dl, cl:IMG: C:\Program Files\DAEMON Tools Lite\Engine.dll:RTN: .text:Read Regs: edx[T]: 76d81f00: ecx[T]: 6427ff80: cl[T]: 6427ff80: cx[T]: 6427ff80: dl[T]: 76d81f00: dx[T]: 76d81f00: :Read Flags: :Read Memory: :
TID: 3:IP: 6427ffb1:Disasm xor bl, al:IMG: C:\Program Files\DAEMON Tools Lite\Engine.dll:RTN: .text:Read Regs: ebx[T]: c1129719: eax[T]: 34: al[T]: 34: ax[T]: 34: bl[T]: c1129719: bx[T]: c1129719: :Read Flags: :Read Memory: :
TID: 3:IP: 6427ffbc:Disasm pushfd :IMG: C:\Program Files\DAEMON Tools Lite\Engine.dll:RTN: .text:Read Regs: esp: 12e52c: ss: 23: eflags[T]: 206: sp: 12e52c: :Read Flags: 3f7700:df vif iopl if ac vm rf nt tf id vip [T 8d5:of sf zf af pf cf ]:Values:206:Read Memory: :
TID: 3:IP: 6428a22d:Disasm inc esi:IMG: C:\Program Files\DAEMON Tools Lite\Engine.dll:RTN: .text:Read Regs: esi[T]: 644814b9: si[T]: 644814b9: :Read Flags: :Read Memory: :
TID: 3:IP: 6428cc64:Disasm mov dword ptr [esp+0x4], esi:IMG: C:\Program Files\DAEMON Tools Lite\Engine.dll:RTN: .text:Read Regs: esi[T]: 644814ba: esp: 12e524: ss: 23: si[T]: 644814ba: sp: 12e524: :Read Flags: :Read Memory: :
TID: 3:IP: 6428cc6f:Disasm mov dword ptr [eax+edi*1], edx:IMG: C:\Program Files\DAEMON Tools Lite\Engine.dll:RTN: .text:Read Regs: edi: 12e534: edx: a121194: eax[T]: 34: ds: 23: al[T]: 34: ah[T]: 34: ax[T]: 34: dl: a121194: dh: a121194: dx: a121194: di: 12e534: :Read Flags: :Read Memory: :
TID: 3:IP: 6428cc72:Disasm mov word ptr [esp], ax:IMG: C:\Program Files\DAEMON Tools Lite\Engine.dll:RTN: .text:Read Regs: esp: 12e520: eax[T]: 34: ss: 23: al[T]: 34: ah[T]: 34: ax[T]: 34: sp: 12e520: :Read Flags: :Read Memory: :
TID: 3:IP: 64291548:Disasm sbb al, bh:IMG: C:\Program Files\DAEMON Tools Lite\Engine.dll:RTN: .text:Read Regs: ebx[T]: c112972d: eax[T]: 34: eflags: 202: al[T]: 34: ax[T]: 34: bh[T]: c112972d: bx[T]: c112972d: :Read Flags: 1:cf :Values:202:Read Memory: :
TID: 3:IP: 6429154a:Disasm xchg ch, al:IMG: C:\Program Files\DAEMON Tools Lite\Engine.dll:RTN: .text:Read Regs: ecx[T]: 6427ff80: eax[T]: 9d: al[T]: 9d: ax[T]: 9d: ch[T]: 6427ff80: cx[T]: 6427ff80: :Read Flags: :Read Memory: :
TID: 3:IP: 6429154c:Disasm mov al, byte ptr [esi]:IMG: C:\Program Files\DAEMON Tools Lite\Engine.dll:RTN: .text:Read Regs: esi[T]: 644814ba: ds: 23: si[T]: 644814ba: :Read Flags: :Read Memory: 644814ba :
TID: 3:IP: 6429154e:Disasm shr cl, 0x1:IMG: C:\Program Files\DAEMON Tools Lite\Engine.dll:RTN: .text:Read Regs: ecx[T]: 64279d80: cl[T]: 64279d80: cx[T]: 64279d80: :Read Flags: :Read Memory: :
TID: 3:IP: 64291550:Disasm not ecx:IMG: C:\Program Files\DAEMON Tools Lite\Engine.dll:RTN: .text:Read Regs: ecx[T]: 64279d40: cl[T]: 64279d40: ch[T]: 64279d40: cx[T]: 64279d40: :Read Flags: :Read Memory: :
TID: 3:IP: 64291552:Disasm cmc :IMG: C:\Program Files\DAEMON Tools Lite\Engine.dll:RTN: .text:Read Regs: eflags[T]: a02: :Read Flags: 0:[T 1:cf ]:Values:a02:Read Memory: :
TID: 3:IP: 64291553:Disasm sub al, bl:IMG: C:\Program Files\DAEMON Tools Lite\Engine.dll:RTN: .text:Read Regs: ebx[T]: c112972d: eax[T]: d6: al[T]: d6: ax[T]: d6: bl[T]: c112972d: bx[T]: c112972d: :Read Flags: :Read Memory: :
TID: 3:IP: 64291555:Disasm movzx cx, bl:IMG: C:\Program Files\DAEMON Tools Lite\Engine.dll:RTN: .text:Read Regs: ebx[T]: c112972d: bl[T]: c112972d: bx[T]: c112972d: :Read Flags: :Read Memory: :
TID: 3:IP: 64291559:Disasm movsx cx, cl:IMG: C:\Program Files\DAEMON Tools Lite\Engine.dll:RTN: .text:Read Regs: ecx[T]: 9bd8002d: cl[T]: 9bd8002d: cx[T]: 9bd8002d: :Read Flags: :Read Memory: :
TID: 3:IP: 6429155f:Disasm dec al:IMG: C:\Program Files\DAEMON Tools Lite\Engine.dll:RTN: .text:Read Regs: eax[T]: a9: al[T]: a9: ax[T]: a9: :Read Flags: :Read Memory: :
TID: 3:IP: 64291561:Disasm pushfd :IMG: C:\Program Files\DAEMON Tools Lite\Engine.dll:RTN: .text:Read Regs: esp: 12e534: ss: 23: eflags[T]: 282: sp: 12e534: :Read Flags: 3f7700:df vif iopl if ac vm rf nt tf id vip [T 8d5:of sf zf af pf cf ]:Values:282:Read Memory: :
TID: 3:IP: 64291562:Disasm rol al, 0x7:IMG: C:\Program Files\DAEMON Tools Lite\Engine.dll:RTN: .text:Read Regs: eax[T]: a8: al[T]: a8: ax[T]: a8: :Read Flags: :Read Memory: :
TID: 3:IP: 64291565:Disasm rol cx, 0xe:IMG: C:\Program Files\DAEMON Tools Lite\Engine.dll:RTN: .text:Read Regs: ecx: 9bd800c3: cl: 9bd800c3: ch[T]: 9bd800c3: cx: 9bd800c3: :Read Flags: :Read Memory: :
TID: 3:IP: 64291569:Disasm not al:IMG: C:\Program Files\DAEMON Tools Lite\Engine.dll:RTN: .text:Read Regs: eax[T]: 54: al[T]: 54: ax[T]: 54: :Read Flags: :Read Memory: :
TID: 3:IP: 6429156b:Disasm movsx ecx, cl:IMG: C:\Program Files\DAEMON Tools Lite\Engine.dll:RTN: .text:Read Regs: ecx[T]: 9bd8c030: cl[T]: 9bd8c030: cx[T]: 9bd8c030: :Read Flags: :Read Memory: :
TID: 3:IP: 6429156e:Disasm movzx cx, cl:IMG: C:\Program Files\DAEMON Tools Lite\Engine.dll:RTN: .text:Read Regs: ecx[T]: 30: cl[T]: 30: cx[T]: 30: :Read Flags: :Read Memory: :
TID: 3:IP: 64291572:Disasm shr ecx, cl:IMG: C:\Program Files\DAEMON Tools Lite\Engine.dll:RTN: .text:Read Regs: ecx[T]: 30: cl[T]: 30: ch[T]: 30: cx[T]: 30: :Read Flags: :Read Memory: :
TID: 3:IP: 64291574:Disasm and ch, 0xe4:IMG: C:\Program Files\DAEMON Tools Lite\Engine.dll:RTN: .text:Read Regs: ecx[T]: 0: ch[T]: 0: cx[T]: 0: :Read Flags: :Read Memory: :
TID: 3:IP: 64291577:Disasm sub bl, al:IMG: C:\Program Files\DAEMON Tools Lite\Engine.dll:RTN: .text:Read Regs: ebx[T]: c112972d: eax[T]: ab: al[T]: ab: ax[T]: ab: bl[T]: c112972d: bx[T]: c112972d: :Read Flags: :Read Memory: :
TID: 3:IP: 64291579:Disasm pop ecx:IMG: C:\Program Files\DAEMON Tools Lite\Engine.dll:RTN: .text:Read Regs: esp: 12e530: ss: 23: sp: 12e530: :Read Flags: :Read Memory: 12e530 [T] 12e531 [T] 12e532 [T] 12e533 [T] :
TID: 3:IP: 6429157a:Disasm ror cx, 0xe:IMG: C:\Program Files\DAEMON Tools Lite\Engine.dll:RTN: .text:Read Regs: ecx[T]: 282: cl[T]: 282: ch[T]: 282: cx[T]: 282: :Read Flags: :Read Memory: :
TID: 3:IP: 6429157e:Disasm shl cl, 0x4:IMG: C:\Program Files\DAEMON Tools Lite\Engine.dll:RTN: .text:Read Regs: ecx[T]: a08: cl[T]: a08: cx[T]: a08: :Read Flags: :Read Memory: :
TID: 3:IP: 64291581:Disasm pushfd :IMG: C:\Program Files\DAEMON Tools Lite\Engine.dll:RTN: .text:Read Regs: esp: 12e534: ss: 23: eflags[T]: 282: sp: 12e534: :Read Flags: 3f7700:df vif iopl if ac vm rf nt tf id vip [T 8d5:of sf zf af pf cf ]:Values:282:Read Memory: :
TID: 3:IP: 64291582:Disasm sub esi, 0xffffffff:IMG: C:\Program Files\DAEMON Tools Lite\Engine.dll:RTN: .text:Read Regs: esi[T]: 644814ba: si[T]: 644814ba: :Read Flags: :Read Memory: :
TID: 3:IP: 64291585:Disasm xor cl, bh:IMG: C:\Program Files\DAEMON Tools Lite\Engine.dll:RTN: .text:Read Regs: ebx[T]: c1129782: ecx[T]: a80: cl[T]: a80: cx[T]: a80: bh[T]: c1129782: bx[T]: c1129782: :Read Flags: :Read Memory: :
TID: 3:IP: 64291587:Disasm add ecx, esi:IMG: C:\Program Files\DAEMON Tools Lite\Engine.dll:RTN: .text:Read Regs: esi[T]: 644814bb: ecx[T]: a17: cl[T]: a17: ch[T]: a17: cx[T]: a17: si[T]: 644814bb: :Read Flags: :Read Memory: :
TID: 3:IP: 64291589:Disasm btc cx, bx:IMG: C:\Program Files\DAEMON Tools Lite\Engine.dll:RTN: .text:Read Regs: ebx[T]: c1129782: ecx[T]: 64481ed2: cl[T]: 64481ed2: ch[T]: 64481ed2: cx[T]: 64481ed2: bl[T]: c1129782: bh[T]: c1129782: bx[T]: c1129782: :Read Flags: :Read Memory: :
TID: 3:IP: 6429158d:Disasm movzx eax, al:IMG: C:\Program Files\DAEMON Tools Lite\Engine.dll:RTN: .text:Read Regs: eax[T]: ab: al[T]: ab: ax[T]: ab: :Read Flags: :Read Memory: :
TID: 3:IP: 64291590:Disasm bswap cx:IMG: C:\Program Files\DAEMON Tools Lite\Engine.dll:RTN: .text:Read Regs: ecx[T]: 64481ed6: cl[T]: 64481ed6: ch[T]: 64481ed6: cx[T]: 64481ed6: :Read Flags: :Read Memory: :
TID: 3:IP: 64291593:Disasm cmp ah, 0x70:IMG: C:\Program Files\DAEMON Tools Lite\Engine.dll:RTN: .text:Read Regs: eax[T]: ab: ah[T]: ab: ax[T]: ab: :Read Flags: :Read Memory: :
TID: 3:IP: 6429159a:Disasm setnp ch:IMG: C:\Program Files\DAEMON Tools Lite\Engine.dll:RTN: .text:Read Regs: eflags[T]: 287: :Read Flags: 0:[T 4:pf ]:Values:287:Read Memory: :
TID: 3:IP: 6429159d:Disasm mov ecx, dword ptr [eax*4+0x642a0250]:IMG: C:\Program Files\DAEMON Tools Lite\Engine.dll:RTN: .text:Read Regs: eax[T]: ab: ds: 23: al[T]: ab: ah[T]: ab: ax[T]: ab: :Read Flags: :Read Memory: 642a04fc 642a04fd 642a04fe 642a04ff :
TID: 3:IP: 642915a8:Disasm bswap ecx:IMG: C:\Program Files\DAEMON Tools Lite\Engine.dll:RTN: .text:Read Regs: ecx[T]: 80ff0010: cl[T]: 80ff0010: ch[T]: 80ff0010: cx[T]: 80ff0010: :Read Flags: :Read Memory: :
TID: 3:IP: 642915b0:Disasm mov byte ptr [esp], bh:IMG: C:\Program Files\DAEMON Tools Lite\Engine.dll:RTN: .text:Read Regs: esp: 12e530: ebx[T]: c1129782: ss: 23: bh[T]: c1129782: bx[T]: c1129782: sp: 12e530: :Read Flags: :Read Memory: :
TID: 3:IP: 642915b3:Disasm add ecx, 0x54270000:IMG: C:\Program Files\DAEMON Tools Lite\Engine.dll:RTN: .text:Read Regs: ecx[T]: 1000ff80: cl[T]: 1000ff80: ch[T]: 1000ff80: cx[T]: 1000ff80: :Read Flags: :Read Memory: :
TID: 3:IP: 642915b9:Disasm push dword ptr [esp]:IMG: C:\Program Files\DAEMON Tools Lite\Engine.dll:RTN: .text:Read Regs: esp: 12e530: ss: 23: sp: 12e530: :Read Flags: :Read Memory: 12e530 [T] 12e531 12e532 [T] 12e533 [T] :
TID: 3:IP: 642915bc:Disasm pushad :IMG: C:\Program Files\DAEMON Tools Lite\Engine.dll:RTN: .text:Read Regs: edi: 12e534: esi[T]: 644814bb: ebp: 12e608: esp: 12e52c: ebx[T]: c1129782: edx: a121194: ecx[T]: 6427ff80: eax[T]: ab: ss: 23: al[T]: ab: ah[T]: ab: ax[T]: ab: cl[T]: 6427ff80: ch[T]: 6427ff80: cx[T]: 6427ff80: dl: a121194: dh: a121194: dx: a121194: bl[T]: c1129782: bh[T]: c1129782: bx[T]: c1129782: bp: 12e608: si[T]: 644814bb: di: 12e534: sp: 12e52c: :Read Flags: :Read Memory: :
TID: 3:IP: 642919e6:Disasm mov dword ptr [esp+0x24], ecx:IMG: C:\Program Files\DAEMON Tools Lite\Engine.dll:RTN: .text:Read Regs: esp: 12e50c: ecx[T]: 6427ff80: ss: 23: cl[T]: 6427ff80: ch[T]: 6427ff80: cx[T]: 6427ff80: sp: 12e50c: :Read Flags: :Read Memory: :
TID: 3:IP: 642919ea:Disasm pushfd :IMG: C:\Program Files\DAEMON Tools Lite\Engine.dll:RTN: .text:Read Regs: esp: 12e50c: ss: 23: eflags[T]: 202: sp: 12e50c: :Read Flags: 3f7700:df vif iopl if ac vm rf nt tf id vip [T 8d5:of sf zf af pf cf ]:Values:202:Read Memory: :
TID: 3:IP: 642919f6:Disasm push dword ptr [esp+0x28]:IMG: C:\Program Files\DAEMON Tools Lite\Engine.dll:RTN: .text:Read Regs: esp: 12e508: ss: 23: sp: 12e508: :Read Flags: :Read Memory: 12e530 [T] 12e531 [T] 12e532 [T] 12e533 [T] :
TID: 3:IP: 642919fa:Disasm ret 0x2c:IMG: C:\Program Files\DAEMON Tools Lite\Engine.dll:RTN: .text:Read Regs: esp: 12e504: ss: 23: sp: 12e504: :Read Flags: :Read Memory: 12e504 [T] 12e505 [T] 12e506 [T] 12e507 [T] :
TID: 3:IP: 6427ff80:Disasm rcr al, cl:IMG: C:\Program Files\DAEMON Tools Lite\Engine.dll:RTN: .text:Read Regs: ecx[T]: 6427ff80: eax[T]: ab: eflags[T]: 202: al[T]: ab: ax[T]: ab: cl[T]: 6427ff80: cx[T]: 6427ff80: :Read Flags: 0:[T 1:cf ]:Values:202:Read Memory: :
TID: 3:IP: 6427ff85:Disasm rcl al, 0x5:IMG: C:\Program Files\DAEMON Tools Lite\Engine.dll:RTN: .text:Read Regs: eax[T]: ab: eflags: 246: al[T]: ab: ax[T]: ab: :Read Flags: 1:cf :Values:246:Read Memory: :
TID: 3:IP: 6427ff88:Disasm movzx eax, byte ptr [esi]:IMG: C:\Program Files\DAEMON Tools Lite\Engine.dll:RTN: .text:Read Regs: esi[T]: 644814bb: ds: 23: si[T]: 644814bb: :Read Flags: :Read Memory: 644814bb :
TID: 3:IP: 6427ff8b:Disasm bt cx, bp:IMG: C:\Program Files\DAEMON Tools Lite\Engine.dll:RTN: .text:Read Regs: ebp: 12e608: ecx[T]: 6427ff80: cl[T]: 6427ff80: ch[T]: 6427ff80: cx[T]: 6427ff80: bp: 12e608: :Read Flags: :Read Memory: :
TID: 3:IP: 6427ff8f:Disasm xor al, bl:IMG: C:\Program Files\DAEMON Tools Lite\Engine.dll:RTN: .text:Read Regs: ebx[T]: c1129782: eax[T]: 81: al[T]: 81: ax[T]: 81: bl[T]: c1129782: bx[T]: c1129782: :Read Flags: :Read Memory: :
TID: 3:IP: 6427ff96:Disasm shld dx, cx, cl:IMG: C:\Program Files\DAEMON Tools Lite\Engine.dll:RTN: .text:Read Regs: edx: a124000: ecx[T]: 6427ff80: cl[T]: 6427ff80: ch[T]: 6427ff80: cx[T]: 6427ff80: dl: a124000: dh: a124000: dx: a124000: :Read Flags: :Read Memory: :
TID: 3:IP: 6427ff9a:Disasm not al:IMG: C:\Program Files\DAEMON Tools Lite\Engine.dll:RTN: .text:Read Regs: eax[T]: 3: al[T]: 3: ax[T]: 3: :Read Flags: :Read Memory: :
TID: 3:IP: 6427ffa1:Disasm dec dh:IMG: C:\Program Files\DAEMON Tools Lite\Engine.dll:RTN: .text:Read Regs: edx[T]: a124000: dh[T]: a124000: dx[T]: a124000: :Read Flags: :Read Memory: :
TID: 3:IP: 6427ffa3:Disasm btr dx, 0x1:IMG: C:\Program Files\DAEMON Tools Lite\Engine.dll:RTN: .text:Read Regs: edx[T]: a123f00: dl[T]: a123f00: dh[T]: a123f00: dx[T]: a123f00: :Read Flags: :Read Memory: :
TID: 3:IP: 6427ffa8:Disasm neg al:IMG: C:\Program Files\DAEMON Tools Lite\Engine.dll:RTN: .text:Read Regs: eax[T]: fc: al[T]: fc: ax[T]: fc: :Read Flags: :Read Memory: :
TID: 3:IP: 6427ffaa:Disasm test esi, ebp:IMG: C:\Program Files\DAEMON Tools Lite\Engine.dll:RTN: .text:Read Regs: esi[T]: 644814bb: ebp: 12e608: bp: 12e608: si[T]: 644814bb: :Read Flags: :Read Memory: :
TID: 3:IP: 6427ffac:Disasm sub al, 0x0:IMG: C:\Program Files\DAEMON Tools Lite\Engine.dll:RTN: .text:Read Regs: eax[T]: 4: al[T]: 4: ax[T]: 4: :Read Flags: :Read Memory: :
TID: 3:IP: 6427ffaf:Disasm rol dl, cl:IMG: C:\Program Files\DAEMON Tools Lite\Engine.dll:RTN: .text:Read Regs: edx[T]: a123f00: ecx[T]: 6427ff80: cl[T]: 6427ff80: cx[T]: 6427ff80: dl[T]: a123f00: dx[T]: a123f00: :Read Flags: :Read Memory: :
TID: 3:IP: 6427ffb1:Disasm xor bl, al:IMG: C:\Program Files\DAEMON Tools Lite\Engine.dll:RTN: .text:Read Regs: ebx[T]: c1129782: eax[T]: 4: al[T]: 4: ax[T]: 4: bl[T]: c1129782: bx[T]: c1129782: :Read Flags: :Read Memory: :
TID: 3:IP: 6427ffbc:Disasm pushfd :IMG: C:\Program Files\DAEMON Tools Lite\Engine.dll:RTN: .text:Read Regs: esp: 12e52c: ss: 23: eflags[T]: 282: sp: 12e52c: :Read Flags: 3f7700:df vif iopl if ac vm rf nt tf id vip [T 8d5:of sf zf af pf cf ]:Values:282:Read Memory: :
TID: 3:IP: 6428a22d:Disasm inc esi:IMG: C:\Program Files\DAEMON Tools Lite\Engine.dll:RTN: .text:Read Regs: esi[T]: 644814bb: si[T]: 644814bb: :Read Flags: :Read Memory: :
TID: 3:IP: 6428cc64:Disasm mov dword ptr [esp+0x4], esi:IMG: C:\Program Files\DAEMON Tools Lite\Engine.dll:RTN: .text:Read Regs: esi[T]: 644814bc: esp: 12e524: ss: 23: si[T]: 644814bc: sp: 12e524: :Read Flags: :Read Memory: :
TID: 3:IP: 6428cc6f:Disasm mov dword ptr [eax+edi*1], edx:IMG: C:\Program Files\DAEMON Tools Lite\Engine.dll:RTN: .text:Read Regs: edi: 12e534: edx: 12e678: eax[T]: 4: ds: 23: al[T]: 4: ah[T]: 4: ax[T]: 4: dl: 12e678: dh: 12e678: dx: 12e678: di: 12e534: :Read Flags: :Read Memory: :
TID: 3:IP: 6428cc72:Disasm mov word ptr [esp], ax:IMG: C:\Program Files\DAEMON Tools Lite\Engine.dll:RTN: .text:Read Regs: esp: 12e520: eax[T]: 4: ss: 23: al[T]: 4: ah[T]: 4: ax[T]: 4: sp: 12e520: :Read Flags: :Read Memory: :
TID: 3:IP: 64291548:Disasm sbb al, bh:IMG: C:\Program Files\DAEMON Tools Lite\Engine.dll:RTN: .text:Read Regs: ebx[T]: c1129786: eax[T]: 4: eflags: 206: al[T]: 4: ax[T]: 4: bh[T]: c1129786: bx[T]: c1129786: :Read Flags: 1:cf :Values:206:Read Memory: :
TID: 3:IP: 6429154a:Disasm xchg ch, al:IMG: C:\Program Files\DAEMON Tools Lite\Engine.dll:RTN: .text:Read Regs: ecx[T]: 6427ff80: eax[T]: 6d: al[T]: 6d: ax[T]: 6d: ch[T]: 6427ff80: cx[T]: 6427ff80: :Read Flags: :Read Memory: :
TID: 3:IP: 6429154c:Disasm mov al, byte ptr [esi]:IMG: C:\Program Files\DAEMON Tools Lite\Engine.dll:RTN: .text:Read Regs: esi[T]: 644814bc: ds: 23: si[T]: 644814bc: :Read Flags: :Read Memory: 644814bc :
TID: 3:IP: 6429154e:Disasm shr cl, 0x1:IMG: C:\Program Files\DAEMON Tools Lite\Engine.dll:RTN: .text:Read Regs: ecx[T]: 64276d80: cl[T]: 64276d80: cx[T]: 64276d80: :Read Flags: :Read Memory: :
TID: 3:IP: 64291550:Disasm not ecx:IMG: C:\Program Files\DAEMON Tools Lite\Engine.dll:RTN: .text:Read Regs: ecx[T]: 64276d40: cl[T]: 64276d40: ch[T]: 64276d40: cx[T]: 64276d40: :Read Flags: :Read Memory: :
TID: 3:IP: 64291552:Disasm cmc :IMG: C:\Program Files\DAEMON Tools Lite\Engine.dll:RTN: .text:Read Regs: eflags[T]: a02: :Read Flags: 0:[T 1:cf ]:Values:a02:Read Memory: :
TID: 3:IP: 64291553:Disasm sub al, bl:IMG: C:\Program Files\DAEMON Tools Lite\Engine.dll:RTN: .text:Read Regs: ebx[T]: c1129786: eax[T]: 64: al[T]: 64: ax[T]: 64: bl[T]: c1129786: bx[T]: c1129786: :Read Flags: :Read Memory: :
TID: 3:IP: 64291555:Disasm movzx cx, bl:IMG: C:\Program Files\DAEMON Tools Lite\Engine.dll:RTN: .text:Read Regs: ebx[T]: c1129786: bl[T]: c1129786: bx[T]: c1129786: :Read Flags: :Read Memory: :
TID: 3:IP: 64291559:Disasm movsx cx, cl:IMG: C:\Program Files\DAEMON Tools Lite\Engine.dll:RTN: .text:Read Regs: ecx[T]: 9bd80086: cl[T]: 9bd80086: cx[T]: 9bd80086: :Read Flags: :Read Memory: :
TID: 3:IP: 6429155f:Disasm dec al:IMG: C:\Program Files\DAEMON Tools Lite\Engine.dll:RTN: .text:Read Regs: eax[T]: de: al[T]: de: ax[T]: de: :Read Flags: :Read Memory: :
TID: 3:IP: 64291561:Disasm pushfd :IMG: C:\Program Files\DAEMON Tools Lite\Engine.dll:RTN: .text:Read Regs: esp: 12e534: ss: 23: eflags[T]: 287: sp: 12e534: :Read Flags: 3f7700:df vif iopl if ac vm rf nt tf id vip [T 8d5:of sf zf af pf cf ]:Values:287:Read Memory: :
TID: 3:IP: 64291562:Disasm rol al, 0x7:IMG: C:\Program Files\DAEMON Tools Lite\Engine.dll:RTN: .text:Read Regs: eax[T]: dd: al[T]: dd: ax[T]: dd: :Read Flags: :Read Memory: :
TID: 3:IP: 64291565:Disasm rol cx, 0xe:IMG: C:\Program Files\DAEMON Tools Lite\Engine.dll:RTN: .text:Read Regs: ecx: 9bd8ffc3: cl: 9bd8ffc3: ch[T]: 9bd8ffc3: cx: 9bd8ffc3: :Read Flags: :Read Memory: :
TID: 3:IP: 64291569:Disasm not al:IMG: C:\Program Files\DAEMON Tools Lite\Engine.dll:RTN: .text:Read Regs: eax[T]: ee: al[T]: ee: ax[T]: ee: :Read Flags: :Read Memory: :
TID: 3:IP: 6429156b:Disasm movsx ecx, cl:IMG: C:\Program Files\DAEMON Tools Lite\Engine.dll:RTN: .text:Read Regs: ecx[T]: 9bd8fff0: cl[T]: 9bd8fff0: cx[T]: 9bd8fff0: :Read Flags: :Read Memory: :
TID: 3:IP: 6429156e:Disasm movzx cx, cl:IMG: C:\Program Files\DAEMON Tools Lite\Engine.dll:RTN: .text:Read Regs: ecx[T]: fffffff0: cl[T]: fffffff0: cx[T]: fffffff0: :Read Flags: :Read Memory: :
TID: 3:IP: 64291572:Disasm shr ecx, cl:IMG: C:\Program Files\DAEMON Tools Lite\Engine.dll:RTN: .text:Read Regs: ecx[T]: ffff00f0: cl[T]: ffff00f0: ch[T]: ffff00f0: cx[T]: ffff00f0: :Read Flags: :Read Memory: :
TID: 3:IP: 64291574:Disasm and ch, 0xe4:IMG: C:\Program Files\DAEMON Tools Lite\Engine.dll:RTN: .text:Read Regs: ecx[T]: ffff: ch[T]: ffff: cx[T]: ffff: :Read Flags: :Read Memory: :
TID: 3:IP: 64291577:Disasm sub bl, al:IMG: C:\Program Files\DAEMON Tools Lite\Engine.dll:RTN: .text:Read Regs: ebx[T]: c1129786: eax[T]: 11: al[T]: 11: ax[T]: 11: bl[T]: c1129786: bx[T]: c1129786: :Read Flags: :Read Memory: :
TID: 3:IP: 64291579:Disasm pop ecx:IMG: C:\Program Files\DAEMON Tools Lite\Engine.dll:RTN: .text:Read Regs: esp: 12e530: ss: 23: sp: 12e530: :Read Flags: :Read Memory: 12e530 [T] 12e531 [T] 12e532 [T] 12e533 [T] :
TID: 3:IP: 6429157a:Disasm ror cx, 0xe:IMG: C:\Program Files\DAEMON Tools Lite\Engine.dll:RTN: .text:Read Regs: ecx[T]: 287: cl[T]: 287: ch[T]: 287: cx[T]: 287: :Read Flags: :Read Memory: :
TID: 3:IP: 6429157e:Disasm shl cl, 0x4:IMG: C:\Program Files\DAEMON Tools Lite\Engine.dll:RTN: .text:Read Regs: ecx[T]: a1c: cl[T]: a1c: cx[T]: a1c: :Read Flags: :Read Memory: :
TID: 3:IP: 64291581:Disasm pushfd :IMG: C:\Program Files\DAEMON Tools Lite\Engine.dll:RTN: .text:Read Regs: esp: 12e534: ss: 23: eflags[T]: 287: sp: 12e534: :Read Flags: 3f7700:df vif iopl if ac vm rf nt tf id vip [T 8d5:of sf zf af pf cf ]:Values:287:Read Memory: :
TID: 3:IP: 64291582:Disasm sub esi, 0xffffffff:IMG: C:\Program Files\DAEMON Tools Lite\Engine.dll:RTN: .text:Read Regs: esi[T]: 644814bc: si[T]: 644814bc: :Read Flags: :Read Memory: :
TID: 3:IP: 64291585:Disasm xor cl, bh:IMG: C:\Program Files\DAEMON Tools Lite\Engine.dll:RTN: .text:Read Regs: ebx[T]: c1129775: ecx[T]: ac0: cl[T]: ac0: cx[T]: ac0: bh[T]: c1129775: bx[T]: c1129775: :Read Flags: :Read Memory: :
TID: 3:IP: 64291587:Disasm add ecx, esi:IMG: C:\Program Files\DAEMON Tools Lite\Engine.dll:RTN: .text:Read Regs: esi[T]: 644814bd: ecx[T]: a57: cl[T]: a57: ch[T]: a57: cx[T]: a57: si[T]: 644814bd: :Read Flags: :Read Memory: :
TID: 3:IP: 64291589:Disasm btc cx, bx:IMG: C:\Program Files\DAEMON Tools Lite\Engine.dll:RTN: .text:Read Regs: ebx[T]: c1129775: ecx[T]: 64481f14: cl[T]: 64481f14: ch[T]: 64481f14: cx[T]: 64481f14: bl[T]: c1129775: bh[T]: c1129775: bx[T]: c1129775: :Read Flags: :Read Memory: :
TID: 3:IP: 6429158d:Disasm movzx eax, al:IMG: C:\Program Files\DAEMON Tools Lite\Engine.dll:RTN: .text:Read Regs: eax[T]: 11: al[T]: 11: ax[T]: 11: :Read Flags: :Read Memory: :
TID: 3:IP: 64291590:Disasm bswap cx:IMG: C:\Program Files\DAEMON Tools Lite\Engine.dll:RTN: .text:Read Regs: ecx[T]: 64481f34: cl[T]: 64481f34: ch[T]: 64481f34: cx[T]: 64481f34: :Read Flags: :Read Memory: :
TID: 3:IP: 64291593:Disasm cmp ah, 0x70:IMG: C:\Program Files\DAEMON Tools Lite\Engine.dll:RTN: .text:Read Regs: eax[T]: 11: ah[T]: 11: ax[T]: 11: :Read Flags: :Read Memory: :
TID: 3:IP: 6429159a:Disasm setnp ch:IMG: C:\Program Files\DAEMON Tools Lite\Engine.dll:RTN: .text:Read Regs: eflags[T]: 287: :Read Flags: 0:[T 4:pf ]:Values:287:Read Memory: :
TID: 3:IP: 6429159d:Disasm mov ecx, dword ptr [eax*4+0x642a0250]:IMG: C:\Program Files\DAEMON Tools Lite\Engine.dll:RTN: .text:Read Regs: eax[T]: 11: ds: 23: al[T]: 11: ah[T]: 11: ax[T]: 11: :Read Flags: :Read Memory: 642a0294 642a0295 642a0296 642a0297 :
TID: 3:IP: 642915a8:Disasm bswap ecx:IMG: C:\Program Files\DAEMON Tools Lite\Engine.dll:RTN: .text:Read Regs: ecx[T]: 80ff0010: cl[T]: 80ff0010: ch[T]: 80ff0010: cx[T]: 80ff0010: :Read Flags: :Read Memory: :
TID: 3:IP: 642915b0:Disasm mov byte ptr [esp], bh:IMG: C:\Program Files\DAEMON Tools Lite\Engine.dll:RTN: .text:Read Regs: esp: 12e530: ebx[T]: c1129775: ss: 23: bh[T]: c1129775: bx[T]: c1129775: sp: 12e530: :Read Flags: :Read Memory: :
TID: 3:IP: 642915b3:Disasm add ecx, 0x54270000:IMG: C:\Program Files\DAEMON Tools Lite\Engine.dll:RTN: .text:Read Regs: ecx[T]: 1000ff80: cl[T]: 1000ff80: ch[T]: 1000ff80: cx[T]: 1000ff80: :Read Flags: :Read Memory: :
TID: 3:IP: 642915b9:Disasm push dword ptr [esp]:IMG: C:\Program Files\DAEMON Tools Lite\Engine.dll:RTN: .text:Read Regs: esp: 12e530: ss: 23: sp: 12e530: :Read Flags: :Read Memory: 12e530 [T] 12e531 12e532 [T] 12e533 [T] :
TID: 3:IP: 642915bc:Disasm pushad :IMG: C:\Program Files\DAEMON Tools Lite\Engine.dll:RTN: .text:Read Regs: edi: 12e534: esi[T]: 644814bd: ebp: 12e60c: esp: 12e52c: ebx[T]: c1129775: edx: 12e678: ecx[T]: 6427ff80: eax[T]: 11: ss: 23: al[T]: 11: ah[T]: 11: ax[T]: 11: cl[T]: 6427ff80: ch[T]: 6427ff80: cx[T]: 6427ff80: dl: 12e678: dh: 12e678: dx: 12e678: bl[T]: c1129775: bh[T]: c1129775: bx[T]: c1129775: bp: 12e60c: si[T]: 644814bd: di: 12e534: sp: 12e52c: :Read Flags: :Read Memory: :
TID: 3:IP: 642919e6:Disasm mov dword ptr [esp+0x24], ecx:IMG: C:\Program Files\DAEMON Tools Lite\Engine.dll:RTN: .text:Read Regs: esp: 12e50c: ecx[T]: 6427ff80: ss: 23: cl[T]: 6427ff80: ch[T]: 6427ff80: cx[T]: 6427ff80: sp: 12e50c: :Read Flags: :Read Memory: :
TID: 3:IP: 642919ea:Disasm pushfd :IMG: C:\Program Files\DAEMON Tools Lite\Engine.dll:RTN: .text:Read Regs: esp: 12e50c: ss: 23: eflags[T]: 202: sp: 12e50c: :Read Flags: 3f7700:df vif iopl if ac vm rf nt tf id vip [T 8d5:of sf zf af pf cf ]:Values:202:Read Memory: :
TID: 3:IP: 642919f6:Disasm push dword ptr [esp+0x28]:IMG: C:\Program Files\DAEMON Tools Lite\Engine.dll:RTN: .text:Read Regs: esp: 12e508: ss: 23: sp: 12e508: :Read Flags: :Read Memory: 12e530 [T] 12e531 [T] 12e532 [T] 12e533 [T] :
TID: 3:IP: 642919fa:Disasm ret 0x2c:IMG: C:\Program Files\DAEMON Tools Lite\Engine.dll:RTN: .text:Read Regs: esp: 12e504: ss: 23: sp: 12e504: :Read Flags: :Read Memory: 12e504 [T] 12e505 [T] 12e506 [T] 12e507 [T] :
TID: 3:IP: 6427ff80:Disasm rcr al, cl:IMG: C:\Program Files\DAEMON Tools Lite\Engine.dll:RTN: .text:Read Regs: ecx[T]: 6427ff80: eax[T]: 11: eflags[T]: 202: al[T]: 11: ax[T]: 11: cl[T]: 6427ff80: cx[T]: 6427ff80: :Read Flags: 0:[T 1:cf ]:Values:202:Read Memory: :
TID: 3:IP: 6427ff85:Disasm rcl al, 0x5:IMG: C:\Program Files\DAEMON Tools Lite\Engine.dll:RTN: .text:Read Regs: eax[T]: 11: eflags: 246: al[T]: 11: ax[T]: 11: :Read Flags: 1:cf :Values:246:Read Memory: :
TID: 3:IP: 6427ff88:Disasm movzx eax, byte ptr [esi]:IMG: C:\Program Files\DAEMON Tools Lite\Engine.dll:RTN: .text:Read Regs: esi[T]: 644814bd: ds: 23: si[T]: 644814bd: :Read Flags: :Read Memory: 644814bd :
TID: 3:IP: 6427ff8b:Disasm bt cx, bp:IMG: C:\Program Files\DAEMON Tools Lite\Engine.dll:RTN: .text:Read Regs: ebp: 12e60c: ecx[T]: 6427ff80: cl[T]: 6427ff80: ch[T]: 6427ff80: cx[T]: 6427ff80: bp: 12e60c: :Read Flags: :Read Memory: :
TID: 3:IP: 6427ff8f:Disasm xor al, bl:IMG: C:\Program Files\DAEMON Tools Lite\Engine.dll:RTN: .text:Read Regs: ebx[T]: c1129775: eax[T]: 5e: al[T]: 5e: ax[T]: 5e: bl[T]: c1129775: bx[T]: c1129775: :Read Flags: :Read Memory: :
TID: 3:IP: 6427ff96:Disasm shld dx, cx, cl:IMG: C:\Program Files\DAEMON Tools Lite\Engine.dll:RTN: .text:Read Regs: edx: 126000: ecx[T]: 6427ff80: cl[T]: 6427ff80: ch[T]: 6427ff80: cx[T]: 6427ff80: dl: 126000: dh: 126000: dx: 126000: :Read Flags: :Read Memory: :
TID: 3:IP: 6427ff9a:Disasm not al:IMG: C:\Program Files\DAEMON Tools Lite\Engine.dll:RTN: .text:Read Regs: eax[T]: 2b: al[T]: 2b: ax[T]: 2b: :Read Flags: :Read Memory: :
TID: 3:IP: 6427ffa1:Disasm dec dh:IMG: C:\Program Files\DAEMON Tools Lite\Engine.dll:RTN: .text:Read Regs: edx[T]: 126000: dh[T]: 126000: dx[T]: 126000: :Read Flags: :Read Memory: :
TID: 3:IP: 6427ffa3:Disasm btr dx, 0x1:IMG: C:\Program Files\DAEMON Tools Lite\Engine.dll:RTN: .text:Read Regs: edx[T]: 125f00: dl[T]: 125f00: dh[T]: 125f00: dx[T]: 125f00: :Read Flags: :Read Memory: :
TID: 3:IP: 6427ffa8:Disasm neg al:IMG: C:\Program Files\DAEMON Tools Lite\Engine.dll:RTN: .text:Read Regs: eax[T]: d4: al[T]: d4: ax[T]: d4: :Read Flags: :Read Memory: :
TID: 3:IP: 6427ffaa:Disasm test esi, ebp:IMG: C:\Program Files\DAEMON Tools Lite\Engine.dll:RTN: .text:Read Regs: esi[T]: 644814bd: ebp: 12e60c: bp: 12e60c: si[T]: 644814bd: :Read Flags: :Read Memory: :
TID: 3:IP: 6427ffac:Disasm sub al, 0x0:IMG: C:\Program Files\DAEMON Tools Lite\Engine.dll:RTN: .text:Read Regs: eax[T]: 2c: al[T]: 2c: ax[T]: 2c: :Read Flags: :Read Memory: :
TID: 3:IP: 6427ffaf:Disasm rol dl, cl:IMG: C:\Program Files\DAEMON Tools Lite\Engine.dll:RTN: .text:Read Regs: edx[T]: 125f00: ecx[T]: 6427ff80: cl[T]: 6427ff80: cx[T]: 6427ff80: dl[T]: 125f00: dx[T]: 125f00: :Read Flags: :Read Memory: :
TID: 3:IP: 6427ffb1:Disasm xor bl, al:IMG: C:\Program Files\DAEMON Tools Lite\Engine.dll:RTN: .text:Read Regs: ebx[T]: c1129775: eax[T]: 2c: al[T]: 2c: ax[T]: 2c: bl[T]: c1129775: bx[T]: c1129775: :Read Flags: :Read Memory: :
TID: 3:IP: 6427ffbc:Disasm pushfd :IMG: C:\Program Files\DAEMON Tools Lite\Engine.dll:RTN: .text:Read Regs: esp: 12e52c: ss: 23: eflags[T]: 206: sp: 12e52c: :Read Flags: 3f7700:df vif iopl if ac vm rf nt tf id vip [T 8d5:of sf zf af pf cf ]:Values:206:Read Memory: :
TID: 3:IP: 6428a22d:Disasm inc esi:IMG: C:\Program Files\DAEMON Tools Lite\Engine.dll:RTN: .text:Read Regs: esi[T]: 644814bd: si[T]: 644814bd: :Read Flags: :Read Memory: :
TID: 3:IP: 6428cc64:Disasm mov dword ptr [esp+0x4], esi:IMG: C:\Program Files\DAEMON Tools Lite\Engine.dll:RTN: .text:Read Regs: esi[T]: 644814be: esp: 12e524: ss: 23: si[T]: 644814be: sp: 12e524: :Read Flags: :Read Memory: :
TID: 3:IP: 6428cc6f:Disasm mov dword ptr [eax+edi*1], edx:IMG: C:\Program Files\DAEMON Tools Lite\Engine.dll:RTN: .text:Read Regs: edi: 12e534: edx: 76d89ccf: eax[T]: 2c: ds: 23: al[T]: 2c: ah[T]: 2c: ax[T]: 2c: dl: 76d89ccf: dh: 76d89ccf: dx: 76d89ccf: di: 12e534: :Read Flags: :Read Memory: :
TID: 3:IP: 6428cc72:Disasm mov word ptr [esp], ax:IMG: C:\Program Files\DAEMON Tools Lite\Engine.dll:RTN: .text:Read Regs: esp: 12e520: eax[T]: 2c: ss: 23: al[T]: 2c: ah[T]: 2c: ax[T]: 2c: sp: 12e520: :Read Flags: :Read Memory: :
TID: 3:IP: 64291548:Disasm sbb al, bh:IMG: C:\Program Files\DAEMON Tools Lite\Engine.dll:RTN: .text:Read Regs: ebx[T]: c1129759: eax[T]: 2c: eflags: 212: al[T]: 2c: ax[T]: 2c: bh[T]: c1129759: bx[T]: c1129759: :Read Flags: 1:cf :Values:212:Read Memory: :
TID: 3:IP: 6429154a:Disasm xchg ch, al:IMG: C:\Program Files\DAEMON Tools Lite\Engine.dll:RTN: .text:Read Regs: ecx[T]: 6427ff80: eax[T]: 95: al[T]: 95: ax[T]: 95: ch[T]: 6427ff80: cx[T]: 6427ff80: :Read Flags: :Read Memory: :
TID: 3:IP: 6429154c:Disasm mov al, byte ptr [esi]:IMG: C:\Program Files\DAEMON Tools Lite\Engine.dll:RTN: .text:Read Regs: esi[T]: 644814be: ds: 23: si[T]: 644814be: :Read Flags: :Read Memory: 644814be :
TID: 3:IP: 6429154e:Disasm shr cl, 0x1:IMG: C:\Program Files\DAEMON Tools Lite\Engine.dll:RTN: .text:Read Regs: ecx[T]: 64279580: cl[T]: 64279580: cx[T]: 64279580: :Read Flags: :Read Memory: :
TID: 3:IP: 64291550:Disasm not ecx:IMG: C:\Program Files\DAEMON Tools Lite\Engine.dll:RTN: .text:Read Regs: ecx[T]: 64279540: cl[T]: 64279540: ch[T]: 64279540: cx[T]: 64279540: :Read Flags: :Read Memory: :
TID: 3:IP: 64291552:Disasm cmc :IMG: C:\Program Files\DAEMON Tools Lite\Engine.dll:RTN: .text:Read Regs: eflags[T]: a02: :Read Flags: 0:[T 1:cf ]:Values:a02:Read Memory: :
TID: 3:IP: 64291553:Disasm sub al, bl:IMG: C:\Program Files\DAEMON Tools Lite\Engine.dll:RTN: .text:Read Regs: ebx[T]: c1129759: eax[T]: 2: al[T]: 2: ax[T]: 2: bl[T]: c1129759: bx[T]: c1129759: :Read Flags: :Read Memory: :
TID: 3:IP: 64291555:Disasm movzx cx, bl:IMG: C:\Program Files\DAEMON Tools Lite\Engine.dll:RTN: .text:Read Regs: ebx[T]: c1129759: bl[T]: c1129759: bx[T]: c1129759: :Read Flags: :Read Memory: :
TID: 3:IP: 64291559:Disasm movsx cx, cl:IMG: C:\Program Files\DAEMON Tools Lite\Engine.dll:RTN: .text:Read Regs: ecx[T]: 9bd80059: cl[T]: 9bd80059: cx[T]: 9bd80059: :Read Flags: :Read Memory: :
TID: 3:IP: 6429155f:Disasm dec al:IMG: C:\Program Files\DAEMON Tools Lite\Engine.dll:RTN: .text:Read Regs: eax[T]: a9: al[T]: a9: ax[T]: a9: :Read Flags: :Read Memory: :
TID: 3:IP: 64291561:Disasm pushfd :IMG: C:\Program Files\DAEMON Tools Lite\Engine.dll:RTN: .text:Read Regs: esp: 12e534: ss: 23: eflags[T]: 283: sp: 12e534: :Read Flags: 3f7700:df vif iopl if ac vm rf nt tf id vip [T 8d5:of sf zf af pf cf ]:Values:283:Read Memory: :
TID: 3:IP: 64291562:Disasm rol al, 0x7:IMG: C:\Program Files\DAEMON Tools Lite\Engine.dll:RTN: .text:Read Regs: eax[T]: a8: al[T]: a8: ax[T]: a8: :Read Flags: :Read Memory: :
TID: 3:IP: 64291565:Disasm rol cx, 0xe:IMG: C:\Program Files\DAEMON Tools Lite\Engine.dll:RTN: .text:Read Regs: ecx: 9bd800c3: cl: 9bd800c3: ch[T]: 9bd800c3: cx: 9bd800c3: :Read Flags: :Read Memory: :
TID: 3:IP: 64291569:Disasm not al:IMG: C:\Program Files\DAEMON Tools Lite\Engine.dll:RTN: .text:Read Regs: eax[T]: 54: al[T]: 54: ax[T]: 54: :Read Flags: :Read Memory: :
TID: 3:IP: 6429156b:Disasm movsx ecx, cl:IMG: C:\Program Files\DAEMON Tools Lite\Engine.dll:RTN: .text:Read Regs: ecx[T]: 9bd8c030: cl[T]: 9bd8c030: cx[T]: 9bd8c030: :Read Flags: :Read Memory: :
TID: 3:IP: 6429156e:Disasm movzx cx, cl:IMG: C:\Program Files\DAEMON Tools Lite\Engine.dll:RTN: .text:Read Regs: ecx[T]: 30: cl[T]: 30: cx[T]: 30: :Read Flags: :Read Memory: :
TID: 3:IP: 64291572:Disasm shr ecx, cl:IMG: C:\Program Files\DAEMON Tools Lite\Engine.dll:RTN: .text:Read Regs: ecx[T]: 30: cl[T]: 30: ch[T]: 30: cx[T]: 30: :Read Flags: :Read Memory: :
TID: 3:IP: 64291574:Disasm and ch, 0xe4:IMG: C:\Program Files\DAEMON Tools Lite\Engine.dll:RTN: .text:Read Regs: ecx[T]: 0: ch[T]: 0: cx[T]: 0: :Read Flags: :Read Memory: :
TID: 3:IP: 64291577:Disasm sub bl, al:IMG: C:\Program Files\DAEMON Tools Lite\Engine.dll:RTN: .text:Read Regs: ebx[T]: c1129759: eax[T]: ab: al[T]: ab: ax[T]: ab: bl[T]: c1129759: bx[T]: c1129759: :Read Flags: :Read Memory: :
TID: 3:IP: 64291579:Disasm pop ecx:IMG: C:\Program Files\DAEMON Tools Lite\Engine.dll:RTN: .text:Read Regs: esp: 12e530: ss: 23: sp: 12e530: :Read Flags: :Read Memory: 12e530 [T] 12e531 [T] 12e532 [T] 12e533 [T] :
TID: 3:IP: 6429157a:Disasm ror cx, 0xe:IMG: C:\Program Files\DAEMON Tools Lite\Engine.dll:RTN: .text:Read Regs: ecx[T]: 283: cl[T]: 283: ch[T]: 283: cx[T]: 283: :Read Flags: :Read Memory: :
TID: 3:IP: 6429157e:Disasm shl cl, 0x4:IMG: C:\Program Files\DAEMON Tools Lite\Engine.dll:RTN: .text:Read Regs: ecx[T]: a0c: cl[T]: a0c: cx[T]: a0c: :Read Flags: :Read Memory: :
TID: 3:IP: 64291581:Disasm pushfd :IMG: C:\Program Files\DAEMON Tools Lite\Engine.dll:RTN: .text:Read Regs: esp: 12e534: ss: 23: eflags[T]: 286: sp: 12e534: :Read Flags: 3f7700:df vif iopl if ac vm rf nt tf id vip [T 8d5:of sf zf af pf cf ]:Values:286:Read Memory: :
TID: 3:IP: 64291582:Disasm sub esi, 0xffffffff:IMG: C:\Program Files\DAEMON Tools Lite\Engine.dll:RTN: .text:Read Regs: esi[T]: 644814be: si[T]: 644814be: :Read Flags: :Read Memory: :
TID: 3:IP: 64291585:Disasm xor cl, bh:IMG: C:\Program Files\DAEMON Tools Lite\Engine.dll:RTN: .text:Read Regs: ebx[T]: c11297ae: ecx[T]: ac0: cl[T]: ac0: cx[T]: ac0: bh[T]: c11297ae: bx[T]: c11297ae: :Read Flags: :Read Memory: :
TID: 3:IP: 64291587:Disasm add ecx, esi:IMG: C:\Program Files\DAEMON Tools Lite\Engine.dll:RTN: .text:Read Regs: esi[T]: 644814bf: ecx[T]: a57: cl[T]: a57: ch[T]: a57: cx[T]: a57: si[T]: 644814bf: :Read Flags: :Read Memory: :
TID: 3:IP: 64291589:Disasm btc cx, bx:IMG: C:\Program Files\DAEMON Tools Lite\Engine.dll:RTN: .text:Read Regs: ebx[T]: c11297ae: ecx[T]: 64481f16: cl[T]: 64481f16: ch[T]: 64481f16: cx[T]: 64481f16: bl[T]: c11297ae: bh[T]: c11297ae: bx[T]: c11297ae: :Read Flags: :Read Memory: :
TID: 3:IP: 6429158d:Disasm movzx eax, al:IMG: C:\Program Files\DAEMON Tools Lite\Engine.dll:RTN: .text:Read Regs: eax[T]: ab: al[T]: ab: ax[T]: ab: :Read Flags: :Read Memory: :
TID: 3:IP: 64291590:Disasm bswap cx:IMG: C:\Program Files\DAEMON Tools Lite\Engine.dll:RTN: .text:Read Regs: ecx[T]: 64485f16: cl[T]: 64485f16: ch[T]: 64485f16: cx[T]: 64485f16: :Read Flags: :Read Memory: :
TID: 3:IP: 64291593:Disasm cmp ah, 0x70:IMG: C:\Program Files\DAEMON Tools Lite\Engine.dll:RTN: .text:Read Regs: eax[T]: ab: ah[T]: ab: ax[T]: ab: :Read Flags: :Read Memory: :
TID: 3:IP: 6429159a:Disasm setnp ch:IMG: C:\Program Files\DAEMON Tools Lite\Engine.dll:RTN: .text:Read Regs: eflags[T]: 287: :Read Flags: 0:[T 4:pf ]:Values:287:Read Memory: :
TID: 3:IP: 6429159d:Disasm mov ecx, dword ptr [eax*4+0x642a0250]:IMG: C:\Program Files\DAEMON Tools Lite\Engine.dll:RTN: .text:Read Regs: eax[T]: ab: ds: 23: al[T]: ab: ah[T]: ab: ax[T]: ab: :Read Flags: :Read Memory: 642a04fc 642a04fd 642a04fe 642a04ff :
TID: 3:IP: 642915a8:Disasm bswap ecx:IMG: C:\Program Files\DAEMON Tools Lite\Engine.dll:RTN: .text:Read Regs: ecx[T]: 80ff0010: cl[T]: 80ff0010: ch[T]: 80ff0010: cx[T]: 80ff0010: :Read Flags: :Read Memory: :
TID: 3:IP: 642915b0:Disasm mov byte ptr [esp], bh:IMG: C:\Program Files\DAEMON Tools Lite\Engine.dll:RTN: .text:Read Regs: esp: 12e530: ebx[T]: c11297ae: ss: 23: bh[T]: c11297ae: bx[T]: c11297ae: sp: 12e530: :Read Flags: :Read Memory: :
TID: 3:IP: 642915b3:Disasm add ecx, 0x54270000:IMG: C:\Program Files\DAEMON Tools Lite\Engine.dll:RTN: .text:Read Regs: ecx[T]: 1000ff80: cl[T]: 1000ff80: ch[T]: 1000ff80: cx[T]: 1000ff80: :Read Flags: :Read Memory: :
TID: 3:IP: 642915b9:Disasm push dword ptr [esp]:IMG: C:\Program Files\DAEMON Tools Lite\Engine.dll:RTN: .text:Read Regs: esp: 12e530: ss: 23: sp: 12e530: :Read Flags: :Read Memory: 12e530 [T] 12e531 12e532 [T] 12e533 [T] :
TID: 3:IP: 642915bc:Disasm pushad :IMG: C:\Program Files\DAEMON Tools Lite\Engine.dll:RTN: .text:Read Regs: edi: 12e534: esi[T]: 644814bf: ebp: 12e610: esp: 12e52c: ebx[T]: c11297ae: edx: 76d89ccf: ecx[T]: 6427ff80: eax[T]: ab: ss: 23: al[T]: ab: ah[T]: ab: ax[T]: ab: cl[T]: 6427ff80: ch[T]: 6427ff80: cx[T]: 6427ff80: dl: 76d89ccf: dh: 76d89ccf: dx: 76d89ccf: bl[T]: c11297ae: bh[T]: c11297ae: bx[T]: c11297ae: bp: 12e610: si[T]: 644814bf: di: 12e534: sp: 12e52c: :Read Flags: :Read Memory: :
TID: 3:IP: 642919e6:Disasm mov dword ptr [esp+0x24], ecx:IMG: C:\Program Files\DAEMON Tools Lite\Engine.dll:RTN: .text:Read Regs: esp: 12e50c: ecx[T]: 6427ff80: ss: 23: cl[T]: 6427ff80: ch[T]: 6427ff80: cx[T]: 6427ff80: sp: 12e50c: :Read Flags: :Read Memory: :
TID: 3:IP: 642919ea:Disasm pushfd :IMG: C:\Program Files\DAEMON Tools Lite\Engine.dll:RTN: .text:Read Regs: esp: 12e50c: ss: 23: eflags[T]: 202: sp: 12e50c: :Read Flags: 3f7700:df vif iopl if ac vm rf nt tf id vip [T 8d5:of sf zf af pf cf ]:Values:202:Read Memory: :
TID: 3:IP: 642919f6:Disasm push dword ptr [esp+0x28]:IMG: C:\Program Files\DAEMON Tools Lite\Engine.dll:RTN: .text:Read Regs: esp: 12e508: ss: 23: sp: 12e508: :Read Flags: :Read Memory: 12e530 [T] 12e531 [T] 12e532 [T] 12e533 [T] :
TID: 3:IP: 642919fa:Disasm ret 0x2c:IMG: C:\Program Files\DAEMON Tools Lite\Engine.dll:RTN: .text:Read Regs: esp: 12e504: ss: 23: sp: 12e504: :Read Flags: :Read Memory: 12e504 [T] 12e505 [T] 12e506 [T] 12e507 [T] :
TID: 3:IP: 6427ff80:Disasm rcr al, cl:IMG: C:\Program Files\DAEMON Tools Lite\Engine.dll:RTN: .text:Read Regs: ecx[T]: 6427ff80: eax[T]: ab: eflags[T]: 202: al[T]: ab: ax[T]: ab: cl[T]: 6427ff80: cx[T]: 6427ff80: :Read Flags: 0:[T 1:cf ]:Values:202:Read Memory: :
TID: 3:IP: 6427ff85:Disasm rcl al, 0x5:IMG: C:\Program Files\DAEMON Tools Lite\Engine.dll:RTN: .text:Read Regs: eax[T]: ab: eflags: 246: al[T]: ab: ax[T]: ab: :Read Flags: 1:cf :Values:246:Read Memory: :
TID: 3:IP: 6427ff88:Disasm movzx eax, byte ptr [esi]:IMG: C:\Program Files\DAEMON Tools Lite\Engine.dll:RTN: .text:Read Regs: esi[T]: 644814bf: ds: 23: si[T]: 644814bf: :Read Flags: :Read Memory: 644814bf :
TID: 3:IP: 6427ff8b:Disasm bt cx, bp:IMG: C:\Program Files\DAEMON Tools Lite\Engine.dll:RTN: .text:Read Regs: ebp: 12e610: ecx[T]: 6427ff80: cl[T]: 6427ff80: ch[T]: 6427ff80: cx[T]: 6427ff80: bp: 12e610: :Read Flags: :Read Memory: :
TID: 3:IP: 6427ff8f:Disasm xor al, bl:IMG: C:\Program Files\DAEMON Tools Lite\Engine.dll:RTN: .text:Read Regs: ebx[T]: c11297ae: eax[T]: bd: al[T]: bd: ax[T]: bd: bl[T]: c11297ae: bx[T]: c11297ae: :Read Flags: :Read Memory: :
TID: 3:IP: 6427ff96:Disasm shld dx, cx, cl:IMG: C:\Program Files\DAEMON Tools Lite\Engine.dll:RTN: .text:Read Regs: edx: 76d88000: ecx[T]: 6427ff80: cl[T]: 6427ff80: ch[T]: 6427ff80: cx[T]: 6427ff80: dl: 76d88000: dh: 76d88000: dx: 76d88000: :Read Flags: :Read Memory: :
TID: 3:IP: 6427ff9a:Disasm not al:IMG: C:\Program Files\DAEMON Tools Lite\Engine.dll:RTN: .text:Read Regs: eax[T]: 13: al[T]: 13: ax[T]: 13: :Read Flags: :Read Memory: :
TID: 3:IP: 6427ffa1:Disasm dec dh:IMG: C:\Program Files\DAEMON Tools Lite\Engine.dll:RTN: .text:Read Regs: edx[T]: 76d88000: dh[T]: 76d88000: dx[T]: 76d88000: :Read Flags: :Read Memory: :
TID: 3:IP: 6427ffa3:Disasm btr dx, 0x1:IMG: C:\Program Files\DAEMON Tools Lite\Engine.dll:RTN: .text:Read Regs: edx[T]: 76d87f00: dl[T]: 76d87f00: dh[T]: 76d87f00: dx[T]: 76d87f00: :Read Flags: :Read Memory: :
TID: 3:IP: 6427ffa8:Disasm neg al:IMG: C:\Program Files\DAEMON Tools Lite\Engine.dll:RTN: .text:Read Regs: eax[T]: ec: al[T]: ec: ax[T]: ec: :Read Flags: :Read Memory: :
TID: 3:IP: 6427ffaa:Disasm test esi, ebp:IMG: C:\Program Files\DAEMON Tools Lite\Engine.dll:RTN: .text:Read Regs: esi[T]: 644814bf: ebp: 12e610: bp: 12e610: si[T]: 644814bf: :Read Flags: :Read Memory: :
TID: 3:IP: 6427ffac:Disasm sub al, 0x0:IMG: C:\Program Files\DAEMON Tools Lite\Engine.dll:RTN: .text:Read Regs: eax[T]: 14: al[T]: 14: ax[T]: 14: :Read Flags: :Read Memory: :
TID: 3:IP: 6427ffaf:Disasm rol dl, cl:IMG: C:\Program Files\DAEMON Tools Lite\Engine.dll:RTN: .text:Read Regs: edx[T]: 76d87f00: ecx[T]: 6427ff80: cl[T]: 6427ff80: cx[T]: 6427ff80: dl[T]: 76d87f00: dx[T]: 76d87f00: :Read Flags: :Read Memory: :
TID: 3:IP: 6427ffb1:Disasm xor bl, al:IMG: C:\Program Files\DAEMON Tools Lite\Engine.dll:RTN: .text:Read Regs: ebx[T]: c11297ae: eax[T]: 14: al[T]: 14: ax[T]: 14: bl[T]: c11297ae: bx[T]: c11297ae: :Read Flags: :Read Memory: :
TID: 3:IP: 6427ffbc:Disasm pushfd :IMG: C:\Program Files\DAEMON Tools Lite\Engine.dll:RTN: .text:Read Regs: esp: 12e52c: ss: 23: eflags[T]: 282: sp: 12e52c: :Read Flags: 3f7700:df vif iopl if ac vm rf nt tf id vip [T 8d5:of sf zf af pf cf ]:Values:282:Read Memory: :
TID: 3:IP: 6428a22d:Disasm inc esi:IMG: C:\Program Files\DAEMON Tools Lite\Engine.dll:RTN: .text:Read Regs: esi[T]: 644814bf: si[T]: 644814bf: :Read Flags: :Read Memory: :
TID: 3:IP: 6428cc64:Disasm mov dword ptr [esp+0x4], esi:IMG: C:\Program Files\DAEMON Tools Lite\Engine.dll:RTN: .text:Read Regs: esi[T]: 644814c0: esp: 12e524: ss: 23: si[T]: 644814c0: sp: 12e524: :Read Flags: :Read Memory: :
TID: 3:IP: 6428cc6f:Disasm mov dword ptr [eax+edi*1], edx:IMG: C:\Program Files\DAEMON Tools Lite\Engine.dll:RTN: .text:Read Regs: edi: 12e534: edx: 1: eax[T]: 14: ds: 23: al[T]: 14: ah[T]: 14: ax[T]: 14: dl: 1: dh: 1: dx: 1: di: 12e534: :Read Flags: :Read Memory: :
TID: 3:IP: 6428cc72:Disasm mov word ptr [esp], ax:IMG: C:\Program Files\DAEMON Tools Lite\Engine.dll:RTN: .text:Read Regs: esp: 12e520: eax[T]: 14: ss: 23: al[T]: 14: ah[T]: 14: ax[T]: 14: sp: 12e520: :Read Flags: :Read Memory: :
TID: 3:IP: 64291548:Disasm sbb al, bh:IMG: C:\Program Files\DAEMON Tools Lite\Engine.dll:RTN: .text:Read Regs: ebx[T]: c11297ba: eax[T]: 14: eflags: 206: al[T]: 14: ax[T]: 14: bh[T]: c11297ba: bx[T]: c11297ba: :Read Flags: 1:cf :Values:206:Read Memory: :
TID: 3:IP: 6429154a:Disasm xchg ch, al:IMG: C:\Program Files\DAEMON Tools Lite\Engine.dll:RTN: .text:Read Regs: ecx[T]: 6427ff80: eax[T]: 7d: al[T]: 7d: ax[T]: 7d: ch[T]: 6427ff80: cx[T]: 6427ff80: :Read Flags: :Read Memory: :
TID: 3:IP: 6429154c:Disasm mov al, byte ptr [esi]:IMG: C:\Program Files\DAEMON Tools Lite\Engine.dll:RTN: .text:Read Regs: esi[T]: 644814c0: ds: 23: si[T]: 644814c0: :Read Flags: :Read Memory: 644814c0 :
TID: 3:IP: 6429154e:Disasm shr cl, 0x1:IMG: C:\Program Files\DAEMON Tools Lite\Engine.dll:RTN: .text:Read Regs: ecx[T]: 64277d80: cl[T]: 64277d80: cx[T]: 64277d80: :Read Flags: :Read Memory: :
TID: 3:IP: 64291550:Disasm not ecx:IMG: C:\Program Files\DAEMON Tools Lite\Engine.dll:RTN: .text:Read Regs: ecx[T]: 64277d40: cl[T]: 64277d40: ch[T]: 64277d40: cx[T]: 64277d40: :Read Flags: :Read Memory: :
TID: 3:IP: 64291552:Disasm cmc :IMG: C:\Program Files\DAEMON Tools Lite\Engine.dll:RTN: .text:Read Regs: eflags[T]: a02: :Read Flags: 0:[T 1:cf ]:Values:a02:Read Memory: :
TID: 3:IP: 64291553:Disasm sub al, bl:IMG: C:\Program Files\DAEMON Tools Lite\Engine.dll:RTN: .text:Read Regs: ebx[T]: c11297ba: eax[T]: d3: al[T]: d3: ax[T]: d3: bl[T]: c11297ba: bx[T]: c11297ba: :Read Flags: :Read Memory: :
TID: 3:IP: 64291555:Disasm movzx cx, bl:IMG: C:\Program Files\DAEMON Tools Lite\Engine.dll:RTN: .text:Read Regs: ebx[T]: c11297ba: bl[T]: c11297ba: bx[T]: c11297ba: :Read Flags: :Read Memory: :
TID: 3:IP: 64291559:Disasm movsx cx, cl:IMG: C:\Program Files\DAEMON Tools Lite\Engine.dll:RTN: .text:Read Regs: ecx[T]: 9bd800ba: cl[T]: 9bd800ba: cx[T]: 9bd800ba: :Read Flags: :Read Memory: :
TID: 3:IP: 6429155f:Disasm dec al:IMG: C:\Program Files\DAEMON Tools Lite\Engine.dll:RTN: .text:Read Regs: eax[T]: 19: al[T]: 19: ax[T]: 19: :Read Flags: :Read Memory: :
TID: 3:IP: 64291561:Disasm pushfd :IMG: C:\Program Files\DAEMON Tools Lite\Engine.dll:RTN: .text:Read Regs: esp: 12e534: ss: 23: eflags[T]: 206: sp: 12e534: :Read Flags: 3f7700:df vif iopl if ac vm rf nt tf id vip [T 8d5:of sf zf af pf cf ]:Values:206:Read Memory: :
TID: 3:IP: 64291562:Disasm rol al, 0x7:IMG: C:\Program Files\DAEMON Tools Lite\Engine.dll:RTN: .text:Read Regs: eax[T]: 18: al[T]: 18: ax[T]: 18: :Read Flags: :Read Memory: :
TID: 3:IP: 64291565:Disasm rol cx, 0xe:IMG: C:\Program Files\DAEMON Tools Lite\Engine.dll:RTN: .text:Read Regs: ecx: 9bd8ffc3: cl: 9bd8ffc3: ch[T]: 9bd8ffc3: cx: 9bd8ffc3: :Read Flags: :Read Memory: :
TID: 3:IP: 64291569:Disasm not al:IMG: C:\Program Files\DAEMON Tools Lite\Engine.dll:RTN: .text:Read Regs: eax[T]: c: al[T]: c: ax[T]: c: :Read Flags: :Read Memory: :
TID: 3:IP: 6429156b:Disasm movsx ecx, cl:IMG: C:\Program Files\DAEMON Tools Lite\Engine.dll:RTN: .text:Read Regs: ecx[T]: 9bd8fff0: cl[T]: 9bd8fff0: cx[T]: 9bd8fff0: :Read Flags: :Read Memory: :
TID: 3:IP: 6429156e:Disasm movzx cx, cl:IMG: C:\Program Files\DAEMON Tools Lite\Engine.dll:RTN: .text:Read Regs: ecx[T]: fffffff0: cl[T]: fffffff0: cx[T]: fffffff0: :Read Flags: :Read Memory: :
TID: 3:IP: 64291572:Disasm shr ecx, cl:IMG: C:\Program Files\DAEMON Tools Lite\Engine.dll:RTN: .text:Read Regs: ecx[T]: ffff00f0: cl[T]: ffff00f0: ch[T]: ffff00f0: cx[T]: ffff00f0: :Read Flags: :Read Memory: :
TID: 3:IP: 64291574:Disasm and ch, 0xe4:IMG: C:\Program Files\DAEMON Tools Lite\Engine.dll:RTN: .text:Read Regs: ecx[T]: ffff: ch[T]: ffff: cx[T]: ffff: :Read Flags: :Read Memory: :
TID: 3:IP: 64291577:Disasm sub bl, al:IMG: C:\Program Files\DAEMON Tools Lite\Engine.dll:RTN: .text:Read Regs: ebx[T]: c11297ba: eax[T]: f3: al[T]: f3: ax[T]: f3: bl[T]: c11297ba: bx[T]: c11297ba: :Read Flags: :Read Memory: :
TID: 3:IP: 64291579:Disasm pop ecx:IMG: C:\Program Files\DAEMON Tools Lite\Engine.dll:RTN: .text:Read Regs: esp: 12e530: ss: 23: sp: 12e530: :Read Flags: :Read Memory: 12e530 [T] 12e531 [T] 12e532 [T] 12e533 [T] :
TID: 3:IP: 6429157a:Disasm ror cx, 0xe:IMG: C:\Program Files\DAEMON Tools Lite\Engine.dll:RTN: .text:Read Regs: ecx[T]: 206: cl[T]: 206: ch[T]: 206: cx[T]: 206: :Read Flags: :Read Memory: :
TID: 3:IP: 6429157e:Disasm shl cl, 0x4:IMG: C:\Program Files\DAEMON Tools Lite\Engine.dll:RTN: .text:Read Regs: ecx[T]: 818: cl[T]: 818: cx[T]: 818: :Read Flags: :Read Memory: :
TID: 3:IP: 64291581:Disasm pushfd :IMG: C:\Program Files\DAEMON Tools Lite\Engine.dll:RTN: .text:Read Regs: esp: 12e534: ss: 23: eflags[T]: 283: sp: 12e534: :Read Flags: 3f7700:df vif iopl if ac vm rf nt tf id vip [T 8d5:of sf zf af pf cf ]:Values:283:Read Memory: :
TID: 3:IP: 64291582:Disasm sub esi, 0xffffffff:IMG: C:\Program Files\DAEMON Tools Lite\Engine.dll:RTN: .text:Read Regs: esi[T]: 644814c0: si[T]: 644814c0: :Read Flags: :Read Memory: :
TID: 3:IP: 64291585:Disasm xor cl, bh:IMG: C:\Program Files\DAEMON Tools Lite\Engine.dll:RTN: .text:Read Regs: ebx[T]: c11297c7: ecx[T]: 880: cl[T]: 880: cx[T]: 880: bh[T]: c11297c7: bx[T]: c11297c7: :Read Flags: :Read Memory: :
TID: 3:IP: 64291587:Disasm add ecx, esi:IMG: C:\Program Files\DAEMON Tools Lite\Engine.dll:RTN: .text:Read Regs: esi[T]: 644814c1: ecx[T]: 817: cl[T]: 817: ch[T]: 817: cx[T]: 817: si[T]: 644814c1: :Read Flags: :Read Memory: :
TID: 3:IP: 64291589:Disasm btc cx, bx:IMG: C:\Program Files\DAEMON Tools Lite\Engine.dll:RTN: .text:Read Regs: ebx[T]: c11297c7: ecx[T]: 64481cd8: cl[T]: 64481cd8: ch[T]: 64481cd8: cx[T]: 64481cd8: bl[T]: c11297c7: bh[T]: c11297c7: bx[T]: c11297c7: :Read Flags: :Read Memory: :
TID: 3:IP: 6429158d:Disasm movzx eax, al:IMG: C:\Program Files\DAEMON Tools Lite\Engine.dll:RTN: .text:Read Regs: eax[T]: f3: al[T]: f3: ax[T]: f3: :Read Flags: :Read Memory: :
TID: 3:IP: 64291590:Disasm bswap cx:IMG: C:\Program Files\DAEMON Tools Lite\Engine.dll:RTN: .text:Read Regs: ecx[T]: 64481c58: cl[T]: 64481c58: ch[T]: 64481c58: cx[T]: 64481c58: :Read Flags: :Read Memory: :
TID: 3:IP: 64291593:Disasm cmp ah, 0x70:IMG: C:\Program Files\DAEMON Tools Lite\Engine.dll:RTN: .text:Read Regs: eax[T]: f3: ah[T]: f3: ax[T]: f3: :Read Flags: :Read Memory: :
TID: 3:IP: 6429159a:Disasm setnp ch:IMG: C:\Program Files\DAEMON Tools Lite\Engine.dll:RTN: .text:Read Regs: eflags[T]: 287: :Read Flags: 0:[T 4:pf ]:Values:287:Read Memory: :
TID: 3:IP: 6429159d:Disasm mov ecx, dword ptr [eax*4+0x642a0250]:IMG: C:\Program Files\DAEMON Tools Lite\Engine.dll:RTN: .text:Read Regs: eax[T]: f3: ds: 23: al[T]: f3: ah[T]: f3: ax[T]: f3: :Read Flags: :Read Memory: 642a061c 642a061d 642a061e 642a061f :
TID: 3:IP: 642915a8:Disasm bswap ecx:IMG: C:\Program Files\DAEMON Tools Lite\Engine.dll:RTN: .text:Read Regs: ecx[T]: 80ff0010: cl[T]: 80ff0010: ch[T]: 80ff0010: cx[T]: 80ff0010: :Read Flags: :Read Memory: :
TID: 3:IP: 642915b0:Disasm mov byte ptr [esp], bh:IMG: C:\Program Files\DAEMON Tools Lite\Engine.dll:RTN: .text:Read Regs: esp: 12e530: ebx[T]: c11297c7: ss: 23: bh[T]: c11297c7: bx[T]: c11297c7: sp: 12e530: :Read Flags: :Read Memory: :
TID: 3:IP: 642915b3:Disasm add ecx, 0x54270000:IMG: C:\Program Files\DAEMON Tools Lite\Engine.dll:RTN: .text:Read Regs: ecx[T]: 1000ff80: cl[T]: 1000ff80: ch[T]: 1000ff80: cx[T]: 1000ff80: :Read Flags: :Read Memory: :
TID: 3:IP: 642915b9:Disasm push dword ptr [esp]:IMG: C:\Program Files\DAEMON Tools Lite\Engine.dll:RTN: .text:Read Regs: esp: 12e530: ss: 23: sp: 12e530: :Read Flags: :Read Memory: 12e530 [T] 12e531 12e532 [T] 12e533 [T] :
TID: 3:IP: 642915bc:Disasm pushad :IMG: C:\Program Files\DAEMON Tools Lite\Engine.dll:RTN: .text:Read Regs: edi: 12e534: esi[T]: 644814c1: ebp: 12e614: esp: 12e52c: ebx[T]: c11297c7: edx: 1: ecx[T]: 6427ff80: eax[T]: f3: ss: 23: al[T]: f3: ah[T]: f3: ax[T]: f3: cl[T]: 6427ff80: ch[T]: 6427ff80: cx[T]: 6427ff80: dl: 1: dh: 1: dx: 1: bl[T]: c11297c7: bh[T]: c11297c7: bx[T]: c11297c7: bp: 12e614: si[T]: 644814c1: di: 12e534: sp: 12e52c: :Read Flags: :Read Memory: :
TID: 3:IP: 642919e6:Disasm mov dword ptr [esp+0x24], ecx:IMG: C:\Program Files\DAEMON Tools Lite\Engine.dll:RTN: .text:Read Regs: esp: 12e50c: ecx[T]: 6427ff80: ss: 23: cl[T]: 6427ff80: ch[T]: 6427ff80: cx[T]: 6427ff80: sp: 12e50c: :Read Flags: :Read Memory: :
TID: 3:IP: 642919ea:Disasm pushfd :IMG: C:\Program Files\DAEMON Tools Lite\Engine.dll:RTN: .text:Read Regs: esp: 12e50c: ss: 23: eflags[T]: 202: sp: 12e50c: :Read Flags: 3f7700:df vif iopl if ac vm rf nt tf id vip [T 8d5:of sf zf af pf cf ]:Values:202:Read Memory: :
TID: 3:IP: 642919f6:Disasm push dword ptr [esp+0x28]:IMG: C:\Program Files\DAEMON Tools Lite\Engine.dll:RTN: .text:Read Regs: esp: 12e508: ss: 23: sp: 12e508: :Read Flags: :Read Memory: 12e530 [T] 12e531 [T] 12e532 [T] 12e533 [T] :
TID: 3:IP: 642919fa:Disasm ret 0x2c:IMG: C:\Program Files\DAEMON Tools Lite\Engine.dll:RTN: .text:Read Regs: esp: 12e504: ss: 23: sp: 12e504: :Read Flags: :Read Memory: 12e504 [T] 12e505 [T] 12e506 [T] 12e507 [T] :
TID: 3:IP: 6427ff80:Disasm rcr al, cl:IMG: C:\Program Files\DAEMON Tools Lite\Engine.dll:RTN: .text:Read Regs: ecx[T]: 6427ff80: eax[T]: f3: eflags[T]: 202: al[T]: f3: ax[T]: f3: cl[T]: 6427ff80: cx[T]: 6427ff80: :Read Flags: 0:[T 1:cf ]:Values:202:Read Memory: :
TID: 3:IP: 6427ff85:Disasm rcl al, 0x5:IMG: C:\Program Files\DAEMON Tools Lite\Engine.dll:RTN: .text:Read Regs: eax[T]: f3: eflags: 246: al[T]: f3: ax[T]: f3: :Read Flags: 1:cf :Values:246:Read Memory: :
TID: 3:IP: 6427ff88:Disasm movzx eax, byte ptr [esi]:IMG: C:\Program Files\DAEMON Tools Lite\Engine.dll:RTN: .text:Read Regs: esi[T]: 644814c1: ds: 23: si[T]: 644814c1: :Read Flags: :Read Memory: 644814c1 :
TID: 3:IP: 6427ff8b:Disasm bt cx, bp:IMG: C:\Program Files\DAEMON Tools Lite\Engine.dll:RTN: .text:Read Regs: ebp: 12e614: ecx[T]: 6427ff80: cl[T]: 6427ff80: ch[T]: 6427ff80: cx[T]: 6427ff80: bp: 12e614: :Read Flags: :Read Memory: :
TID: 3:IP: 6427ff8f:Disasm xor al, bl:IMG: C:\Program Files\DAEMON Tools Lite\Engine.dll:RTN: .text:Read Regs: ebx[T]: c11297c7: eax[T]: e8: al[T]: e8: ax[T]: e8: bl[T]: c11297c7: bx[T]: c11297c7: :Read Flags: :Read Memory: :
TID: 3:IP: 6427ff96:Disasm shld dx, cx, cl:IMG: C:\Program Files\DAEMON Tools Lite\Engine.dll:RTN: .text:Read Regs: edx: a000: ecx[T]: 6427ff80: cl[T]: 6427ff80: ch[T]: 6427ff80: cx[T]: 6427ff80: dl: a000: dh: a000: dx: a000: :Read Flags: :Read Memory: :
TID: 3:IP: 6427ff9a:Disasm not al:IMG: C:\Program Files\DAEMON Tools Lite\Engine.dll:RTN: .text:Read Regs: eax[T]: 2f: al[T]: 2f: ax[T]: 2f: :Read Flags: :Read Memory: :
TID: 3:IP: 6427ffa1:Disasm dec dh:IMG: C:\Program Files\DAEMON Tools Lite\Engine.dll:RTN: .text:Read Regs: edx[T]: a000: dh[T]: a000: dx[T]: a000: :Read Flags: :Read Memory: :
TID: 3:IP: 6427ffa3:Disasm btr dx, 0x1:IMG: C:\Program Files\DAEMON Tools Lite\Engine.dll:RTN: .text:Read Regs: edx[T]: 9f00: dl[T]: 9f00: dh[T]: 9f00: dx[T]: 9f00: :Read Flags: :Read Memory: :
TID: 3:IP: 6427ffa8:Disasm neg al:IMG: C:\Program Files\DAEMON Tools Lite\Engine.dll:RTN: .text:Read Regs: eax[T]: d0: al[T]: d0: ax[T]: d0: :Read Flags: :Read Memory: :
TID: 3:IP: 6427ffaa:Disasm test esi, ebp:IMG: C:\Program Files\DAEMON Tools Lite\Engine.dll:RTN: .text:Read Regs: esi[T]: 644814c1: ebp: 12e614: bp: 12e614: si[T]: 644814c1: :Read Flags: :Read Memory: :
TID: 3:IP: 6427ffac:Disasm sub al, 0x0:IMG: C:\Program Files\DAEMON Tools Lite\Engine.dll:RTN: .text:Read Regs: eax[T]: 30: al[T]: 30: ax[T]: 30: :Read Flags: :Read Memory: :
TID: 3:IP: 6427ffaf:Disasm rol dl, cl:IMG: C:\Program Files\DAEMON Tools Lite\Engine.dll:RTN: .text:Read Regs: edx[T]: 9f00: ecx[T]: 6427ff80: cl[T]: 6427ff80: cx[T]: 6427ff80: dl[T]: 9f00: dx[T]: 9f00: :Read Flags: :Read Memory: :
TID: 3:IP: 6427ffb1:Disasm xor bl, al:IMG: C:\Program Files\DAEMON Tools Lite\Engine.dll:RTN: .text:Read Regs: ebx[T]: c11297c7: eax[T]: 30: al[T]: 30: ax[T]: 30: bl[T]: c11297c7: bx[T]: c11297c7: :Read Flags: :Read Memory: :
TID: 3:IP: 6427ffbc:Disasm pushfd :IMG: C:\Program Files\DAEMON Tools Lite\Engine.dll:RTN: .text:Read Regs: esp: 12e52c: ss: 23: eflags[T]: 282: sp: 12e52c: :Read Flags: 3f7700:df vif iopl if ac vm rf nt tf id vip [T 8d5:of sf zf af pf cf ]:Values:282:Read Memory: :
TID: 3:IP: 6428a22d:Disasm inc esi:IMG: C:\Program Files\DAEMON Tools Lite\Engine.dll:RTN: .text:Read Regs: esi[T]: 644814c1: si[T]: 644814c1: :Read Flags: :Read Memory: :
TID: 3:IP: 6428cc64:Disasm mov dword ptr [esp+0x4], esi:IMG: C:\Program Files\DAEMON Tools Lite\Engine.dll:RTN: .text:Read Regs: esi[T]: 644814c2: esp: 12e524: ss: 23: si[T]: 644814c2: sp: 12e524: :Read Flags: :Read Memory: :
TID: 3:IP: 6428cc6f:Disasm mov dword ptr [eax+edi*1], edx:IMG: C:\Program Files\DAEMON Tools Lite\Engine.dll:RTN: .text:Read Regs: edi: 12e534: edx: 1e9dec8: eax[T]: 30: ds: 23: al[T]: 30: ah[T]: 30: ax[T]: 30: dl: 1e9dec8: dh: 1e9dec8: dx: 1e9dec8: di: 12e534: :Read Flags: :Read Memory: :
TID: 3:IP: 6428cc72:Disasm mov word ptr [esp], ax:IMG: C:\Program Files\DAEMON Tools Lite\Engine.dll:RTN: .text:Read Regs: esp: 12e520: eax[T]: 30: ss: 23: al[T]: 30: ah[T]: 30: ax[T]: 30: sp: 12e520: :Read Flags: :Read Memory: :
TID: 3:IP: 64291548:Disasm sbb al, bh:IMG: C:\Program Files\DAEMON Tools Lite\Engine.dll:RTN: .text:Read Regs: ebx[T]: c11297f7: eax[T]: 30: eflags: 206: al[T]: 30: ax[T]: 30: bh[T]: c11297f7: bx[T]: c11297f7: :Read Flags: 1:cf :Values:206:Read Memory: :
TID: 3:IP: 6429154a:Disasm xchg ch, al:IMG: C:\Program Files\DAEMON Tools Lite\Engine.dll:RTN: .text:Read Regs: ecx[T]: 6427ff80: eax[T]: 99: al[T]: 99: ax[T]: 99: ch[T]: 6427ff80: cx[T]: 6427ff80: :Read Flags: :Read Memory: :
TID: 3:IP: 6429154c:Disasm mov al, byte ptr [esi]:IMG: C:\Program Files\DAEMON Tools Lite\Engine.dll:RTN: .text:Read Regs: esi[T]: 644814c2: ds: 23: si[T]: 644814c2: :Read Flags: :Read Memory: 644814c2 :
TID: 3:IP: 6429154e:Disasm shr cl, 0x1:IMG: C:\Program Files\DAEMON Tools Lite\Engine.dll:RTN: .text:Read Regs: ecx[T]: 64279980: cl[T]: 64279980: cx[T]: 64279980: :Read Flags: :Read Memory: :
TID: 3:IP: 64291550:Disasm not ecx:IMG: C:\Program Files\DAEMON Tools Lite\Engine.dll:RTN: .text:Read Regs: ecx[T]: 64279940: cl[T]: 64279940: ch[T]: 64279940: cx[T]: 64279940: :Read Flags: :Read Memory: :
TID: 3:IP: 64291552:Disasm cmc :IMG: C:\Program Files\DAEMON Tools Lite\Engine.dll:RTN: .text:Read Regs: eflags[T]: a02: :Read Flags: 0:[T 1:cf ]:Values:a02:Read Memory: :
TID: 3:IP: 64291553:Disasm sub al, bl:IMG: C:\Program Files\DAEMON Tools Lite\Engine.dll:RTN: .text:Read Regs: ebx[T]: c11297f7: eax[T]: bf: al[T]: bf: ax[T]: bf: bl[T]: c11297f7: bx[T]: c11297f7: :Read Flags: :Read Memory: :
TID: 3:IP: 64291555:Disasm movzx cx, bl:IMG: C:\Program Files\DAEMON Tools Lite\Engine.dll:RTN: .text:Read Regs: ebx[T]: c11297f7: bl[T]: c11297f7: bx[T]: c11297f7: :Read Flags: :Read Memory: :
TID: 3:IP: 64291559:Disasm movsx cx, cl:IMG: C:\Program Files\DAEMON Tools Lite\Engine.dll:RTN: .text:Read Regs: ecx[T]: 9bd800f7: cl[T]: 9bd800f7: cx[T]: 9bd800f7: :Read Flags: :Read Memory: :
TID: 3:IP: 6429155f:Disasm dec al:IMG: C:\Program Files\DAEMON Tools Lite\Engine.dll:RTN: .text:Read Regs: eax[T]: c8: al[T]: c8: ax[T]: c8: :Read Flags: :Read Memory: :
TID: 3:IP: 64291561:Disasm pushfd :IMG: C:\Program Files\DAEMON Tools Lite\Engine.dll:RTN: .text:Read Regs: esp: 12e534: ss: 23: eflags[T]: 283: sp: 12e534: :Read Flags: 3f7700:df vif iopl if ac vm rf nt tf id vip [T 8d5:of sf zf af pf cf ]:Values:283:Read Memory: :
TID: 3:IP: 64291562:Disasm rol al, 0x7:IMG: C:\Program Files\DAEMON Tools Lite\Engine.dll:RTN: .text:Read Regs: eax[T]: c7: al[T]: c7: ax[T]: c7: :Read Flags: :Read Memory: :
TID: 3:IP: 64291565:Disasm rol cx, 0xe:IMG: C:\Program Files\DAEMON Tools Lite\Engine.dll:RTN: .text:Read Regs: ecx: 9bd8ffc3: cl: 9bd8ffc3: ch[T]: 9bd8ffc3: cx: 9bd8ffc3: :Read Flags: :Read Memory: :
TID: 3:IP: 64291569:Disasm not al:IMG: C:\Program Files\DAEMON Tools Lite\Engine.dll:RTN: .text:Read Regs: eax[T]: e3: al[T]: e3: ax[T]: e3: :Read Flags: :Read Memory: :
TID: 3:IP: 6429156b:Disasm movsx ecx, cl:IMG: C:\Program Files\DAEMON Tools Lite\Engine.dll:RTN: .text:Read Regs: ecx[T]: 9bd8fff0: cl[T]: 9bd8fff0: cx[T]: 9bd8fff0: :Read Flags: :Read Memory: :
TID: 3:IP: 6429156e:Disasm movzx cx, cl:IMG: C:\Program Files\DAEMON Tools Lite\Engine.dll:RTN: .text:Read Regs: ecx[T]: fffffff0: cl[T]: fffffff0: cx[T]: fffffff0: :Read Flags: :Read Memory: :
TID: 3:IP: 64291572:Disasm shr ecx, cl:IMG: C:\Program Files\DAEMON Tools Lite\Engine.dll:RTN: .text:Read Regs: ecx[T]: ffff00f0: cl[T]: ffff00f0: ch[T]: ffff00f0: cx[T]: ffff00f0: :Read Flags: :Read Memory: :
TID: 3:IP: 64291574:Disasm and ch, 0xe4:IMG: C:\Program Files\DAEMON Tools Lite\Engine.dll:RTN: .text:Read Regs: ecx[T]: ffff: ch[T]: ffff: cx[T]: ffff: :Read Flags: :Read Memory: :
TID: 3:IP: 64291577:Disasm sub bl, al:IMG: C:\Program Files\DAEMON Tools Lite\Engine.dll:RTN: .text:Read Regs: ebx[T]: c11297f7: eax[T]: 1c: al[T]: 1c: ax[T]: 1c: bl[T]: c11297f7: bx[T]: c11297f7: :Read Flags: :Read Memory: :
TID: 3:IP: 64291579:Disasm pop ecx:IMG: C:\Program Files\DAEMON Tools Lite\Engine.dll:RTN: .text:Read Regs: esp: 12e530: ss: 23: sp: 12e530: :Read Flags: :Read Memory: 12e530 [T] 12e531 [T] 12e532 [T] 12e533 [T] :
TID: 3:IP: 6429157a:Disasm ror cx, 0xe:IMG: C:\Program Files\DAEMON Tools Lite\Engine.dll:RTN: .text:Read Regs: ecx[T]: 283: cl[T]: 283: ch[T]: 283: cx[T]: 283: :Read Flags: :Read Memory: :
TID: 3:IP: 6429157e:Disasm shl cl, 0x4:IMG: C:\Program Files\DAEMON Tools Lite\Engine.dll:RTN: .text:Read Regs: ecx[T]: a0c: cl[T]: a0c: cx[T]: a0c: :Read Flags: :Read Memory: :
TID: 3:IP: 64291581:Disasm pushfd :IMG: C:\Program Files\DAEMON Tools Lite\Engine.dll:RTN: .text:Read Regs: esp: 12e534: ss: 23: eflags[T]: 286: sp: 12e534: :Read Flags: 3f7700:df vif iopl if ac vm rf nt tf id vip [T 8d5:of sf zf af pf cf ]:Values:286:Read Memory: :
TID: 3:IP: 64291582:Disasm sub esi, 0xffffffff:IMG: C:\Program Files\DAEMON Tools Lite\Engine.dll:RTN: .text:Read Regs: esi[T]: 644814c2: si[T]: 644814c2: :Read Flags: :Read Memory: :
TID: 3:IP: 64291585:Disasm xor cl, bh:IMG: C:\Program Files\DAEMON Tools Lite\Engine.dll:RTN: .text:Read Regs: ebx[T]: c11297db: ecx[T]: ac0: cl[T]: ac0: cx[T]: ac0: bh[T]: c11297db: bx[T]: c11297db: :Read Flags: :Read Memory: :
TID: 3:IP: 64291587:Disasm add ecx, esi:IMG: C:\Program Files\DAEMON Tools Lite\Engine.dll:RTN: .text:Read Regs: esi[T]: 644814c3: ecx[T]: a57: cl[T]: a57: ch[T]: a57: cx[T]: a57: si[T]: 644814c3: :Read Flags: :Read Memory: :
TID: 3:IP: 64291589:Disasm btc cx, bx:IMG: C:\Program Files\DAEMON Tools Lite\Engine.dll:RTN: .text:Read Regs: ebx[T]: c11297db: ecx[T]: 64481f1a: cl[T]: 64481f1a: ch[T]: 64481f1a: cx[T]: 64481f1a: bl[T]: c11297db: bh[T]: c11297db: bx[T]: c11297db: :Read Flags: :Read Memory: :
TID: 3:IP: 6429158d:Disasm movzx eax, al:IMG: C:\Program Files\DAEMON Tools Lite\Engine.dll:RTN: .text:Read Regs: eax[T]: 1c: al[T]: 1c: ax[T]: 1c: :Read Flags: :Read Memory: :
TID: 3:IP: 64291590:Disasm bswap cx:IMG: C:\Program Files\DAEMON Tools Lite\Engine.dll:RTN: .text:Read Regs: ecx[T]: 6448171a: cl[T]: 6448171a: ch[T]: 6448171a: cx[T]: 6448171a: :Read Flags: :Read Memory: :
TID: 3:IP: 64291593:Disasm cmp ah, 0x70:IMG: C:\Program Files\DAEMON Tools Lite\Engine.dll:RTN: .text:Read Regs: eax[T]: 1c: ah[T]: 1c: ax[T]: 1c: :Read Flags: :Read Memory: :
TID: 3:IP: 6429159a:Disasm setnp ch:IMG: C:\Program Files\DAEMON Tools Lite\Engine.dll:RTN: .text:Read Regs: eflags[T]: 287: :Read Flags: 0:[T 4:pf ]:Values:287:Read Memory: :
TID: 3:IP: 6429159d:Disasm mov ecx, dword ptr [eax*4+0x642a0250]:IMG: C:\Program Files\DAEMON Tools Lite\Engine.dll:RTN: .text:Read Regs: eax[T]: 1c: ds: 23: al[T]: 1c: ah[T]: 1c: ax[T]: 1c: :Read Flags: :Read Memory: 642a02c0 642a02c1 642a02c2 642a02c3 :
TID: 3:IP: 642915a8:Disasm bswap ecx:IMG: C:\Program Files\DAEMON Tools Lite\Engine.dll:RTN: .text:Read Regs: ecx[T]: ad990110: cl[T]: ad990110: ch[T]: ad990110: cx[T]: ad990110: :Read Flags: :Read Memory: :
TID: 3:IP: 642915b0:Disasm mov byte ptr [esp], bh:IMG: C:\Program Files\DAEMON Tools Lite\Engine.dll:RTN: .text:Read Regs: esp: 12e530: ebx[T]: c11297db: ss: 23: bh[T]: c11297db: bx[T]: c11297db: sp: 12e530: :Read Flags: :Read Memory: :
TID: 3:IP: 642915b3:Disasm add ecx, 0x54270000:IMG: C:\Program Files\DAEMON Tools Lite\Engine.dll:RTN: .text:Read Regs: ecx[T]: 100199ad: cl[T]: 100199ad: ch[T]: 100199ad: cx[T]: 100199ad: :Read Flags: :Read Memory: :
TID: 3:IP: 642915b9:Disasm push dword ptr [esp]:IMG: C:\Program Files\DAEMON Tools Lite\Engine.dll:RTN: .text:Read Regs: esp: 12e530: ss: 23: sp: 12e530: :Read Flags: :Read Memory: 12e530 [T] 12e531 12e532 [T] 12e533 [T] :
TID: 3:IP: 642915bc:Disasm pushad :IMG: C:\Program Files\DAEMON Tools Lite\Engine.dll:RTN: .text:Read Regs: edi: 12e534: esi[T]: 644814c3: ebp: 12e618: esp: 12e52c: ebx[T]: c11297db: edx: 1e9dec8: ecx[T]: 642899ad: eax[T]: 1c: ss: 23: al[T]: 1c: ah[T]: 1c: ax[T]: 1c: cl[T]: 642899ad: ch[T]: 642899ad: cx[T]: 642899ad: dl: 1e9dec8: dh: 1e9dec8: dx: 1e9dec8: bl[T]: c11297db: bh[T]: c11297db: bx[T]: c11297db: bp: 12e618: si[T]: 644814c3: di: 12e534: sp: 12e52c: :Read Flags: :Read Memory: :
TID: 3:IP: 642919e6:Disasm mov dword ptr [esp+0x24], ecx:IMG: C:\Program Files\DAEMON Tools Lite\Engine.dll:RTN: .text:Read Regs: esp: 12e50c: ecx[T]: 642899ad: ss: 23: cl[T]: 642899ad: ch[T]: 642899ad: cx[T]: 642899ad: sp: 12e50c: :Read Flags: :Read Memory: :
TID: 3:IP: 642919ea:Disasm pushfd :IMG: C:\Program Files\DAEMON Tools Lite\Engine.dll:RTN: .text:Read Regs: esp: 12e50c: ss: 23: eflags[T]: 202: sp: 12e50c: :Read Flags: 3f7700:df vif iopl if ac vm rf nt tf id vip [T 8d5:of sf zf af pf cf ]:Values:202:Read Memory: :
TID: 3:IP: 642919f6:Disasm push dword ptr [esp+0x28]:IMG: C:\Program Files\DAEMON Tools Lite\Engine.dll:RTN: .text:Read Regs: esp: 12e508: ss: 23: sp: 12e508: :Read Flags: :Read Memory: 12e530 [T] 12e531 [T] 12e532 [T] 12e533 [T] :
TID: 3:IP: 642919fa:Disasm ret 0x2c:IMG: C:\Program Files\DAEMON Tools Lite\Engine.dll:RTN: .text:Read Regs: esp: 12e504: ss: 23: sp: 12e504: :Read Flags: :Read Memory: 12e504 [T] 12e505 [T] 12e506 [T] 12e507 [T] :
TID: 3:IP: 642899ad:Disasm das :IMG: C:\Program Files\DAEMON Tools Lite\Engine.dll:RTN: .text:Read Regs: eax[T]: 1c: eflags[T]: 202: al[T]: 1c: ax[T]: 1c: :Read Flags: 0:[T 11:af cf ]:Values:202:Read Memory: :
TID: 3:IP: 642899b6:Disasm bt di, bx:IMG: C:\Program Files\DAEMON Tools Lite\Engine.dll:RTN: .text:Read Regs: edi: 12e534: ebx[T]: c11297db: bl[T]: c11297db: bh[T]: c11297db: bx[T]: c11297db: di: 12e534: :Read Flags: :Read Memory: :
TID: 3:IP: 6428b040:Disasm pushad :IMG: C:\Program Files\DAEMON Tools Lite\Engine.dll:RTN: .text:Read Regs: edi: 12e534: esi[T]: 644814c3: ebp: 12e614: esp: 12e528: ebx[T]: c11297db: edx: 1e9dec8: ecx[T]: 642899ad: eax: 12e618: ss: 23: al: 12e618: ah: 12e618: ax: 12e618: cl[T]: 642899ad: ch[T]: 642899ad: cx[T]: 642899ad: dl: 1e9dec8: dh: 1e9dec8: dx: 1e9dec8: bl[T]: c11297db: bh[T]: c11297db: bx[T]: c11297db: bp: 12e614: si[T]: 644814c3: di: 12e534: sp: 12e528: :Read Flags: :Read Memory: :
TID: 3:IP: 6428953e:Disasm xor ax, bx:IMG: C:\Program Files\DAEMON Tools Lite\Engine.dll:RTN: .text:Read Regs: ebx[T]: c11297db: eax: 12e618: al: 12e618: ah: 12e618: ax: 12e618: bl[T]: c11297db: bh[T]: c11297db: bx[T]: c11297db: :Read Flags: :Read Memory: :
TID: 3:IP: 64289541:Disasm shrd ax, di, cl:IMG: C:\Program Files\DAEMON Tools Lite\Engine.dll:RTN: .text:Read Regs: edi: 12e534: ecx[T]: 642899ad: eax[T]: 1271c3: al[T]: 1271c3: ah[T]: 1271c3: ax[T]: 1271c3: cl[T]: 642899ad: cx[T]: 642899ad: di: 12e534: :Read Flags: :Read Memory: :
TID: 3:IP: 64289548:Disasm cmc :IMG: C:\Program Files\DAEMON Tools Lite\Engine.dll:RTN: .text:Read Regs: eflags[T]: 207: :Read Flags: 0:[T 1:cf ]:Values:207:Read Memory: :
TID: 3:IP: 64291548:Disasm sbb al, bh:IMG: C:\Program Files\DAEMON Tools Lite\Engine.dll:RTN: .text:Read Regs: ebx[T]: c11297db: eax: 12e584: eflags: 206: al: 12e584: ax: 12e584: bh[T]: c11297db: bx[T]: c11297db: :Read Flags: 1:cf :Values:206:Read Memory: :
TID: 3:IP: 6429154a:Disasm xchg ch, al:IMG: C:\Program Files\DAEMON Tools Lite\Engine.dll:RTN: .text:Read Regs: ecx[T]: 642899ad: eax[T]: 12e5ed: al[T]: 12e5ed: ax[T]: 12e5ed: ch[T]: 642899ad: cx[T]: 642899ad: :Read Flags: :Read Memory: :
TID: 3:IP: 6429154c:Disasm mov al, byte ptr [esi]:IMG: C:\Program Files\DAEMON Tools Lite\Engine.dll:RTN: .text:Read Regs: esi[T]: 644814c3: ds: 23: si[T]: 644814c3: :Read Flags: :Read Memory: 644814c3 :
TID: 3:IP: 6429154e:Disasm shr cl, 0x1:IMG: C:\Program Files\DAEMON Tools Lite\Engine.dll:RTN: .text:Read Regs: ecx[T]: 6428edad: cl[T]: 6428edad: cx[T]: 6428edad: :Read Flags: :Read Memory: :
TID: 3:IP: 64291550:Disasm not ecx:IMG: C:\Program Files\DAEMON Tools Lite\Engine.dll:RTN: .text:Read Regs: ecx[T]: 6428ed56: cl[T]: 6428ed56: ch[T]: 6428ed56: cx[T]: 6428ed56: :Read Flags: :Read Memory: :
TID: 3:IP: 64291552:Disasm cmc :IMG: C:\Program Files\DAEMON Tools Lite\Engine.dll:RTN: .text:Read Regs: eflags[T]: a07: :Read Flags: 0:[T 1:cf ]:Values:a07:Read Memory: :
TID: 3:IP: 64291553:Disasm sub al, bl:IMG: C:\Program Files\DAEMON Tools Lite\Engine.dll:RTN: .text:Read Regs: ebx[T]: c11297db: eax[T]: 12e553: al[T]: 12e553: ax[T]: 12e553: bl[T]: c11297db: bx[T]: c11297db: :Read Flags: :Read Memory: :
TID: 3:IP: 64291555:Disasm movzx cx, bl:IMG: C:\Program Files\DAEMON Tools Lite\Engine.dll:RTN: .text:Read Regs: ebx[T]: c11297db: bl[T]: c11297db: bx[T]: c11297db: :Read Flags: :Read Memory: :
TID: 3:IP: 64291559:Disasm movsx cx, cl:IMG: C:\Program Files\DAEMON Tools Lite\Engine.dll:RTN: .text:Read Regs: ecx[T]: 9bd700db: cl[T]: 9bd700db: cx[T]: 9bd700db: :Read Flags: :Read Memory: :
TID: 3:IP: 6429155f:Disasm dec al:IMG: C:\Program Files\DAEMON Tools Lite\Engine.dll:RTN: .text:Read Regs: eax[T]: 12e578: al[T]: 12e578: ax[T]: 12e578: :Read Flags: :Read Memory: :
TID: 3:IP: 64291561:Disasm pushfd :IMG: C:\Program Files\DAEMON Tools Lite\Engine.dll:RTN: .text:Read Regs: esp: 12e534: ss: 23: eflags[T]: 207: sp: 12e534: :Read Flags: 3f7700:df vif iopl if ac vm rf nt tf id vip [T 8d5:of sf zf af pf cf ]:Values:207:Read Memory: :
TID: 3:IP: 64291562:Disasm rol al, 0x7:IMG: C:\Program Files\DAEMON Tools Lite\Engine.dll:RTN: .text:Read Regs: eax[T]: 12e577: al[T]: 12e577: ax[T]: 12e577: :Read Flags: :Read Memory: :
TID: 3:IP: 64291565:Disasm rol cx, 0xe:IMG: C:\Program Files\DAEMON Tools Lite\Engine.dll:RTN: .text:Read Regs: ecx: 9bd7ffc3: cl: 9bd7ffc3: ch[T]: 9bd7ffc3: cx: 9bd7ffc3: :Read Flags: :Read Memory: :
TID: 3:IP: 64291569:Disasm not al:IMG: C:\Program Files\DAEMON Tools Lite\Engine.dll:RTN: .text:Read Regs: eax[T]: 12e5bb: al[T]: 12e5bb: ax[T]: 12e5bb: :Read Flags: :Read Memory: :
TID: 3:IP: 6429156b:Disasm movsx ecx, cl:IMG: C:\Program Files\DAEMON Tools Lite\Engine.dll:RTN: .text:Read Regs: ecx[T]: 9bd7fff0: cl[T]: 9bd7fff0: cx[T]: 9bd7fff0: :Read Flags: :Read Memory: :
TID: 3:IP: 6429156e:Disasm movzx cx, cl:IMG: C:\Program Files\DAEMON Tools Lite\Engine.dll:RTN: .text:Read Regs: ecx[T]: fffffff0: cl[T]: fffffff0: cx[T]: fffffff0: :Read Flags: :Read Memory: :
TID: 3:IP: 64291572:Disasm shr ecx, cl:IMG: C:\Program Files\DAEMON Tools Lite\Engine.dll:RTN: .text:Read Regs: ecx[T]: ffff00f0: cl[T]: ffff00f0: ch[T]: ffff00f0: cx[T]: ffff00f0: :Read Flags: :Read Memory: :
TID: 3:IP: 64291574:Disasm and ch, 0xe4:IMG: C:\Program Files\DAEMON Tools Lite\Engine.dll:RTN: .text:Read Regs: ecx[T]: ffff: ch[T]: ffff: cx[T]: ffff: :Read Flags: :Read Memory: :
TID: 3:IP: 64291577:Disasm sub bl, al:IMG: C:\Program Files\DAEMON Tools Lite\Engine.dll:RTN: .text:Read Regs: ebx[T]: c11297db: eax[T]: 12e544: al[T]: 12e544: ax[T]: 12e544: bl[T]: c11297db: bx[T]: c11297db: :Read Flags: :Read Memory: :
TID: 3:IP: 64291579:Disasm pop ecx:IMG: C:\Program Files\DAEMON Tools Lite\Engine.dll:RTN: .text:Read Regs: esp: 12e530: ss: 23: sp: 12e530: :Read Flags: :Read Memory: 12e530 [T] 12e531 [T] 12e532 [T] 12e533 [T] :
TID: 3:IP: 6429157a:Disasm ror cx, 0xe:IMG: C:\Program Files\DAEMON Tools Lite\Engine.dll:RTN: .text:Read Regs: ecx[T]: 207: cl[T]: 207: ch[T]: 207: cx[T]: 207: :Read Flags: :Read Memory: :
TID: 3:IP: 6429157e:Disasm shl cl, 0x4:IMG: C:\Program Files\DAEMON Tools Lite\Engine.dll:RTN: .text:Read Regs: ecx[T]: 81c: cl[T]: 81c: cx[T]: 81c: :Read Flags: :Read Memory: :
TID: 3:IP: 64291581:Disasm pushfd :IMG: C:\Program Files\DAEMON Tools Lite\Engine.dll:RTN: .text:Read Regs: esp: 12e534: ss: 23: eflags[T]: 287: sp: 12e534: :Read Flags: 3f7700:df vif iopl if ac vm rf nt tf id vip [T 8d5:of sf zf af pf cf ]:Values:287:Read Memory: :
TID: 3:IP: 64291582:Disasm sub esi, 0xffffffff:IMG: C:\Program Files\DAEMON Tools Lite\Engine.dll:RTN: .text:Read Regs: esi[T]: 644814c3: si[T]: 644814c3: :Read Flags: :Read Memory: :
TID: 3:IP: 64291585:Disasm xor cl, bh:IMG: C:\Program Files\DAEMON Tools Lite\Engine.dll:RTN: .text:Read Regs: ebx[T]: c1129797: ecx[T]: 8c0: cl[T]: 8c0: cx[T]: 8c0: bh[T]: c1129797: bx[T]: c1129797: :Read Flags: :Read Memory: :
TID: 3:IP: 64291587:Disasm add ecx, esi:IMG: C:\Program Files\DAEMON Tools Lite\Engine.dll:RTN: .text:Read Regs: esi[T]: 644814c4: ecx[T]: 857: cl[T]: 857: ch[T]: 857: cx[T]: 857: si[T]: 644814c4: :Read Flags: :Read Memory: :
TID: 3:IP: 64291589:Disasm btc cx, bx:IMG: C:\Program Files\DAEMON Tools Lite\Engine.dll:RTN: .text:Read Regs: ebx[T]: c1129797: ecx[T]: 64481d1b: cl[T]: 64481d1b: ch[T]: 64481d1b: cx[T]: 64481d1b: bl[T]: c1129797: bh[T]: c1129797: bx[T]: c1129797: :Read Flags: :Read Memory: :
TID: 3:IP: 6429158d:Disasm movzx eax, al:IMG: C:\Program Files\DAEMON Tools Lite\Engine.dll:RTN: .text:Read Regs: eax[T]: 12e544: al[T]: 12e544: ax[T]: 12e544: :Read Flags: :Read Memory: :
TID: 3:IP: 64291590:Disasm bswap cx:IMG: C:\Program Files\DAEMON Tools Lite\Engine.dll:RTN: .text:Read Regs: ecx[T]: 64481d9b: cl[T]: 64481d9b: ch[T]: 64481d9b: cx[T]: 64481d9b: :Read Flags: :Read Memory: :
TID: 3:IP: 64291593:Disasm cmp ah, 0x70:IMG: C:\Program Files\DAEMON Tools Lite\Engine.dll:RTN: .text:Read Regs: eax[T]: 44: ah[T]: 44: ax[T]: 44: :Read Flags: :Read Memory: :
TID: 3:IP: 6429159a:Disasm setnp ch:IMG: C:\Program Files\DAEMON Tools Lite\Engine.dll:RTN: .text:Read Regs: eflags[T]: 287: :Read Flags: 0:[T 4:pf ]:Values:287:Read Memory: :
TID: 3:IP: 6429159d:Disasm mov ecx, dword ptr [eax*4+0x642a0250]:IMG: C:\Program Files\DAEMON Tools Lite\Engine.dll:RTN: .text:Read Regs: eax[T]: 44: ds: 23: al[T]: 44: ah[T]: 44: ax[T]: 44: :Read Flags: :Read Memory: 642a0360 642a0361 642a0362 642a0363 :
TID: 3:IP: 642915a8:Disasm bswap ecx:IMG: C:\Program Files\DAEMON Tools Lite\Engine.dll:RTN: .text:Read Regs: ecx[T]: 92250210: cl[T]: 92250210: ch[T]: 92250210: cx[T]: 92250210: :Read Flags: :Read Memory: :
TID: 3:IP: 642915b0:Disasm mov byte ptr [esp], bh:IMG: C:\Program Files\DAEMON Tools Lite\Engine.dll:RTN: .text:Read Regs: esp: 12e530: ebx[T]: c1129797: ss: 23: bh[T]: c1129797: bx[T]: c1129797: sp: 12e530: :Read Flags: :Read Memory: :
TID: 3:IP: 642915b3:Disasm add ecx, 0x54270000:IMG: C:\Program Files\DAEMON Tools Lite\Engine.dll:RTN: .text:Read Regs: ecx[T]: 10022592: cl[T]: 10022592: ch[T]: 10022592: cx[T]: 10022592: :Read Flags: :Read Memory: :
TID: 3:IP: 642915b9:Disasm push dword ptr [esp]:IMG: C:\Program Files\DAEMON Tools Lite\Engine.dll:RTN: .text:Read Regs: esp: 12e530: ss: 23: sp: 12e530: :Read Flags: :Read Memory: 12e530 [T] 12e531 12e532 [T] 12e533 [T] :
TID: 3:IP: 642915bc:Disasm pushad :IMG: C:\Program Files\DAEMON Tools Lite\Engine.dll:RTN: .text:Read Regs: edi: 12e534: esi[T]: 644814c4: ebp: 12e614: esp: 12e52c: ebx[T]: c1129797: edx: 1e9dec8: ecx[T]: 64292592: eax[T]: 44: ss: 23: al[T]: 44: ah[T]: 44: ax[T]: 44: cl[T]: 64292592: ch[T]: 64292592: cx[T]: 64292592: dl: 1e9dec8: dh: 1e9dec8: dx: 1e9dec8: bl[T]: c1129797: bh[T]: c1129797: bx[T]: c1129797: bp: 12e614: si[T]: 644814c4: di: 12e534: sp: 12e52c: :Read Flags: :Read Memory: :
TID: 3:IP: 642919e6:Disasm mov dword ptr [esp+0x24], ecx:IMG: C:\Program Files\DAEMON Tools Lite\Engine.dll:RTN: .text:Read Regs: esp: 12e50c: ecx[T]: 64292592: ss: 23: cl[T]: 64292592: ch[T]: 64292592: cx[T]: 64292592: sp: 12e50c: :Read Flags: :Read Memory: :
TID: 3:IP: 642919ea:Disasm pushfd :IMG: C:\Program Files\DAEMON Tools Lite\Engine.dll:RTN: .text:Read Regs: esp: 12e50c: ss: 23: eflags[T]: 202: sp: 12e50c: :Read Flags: 3f7700:df vif iopl if ac vm rf nt tf id vip [T 8d5:of sf zf af pf cf ]:Values:202:Read Memory: :
TID: 3:IP: 642919f6:Disasm push dword ptr [esp+0x28]:IMG: C:\Program Files\DAEMON Tools Lite\Engine.dll:RTN: .text:Read Regs: esp: 12e508: ss: 23: sp: 12e508: :Read Flags: :Read Memory: 12e530 [T] 12e531 [T] 12e532 [T] 12e533 [T] :
TID: 3:IP: 642919fa:Disasm ret 0x2c:IMG: C:\Program Files\DAEMON Tools Lite\Engine.dll:RTN: .text:Read Regs: esp: 12e504: ss: 23: sp: 12e504: :Read Flags: :Read Memory: 12e504 [T] 12e505 [T] 12e506 [T] 12e507 [T] :
TID: 3:IP: 64292592:Disasm pushad :IMG: C:\Program Files\DAEMON Tools Lite\Engine.dll:RTN: .text:Read Regs: edi: 12e534: esi[T]: 644814c4: ebp: 12e614: esp: 12e534: ebx[T]: c1129797: edx: 1e9dec8: ecx[T]: 64292592: eax[T]: 44: ss: 23: al[T]: 44: ah[T]: 44: ax[T]: 44: cl[T]: 64292592: ch[T]: 64292592: cx[T]: 64292592: dl: 1e9dec8: dh: 1e9dec8: dx: 1e9dec8: bl[T]: c1129797: bh[T]: c1129797: bx[T]: c1129797: bp: 12e614: si[T]: 644814c4: di: 12e534: sp: 12e534: :Read Flags: :Read Memory: :
TID: 3:IP: 64292596:Disasm pushfd :IMG: C:\Program Files\DAEMON Tools Lite\Engine.dll:RTN: .text:Read Regs: esp: 12e514: ss: 23: eflags[T]: 202: sp: 12e514: :Read Flags: 3f7700:df vif iopl if ac vm rf nt tf id vip [T 8d5:of sf zf af pf cf ]:Values:202:Read Memory: :
TID: 3:IP: 64291548:Disasm sbb al, bh:IMG: C:\Program Files\DAEMON Tools Lite\Engine.dll:RTN: .text:Read Regs: ebx[T]: c1129797: eax: 12e678: eflags[T]: 202: al: 12e678: ax: 12e678: bh[T]: c1129797: bx[T]: c1129797: :Read Flags: 0:[T 1:cf ]:Values:202:Read Memory: :
TID: 3:IP: 6429154a:Disasm xchg ch, al:IMG: C:\Program Files\DAEMON Tools Lite\Engine.dll:RTN: .text:Read Regs: ecx[T]: 64292592: eax[T]: 12e6e1: al[T]: 12e6e1: ax[T]: 12e6e1: ch[T]: 64292592: cx[T]: 64292592: :Read Flags: :Read Memory: :
TID: 3:IP: 6429154c:Disasm mov al, byte ptr [esi]:IMG: C:\Program Files\DAEMON Tools Lite\Engine.dll:RTN: .text:Read Regs: esi[T]: 644814c4: ds: 23: si[T]: 644814c4: :Read Flags: :Read Memory: 644814c4 :
TID: 3:IP: 6429154e:Disasm shr cl, 0x1:IMG: C:\Program Files\DAEMON Tools Lite\Engine.dll:RTN: .text:Read Regs: ecx[T]: 6429e192: cl[T]: 6429e192: cx[T]: 6429e192: :Read Flags: :Read Memory: :
TID: 3:IP: 64291550:Disasm not ecx:IMG: C:\Program Files\DAEMON Tools Lite\Engine.dll:RTN: .text:Read Regs: ecx[T]: 6429e149: cl[T]: 6429e149: ch[T]: 6429e149: cx[T]: 6429e149: :Read Flags: :Read Memory: :
TID: 3:IP: 64291552:Disasm cmc :IMG: C:\Program Files\DAEMON Tools Lite\Engine.dll:RTN: .text:Read Regs: eflags[T]: a02: :Read Flags: 0:[T 1:cf ]:Values:a02:Read Memory: :
TID: 3:IP: 64291553:Disasm sub al, bl:IMG: C:\Program Files\DAEMON Tools Lite\Engine.dll:RTN: .text:Read Regs: ebx[T]: c1129797: eax[T]: 12e675: al[T]: 12e675: ax[T]: 12e675: bl[T]: c1129797: bx[T]: c1129797: :Read Flags: :Read Memory: :
TID: 3:IP: 64291555:Disasm movzx cx, bl:IMG: C:\Program Files\DAEMON Tools Lite\Engine.dll:RTN: .text:Read Regs: ebx[T]: c1129797: bl[T]: c1129797: bx[T]: c1129797: :Read Flags: :Read Memory: :
TID: 3:IP: 64291559:Disasm movsx cx, cl:IMG: C:\Program Files\DAEMON Tools Lite\Engine.dll:RTN: .text:Read Regs: ecx[T]: 9bd60097: cl[T]: 9bd60097: cx[T]: 9bd60097: :Read Flags: :Read Memory: :
TID: 3:IP: 6429155f:Disasm dec al:IMG: C:\Program Files\DAEMON Tools Lite\Engine.dll:RTN: .text:Read Regs: eax[T]: 12e6de: al[T]: 12e6de: ax[T]: 12e6de: :Read Flags: :Read Memory: :
TID: 3:IP: 64291561:Disasm pushfd :IMG: C:\Program Files\DAEMON Tools Lite\Engine.dll:RTN: .text:Read Regs: esp: 12e534: ss: 23: eflags[T]: 287: sp: 12e534: :Read Flags: 3f7700:df vif iopl if ac vm rf nt tf id vip [T 8d5:of sf zf af pf cf ]:Values:287:Read Memory: :
TID: 3:IP: 64291562:Disasm rol al, 0x7:IMG: C:\Program Files\DAEMON Tools Lite\Engine.dll:RTN: .text:Read Regs: eax[T]: 12e6dd: al[T]: 12e6dd: ax[T]: 12e6dd: :Read Flags: :Read Memory: :
TID: 3:IP: 64291565:Disasm rol cx, 0xe:IMG: C:\Program Files\DAEMON Tools Lite\Engine.dll:RTN: .text:Read Regs: ecx: 9bd6ffc3: cl: 9bd6ffc3: ch[T]: 9bd6ffc3: cx: 9bd6ffc3: :Read Flags: :Read Memory: :
TID: 3:IP: 64291569:Disasm not al:IMG: C:\Program Files\DAEMON Tools Lite\Engine.dll:RTN: .text:Read Regs: eax[T]: 12e6ee: al[T]: 12e6ee: ax[T]: 12e6ee: :Read Flags: :Read Memory: :
TID: 3:IP: 6429156b:Disasm movsx ecx, cl:IMG: C:\Program Files\DAEMON Tools Lite\Engine.dll:RTN: .text:Read Regs: ecx[T]: 9bd6fff0: cl[T]: 9bd6fff0: cx[T]: 9bd6fff0: :Read Flags: :Read Memory: :
TID: 3:IP: 6429156e:Disasm movzx cx, cl:IMG: C:\Program Files\DAEMON Tools Lite\Engine.dll:RTN: .text:Read Regs: ecx[T]: fffffff0: cl[T]: fffffff0: cx[T]: fffffff0: :Read Flags: :Read Memory: :
TID: 3:IP: 64291572:Disasm shr ecx, cl:IMG: C:\Program Files\DAEMON Tools Lite\Engine.dll:RTN: .text:Read Regs: ecx[T]: ffff00f0: cl[T]: ffff00f0: ch[T]: ffff00f0: cx[T]: ffff00f0: :Read Flags: :Read Memory: :
TID: 3:IP: 64291574:Disasm and ch, 0xe4:IMG: C:\Program Files\DAEMON Tools Lite\Engine.dll:RTN: .text:Read Regs: ecx[T]: ffff: ch[T]: ffff: cx[T]: ffff: :Read Flags: :Read Memory: :
TID: 3:IP: 64291577:Disasm sub bl, al:IMG: C:\Program Files\DAEMON Tools Lite\Engine.dll:RTN: .text:Read Regs: ebx[T]: c1129797: eax[T]: 12e611: al[T]: 12e611: ax[T]: 12e611: bl[T]: c1129797: bx[T]: c1129797: :Read Flags: :Read Memory: :
TID: 3:IP: 64291579:Disasm pop ecx:IMG: C:\Program Files\DAEMON Tools Lite\Engine.dll:RTN: .text:Read Regs: esp: 12e530: ss: 23: sp: 12e530: :Read Flags: :Read Memory: 12e530 [T] 12e531 [T] 12e532 [T] 12e533 [T] :
TID: 3:IP: 6429157a:Disasm ror cx, 0xe:IMG: C:\Program Files\DAEMON Tools Lite\Engine.dll:RTN: .text:Read Regs: ecx[T]: 287: cl[T]: 287: ch[T]: 287: cx[T]: 287: :Read Flags: :Read Memory: :
TID: 3:IP: 6429157e:Disasm shl cl, 0x4:IMG: C:\Program Files\DAEMON Tools Lite\Engine.dll:RTN: .text:Read Regs: ecx[T]: a1c: cl[T]: a1c: cx[T]: a1c: :Read Flags: :Read Memory: :
TID: 3:IP: 64291581:Disasm pushfd :IMG: C:\Program Files\DAEMON Tools Lite\Engine.dll:RTN: .text:Read Regs: esp: 12e534: ss: 23: eflags[T]: 287: sp: 12e534: :Read Flags: 3f7700:df vif iopl if ac vm rf nt tf id vip [T 8d5:of sf zf af pf cf ]:Values:287:Read Memory: :
TID: 3:IP: 64291582:Disasm sub esi, 0xffffffff:IMG: C:\Program Files\DAEMON Tools Lite\Engine.dll:RTN: .text:Read Regs: esi[T]: 644814c4: si[T]: 644814c4: :Read Flags: :Read Memory: :
TID: 3:IP: 64291585:Disasm xor cl, bh:IMG: C:\Program Files\DAEMON Tools Lite\Engine.dll:RTN: .text:Read Regs: ebx[T]: c1129786: ecx[T]: ac0: cl[T]: ac0: cx[T]: ac0: bh[T]: c1129786: bx[T]: c1129786: :Read Flags: :Read Memory: :
TID: 3:IP: 64291587:Disasm add ecx, esi:IMG: C:\Program Files\DAEMON Tools Lite\Engine.dll:RTN: .text:Read Regs: esi[T]: 644814c5: ecx[T]: a57: cl[T]: a57: ch[T]: a57: cx[T]: a57: si[T]: 644814c5: :Read Flags: :Read Memory: :
TID: 3:IP: 64291589:Disasm btc cx, bx:IMG: C:\Program Files\DAEMON Tools Lite\Engine.dll:RTN: .text:Read Regs: ebx[T]: c1129786: ecx[T]: 64481f1c: cl[T]: 64481f1c: ch[T]: 64481f1c: cx[T]: 64481f1c: bl[T]: c1129786: bh[T]: c1129786: bx[T]: c1129786: :Read Flags: :Read Memory: :
TID: 3:IP: 6429158d:Disasm movzx eax, al:IMG: C:\Program Files\DAEMON Tools Lite\Engine.dll:RTN: .text:Read Regs: eax[T]: 12e611: al[T]: 12e611: ax[T]: 12e611: :Read Flags: :Read Memory: :
TID: 3:IP: 64291590:Disasm bswap cx:IMG: C:\Program Files\DAEMON Tools Lite\Engine.dll:RTN: .text:Read Regs: ecx[T]: 64481f5c: cl[T]: 64481f5c: ch[T]: 64481f5c: cx[T]: 64481f5c: :Read Flags: :Read Memory: :
TID: 3:IP: 64291593:Disasm cmp ah, 0x70:IMG: C:\Program Files\DAEMON Tools Lite\Engine.dll:RTN: .text:Read Regs: eax[T]: 11: ah[T]: 11: ax[T]: 11: :Read Flags: :Read Memory: :
TID: 3:IP: 6429159a:Disasm setnp ch:IMG: C:\Program Files\DAEMON Tools Lite\Engine.dll:RTN: .text:Read Regs: eflags[T]: 287: :Read Flags: 0:[T 4:pf ]:Values:287:Read Memory: :
TID: 3:IP: 6429159d:Disasm mov ecx, dword ptr [eax*4+0x642a0250]:IMG: C:\Program Files\DAEMON Tools Lite\Engine.dll:RTN: .text:Read Regs: eax[T]: 11: ds: 23: al[T]: 11: ah[T]: 11: ax[T]: 11: :Read Flags: :Read Memory: 642a0294 642a0295 642a0296 642a0297 :
TID: 3:IP: 642915a8:Disasm bswap ecx:IMG: C:\Program Files\DAEMON Tools Lite\Engine.dll:RTN: .text:Read Regs: ecx[T]: 80ff0010: cl[T]: 80ff0010: ch[T]: 80ff0010: cx[T]: 80ff0010: :Read Flags: :Read Memory: :
TID: 3:IP: 642915b0:Disasm mov byte ptr [esp], bh:IMG: C:\Program Files\DAEMON Tools Lite\Engine.dll:RTN: .text:Read Regs: esp: 12e530: ebx[T]: c1129786: ss: 23: bh[T]: c1129786: bx[T]: c1129786: sp: 12e530: :Read Flags: :Read Memory: :
TID: 3:IP: 642915b3:Disasm add ecx, 0x54270000:IMG: C:\Program Files\DAEMON Tools Lite\Engine.dll:RTN: .text:Read Regs: ecx[T]: 1000ff80: cl[T]: 1000ff80: ch[T]: 1000ff80: cx[T]: 1000ff80: :Read Flags: :Read Memory: :
TID: 3:IP: 642915b9:Disasm push dword ptr [esp]:IMG: C:\Program Files\DAEMON Tools Lite\Engine.dll:RTN: .text:Read Regs: esp: 12e530: ss: 23: sp: 12e530: :Read Flags: :Read Memory: 12e530 [T] 12e531 12e532 [T] 12e533 [T] :
TID: 3:IP: 642915bc:Disasm pushad :IMG: C:\Program Files\DAEMON Tools Lite\Engine.dll:RTN: .text:Read Regs: edi: 12e534: esi[T]: 644814c5: ebp: 12e614: esp: 12e52c: ebx[T]: c1129786: edx: 1e9dec8: ecx[T]: 6427ff80: eax[T]: 11: ss: 23: al[T]: 11: ah[T]: 11: ax[T]: 11: cl[T]: 6427ff80: ch[T]: 6427ff80: cx[T]: 6427ff80: dl: 1e9dec8: dh: 1e9dec8: dx: 1e9dec8: bl[T]: c1129786: bh[T]: c1129786: bx[T]: c1129786: bp: 12e614: si[T]: 644814c5: di: 12e534: sp: 12e52c: :Read Flags: :Read Memory: :
TID: 3:IP: 642919e6:Disasm mov dword ptr [esp+0x24], ecx:IMG: C:\Program Files\DAEMON Tools Lite\Engine.dll:RTN: .text:Read Regs: esp: 12e50c: ecx[T]: 6427ff80: ss: 23: cl[T]: 6427ff80: ch[T]: 6427ff80: cx[T]: 6427ff80: sp: 12e50c: :Read Flags: :Read Memory: :
TID: 3:IP: 642919ea:Disasm pushfd :IMG: C:\Program Files\DAEMON Tools Lite\Engine.dll:RTN: .text:Read Regs: esp: 12e50c: ss: 23: eflags[T]: 202: sp: 12e50c: :Read Flags: 3f7700:df vif iopl if ac vm rf nt tf id vip [T 8d5:of sf zf af pf cf ]:Values:202:Read Memory: :
TID: 3:IP: 642919f6:Disasm push dword ptr [esp+0x28]:IMG: C:\Program Files\DAEMON Tools Lite\Engine.dll:RTN: .text:Read Regs: esp: 12e508: ss: 23: sp: 12e508: :Read Flags: :Read Memory: 12e530 [T] 12e531 [T] 12e532 [T] 12e533 [T] :
TID: 3:IP: 642919fa:Disasm ret 0x2c:IMG: C:\Program Files\DAEMON Tools Lite\Engine.dll:RTN: .text:Read Regs: esp: 12e504: ss: 23: sp: 12e504: :Read Flags: :Read Memory: 12e504 [T] 12e505 [T] 12e506 [T] 12e507 [T] :
TID: 3:IP: 6427ff80:Disasm rcr al, cl:IMG: C:\Program Files\DAEMON Tools Lite\Engine.dll:RTN: .text:Read Regs: ecx[T]: 6427ff80: eax[T]: 11: eflags[T]: 202: al[T]: 11: ax[T]: 11: cl[T]: 6427ff80: cx[T]: 6427ff80: :Read Flags: 0:[T 1:cf ]:Values:202:Read Memory: :
TID: 3:IP: 6427ff85:Disasm rcl al, 0x5:IMG: C:\Program Files\DAEMON Tools Lite\Engine.dll:RTN: .text:Read Regs: eax[T]: 11: eflags: 246: al[T]: 11: ax[T]: 11: :Read Flags: 1:cf :Values:246:Read Memory: :
TID: 3:IP: 6427ff88:Disasm movzx eax, byte ptr [esi]:IMG: C:\Program Files\DAEMON Tools Lite\Engine.dll:RTN: .text:Read Regs: esi[T]: 644814c5: ds: 23: si[T]: 644814c5: :Read Flags: :Read Memory: 644814c5 :
TID: 3:IP: 6427ff8b:Disasm bt cx, bp:IMG: C:\Program Files\DAEMON Tools Lite\Engine.dll:RTN: .text:Read Regs: ebp: 12e614: ecx[T]: 6427ff80: cl[T]: 6427ff80: ch[T]: 6427ff80: cx[T]: 6427ff80: bp: 12e614: :Read Flags: :Read Memory: :
TID: 3:IP: 6427ff8f:Disasm xor al, bl:IMG: C:\Program Files\DAEMON Tools Lite\Engine.dll:RTN: .text:Read Regs: ebx[T]: c1129786: eax[T]: bd: al[T]: bd: ax[T]: bd: bl[T]: c1129786: bx[T]: c1129786: :Read Flags: :Read Memory: :
TID: 3:IP: 6427ff96:Disasm shld dx, cx, cl:IMG: C:\Program Files\DAEMON Tools Lite\Engine.dll:RTN: .text:Read Regs: edx: 1e9a000: ecx[T]: 6427ff80: cl[T]: 6427ff80: ch[T]: 6427ff80: cx[T]: 6427ff80: dl: 1e9a000: dh: 1e9a000: dx: 1e9a000: :Read Flags: :Read Memory: :
TID: 3:IP: 6427ff9a:Disasm not al:IMG: C:\Program Files\DAEMON Tools Lite\Engine.dll:RTN: .text:Read Regs: eax[T]: 3b: al[T]: 3b: ax[T]: 3b: :Read Flags: :Read Memory: :
TID: 3:IP: 6427ffa1:Disasm dec dh:IMG: C:\Program Files\DAEMON Tools Lite\Engine.dll:RTN: .text:Read Regs: edx[T]: 1e9a000: dh[T]: 1e9a000: dx[T]: 1e9a000: :Read Flags: :Read Memory: :
TID: 3:IP: 6427ffa3:Disasm btr dx, 0x1:IMG: C:\Program Files\DAEMON Tools Lite\Engine.dll:RTN: .text:Read Regs: edx[T]: 1e99f00: dl[T]: 1e99f00: dh[T]: 1e99f00: dx[T]: 1e99f00: :Read Flags: :Read Memory: :
TID: 3:IP: 6427ffa8:Disasm neg al:IMG: C:\Program Files\DAEMON Tools Lite\Engine.dll:RTN: .text:Read Regs: eax[T]: c4: al[T]: c4: ax[T]: c4: :Read Flags: :Read Memory: :
TID: 3:IP: 6427ffaa:Disasm test esi, ebp:IMG: C:\Program Files\DAEMON Tools Lite\Engine.dll:RTN: .text:Read Regs: esi[T]: 644814c5: ebp: 12e614: bp: 12e614: si[T]: 644814c5: :Read Flags: :Read Memory: :
TID: 3:IP: 6427ffac:Disasm sub al, 0x0:IMG: C:\Program Files\DAEMON Tools Lite\Engine.dll:RTN: .text:Read Regs: eax[T]: 3c: al[T]: 3c: ax[T]: 3c: :Read Flags: :Read Memory: :
TID: 3:IP: 6427ffaf:Disasm rol dl, cl:IMG: C:\Program Files\DAEMON Tools Lite\Engine.dll:RTN: .text:Read Regs: edx[T]: 1e99f00: ecx[T]: 6427ff80: cl[T]: 6427ff80: cx[T]: 6427ff80: dl[T]: 1e99f00: dx[T]: 1e99f00: :Read Flags: :Read Memory: :
TID: 3:IP: 6427ffb1:Disasm xor bl, al:IMG: C:\Program Files\DAEMON Tools Lite\Engine.dll:RTN: .text:Read Regs: ebx[T]: c1129786: eax[T]: 3c: al[T]: 3c: ax[T]: 3c: bl[T]: c1129786: bx[T]: c1129786: :Read Flags: :Read Memory: :
TID: 3:IP: 6427ffbc:Disasm pushfd :IMG: C:\Program Files\DAEMON Tools Lite\Engine.dll:RTN: .text:Read Regs: esp: 12e52c: ss: 23: eflags[T]: 282: sp: 12e52c: :Read Flags: 3f7700:df vif iopl if ac vm rf nt tf id vip [T 8d5:of sf zf af pf cf ]:Values:282:Read Memory: :
TID: 3:IP: 6428a22d:Disasm inc esi:IMG: C:\Program Files\DAEMON Tools Lite\Engine.dll:RTN: .text:Read Regs: esi[T]: 644814c5: si[T]: 644814c5: :Read Flags: :Read Memory: :
TID: 3:IP: 6428cc64:Disasm mov dword ptr [esp+0x4], esi:IMG: C:\Program Files\DAEMON Tools Lite\Engine.dll:RTN: .text:Read Regs: esi[T]: 644814c6: esp: 12e524: ss: 23: si[T]: 644814c6: sp: 12e524: :Read Flags: :Read Memory: :
TID: 3:IP: 6428cc6f:Disasm mov dword ptr [eax+edi*1], edx:IMG: C:\Program Files\DAEMON Tools Lite\Engine.dll:RTN: .text:Read Regs: edi: 12e534: edx: 12e678: eax[T]: 3c: ds: 23: al[T]: 3c: ah[T]: 3c: ax[T]: 3c: dl: 12e678: dh: 12e678: dx: 12e678: di: 12e534: :Read Flags: :Read Memory: :
TID: 3:IP: 6428cc72:Disasm mov word ptr [esp], ax:IMG: C:\Program Files\DAEMON Tools Lite\Engine.dll:RTN: .text:Read Regs: esp: 12e520: eax[T]: 3c: ss: 23: al[T]: 3c: ah[T]: 3c: ax[T]: 3c: sp: 12e520: :Read Flags: :Read Memory: :
TID: 3:IP: 64291548:Disasm sbb al, bh:IMG: C:\Program Files\DAEMON Tools Lite\Engine.dll:RTN: .text:Read Regs: ebx[T]: c11297ba: eax[T]: 3c: eflags: 206: al[T]: 3c: ax[T]: 3c: bh[T]: c11297ba: bx[T]: c11297ba: :Read Flags: 1:cf :Values:206:Read Memory: :
TID: 3:IP: 6429154a:Disasm xchg ch, al:IMG: C:\Program Files\DAEMON Tools Lite\Engine.dll:RTN: .text:Read Regs: ecx[T]: 6427ff80: eax[T]: a5: al[T]: a5: ax[T]: a5: ch[T]: 6427ff80: cx[T]: 6427ff80: :Read Flags: :Read Memory: :
TID: 3:IP: 6429154c:Disasm mov al, byte ptr [esi]:IMG: C:\Program Files\DAEMON Tools Lite\Engine.dll:RTN: .text:Read Regs: esi[T]: 644814c6: ds: 23: si[T]: 644814c6: :Read Flags: :Read Memory: 644814c6 :
TID: 3:IP: 6429154e:Disasm shr cl, 0x1:IMG: C:\Program Files\DAEMON Tools Lite\Engine.dll:RTN: .text:Read Regs: ecx[T]: 6427a580: cl[T]: 6427a580: cx[T]: 6427a580: :Read Flags: :Read Memory: :
TID: 3:IP: 64291550:Disasm not ecx:IMG: C:\Program Files\DAEMON Tools Lite\Engine.dll:RTN: .text:Read Regs: ecx[T]: 6427a540: cl[T]: 6427a540: ch[T]: 6427a540: cx[T]: 6427a540: :Read Flags: :Read Memory: :
TID: 3:IP: 64291552:Disasm cmc :IMG: C:\Program Files\DAEMON Tools Lite\Engine.dll:RTN: .text:Read Regs: eflags[T]: a02: :Read Flags: 0:[T 1:cf ]:Values:a02:Read Memory: :
TID: 3:IP: 64291553:Disasm sub al, bl:IMG: C:\Program Files\DAEMON Tools Lite\Engine.dll:RTN: .text:Read Regs: ebx[T]: c11297ba: eax[T]: d2: al[T]: d2: ax[T]: d2: bl[T]: c11297ba: bx[T]: c11297ba: :Read Flags: :Read Memory: :
TID: 3:IP: 64291555:Disasm movzx cx, bl:IMG: C:\Program Files\DAEMON Tools Lite\Engine.dll:RTN: .text:Read Regs: ebx[T]: c11297ba: bl[T]: c11297ba: bx[T]: c11297ba: :Read Flags: :Read Memory: :
TID: 3:IP: 64291559:Disasm movsx cx, cl:IMG: C:\Program Files\DAEMON Tools Lite\Engine.dll:RTN: .text:Read Regs: ecx[T]: 9bd800ba: cl[T]: 9bd800ba: cx[T]: 9bd800ba: :Read Flags: :Read Memory: :
TID: 3:IP: 6429155f:Disasm dec al:IMG: C:\Program Files\DAEMON Tools Lite\Engine.dll:RTN: .text:Read Regs: eax[T]: 18: al[T]: 18: ax[T]: 18: :Read Flags: :Read Memory: :
TID: 3:IP: 64291561:Disasm pushfd :IMG: C:\Program Files\DAEMON Tools Lite\Engine.dll:RTN: .text:Read Regs: esp: 12e534: ss: 23: eflags[T]: 206: sp: 12e534: :Read Flags: 3f7700:df vif iopl if ac vm rf nt tf id vip [T 8d5:of sf zf af pf cf ]:Values:206:Read Memory: :
TID: 3:IP: 64291562:Disasm rol al, 0x7:IMG: C:\Program Files\DAEMON Tools Lite\Engine.dll:RTN: .text:Read Regs: eax[T]: 17: al[T]: 17: ax[T]: 17: :Read Flags: :Read Memory: :
TID: 3:IP: 64291565:Disasm rol cx, 0xe:IMG: C:\Program Files\DAEMON Tools Lite\Engine.dll:RTN: .text:Read Regs: ecx: 9bd8ffc3: cl: 9bd8ffc3: ch[T]: 9bd8ffc3: cx: 9bd8ffc3: :Read Flags: :Read Memory: :
TID: 3:IP: 64291569:Disasm not al:IMG: C:\Program Files\DAEMON Tools Lite\Engine.dll:RTN: .text:Read Regs: eax[T]: 8b: al[T]: 8b: ax[T]: 8b: :Read Flags: :Read Memory: :
TID: 3:IP: 6429156b:Disasm movsx ecx, cl:IMG: C:\Program Files\DAEMON Tools Lite\Engine.dll:RTN: .text:Read Regs: ecx[T]: 9bd8fff0: cl[T]: 9bd8fff0: cx[T]: 9bd8fff0: :Read Flags: :Read Memory: :
TID: 3:IP: 6429156e:Disasm movzx cx, cl:IMG: C:\Program Files\DAEMON Tools Lite\Engine.dll:RTN: .text:Read Regs: ecx[T]: fffffff0: cl[T]: fffffff0: cx[T]: fffffff0: :Read Flags: :Read Memory: :
TID: 3:IP: 64291572:Disasm shr ecx, cl:IMG: C:\Program Files\DAEMON Tools Lite\Engine.dll:RTN: .text:Read Regs: ecx[T]: ffff00f0: cl[T]: ffff00f0: ch[T]: ffff00f0: cx[T]: ffff00f0: :Read Flags: :Read Memory: :
TID: 3:IP: 64291574:Disasm and ch, 0xe4:IMG: C:\Program Files\DAEMON Tools Lite\Engine.dll:RTN: .text:Read Regs: ecx[T]: ffff: ch[T]: ffff: cx[T]: ffff: :Read Flags: :Read Memory: :
TID: 3:IP: 64291577:Disasm sub bl, al:IMG: C:\Program Files\DAEMON Tools Lite\Engine.dll:RTN: .text:Read Regs: ebx[T]: c11297ba: eax[T]: 74: al[T]: 74: ax[T]: 74: bl[T]: c11297ba: bx[T]: c11297ba: :Read Flags: :Read Memory: :
TID: 3:IP: 64291579:Disasm pop ecx:IMG: C:\Program Files\DAEMON Tools Lite\Engine.dll:RTN: .text:Read Regs: esp: 12e530: ss: 23: sp: 12e530: :Read Flags: :Read Memory: 12e530 [T] 12e531 [T] 12e532 [T] 12e533 [T] :
TID: 3:IP: 6429157a:Disasm ror cx, 0xe:IMG: C:\Program Files\DAEMON Tools Lite\Engine.dll:RTN: .text:Read Regs: ecx[T]: 206: cl[T]: 206: ch[T]: 206: cx[T]: 206: :Read Flags: :Read Memory: :
TID: 3:IP: 6429157e:Disasm shl cl, 0x4:IMG: C:\Program Files\DAEMON Tools Lite\Engine.dll:RTN: .text:Read Regs: ecx[T]: 818: cl[T]: 818: cx[T]: 818: :Read Flags: :Read Memory: :
TID: 3:IP: 64291581:Disasm pushfd :IMG: C:\Program Files\DAEMON Tools Lite\Engine.dll:RTN: .text:Read Regs: esp: 12e534: ss: 23: eflags[T]: 283: sp: 12e534: :Read Flags: 3f7700:df vif iopl if ac vm rf nt tf id vip [T 8d5:of sf zf af pf cf ]:Values:283:Read Memory: :
TID: 3:IP: 64291582:Disasm sub esi, 0xffffffff:IMG: C:\Program Files\DAEMON Tools Lite\Engine.dll:RTN: .text:Read Regs: esi[T]: 644814c6: si[T]: 644814c6: :Read Flags: :Read Memory: :
TID: 3:IP: 64291585:Disasm xor cl, bh:IMG: C:\Program Files\DAEMON Tools Lite\Engine.dll:RTN: .text:Read Regs: ebx[T]: c1129746: ecx[T]: 880: cl[T]: 880: cx[T]: 880: bh[T]: c1129746: bx[T]: c1129746: :Read Flags: :Read Memory: :
TID: 3:IP: 64291587:Disasm add ecx, esi:IMG: C:\Program Files\DAEMON Tools Lite\Engine.dll:RTN: .text:Read Regs: esi[T]: 644814c7: ecx[T]: 817: cl[T]: 817: ch[T]: 817: cx[T]: 817: si[T]: 644814c7: :Read Flags: :Read Memory: :
TID: 3:IP: 64291589:Disasm btc cx, bx:IMG: C:\Program Files\DAEMON Tools Lite\Engine.dll:RTN: .text:Read Regs: ebx[T]: c1129746: ecx[T]: 64481cde: cl[T]: 64481cde: ch[T]: 64481cde: cx[T]: 64481cde: bl[T]: c1129746: bh[T]: c1129746: bx[T]: c1129746: :Read Flags: :Read Memory: :
TID: 3:IP: 6429158d:Disasm movzx eax, al:IMG: C:\Program Files\DAEMON Tools Lite\Engine.dll:RTN: .text:Read Regs: eax[T]: 74: al[T]: 74: ax[T]: 74: :Read Flags: :Read Memory: :
TID: 3:IP: 64291590:Disasm bswap cx:IMG: C:\Program Files\DAEMON Tools Lite\Engine.dll:RTN: .text:Read Regs: ecx[T]: 64481c9e: cl[T]: 64481c9e: ch[T]: 64481c9e: cx[T]: 64481c9e: :Read Flags: :Read Memory: :
TID: 3:IP: 64291593:Disasm cmp ah, 0x70:IMG: C:\Program Files\DAEMON Tools Lite\Engine.dll:RTN: .text:Read Regs: eax[T]: 74: ah[T]: 74: ax[T]: 74: :Read Flags: :Read Memory: :
TID: 3:IP: 6429159a:Disasm setnp ch:IMG: C:\Program Files\DAEMON Tools Lite\Engine.dll:RTN: .text:Read Regs: eflags[T]: 287: :Read Flags: 0:[T 4:pf ]:Values:287:Read Memory: :
TID: 3:IP: 6429159d:Disasm mov ecx, dword ptr [eax*4+0x642a0250]:IMG: C:\Program Files\DAEMON Tools Lite\Engine.dll:RTN: .text:Read Regs: eax[T]: 74: ds: 23: al[T]: 74: ah[T]: 74: ax[T]: 74: :Read Flags: :Read Memory: 642a0420 642a0421 642a0422 642a0423 :
TID: 3:IP: 642915a8:Disasm bswap ecx:IMG: C:\Program Files\DAEMON Tools Lite\Engine.dll:RTN: .text:Read Regs: ecx[T]: ad990110: cl[T]: ad990110: ch[T]: ad990110: cx[T]: ad990110: :Read Flags: :Read Memory: :
TID: 3:IP: 642915b0:Disasm mov byte ptr [esp], bh:IMG: C:\Program Files\DAEMON Tools Lite\Engine.dll:RTN: .text:Read Regs: esp: 12e530: ebx[T]: c1129746: ss: 23: bh[T]: c1129746: bx[T]: c1129746: sp: 12e530: :Read Flags: :Read Memory: :
TID: 3:IP: 642915b3:Disasm add ecx, 0x54270000:IMG: C:\Program Files\DAEMON Tools Lite\Engine.dll:RTN: .text:Read Regs: ecx[T]: 100199ad: cl[T]: 100199ad: ch[T]: 100199ad: cx[T]: 100199ad: :Read Flags: :Read Memory: :
TID: 3:IP: 642915b9:Disasm push dword ptr [esp]:IMG: C:\Program Files\DAEMON Tools Lite\Engine.dll:RTN: .text:Read Regs: esp: 12e530: ss: 23: sp: 12e530: :Read Flags: :Read Memory: 12e530 [T] 12e531 12e532 [T] 12e533 [T] :
TID: 3:IP: 642915bc:Disasm pushad :IMG: C:\Program Files\DAEMON Tools Lite\Engine.dll:RTN: .text:Read Regs: edi: 12e534: esi[T]: 644814c7: ebp: 12e618: esp: 12e52c: ebx[T]: c1129746: edx: 12e678: ecx[T]: 642899ad: eax[T]: 74: ss: 23: al[T]: 74: ah[T]: 74: ax[T]: 74: cl[T]: 642899ad: ch[T]: 642899ad: cx[T]: 642899ad: dl: 12e678: dh: 12e678: dx: 12e678: bl[T]: c1129746: bh[T]: c1129746: bx[T]: c1129746: bp: 12e618: si[T]: 644814c7: di: 12e534: sp: 12e52c: :Read Flags: :Read Memory: :
TID: 3:IP: 642919e6:Disasm mov dword ptr [esp+0x24], ecx:IMG: C:\Program Files\DAEMON Tools Lite\Engine.dll:RTN: .text:Read Regs: esp: 12e50c: ecx[T]: 642899ad: ss: 23: cl[T]: 642899ad: ch[T]: 642899ad: cx[T]: 642899ad: sp: 12e50c: :Read Flags: :Read Memory: :
TID: 3:IP: 642919ea:Disasm pushfd :IMG: C:\Program Files\DAEMON Tools Lite\Engine.dll:RTN: .text:Read Regs: esp: 12e50c: ss: 23: eflags[T]: 202: sp: 12e50c: :Read Flags: 3f7700:df vif iopl if ac vm rf nt tf id vip [T 8d5:of sf zf af pf cf ]:Values:202:Read Memory: :
TID: 3:IP: 642919f6:Disasm push dword ptr [esp+0x28]:IMG: C:\Program Files\DAEMON Tools Lite\Engine.dll:RTN: .text:Read Regs: esp: 12e508: ss: 23: sp: 12e508: :Read Flags: :Read Memory: 12e530 [T] 12e531 [T] 12e532 [T] 12e533 [T] :
TID: 3:IP: 642919fa:Disasm ret 0x2c:IMG: C:\Program Files\DAEMON Tools Lite\Engine.dll:RTN: .text:Read Regs: esp: 12e504: ss: 23: sp: 12e504: :Read Flags: :Read Memory: 12e504 [T] 12e505 [T] 12e506 [T] 12e507 [T] :
TID: 3:IP: 642899ad:Disasm das :IMG: C:\Program Files\DAEMON Tools Lite\Engine.dll:RTN: .text:Read Regs: eax[T]: 74: eflags[T]: 202: al[T]: 74: ax[T]: 74: :Read Flags: 0:[T 11:af cf ]:Values:202:Read Memory: :
TID: 3:IP: 642899b6:Disasm bt di, bx:IMG: C:\Program Files\DAEMON Tools Lite\Engine.dll:RTN: .text:Read Regs: edi: 12e534: ebx[T]: c1129746: bl[T]: c1129746: bh[T]: c1129746: bx[T]: c1129746: di: 12e534: :Read Flags: :Read Memory: :
TID: 3:IP: 6428b040:Disasm pushad :IMG: C:\Program Files\DAEMON Tools Lite\Engine.dll:RTN: .text:Read Regs: edi: 12e534: esi[T]: 644814c7: ebp: 12e614: esp: 12e528: ebx[T]: c1129746: edx: 12e678: ecx[T]: 642899ad: eax: 12e618: ss: 23: al: 12e618: ah: 12e618: ax: 12e618: cl[T]: 642899ad: ch[T]: 642899ad: cx[T]: 642899ad: dl: 12e678: dh: 12e678: dx: 12e678: bl[T]: c1129746: bh[T]: c1129746: bx[T]: c1129746: bp: 12e614: si[T]: 644814c7: di: 12e534: sp: 12e528: :Read Flags: :Read Memory: :
TID: 3:IP: 6428953e:Disasm xor ax, bx:IMG: C:\Program Files\DAEMON Tools Lite\Engine.dll:RTN: .text:Read Regs: ebx[T]: c1129746: eax: 12e618: al: 12e618: ah: 12e618: ax: 12e618: bl[T]: c1129746: bh[T]: c1129746: bx[T]: c1129746: :Read Flags: :Read Memory: :
TID: 3:IP: 64289541:Disasm shrd ax, di, cl:IMG: C:\Program Files\DAEMON Tools Lite\Engine.dll:RTN: .text:Read Regs: edi: 12e534: ecx[T]: 642899ad: eax[T]: 12715e: al[T]: 12715e: ah[T]: 12715e: ax[T]: 12715e: cl[T]: 642899ad: cx[T]: 642899ad: di: 12e534: :Read Flags: :Read Memory: :
TID: 3:IP: 64289548:Disasm cmc :IMG: C:\Program Files\DAEMON Tools Lite\Engine.dll:RTN: .text:Read Regs: eflags[T]: 207: :Read Flags: 0:[T 1:cf ]:Values:207:Read Memory: :
TID: 3:IP: 64291548:Disasm sbb al, bh:IMG: C:\Program Files\DAEMON Tools Lite\Engine.dll:RTN: .text:Read Regs: ebx[T]: c1129746: eax: 12e584: eflags: 206: al: 12e584: ax: 12e584: bh[T]: c1129746: bx[T]: c1129746: :Read Flags: 1:cf :Values:206:Read Memory: :
TID: 3:IP: 6429154a:Disasm xchg ch, al:IMG: C:\Program Files\DAEMON Tools Lite\Engine.dll:RTN: .text:Read Regs: ecx[T]: 642899ad: eax[T]: 12e5ed: al[T]: 12e5ed: ax[T]: 12e5ed: ch[T]: 642899ad: cx[T]: 642899ad: :Read Flags: :Read Memory: :
TID: 3:IP: 6429154c:Disasm mov al, byte ptr [esi]:IMG: C:\Program Files\DAEMON Tools Lite\Engine.dll:RTN: .text:Read Regs: esi[T]: 644814c7: ds: 23: si[T]: 644814c7: :Read Flags: :Read Memory: 644814c7 :
TID: 3:IP: 6429154e:Disasm shr cl, 0x1:IMG: C:\Program Files\DAEMON Tools Lite\Engine.dll:RTN: .text:Read Regs: ecx[T]: 6428edad: cl[T]: 6428edad: cx[T]: 6428edad: :Read Flags: :Read Memory: :
TID: 3:IP: 64291550:Disasm not ecx:IMG: C:\Program Files\DAEMON Tools Lite\Engine.dll:RTN: .text:Read Regs: ecx[T]: 6428ed56: cl[T]: 6428ed56: ch[T]: 6428ed56: cx[T]: 6428ed56: :Read Flags: :Read Memory: :
TID: 3:IP: 64291552:Disasm cmc :IMG: C:\Program Files\DAEMON Tools Lite\Engine.dll:RTN: .text:Read Regs: eflags[T]: a07: :Read Flags: 0:[T 1:cf ]:Values:a07:Read Memory: :
TID: 3:IP: 64291553:Disasm sub al, bl:IMG: C:\Program Files\DAEMON Tools Lite\Engine.dll:RTN: .text:Read Regs: ebx[T]: c1129746: eax[T]: 12e536: al[T]: 12e536: ax[T]: 12e536: bl[T]: c1129746: bx[T]: c1129746: :Read Flags: :Read Memory: :
TID: 3:IP: 64291555:Disasm movzx cx, bl:IMG: C:\Program Files\DAEMON Tools Lite\Engine.dll:RTN: .text:Read Regs: ebx[T]: c1129746: bl[T]: c1129746: bx[T]: c1129746: :Read Flags: :Read Memory: :
TID: 3:IP: 64291559:Disasm movsx cx, cl:IMG: C:\Program Files\DAEMON Tools Lite\Engine.dll:RTN: .text:Read Regs: ecx[T]: 9bd70046: cl[T]: 9bd70046: cx[T]: 9bd70046: :Read Flags: :Read Memory: :
TID: 3:IP: 6429155f:Disasm dec al:IMG: C:\Program Files\DAEMON Tools Lite\Engine.dll:RTN: .text:Read Regs: eax[T]: 12e5f0: al[T]: 12e5f0: ax[T]: 12e5f0: :Read Flags: :Read Memory: :
TID: 3:IP: 64291561:Disasm pushfd :IMG: C:\Program Files\DAEMON Tools Lite\Engine.dll:RTN: .text:Read Regs: esp: 12e534: ss: 23: eflags[T]: 293: sp: 12e534: :Read Flags: 3f7700:df vif iopl if ac vm rf nt tf id vip [T 8d5:of sf zf af pf cf ]:Values:293:Read Memory: :
TID: 3:IP: 64291562:Disasm rol al, 0x7:IMG: C:\Program Files\DAEMON Tools Lite\Engine.dll:RTN: .text:Read Regs: eax[T]: 12e5ef: al[T]: 12e5ef: ax[T]: 12e5ef: :Read Flags: :Read Memory: :
TID: 3:IP: 64291565:Disasm rol cx, 0xe:IMG: C:\Program Files\DAEMON Tools Lite\Engine.dll:RTN: .text:Read Regs: ecx: 9bd700c3: cl: 9bd700c3: ch[T]: 9bd700c3: cx: 9bd700c3: :Read Flags: :Read Memory: :
TID: 3:IP: 64291569:Disasm not al:IMG: C:\Program Files\DAEMON Tools Lite\Engine.dll:RTN: .text:Read Regs: eax[T]: 12e5f7: al[T]: 12e5f7: ax[T]: 12e5f7: :Read Flags: :Read Memory: :
TID: 3:IP: 6429156b:Disasm movsx ecx, cl:IMG: C:\Program Files\DAEMON Tools Lite\Engine.dll:RTN: .text:Read Regs: ecx[T]: 9bd7c030: cl[T]: 9bd7c030: cx[T]: 9bd7c030: :Read Flags: :Read Memory: :
TID: 3:IP: 6429156e:Disasm movzx cx, cl:IMG: C:\Program Files\DAEMON Tools Lite\Engine.dll:RTN: .text:Read Regs: ecx[T]: 30: cl[T]: 30: cx[T]: 30: :Read Flags: :Read Memory: :
TID: 3:IP: 64291572:Disasm shr ecx, cl:IMG: C:\Program Files\DAEMON Tools Lite\Engine.dll:RTN: .text:Read Regs: ecx[T]: 30: cl[T]: 30: ch[T]: 30: cx[T]: 30: :Read Flags: :Read Memory: :
TID: 3:IP: 64291574:Disasm and ch, 0xe4:IMG: C:\Program Files\DAEMON Tools Lite\Engine.dll:RTN: .text:Read Regs: ecx[T]: 0: ch[T]: 0: cx[T]: 0: :Read Flags: :Read Memory: :
TID: 3:IP: 64291577:Disasm sub bl, al:IMG: C:\Program Files\DAEMON Tools Lite\Engine.dll:RTN: .text:Read Regs: ebx[T]: c1129746: eax[T]: 12e508: al[T]: 12e508: ax[T]: 12e508: bl[T]: c1129746: bx[T]: c1129746: :Read Flags: :Read Memory: :
TID: 3:IP: 64291579:Disasm pop ecx:IMG: C:\Program Files\DAEMON Tools Lite\Engine.dll:RTN: .text:Read Regs: esp: 12e530: ss: 23: sp: 12e530: :Read Flags: :Read Memory: 12e530 [T] 12e531 [T] 12e532 [T] 12e533 [T] :
TID: 3:IP: 6429157a:Disasm ror cx, 0xe:IMG: C:\Program Files\DAEMON Tools Lite\Engine.dll:RTN: .text:Read Regs: ecx[T]: 293: cl[T]: 293: ch[T]: 293: cx[T]: 293: :Read Flags: :Read Memory: :
TID: 3:IP: 6429157e:Disasm shl cl, 0x4:IMG: C:\Program Files\DAEMON Tools Lite\Engine.dll:RTN: .text:Read Regs: ecx[T]: a4c: cl[T]: a4c: cx[T]: a4c: :Read Flags: :Read Memory: :
TID: 3:IP: 64291581:Disasm pushfd :IMG: C:\Program Files\DAEMON Tools Lite\Engine.dll:RTN: .text:Read Regs: esp: 12e534: ss: 23: eflags[T]: a86: sp: 12e534: :Read Flags: 3f7700:df vif iopl if ac vm rf nt tf id vip [T 8d5:of sf zf af pf cf ]:Values:a86:Read Memory: :
TID: 3:IP: 64291582:Disasm sub esi, 0xffffffff:IMG: C:\Program Files\DAEMON Tools Lite\Engine.dll:RTN: .text:Read Regs: esi[T]: 644814c7: si[T]: 644814c7: :Read Flags: :Read Memory: :
TID: 3:IP: 64291585:Disasm xor cl, bh:IMG: C:\Program Files\DAEMON Tools Lite\Engine.dll:RTN: .text:Read Regs: ebx[T]: c112973e: ecx[T]: ac0: cl[T]: ac0: cx[T]: ac0: bh[T]: c112973e: bx[T]: c112973e: :Read Flags: :Read Memory: :
TID: 3:IP: 64291587:Disasm add ecx, esi:IMG: C:\Program Files\DAEMON Tools Lite\Engine.dll:RTN: .text:Read Regs: esi[T]: 644814c8: ecx[T]: a57: cl[T]: a57: ch[T]: a57: cx[T]: a57: si[T]: 644814c8: :Read Flags: :Read Memory: :
TID: 3:IP: 64291589:Disasm btc cx, bx:IMG: C:\Program Files\DAEMON Tools Lite\Engine.dll:RTN: .text:Read Regs: ebx[T]: c112973e: ecx[T]: 64481f1f: cl[T]: 64481f1f: ch[T]: 64481f1f: cx[T]: 64481f1f: bl[T]: c112973e: bh[T]: c112973e: bx[T]: c112973e: :Read Flags: :Read Memory: :
TID: 3:IP: 6429158d:Disasm movzx eax, al:IMG: C:\Program Files\DAEMON Tools Lite\Engine.dll:RTN: .text:Read Regs: eax[T]: 12e508: al[T]: 12e508: ax[T]: 12e508: :Read Flags: :Read Memory: :
TID: 3:IP: 64291590:Disasm bswap cx:IMG: C:\Program Files\DAEMON Tools Lite\Engine.dll:RTN: .text:Read Regs: ecx[T]: 64485f1f: cl[T]: 64485f1f: ch[T]: 64485f1f: cx[T]: 64485f1f: :Read Flags: :Read Memory: :
TID: 3:IP: 64291593:Disasm cmp ah, 0x70:IMG: C:\Program Files\DAEMON Tools Lite\Engine.dll:RTN: .text:Read Regs: eax[T]: 8: ah[T]: 8: ax[T]: 8: :Read Flags: :Read Memory: :
TID: 3:IP: 6429159a:Disasm setnp ch:IMG: C:\Program Files\DAEMON Tools Lite\Engine.dll:RTN: .text:Read Regs: eflags[T]: 287: :Read Flags: 0:[T 4:pf ]:Values:287:Read Memory: :
TID: 3:IP: 6429159d:Disasm mov ecx, dword ptr [eax*4+0x642a0250]:IMG: C:\Program Files\DAEMON Tools Lite\Engine.dll:RTN: .text:Read Regs: eax[T]: 8: ds: 23: al[T]: 8: ah[T]: 8: ax[T]: 8: :Read Flags: :Read Memory: 642a0270 642a0271 642a0272 642a0273 :
TID: 3:IP: 642915a8:Disasm bswap ecx:IMG: C:\Program Files\DAEMON Tools Lite\Engine.dll:RTN: .text:Read Regs: ecx[T]: 92250210: cl[T]: 92250210: ch[T]: 92250210: cx[T]: 92250210: :Read Flags: :Read Memory: :
TID: 3:IP: 642915b0:Disasm mov byte ptr [esp], bh:IMG: C:\Program Files\DAEMON Tools Lite\Engine.dll:RTN: .text:Read Regs: esp: 12e530: ebx[T]: c112973e: ss: 23: bh[T]: c112973e: bx[T]: c112973e: sp: 12e530: :Read Flags: :Read Memory: :
TID: 3:IP: 642915b3:Disasm add ecx, 0x54270000:IMG: C:\Program Files\DAEMON Tools Lite\Engine.dll:RTN: .text:Read Regs: ecx[T]: 10022592: cl[T]: 10022592: ch[T]: 10022592: cx[T]: 10022592: :Read Flags: :Read Memory: :
TID: 3:IP: 642915b9:Disasm push dword ptr [esp]:IMG: C:\Program Files\DAEMON Tools Lite\Engine.dll:RTN: .text:Read Regs: esp: 12e530: ss: 23: sp: 12e530: :Read Flags: :Read Memory: 12e530 [T] 12e531 12e532 [T] 12e533 [T] :
TID: 3:IP: 642915bc:Disasm pushad :IMG: C:\Program Files\DAEMON Tools Lite\Engine.dll:RTN: .text:Read Regs: edi: 12e534: esi[T]: 644814c8: ebp: 12e614: esp: 12e52c: ebx[T]: c112973e: edx: 12e678: ecx[T]: 64292592: eax[T]: 8: ss: 23: al[T]: 8: ah[T]: 8: ax[T]: 8: cl[T]: 64292592: ch[T]: 64292592: cx[T]: 64292592: dl: 12e678: dh: 12e678: dx: 12e678: bl[T]: c112973e: bh[T]: c112973e: bx[T]: c112973e: bp: 12e614: si[T]: 644814c8: di: 12e534: sp: 12e52c: :Read Flags: :Read Memory: :
TID: 3:IP: 642919e6:Disasm mov dword ptr [esp+0x24], ecx:IMG: C:\Program Files\DAEMON Tools Lite\Engine.dll:RTN: .text:Read Regs: esp: 12e50c: ecx[T]: 64292592: ss: 23: cl[T]: 64292592: ch[T]: 64292592: cx[T]: 64292592: sp: 12e50c: :Read Flags: :Read Memory: :
TID: 3:IP: 642919ea:Disasm pushfd :IMG: C:\Program Files\DAEMON Tools Lite\Engine.dll:RTN: .text:Read Regs: esp: 12e50c: ss: 23: eflags[T]: 202: sp: 12e50c: :Read Flags: 3f7700:df vif iopl if ac vm rf nt tf id vip [T 8d5:of sf zf af pf cf ]:Values:202:Read Memory: :
TID: 3:IP: 642919f6:Disasm push dword ptr [esp+0x28]:IMG: C:\Program Files\DAEMON Tools Lite\Engine.dll:RTN: .text:Read Regs: esp: 12e508: ss: 23: sp: 12e508: :Read Flags: :Read Memory: 12e530 [T] 12e531 [T] 12e532 [T] 12e533 [T] :
TID: 3:IP: 642919fa:Disasm ret 0x2c:IMG: C:\Program Files\DAEMON Tools Lite\Engine.dll:RTN: .text:Read Regs: esp: 12e504: ss: 23: sp: 12e504: :Read Flags: :Read Memory: 12e504 [T] 12e505 [T] 12e506 [T] 12e507 [T] :
TID: 3:IP: 64292592:Disasm pushad :IMG: C:\Program Files\DAEMON Tools Lite\Engine.dll:RTN: .text:Read Regs: edi: 12e534: esi[T]: 644814c8: ebp: 12e614: esp: 12e534: ebx[T]: c112973e: edx: 12e678: ecx[T]: 64292592: eax[T]: 8: ss: 23: al[T]: 8: ah[T]: 8: ax[T]: 8: cl[T]: 64292592: ch[T]: 64292592: cx[T]: 64292592: dl: 12e678: dh: 12e678: dx: 12e678: bl[T]: c112973e: bh[T]: c112973e: bx[T]: c112973e: bp: 12e614: si[T]: 644814c8: di: 12e534: sp: 12e534: :Read Flags: :Read Memory: :
TID: 3:IP: 64292596:Disasm pushfd :IMG: C:\Program Files\DAEMON Tools Lite\Engine.dll:RTN: .text:Read Regs: esp: 12e514: ss: 23: eflags[T]: 202: sp: 12e514: :Read Flags: 3f7700:df vif iopl if ac vm rf nt tf id vip [T 8d5:of sf zf af pf cf ]:Values:202:Read Memory: :
TID: 3:IP: 64291548:Disasm sbb al, bh:IMG: C:\Program Files\DAEMON Tools Lite\Engine.dll:RTN: .text:Read Regs: ebx[T]: c112973e: eax: 12e678: eflags[T]: 202: al: 12e678: ax: 12e678: bh[T]: c112973e: bx[T]: c112973e: :Read Flags: 0:[T 1:cf ]:Values:202:Read Memory: :
TID: 3:IP: 6429154a:Disasm xchg ch, al:IMG: C:\Program Files\DAEMON Tools Lite\Engine.dll:RTN: .text:Read Regs: ecx[T]: 64292592: eax[T]: 12e6e1: al[T]: 12e6e1: ax[T]: 12e6e1: ch[T]: 64292592: cx[T]: 64292592: :Read Flags: :Read Memory: :
TID: 3:IP: 6429154c:Disasm mov al, byte ptr [esi]:IMG: C:\Program Files\DAEMON Tools Lite\Engine.dll:RTN: .text:Read Regs: esi[T]: 644814c8: ds: 23: si[T]: 644814c8: :Read Flags: :Read Memory: 644814c8 :
TID: 3:IP: 6429154e:Disasm shr cl, 0x1:IMG: C:\Program Files\DAEMON Tools Lite\Engine.dll:RTN: .text:Read Regs: ecx[T]: 6429e192: cl[T]: 6429e192: cx[T]: 6429e192: :Read Flags: :Read Memory: :
TID: 3:IP: 64291550:Disasm not ecx:IMG: C:\Program Files\DAEMON Tools Lite\Engine.dll:RTN: .text:Read Regs: ecx[T]: 6429e149: cl[T]: 6429e149: ch[T]: 6429e149: cx[T]: 6429e149: :Read Flags: :Read Memory: :
TID: 3:IP: 64291552:Disasm cmc :IMG: C:\Program Files\DAEMON Tools Lite\Engine.dll:RTN: .text:Read Regs: eflags[T]: a02: :Read Flags: 0:[T 1:cf ]:Values:a02:Read Memory: :
TID: 3:IP: 64291553:Disasm sub al, bl:IMG: C:\Program Files\DAEMON Tools Lite\Engine.dll:RTN: .text:Read Regs: ebx[T]: c112973e: eax[T]: 12e6b8: al[T]: 12e6b8: ax[T]: 12e6b8: bl[T]: c112973e: bx[T]: c112973e: :Read Flags: :Read Memory: :
TID: 3:IP: 64291555:Disasm movzx cx, bl:IMG: C:\Program Files\DAEMON Tools Lite\Engine.dll:RTN: .text:Read Regs: ebx[T]: c112973e: bl[T]: c112973e: bx[T]: c112973e: :Read Flags: :Read Memory: :
TID: 3:IP: 64291559:Disasm movsx cx, cl:IMG: C:\Program Files\DAEMON Tools Lite\Engine.dll:RTN: .text:Read Regs: ecx[T]: 9bd6003e: cl[T]: 9bd6003e: cx[T]: 9bd6003e: :Read Flags: :Read Memory: :
TID: 3:IP: 6429155f:Disasm dec al:IMG: C:\Program Files\DAEMON Tools Lite\Engine.dll:RTN: .text:Read Regs: eax[T]: 12e67a: al[T]: 12e67a: ax[T]: 12e67a: :Read Flags: :Read Memory: :
TID: 3:IP: 64291561:Disasm pushfd :IMG: C:\Program Files\DAEMON Tools Lite\Engine.dll:RTN: .text:Read Regs: esp: 12e534: ss: 23: eflags[T]: 202: sp: 12e534: :Read Flags: 3f7700:df vif iopl if ac vm rf nt tf id vip [T 8d5:of sf zf af pf cf ]:Values:202:Read Memory: :
TID: 3:IP: 64291562:Disasm rol al, 0x7:IMG: C:\Program Files\DAEMON Tools Lite\Engine.dll:RTN: .text:Read Regs: eax[T]: 12e679: al[T]: 12e679: ax[T]: 12e679: :Read Flags: :Read Memory: :
TID: 3:IP: 64291565:Disasm rol cx, 0xe:IMG: C:\Program Files\DAEMON Tools Lite\Engine.dll:RTN: .text:Read Regs: ecx: 9bd600c3: cl: 9bd600c3: ch[T]: 9bd600c3: cx: 9bd600c3: :Read Flags: :Read Memory: :
TID: 3:IP: 64291569:Disasm not al:IMG: C:\Program Files\DAEMON Tools Lite\Engine.dll:RTN: .text:Read Regs: eax[T]: 12e6bc: al[T]: 12e6bc: ax[T]: 12e6bc: :Read Flags: :Read Memory: :
TID: 3:IP: 6429156b:Disasm movsx ecx, cl:IMG: C:\Program Files\DAEMON Tools Lite\Engine.dll:RTN: .text:Read Regs: ecx[T]: 9bd6c030: cl[T]: 9bd6c030: cx[T]: 9bd6c030: :Read Flags: :Read Memory: :
TID: 3:IP: 6429156e:Disasm movzx cx, cl:IMG: C:\Program Files\DAEMON Tools Lite\Engine.dll:RTN: .text:Read Regs: ecx[T]: 30: cl[T]: 30: cx[T]: 30: :Read Flags: :Read Memory: :
TID: 3:IP: 64291572:Disasm shr ecx, cl:IMG: C:\Program Files\DAEMON Tools Lite\Engine.dll:RTN: .text:Read Regs: ecx[T]: 30: cl[T]: 30: ch[T]: 30: cx[T]: 30: :Read Flags: :Read Memory: :
TID: 3:IP: 64291574:Disasm and ch, 0xe4:IMG: C:\Program Files\DAEMON Tools Lite\Engine.dll:RTN: .text:Read Regs: ecx[T]: 0: ch[T]: 0: cx[T]: 0: :Read Flags: :Read Memory: :
TID: 3:IP: 64291577:Disasm sub bl, al:IMG: C:\Program Files\DAEMON Tools Lite\Engine.dll:RTN: .text:Read Regs: ebx[T]: c112973e: eax[T]: 12e643: al[T]: 12e643: ax[T]: 12e643: bl[T]: c112973e: bx[T]: c112973e: :Read Flags: :Read Memory: :
TID: 3:IP: 64291579:Disasm pop ecx:IMG: C:\Program Files\DAEMON Tools Lite\Engine.dll:RTN: .text:Read Regs: esp: 12e530: ss: 23: sp: 12e530: :Read Flags: :Read Memory: 12e530 [T] 12e531 [T] 12e532 [T] 12e533 [T] :
TID: 3:IP: 6429157a:Disasm ror cx, 0xe:IMG: C:\Program Files\DAEMON Tools Lite\Engine.dll:RTN: .text:Read Regs: ecx[T]: 202: cl[T]: 202: ch[T]: 202: cx[T]: 202: :Read Flags: :Read Memory: :
TID: 3:IP: 6429157e:Disasm shl cl, 0x4:IMG: C:\Program Files\DAEMON Tools Lite\Engine.dll:RTN: .text:Read Regs: ecx[T]: 808: cl[T]: 808: cx[T]: 808: :Read Flags: :Read Memory: :
TID: 3:IP: 64291581:Disasm pushfd :IMG: C:\Program Files\DAEMON Tools Lite\Engine.dll:RTN: .text:Read Regs: esp: 12e534: ss: 23: eflags[T]: 282: sp: 12e534: :Read Flags: 3f7700:df vif iopl if ac vm rf nt tf id vip [T 8d5:of sf zf af pf cf ]:Values:282:Read Memory: :
TID: 3:IP: 64291582:Disasm sub esi, 0xffffffff:IMG: C:\Program Files\DAEMON Tools Lite\Engine.dll:RTN: .text:Read Regs: esi[T]: 644814c8: si[T]: 644814c8: :Read Flags: :Read Memory: :
TID: 3:IP: 64291585:Disasm xor cl, bh:IMG: C:\Program Files\DAEMON Tools Lite\Engine.dll:RTN: .text:Read Regs: ebx[T]: c11297fb: ecx[T]: 880: cl[T]: 880: cx[T]: 880: bh[T]: c11297fb: bx[T]: c11297fb: :Read Flags: :Read Memory: :
TID: 3:IP: 64291587:Disasm add ecx, esi:IMG: C:\Program Files\DAEMON Tools Lite\Engine.dll:RTN: .text:Read Regs: esi[T]: 644814c9: ecx[T]: 817: cl[T]: 817: ch[T]: 817: cx[T]: 817: si[T]: 644814c9: :Read Flags: :Read Memory: :
TID: 3:IP: 64291589:Disasm btc cx, bx:IMG: C:\Program Files\DAEMON Tools Lite\Engine.dll:RTN: .text:Read Regs: ebx[T]: c11297fb: ecx[T]: 64481ce0: cl[T]: 64481ce0: ch[T]: 64481ce0: cx[T]: 64481ce0: bl[T]: c11297fb: bh[T]: c11297fb: bx[T]: c11297fb: :Read Flags: :Read Memory: :
TID: 3:IP: 6429158d:Disasm movzx eax, al:IMG: C:\Program Files\DAEMON Tools Lite\Engine.dll:RTN: .text:Read Regs: eax[T]: 12e643: al[T]: 12e643: ax[T]: 12e643: :Read Flags: :Read Memory: :
TID: 3:IP: 64291590:Disasm bswap cx:IMG: C:\Program Files\DAEMON Tools Lite\Engine.dll:RTN: .text:Read Regs: ecx[T]: 644814e0: cl[T]: 644814e0: ch[T]: 644814e0: cx[T]: 644814e0: :Read Flags: :Read Memory: :
TID: 3:IP: 64291593:Disasm cmp ah, 0x70:IMG: C:\Program Files\DAEMON Tools Lite\Engine.dll:RTN: .text:Read Regs: eax[T]: 43: ah[T]: 43: ax[T]: 43: :Read Flags: :Read Memory: :
TID: 3:IP: 6429159a:Disasm setnp ch:IMG: C:\Program Files\DAEMON Tools Lite\Engine.dll:RTN: .text:Read Regs: eflags[T]: 287: :Read Flags: 0:[T 4:pf ]:Values:287:Read Memory: :
TID: 3:IP: 6429159d:Disasm mov ecx, dword ptr [eax*4+0x642a0250]:IMG: C:\Program Files\DAEMON Tools Lite\Engine.dll:RTN: .text:Read Regs: eax[T]: 43: ds: 23: al[T]: 43: ah[T]: 43: ax[T]: 43: :Read Flags: :Read Memory: 642a035c 642a035d 642a035e 642a035f :
TID: 3:IP: 642915a8:Disasm bswap ecx:IMG: C:\Program Files\DAEMON Tools Lite\Engine.dll:RTN: .text:Read Regs: ecx[T]: f4950110: cl[T]: f4950110: ch[T]: f4950110: cx[T]: f4950110: :Read Flags: :Read Memory: :
TID: 3:IP: 642915b0:Disasm mov byte ptr [esp], bh:IMG: C:\Program Files\DAEMON Tools Lite\Engine.dll:RTN: .text:Read Regs: esp: 12e530: ebx[T]: c11297fb: ss: 23: bh[T]: c11297fb: bx[T]: c11297fb: sp: 12e530: :Read Flags: :Read Memory: :
TID: 3:IP: 642915b3:Disasm add ecx, 0x54270000:IMG: C:\Program Files\DAEMON Tools Lite\Engine.dll:RTN: .text:Read Regs: ecx[T]: 100195f4: cl[T]: 100195f4: ch[T]: 100195f4: cx[T]: 100195f4: :Read Flags: :Read Memory: :
TID: 3:IP: 642915b9:Disasm push dword ptr [esp]:IMG: C:\Program Files\DAEMON Tools Lite\Engine.dll:RTN: .text:Read Regs: esp: 12e530: ss: 23: sp: 12e530: :Read Flags: :Read Memory: 12e530 [T] 12e531 12e532 [T] 12e533 [T] :
TID: 3:IP: 642915bc:Disasm pushad :IMG: C:\Program Files\DAEMON Tools Lite\Engine.dll:RTN: .text:Read Regs: edi: 12e534: esi[T]: 644814c9: ebp: 12e614: esp: 12e52c: ebx[T]: c11297fb: edx: 12e678: ecx[T]: 642895f4: eax[T]: 43: ss: 23: al[T]: 43: ah[T]: 43: ax[T]: 43: cl[T]: 642895f4: ch[T]: 642895f4: cx[T]: 642895f4: dl: 12e678: dh: 12e678: dx: 12e678: bl[T]: c11297fb: bh[T]: c11297fb: bx[T]: c11297fb: bp: 12e614: si[T]: 644814c9: di: 12e534: sp: 12e52c: :Read Flags: :Read Memory: :
TID: 3:IP: 642919e6:Disasm mov dword ptr [esp+0x24], ecx:IMG: C:\Program Files\DAEMON Tools Lite\Engine.dll:RTN: .text:Read Regs: esp: 12e50c: ecx[T]: 642895f4: ss: 23: cl[T]: 642895f4: ch[T]: 642895f4: cx[T]: 642895f4: sp: 12e50c: :Read Flags: :Read Memory: :
TID: 3:IP: 642919ea:Disasm pushfd :IMG: C:\Program Files\DAEMON Tools Lite\Engine.dll:RTN: .text:Read Regs: esp: 12e50c: ss: 23: eflags[T]: 202: sp: 12e50c: :Read Flags: 3f7700:df vif iopl if ac vm rf nt tf id vip [T 8d5:of sf zf af pf cf ]:Values:202:Read Memory: :
TID: 3:IP: 642919f6:Disasm push dword ptr [esp+0x28]:IMG: C:\Program Files\DAEMON Tools Lite\Engine.dll:RTN: .text:Read Regs: esp: 12e508: ss: 23: sp: 12e508: :Read Flags: :Read Memory: 12e530 [T] 12e531 [T] 12e532 [T] 12e533 [T] :
TID: 3:IP: 642919fa:Disasm ret 0x2c:IMG: C:\Program Files\DAEMON Tools Lite\Engine.dll:RTN: .text:Read Regs: esp: 12e504: ss: 23: sp: 12e504: :Read Flags: :Read Memory: 12e504 [T] 12e505 [T] 12e506 [T] 12e507 [T] :
TID: 3:IP: 64292a9f:Disasm movsx eax, bl:IMG: C:\Program Files\DAEMON Tools Lite\Engine.dll:RTN: .text:Read Regs: ebx[T]: c11297fb: bl[T]: c11297fb: bx[T]: c11297fb: :Read Flags: :Read Memory: :
TID: 3:IP: 64292aa2:Disasm rcr dh, cl:IMG: C:\Program Files\DAEMON Tools Lite\Engine.dll:RTN: .text:Read Regs: edx: 12e678: ecx[T]: 642895f4: eflags[T]: 202: cl[T]: 642895f4: cx[T]: 642895f4: dh: 12e678: dx: 12e678: :Read Flags: 0:[T 1:cf ]:Values:202:Read Memory: :
TID: 3:IP: 64292aa7:Disasm bsf dx, bx:IMG: C:\Program Files\DAEMON Tools Lite\Engine.dll:RTN: .text:Read Regs: ebx[T]: c11297fb: bl[T]: c11297fb: bh[T]: c11297fb: bx[T]: c11297fb: :Read Flags: :Read Memory: :
TID: 3:IP: 64292aab:Disasm or dl, 0x6f:IMG: C:\Program Files\DAEMON Tools Lite\Engine.dll:RTN: .text:Read Regs: edx[T]: 120000: dl[T]: 120000: dx[T]: 120000: :Read Flags: :Read Memory: :
TID: 3:IP: 64292aae:Disasm btr edx, ecx:IMG: C:\Program Files\DAEMON Tools Lite\Engine.dll:RTN: .text:Read Regs: edx[T]: 12006f: ecx[T]: 642895f4: cl[T]: 642895f4: ch[T]: 642895f4: cx[T]: 642895f4: dl[T]: 12006f: dh[T]: 12006f: dx[T]: 12006f: :Read Flags: :Read Memory: :
TID: 3:IP: 64292ab4:Disasm cmp si, cx:IMG: C:\Program Files\DAEMON Tools Lite\Engine.dll:RTN: .text:Read Regs: esi[T]: 644814c9: ecx[T]: 642895f4: cl[T]: 642895f4: ch[T]: 642895f4: cx[T]: 642895f4: si[T]: 644814c9: :Read Flags: :Read Memory: :
TID: 3:IP: 64292abb:Disasm jnbe 0x642930ec:IMG: C:\Program Files\DAEMON Tools Lite\Engine.dll:RTN: .text:Read Regs: eflags[T]: 203: :Read Flags: 0:[T 41:zf cf ]:Values:203:Read Memory: :
TID: 3:IP: 64292ac4:Disasm test esi, 0xaff4144c:IMG: C:\Program Files\DAEMON Tools Lite\Engine.dll:RTN: .text:Read Regs: esi[T]: 644814c9: si[T]: 644814c9: :Read Flags: :Read Memory: :
TID: 3:IP: 64291a39:Disasm pushfd :IMG: C:\Program Files\DAEMON Tools Lite\Engine.dll:RTN: .text:Read Regs: esp: 12e534: ss: 23: eflags[T]: 206: sp: 12e534: :Read Flags: 3f7700:df vif iopl if ac vm rf nt tf id vip [T 8d5:of sf zf af pf cf ]:Values:206:Read Memory: :
TID: 3:IP: 64293c63:Disasm pushad :IMG: C:\Program Files\DAEMON Tools Lite\Engine.dll:RTN: .text:Read Regs: edi: 12e534: esi[T]: 644814c9: ebp: 12e614: esp: 12e528: ebx[T]: c11297fb: edx: ffed1987: ecx[T]: 642895f4: eax: ffed1987: ss: 23: al: ffed1987: ah: ffed1987: ax: ffed1987: cl[T]: 642895f4: ch[T]: 642895f4: cx[T]: 642895f4: dl: ffed1987: dh: ffed1987: dx: ffed1987: bl[T]: c11297fb: bh[T]: c11297fb: bx[T]: c11297fb: bp: 12e614: si[T]: 644814c9: di: 12e534: sp: 12e528: :Read Flags: :Read Memory: :
TID: 3:IP: 64291548:Disasm sbb al, bh:IMG: C:\Program Files\DAEMON Tools Lite\Engine.dll:RTN: .text:Read Regs: ebx[T]: c11297fb: eax: ffed1987: eflags: 286: al: ffed1987: ax: ffed1987: bh[T]: c11297fb: bx[T]: c11297fb: :Read Flags: 1:cf :Values:286:Read Memory: :
TID: 3:IP: 6429154a:Disasm xchg ch, al:IMG: C:\Program Files\DAEMON Tools Lite\Engine.dll:RTN: .text:Read Regs: ecx[T]: 642895f4: eax[T]: ffed19f0: al[T]: ffed19f0: ax[T]: ffed19f0: ch[T]: 642895f4: cx[T]: 642895f4: :Read Flags: :Read Memory: :
TID: 3:IP: 6429154c:Disasm mov al, byte ptr [esi]:IMG: C:\Program Files\DAEMON Tools Lite\Engine.dll:RTN: .text:Read Regs: esi[T]: 644814c9: ds: 23: si[T]: 644814c9: :Read Flags: :Read Memory: 644814c9 :
TID: 3:IP: 6429154e:Disasm shr cl, 0x1:IMG: C:\Program Files\DAEMON Tools Lite\Engine.dll:RTN: .text:Read Regs: ecx[T]: 6428f0f4: cl[T]: 6428f0f4: cx[T]: 6428f0f4: :Read Flags: :Read Memory: :
TID: 3:IP: 64291550:Disasm not ecx:IMG: C:\Program Files\DAEMON Tools Lite\Engine.dll:RTN: .text:Read Regs: ecx[T]: 6428f07a: cl[T]: 6428f07a: ch[T]: 6428f07a: cx[T]: 6428f07a: :Read Flags: :Read Memory: :
TID: 3:IP: 64291552:Disasm cmc :IMG: C:\Program Files\DAEMON Tools Lite\Engine.dll:RTN: .text:Read Regs: eflags[T]: a02: :Read Flags: 0:[T 1:cf ]:Values:a02:Read Memory: :
TID: 3:IP: 64291553:Disasm sub al, bl:IMG: C:\Program Files\DAEMON Tools Lite\Engine.dll:RTN: .text:Read Regs: ebx[T]: c11297fb: eax[T]: ffed19a4: al[T]: ffed19a4: ax[T]: ffed19a4: bl[T]: c11297fb: bx[T]: c11297fb: :Read Flags: :Read Memory: :
TID: 3:IP: 64291555:Disasm movzx cx, bl:IMG: C:\Program Files\DAEMON Tools Lite\Engine.dll:RTN: .text:Read Regs: ebx[T]: c11297fb: bl[T]: c11297fb: bx[T]: c11297fb: :Read Flags: :Read Memory: :
TID: 3:IP: 64291559:Disasm movsx cx, cl:IMG: C:\Program Files\DAEMON Tools Lite\Engine.dll:RTN: .text:Read Regs: ecx[T]: 9bd700fb: cl[T]: 9bd700fb: cx[T]: 9bd700fb: :Read Flags: :Read Memory: :
TID: 3:IP: 6429155f:Disasm dec al:IMG: C:\Program Files\DAEMON Tools Lite\Engine.dll:RTN: .text:Read Regs: eax[T]: ffed19a9: al[T]: ffed19a9: ax[T]: ffed19a9: :Read Flags: :Read Memory: :
TID: 3:IP: 64291561:Disasm pushfd :IMG: C:\Program Files\DAEMON Tools Lite\Engine.dll:RTN: .text:Read Regs: esp: 12e534: ss: 23: eflags[T]: 283: sp: 12e534: :Read Flags: 3f7700:df vif iopl if ac vm rf nt tf id vip [T 8d5:of sf zf af pf cf ]:Values:283:Read Memory: :
TID: 3:IP: 64291562:Disasm rol al, 0x7:IMG: C:\Program Files\DAEMON Tools Lite\Engine.dll:RTN: .text:Read Regs: eax[T]: ffed19a8: al[T]: ffed19a8: ax[T]: ffed19a8: :Read Flags: :Read Memory: :
TID: 3:IP: 64291565:Disasm rol cx, 0xe:IMG: C:\Program Files\DAEMON Tools Lite\Engine.dll:RTN: .text:Read Regs: ecx: 9bd7ffc3: cl: 9bd7ffc3: ch[T]: 9bd7ffc3: cx: 9bd7ffc3: :Read Flags: :Read Memory: :
TID: 3:IP: 64291569:Disasm not al:IMG: C:\Program Files\DAEMON Tools Lite\Engine.dll:RTN: .text:Read Regs: eax[T]: ffed1954: al[T]: ffed1954: ax[T]: ffed1954: :Read Flags: :Read Memory: :
TID: 3:IP: 6429156b:Disasm movsx ecx, cl:IMG: C:\Program Files\DAEMON Tools Lite\Engine.dll:RTN: .text:Read Regs: ecx[T]: 9bd7fff0: cl[T]: 9bd7fff0: cx[T]: 9bd7fff0: :Read Flags: :Read Memory: :
TID: 3:IP: 6429156e:Disasm movzx cx, cl:IMG: C:\Program Files\DAEMON Tools Lite\Engine.dll:RTN: .text:Read Regs: ecx[T]: fffffff0: cl[T]: fffffff0: cx[T]: fffffff0: :Read Flags: :Read Memory: :
TID: 3:IP: 64291572:Disasm shr ecx, cl:IMG: C:\Program Files\DAEMON Tools Lite\Engine.dll:RTN: .text:Read Regs: ecx[T]: ffff00f0: cl[T]: ffff00f0: ch[T]: ffff00f0: cx[T]: ffff00f0: :Read Flags: :Read Memory: :
TID: 3:IP: 64291574:Disasm and ch, 0xe4:IMG: C:\Program Files\DAEMON Tools Lite\Engine.dll:RTN: .text:Read Regs: ecx[T]: ffff: ch[T]: ffff: cx[T]: ffff: :Read Flags: :Read Memory: :
TID: 3:IP: 64291577:Disasm sub bl, al:IMG: C:\Program Files\DAEMON Tools Lite\Engine.dll:RTN: .text:Read Regs: ebx[T]: c11297fb: eax[T]: ffed19ab: al[T]: ffed19ab: ax[T]: ffed19ab: bl[T]: c11297fb: bx[T]: c11297fb: :Read Flags: :Read Memory: :
TID: 3:IP: 64291579:Disasm pop ecx:IMG: C:\Program Files\DAEMON Tools Lite\Engine.dll:RTN: .text:Read Regs: esp: 12e530: ss: 23: sp: 12e530: :Read Flags: :Read Memory: 12e530 [T] 12e531 [T] 12e532 [T] 12e533 [T] :
TID: 3:IP: 6429157a:Disasm ror cx, 0xe:IMG: C:\Program Files\DAEMON Tools Lite\Engine.dll:RTN: .text:Read Regs: ecx[T]: 283: cl[T]: 283: ch[T]: 283: cx[T]: 283: :Read Flags: :Read Memory: :
TID: 3:IP: 6429157e:Disasm shl cl, 0x4:IMG: C:\Program Files\DAEMON Tools Lite\Engine.dll:RTN: .text:Read Regs: ecx[T]: a0c: cl[T]: a0c: cx[T]: a0c: :Read Flags: :Read Memory: :
TID: 3:IP: 64291581:Disasm pushfd :IMG: C:\Program Files\DAEMON Tools Lite\Engine.dll:RTN: .text:Read Regs: esp: 12e534: ss: 23: eflags[T]: 286: sp: 12e534: :Read Flags: 3f7700:df vif iopl if ac vm rf nt tf id vip [T 8d5:of sf zf af pf cf ]:Values:286:Read Memory: :
TID: 3:IP: 64291582:Disasm sub esi, 0xffffffff:IMG: C:\Program Files\DAEMON Tools Lite\Engine.dll:RTN: .text:Read Regs: esi[T]: 644814c9: si[T]: 644814c9: :Read Flags: :Read Memory: :
TID: 3:IP: 64291585:Disasm xor cl, bh:IMG: C:\Program Files\DAEMON Tools Lite\Engine.dll:RTN: .text:Read Regs: ebx[T]: c1129750: ecx[T]: ac0: cl[T]: ac0: cx[T]: ac0: bh[T]: c1129750: bx[T]: c1129750: :Read Flags: :Read Memory: :
TID: 3:IP: 64291587:Disasm add ecx, esi:IMG: C:\Program Files\DAEMON Tools Lite\Engine.dll:RTN: .text:Read Regs: esi[T]: 644814ca: ecx[T]: a57: cl[T]: a57: ch[T]: a57: cx[T]: a57: si[T]: 644814ca: :Read Flags: :Read Memory: :
TID: 3:IP: 64291589:Disasm btc cx, bx:IMG: C:\Program Files\DAEMON Tools Lite\Engine.dll:RTN: .text:Read Regs: ebx[T]: c1129750: ecx[T]: 64481f21: cl[T]: 64481f21: ch[T]: 64481f21: cx[T]: 64481f21: bl[T]: c1129750: bh[T]: c1129750: bx[T]: c1129750: :Read Flags: :Read Memory: :
TID: 3:IP: 6429158d:Disasm movzx eax, al:IMG: C:\Program Files\DAEMON Tools Lite\Engine.dll:RTN: .text:Read Regs: eax[T]: ffed19ab: al[T]: ffed19ab: ax[T]: ffed19ab: :Read Flags: :Read Memory: :
TID: 3:IP: 64291590:Disasm bswap cx:IMG: C:\Program Files\DAEMON Tools Lite\Engine.dll:RTN: .text:Read Regs: ecx[T]: 64481f20: cl[T]: 64481f20: ch[T]: 64481f20: cx[T]: 64481f20: :Read Flags: :Read Memory: :
TID: 3:IP: 64291593:Disasm cmp ah, 0x70:IMG: C:\Program Files\DAEMON Tools Lite\Engine.dll:RTN: .text:Read Regs: eax[T]: ab: ah[T]: ab: ax[T]: ab: :Read Flags: :Read Memory: :
TID: 3:IP: 6429159a:Disasm setnp ch:IMG: C:\Program Files\DAEMON Tools Lite\Engine.dll:RTN: .text:Read Regs: eflags[T]: 287: :Read Flags: 0:[T 4:pf ]:Values:287:Read Memory: :
TID: 3:IP: 6429159d:Disasm mov ecx, dword ptr [eax*4+0x642a0250]:IMG: C:\Program Files\DAEMON Tools Lite\Engine.dll:RTN: .text:Read Regs: eax[T]: ab: ds: 23: al[T]: ab: ah[T]: ab: ax[T]: ab: :Read Flags: :Read Memory: 642a04fc 642a04fd 642a04fe 642a04ff :
TID: 3:IP: 642915a8:Disasm bswap ecx:IMG: C:\Program Files\DAEMON Tools Lite\Engine.dll:RTN: .text:Read Regs: ecx[T]: 80ff0010: cl[T]: 80ff0010: ch[T]: 80ff0010: cx[T]: 80ff0010: :Read Flags: :Read Memory: :
TID: 3:IP: 642915b0:Disasm mov byte ptr [esp], bh:IMG: C:\Program Files\DAEMON Tools Lite\Engine.dll:RTN: .text:Read Regs: esp: 12e530: ebx[T]: c1129750: ss: 23: bh[T]: c1129750: bx[T]: c1129750: sp: 12e530: :Read Flags: :Read Memory: :
TID: 3:IP: 642915b3:Disasm add ecx, 0x54270000:IMG: C:\Program Files\DAEMON Tools Lite\Engine.dll:RTN: .text:Read Regs: ecx[T]: 1000ff80: cl[T]: 1000ff80: ch[T]: 1000ff80: cx[T]: 1000ff80: :Read Flags: :Read Memory: :
TID: 3:IP: 642915b9:Disasm push dword ptr [esp]:IMG: C:\Program Files\DAEMON Tools Lite\Engine.dll:RTN: .text:Read Regs: esp: 12e530: ss: 23: sp: 12e530: :Read Flags: :Read Memory: 12e530 [T] 12e531 12e532 [T] 12e533 [T] :
TID: 3:IP: 642915bc:Disasm pushad :IMG: C:\Program Files\DAEMON Tools Lite\Engine.dll:RTN: .text:Read Regs: edi: 12e534: esi[T]: 644814ca: ebp: 12e614: esp: 12e52c: ebx[T]: c1129750: edx: ffed1987: ecx[T]: 6427ff80: eax[T]: ab: ss: 23: al[T]: ab: ah[T]: ab: ax[T]: ab: cl[T]: 6427ff80: ch[T]: 6427ff80: cx[T]: 6427ff80: dl: ffed1987: dh: ffed1987: dx: ffed1987: bl[T]: c1129750: bh[T]: c1129750: bx[T]: c1129750: bp: 12e614: si[T]: 644814ca: di: 12e534: sp: 12e52c: :Read Flags: :Read Memory: :
TID: 3:IP: 642919e6:Disasm mov dword ptr [esp+0x24], ecx:IMG: C:\Program Files\DAEMON Tools Lite\Engine.dll:RTN: .text:Read Regs: esp: 12e50c: ecx[T]: 6427ff80: ss: 23: cl[T]: 6427ff80: ch[T]: 6427ff80: cx[T]: 6427ff80: sp: 12e50c: :Read Flags: :Read Memory: :
TID: 3:IP: 642919ea:Disasm pushfd :IMG: C:\Program Files\DAEMON Tools Lite\Engine.dll:RTN: .text:Read Regs: esp: 12e50c: ss: 23: eflags[T]: 202: sp: 12e50c: :Read Flags: 3f7700:df vif iopl if ac vm rf nt tf id vip [T 8d5:of sf zf af pf cf ]:Values:202:Read Memory: :
TID: 3:IP: 642919f6:Disasm push dword ptr [esp+0x28]:IMG: C:\Program Files\DAEMON Tools Lite\Engine.dll:RTN: .text:Read Regs: esp: 12e508: ss: 23: sp: 12e508: :Read Flags: :Read Memory: 12e530 [T] 12e531 [T] 12e532 [T] 12e533 [T] :
TID: 3:IP: 642919fa:Disasm ret 0x2c:IMG: C:\Program Files\DAEMON Tools Lite\Engine.dll:RTN: .text:Read Regs: esp: 12e504: ss: 23: sp: 12e504: :Read Flags: :Read Memory: 12e504 [T] 12e505 [T] 12e506 [T] 12e507 [T] :
TID: 3:IP: 6427ff80:Disasm rcr al, cl:IMG: C:\Program Files\DAEMON Tools Lite\Engine.dll:RTN: .text:Read Regs: ecx[T]: 6427ff80: eax[T]: ab: eflags[T]: 202: al[T]: ab: ax[T]: ab: cl[T]: 6427ff80: cx[T]: 6427ff80: :Read Flags: 0:[T 1:cf ]:Values:202:Read Memory: :
TID: 3:IP: 6427ff85:Disasm rcl al, 0x5:IMG: C:\Program Files\DAEMON Tools Lite\Engine.dll:RTN: .text:Read Regs: eax[T]: ab: eflags: 246: al[T]: ab: ax[T]: ab: :Read Flags: 1:cf :Values:246:Read Memory: :
TID: 3:IP: 6427ff88:Disasm movzx eax, byte ptr [esi]:IMG: C:\Program Files\DAEMON Tools Lite\Engine.dll:RTN: .text:Read Regs: esi[T]: 644814ca: ds: 23: si[T]: 644814ca: :Read Flags: :Read Memory: 644814ca :
TID: 3:IP: 6427ff8b:Disasm bt cx, bp:IMG: C:\Program Files\DAEMON Tools Lite\Engine.dll:RTN: .text:Read Regs: ebp: 12e614: ecx[T]: 6427ff80: cl[T]: 6427ff80: ch[T]: 6427ff80: cx[T]: 6427ff80: bp: 12e614: :Read Flags: :Read Memory: :
TID: 3:IP: 6427ff8f:Disasm xor al, bl:IMG: C:\Program Files\DAEMON Tools Lite\Engine.dll:RTN: .text:Read Regs: ebx[T]: c1129750: eax[T]: 4b: al[T]: 4b: ax[T]: 4b: bl[T]: c1129750: bx[T]: c1129750: :Read Flags: :Read Memory: :
TID: 3:IP: 6427ff96:Disasm shld dx, cx, cl:IMG: C:\Program Files\DAEMON Tools Lite\Engine.dll:RTN: .text:Read Regs: edx: ffeda000: ecx[T]: 6427ff80: cl[T]: 6427ff80: ch[T]: 6427ff80: cx[T]: 6427ff80: dl: ffeda000: dh: ffeda000: dx: ffeda000: :Read Flags: :Read Memory: :
TID: 3:IP: 6427ff9a:Disasm not al:IMG: C:\Program Files\DAEMON Tools Lite\Engine.dll:RTN: .text:Read Regs: eax[T]: 1b: al[T]: 1b: ax[T]: 1b: :Read Flags: :Read Memory: :
TID: 3:IP: 6427ffa1:Disasm dec dh:IMG: C:\Program Files\DAEMON Tools Lite\Engine.dll:RTN: .text:Read Regs: edx[T]: ffeda000: dh[T]: ffeda000: dx[T]: ffeda000: :Read Flags: :Read Memory: :
TID: 3:IP: 6427ffa3:Disasm btr dx, 0x1:IMG: C:\Program Files\DAEMON Tools Lite\Engine.dll:RTN: .text:Read Regs: edx[T]: ffed9f00: dl[T]: ffed9f00: dh[T]: ffed9f00: dx[T]: ffed9f00: :Read Flags: :Read Memory: :
TID: 3:IP: 6427ffa8:Disasm neg al:IMG: C:\Program Files\DAEMON Tools Lite\Engine.dll:RTN: .text:Read Regs: eax[T]: e4: al[T]: e4: ax[T]: e4: :Read Flags: :Read Memory: :
TID: 3:IP: 6427ffaa:Disasm test esi, ebp:IMG: C:\Program Files\DAEMON Tools Lite\Engine.dll:RTN: .text:Read Regs: esi[T]: 644814ca: ebp: 12e614: bp: 12e614: si[T]: 644814ca: :Read Flags: :Read Memory: :
TID: 3:IP: 6427ffac:Disasm sub al, 0x0:IMG: C:\Program Files\DAEMON Tools Lite\Engine.dll:RTN: .text:Read Regs: eax[T]: 1c: al[T]: 1c: ax[T]: 1c: :Read Flags: :Read Memory: :
TID: 3:IP: 6427ffaf:Disasm rol dl, cl:IMG: C:\Program Files\DAEMON Tools Lite\Engine.dll:RTN: .text:Read Regs: edx[T]: ffed9f00: ecx[T]: 6427ff80: cl[T]: 6427ff80: cx[T]: 6427ff80: dl[T]: ffed9f00: dx[T]: ffed9f00: :Read Flags: :Read Memory: :
TID: 3:IP: 6427ffb1:Disasm xor bl, al:IMG: C:\Program Files\DAEMON Tools Lite\Engine.dll:RTN: .text:Read Regs: ebx[T]: c1129750: eax[T]: 1c: al[T]: 1c: ax[T]: 1c: bl[T]: c1129750: bx[T]: c1129750: :Read Flags: :Read Memory: :
TID: 3:IP: 6427ffbc:Disasm pushfd :IMG: C:\Program Files\DAEMON Tools Lite\Engine.dll:RTN: .text:Read Regs: esp: 12e52c: ss: 23: eflags[T]: 202: sp: 12e52c: :Read Flags: 3f7700:df vif iopl if ac vm rf nt tf id vip [T 8d5:of sf zf af pf cf ]:Values:202:Read Memory: :
TID: 3:IP: 6428a22d:Disasm inc esi:IMG: C:\Program Files\DAEMON Tools Lite\Engine.dll:RTN: .text:Read Regs: esi[T]: 644814ca: si[T]: 644814ca: :Read Flags: :Read Memory: :
TID: 3:IP: 6428cc64:Disasm mov dword ptr [esp+0x4], esi:IMG: C:\Program Files\DAEMON Tools Lite\Engine.dll:RTN: .text:Read Regs: esi[T]: 644814cb: esp: 12e524: ss: 23: si[T]: 644814cb: sp: 12e524: :Read Flags: :Read Memory: :
TID: 3:IP: 6428cc6f:Disasm mov dword ptr [eax+edi*1], edx:IMG: C:\Program Files\DAEMON Tools Lite\Engine.dll:RTN: .text:Read Regs: edi: 12e534: edx: 286: eax[T]: 1c: ds: 23: al[T]: 1c: ah[T]: 1c: ax[T]: 1c: dl: 286: dh: 286: dx: 286: di: 12e534: :Read Flags: :Read Memory: :
TID: 3:IP: 6428cc72:Disasm mov word ptr [esp], ax:IMG: C:\Program Files\DAEMON Tools Lite\Engine.dll:RTN: .text:Read Regs: esp: 12e520: eax[T]: 1c: ss: 23: al[T]: 1c: ah[T]: 1c: ax[T]: 1c: sp: 12e520: :Read Flags: :Read Memory: :
TID: 3:IP: 64291548:Disasm sbb al, bh:IMG: C:\Program Files\DAEMON Tools Lite\Engine.dll:RTN: .text:Read Regs: ebx[T]: c112974c: eax[T]: 1c: eflags: 206: al[T]: 1c: ax[T]: 1c: bh[T]: c112974c: bx[T]: c112974c: :Read Flags: 1:cf :Values:206:Read Memory: :
TID: 3:IP: 6429154a:Disasm xchg ch, al:IMG: C:\Program Files\DAEMON Tools Lite\Engine.dll:RTN: .text:Read Regs: ecx[T]: 6427ff80: eax[T]: 85: al[T]: 85: ax[T]: 85: ch[T]: 6427ff80: cx[T]: 6427ff80: :Read Flags: :Read Memory: :
TID: 3:IP: 6429154c:Disasm mov al, byte ptr [esi]:IMG: C:\Program Files\DAEMON Tools Lite\Engine.dll:RTN: .text:Read Regs: esi[T]: 644814cb: ds: 23: si[T]: 644814cb: :Read Flags: :Read Memory: 644814cb :
TID: 3:IP: 6429154e:Disasm shr cl, 0x1:IMG: C:\Program Files\DAEMON Tools Lite\Engine.dll:RTN: .text:Read Regs: ecx[T]: 64278580: cl[T]: 64278580: cx[T]: 64278580: :Read Flags: :Read Memory: :
TID: 3:IP: 64291550:Disasm not ecx:IMG: C:\Program Files\DAEMON Tools Lite\Engine.dll:RTN: .text:Read Regs: ecx[T]: 64278540: cl[T]: 64278540: ch[T]: 64278540: cx[T]: 64278540: :Read Flags: :Read Memory: :
TID: 3:IP: 64291552:Disasm cmc :IMG: C:\Program Files\DAEMON Tools Lite\Engine.dll:RTN: .text:Read Regs: eflags[T]: a02: :Read Flags: 0:[T 1:cf ]:Values:a02:Read Memory: :
TID: 3:IP: 64291553:Disasm sub al, bl:IMG: C:\Program Files\DAEMON Tools Lite\Engine.dll:RTN: .text:Read Regs: ebx[T]: c112974c: eax[T]: b6: al[T]: b6: ax[T]: b6: bl[T]: c112974c: bx[T]: c112974c: :Read Flags: :Read Memory: :
TID: 3:IP: 64291555:Disasm movzx cx, bl:IMG: C:\Program Files\DAEMON Tools Lite\Engine.dll:RTN: .text:Read Regs: ebx[T]: c112974c: bl[T]: c112974c: bx[T]: c112974c: :Read Flags: :Read Memory: :
TID: 3:IP: 64291559:Disasm movsx cx, cl:IMG: C:\Program Files\DAEMON Tools Lite\Engine.dll:RTN: .text:Read Regs: ecx[T]: 9bd8004c: cl[T]: 9bd8004c: cx[T]: 9bd8004c: :Read Flags: :Read Memory: :
TID: 3:IP: 6429155f:Disasm dec al:IMG: C:\Program Files\DAEMON Tools Lite\Engine.dll:RTN: .text:Read Regs: eax[T]: 6a: al[T]: 6a: ax[T]: 6a: :Read Flags: :Read Memory: :
TID: 3:IP: 64291561:Disasm pushfd :IMG: C:\Program Files\DAEMON Tools Lite\Engine.dll:RTN: .text:Read Regs: esp: 12e534: ss: 23: eflags[T]: 206: sp: 12e534: :Read Flags: 3f7700:df vif iopl if ac vm rf nt tf id vip [T 8d5:of sf zf af pf cf ]:Values:206:Read Memory: :
TID: 3:IP: 64291562:Disasm rol al, 0x7:IMG: C:\Program Files\DAEMON Tools Lite\Engine.dll:RTN: .text:Read Regs: eax[T]: 69: al[T]: 69: ax[T]: 69: :Read Flags: :Read Memory: :
TID: 3:IP: 64291565:Disasm rol cx, 0xe:IMG: C:\Program Files\DAEMON Tools Lite\Engine.dll:RTN: .text:Read Regs: ecx: 9bd800c3: cl: 9bd800c3: ch[T]: 9bd800c3: cx: 9bd800c3: :Read Flags: :Read Memory: :
TID: 3:IP: 64291569:Disasm not al:IMG: C:\Program Files\DAEMON Tools Lite\Engine.dll:RTN: .text:Read Regs: eax[T]: b4: al[T]: b4: ax[T]: b4: :Read Flags: :Read Memory: :
TID: 3:IP: 6429156b:Disasm movsx ecx, cl:IMG: C:\Program Files\DAEMON Tools Lite\Engine.dll:RTN: .text:Read Regs: ecx[T]: 9bd8c030: cl[T]: 9bd8c030: cx[T]: 9bd8c030: :Read Flags: :Read Memory: :
TID: 3:IP: 6429156e:Disasm movzx cx, cl:IMG: C:\Program Files\DAEMON Tools Lite\Engine.dll:RTN: .text:Read Regs: ecx[T]: 30: cl[T]: 30: cx[T]: 30: :Read Flags: :Read Memory: :
TID: 3:IP: 64291572:Disasm shr ecx, cl:IMG: C:\Program Files\DAEMON Tools Lite\Engine.dll:RTN: .text:Read Regs: ecx[T]: 30: cl[T]: 30: ch[T]: 30: cx[T]: 30: :Read Flags: :Read Memory: :
TID: 3:IP: 64291574:Disasm and ch, 0xe4:IMG: C:\Program Files\DAEMON Tools Lite\Engine.dll:RTN: .text:Read Regs: ecx[T]: 0: ch[T]: 0: cx[T]: 0: :Read Flags: :Read Memory: :
TID: 3:IP: 64291577:Disasm sub bl, al:IMG: C:\Program Files\DAEMON Tools Lite\Engine.dll:RTN: .text:Read Regs: ebx[T]: c112974c: eax[T]: 4b: al[T]: 4b: ax[T]: 4b: bl[T]: c112974c: bx[T]: c112974c: :Read Flags: :Read Memory: :
TID: 3:IP: 64291579:Disasm pop ecx:IMG: C:\Program Files\DAEMON Tools Lite\Engine.dll:RTN: .text:Read Regs: esp: 12e530: ss: 23: sp: 12e530: :Read Flags: :Read Memory: 12e530 [T] 12e531 [T] 12e532 [T] 12e533 [T] :
TID: 3:IP: 6429157a:Disasm ror cx, 0xe:IMG: C:\Program Files\DAEMON Tools Lite\Engine.dll:RTN: .text:Read Regs: ecx[T]: 206: cl[T]: 206: ch[T]: 206: cx[T]: 206: :Read Flags: :Read Memory: :
TID: 3:IP: 6429157e:Disasm shl cl, 0x4:IMG: C:\Program Files\DAEMON Tools Lite\Engine.dll:RTN: .text:Read Regs: ecx[T]: 818: cl[T]: 818: cx[T]: 818: :Read Flags: :Read Memory: :
TID: 3:IP: 64291581:Disasm pushfd :IMG: C:\Program Files\DAEMON Tools Lite\Engine.dll:RTN: .text:Read Regs: esp: 12e534: ss: 23: eflags[T]: 283: sp: 12e534: :Read Flags: 3f7700:df vif iopl if ac vm rf nt tf id vip [T 8d5:of sf zf af pf cf ]:Values:283:Read Memory: :
TID: 3:IP: 64291582:Disasm sub esi, 0xffffffff:IMG: C:\Program Files\DAEMON Tools Lite\Engine.dll:RTN: .text:Read Regs: esi[T]: 644814cb: si[T]: 644814cb: :Read Flags: :Read Memory: :
TID: 3:IP: 64291585:Disasm xor cl, bh:IMG: C:\Program Files\DAEMON Tools Lite\Engine.dll:RTN: .text:Read Regs: ebx[T]: c1129701: ecx[T]: 880: cl[T]: 880: cx[T]: 880: bh[T]: c1129701: bx[T]: c1129701: :Read Flags: :Read Memory: :
TID: 3:IP: 64291587:Disasm add ecx, esi:IMG: C:\Program Files\DAEMON Tools Lite\Engine.dll:RTN: .text:Read Regs: esi[T]: 644814cc: ecx[T]: 817: cl[T]: 817: ch[T]: 817: cx[T]: 817: si[T]: 644814cc: :Read Flags: :Read Memory: :
TID: 3:IP: 64291589:Disasm btc cx, bx:IMG: C:\Program Files\DAEMON Tools Lite\Engine.dll:RTN: .text:Read Regs: ebx[T]: c1129701: ecx[T]: 64481ce3: cl[T]: 64481ce3: ch[T]: 64481ce3: cx[T]: 64481ce3: bl[T]: c1129701: bh[T]: c1129701: bx[T]: c1129701: :Read Flags: :Read Memory: :
TID: 3:IP: 6429158d:Disasm movzx eax, al:IMG: C:\Program Files\DAEMON Tools Lite\Engine.dll:RTN: .text:Read Regs: eax[T]: 4b: al[T]: 4b: ax[T]: 4b: :Read Flags: :Read Memory: :
TID: 3:IP: 64291590:Disasm bswap cx:IMG: C:\Program Files\DAEMON Tools Lite\Engine.dll:RTN: .text:Read Regs: ecx[T]: 64481ce1: cl[T]: 64481ce1: ch[T]: 64481ce1: cx[T]: 64481ce1: :Read Flags: :Read Memory: :
TID: 3:IP: 64291593:Disasm cmp ah, 0x70:IMG: C:\Program Files\DAEMON Tools Lite\Engine.dll:RTN: .text:Read Regs: eax[T]: 4b: ah[T]: 4b: ax[T]: 4b: :Read Flags: :Read Memory: :
TID: 3:IP: 6429159a:Disasm setnp ch:IMG: C:\Program Files\DAEMON Tools Lite\Engine.dll:RTN: .text:Read Regs: eflags[T]: 287: :Read Flags: 0:[T 4:pf ]:Values:287:Read Memory: :
TID: 3:IP: 6429159d:Disasm mov ecx, dword ptr [eax*4+0x642a0250]:IMG: C:\Program Files\DAEMON Tools Lite\Engine.dll:RTN: .text:Read Regs: eax[T]: 4b: ds: 23: al[T]: 4b: ah[T]: 4b: ax[T]: 4b: :Read Flags: :Read Memory: 642a037c 642a037d 642a037e 642a037f :
TID: 3:IP: 642915a8:Disasm bswap ecx:IMG: C:\Program Files\DAEMON Tools Lite\Engine.dll:RTN: .text:Read Regs: ecx[T]: ae3b0210: cl[T]: ae3b0210: ch[T]: ae3b0210: cx[T]: ae3b0210: :Read Flags: :Read Memory: :
TID: 3:IP: 642915b0:Disasm mov byte ptr [esp], bh:IMG: C:\Program Files\DAEMON Tools Lite\Engine.dll:RTN: .text:Read Regs: esp: 12e530: ebx[T]: c1129701: ss: 23: bh[T]: c1129701: bx[T]: c1129701: sp: 12e530: :Read Flags: :Read Memory: :
TID: 3:IP: 642915b3:Disasm add ecx, 0x54270000:IMG: C:\Program Files\DAEMON Tools Lite\Engine.dll:RTN: .text:Read Regs: ecx[T]: 10023bae: cl[T]: 10023bae: ch[T]: 10023bae: cx[T]: 10023bae: :Read Flags: :Read Memory: :
TID: 3:IP: 642915b9:Disasm push dword ptr [esp]:IMG: C:\Program Files\DAEMON Tools Lite\Engine.dll:RTN: .text:Read Regs: esp: 12e530: ss: 23: sp: 12e530: :Read Flags: :Read Memory: 12e530 [T] 12e531 12e532 [T] 12e533 [T] :
TID: 3:IP: 642915bc:Disasm pushad :IMG: C:\Program Files\DAEMON Tools Lite\Engine.dll:RTN: .text:Read Regs: edi: 12e534: esi[T]: 644814cc: ebp: 12e618: esp: 12e52c: ebx[T]: c1129701: edx: 286: ecx[T]: 64293bae: eax[T]: 4b: ss: 23: al[T]: 4b: ah[T]: 4b: ax[T]: 4b: cl[T]: 64293bae: ch[T]: 64293bae: cx[T]: 64293bae: dl: 286: dh: 286: dx: 286: bl[T]: c1129701: bh[T]: c1129701: bx[T]: c1129701: bp: 12e618: si[T]: 644814cc: di: 12e534: sp: 12e52c: :Read Flags: :Read Memory: :
TID: 3:IP: 642919e6:Disasm mov dword ptr [esp+0x24], ecx:IMG: C:\Program Files\DAEMON Tools Lite\Engine.dll:RTN: .text:Read Regs: esp: 12e50c: ecx[T]: 64293bae: ss: 23: cl[T]: 64293bae: ch[T]: 64293bae: cx[T]: 64293bae: sp: 12e50c: :Read Flags: :Read Memory: :
TID: 3:IP: 642919ea:Disasm pushfd :IMG: C:\Program Files\DAEMON Tools Lite\Engine.dll:RTN: .text:Read Regs: esp: 12e50c: ss: 23: eflags[T]: 202: sp: 12e50c: :Read Flags: 3f7700:df vif iopl if ac vm rf nt tf id vip [T 8d5:of sf zf af pf cf ]:Values:202:Read Memory: :
TID: 3:IP: 642919f6:Disasm push dword ptr [esp+0x28]:IMG: C:\Program Files\DAEMON Tools Lite\Engine.dll:RTN: .text:Read Regs: esp: 12e508: ss: 23: sp: 12e508: :Read Flags: :Read Memory: 12e530 [T] 12e531 [T] 12e532 [T] 12e533 [T] :
TID: 3:IP: 642919fa:Disasm ret 0x2c:IMG: C:\Program Files\DAEMON Tools Lite\Engine.dll:RTN: .text:Read Regs: esp: 12e504: ss: 23: sp: 12e504: :Read Flags: :Read Memory: 12e504 [T] 12e505 [T] 12e506 [T] 12e507 [T] :
TID: 3:IP: 64293bae:Disasm shld eax, edi, 0x5:IMG: C:\Program Files\DAEMON Tools Lite\Engine.dll:RTN: .text:Read Regs: edi: 12e534: eax[T]: 4b: al[T]: 4b: ah[T]: 4b: ax[T]: 4b: di: 12e534: :Read Flags: :Read Memory: :
TID: 3:IP: 64293bb2:Disasm cwde :IMG: C:\Program Files\DAEMON Tools Lite\Engine.dll:RTN: .text:Read Regs: eax[T]: 960: al[T]: 960: ah[T]: 960: ax[T]: 960: :Read Flags: :Read Memory: :
TID: 3:IP: 64293bb3:Disasm movsx ax, al:IMG: C:\Program Files\DAEMON Tools Lite\Engine.dll:RTN: .text:Read Regs: eax[T]: 960: al[T]: 960: ax[T]: 960: :Read Flags: :Read Memory: :
TID: 3:IP: 64293bb7:Disasm mov eax, dword ptr [esi]:IMG: C:\Program Files\DAEMON Tools Lite\Engine.dll:RTN: .text:Read Regs: esi[T]: 644814cc: ds: 23: si[T]: 644814cc: :Read Flags: :Read Memory: 644814cc 644814cd 644814ce 644814cf :
TID: 3:IP: 64293bb9:Disasm test dh, ch:IMG: C:\Program Files\DAEMON Tools Lite\Engine.dll:RTN: .text:Read Regs: edx: 286: ecx[T]: 64293bae: ch[T]: 64293bae: cx[T]: 64293bae: dh: 286: dx: 286: :Read Flags: :Read Memory: :
TID: 3:IP: 64293bbf:Disasm add eax, ebx:IMG: C:\Program Files\DAEMON Tools Lite\Engine.dll:RTN: .text:Read Regs: ebx[T]: c1129701: eax[T]: 839d1059: al[T]: 839d1059: ah[T]: 839d1059: ax[T]: 839d1059: bl[T]: c1129701: bh[T]: c1129701: bx[T]: c1129701: :Read Flags: :Read Memory: :
TID: 3:IP: 64293bc1:Disasm pushad :IMG: C:\Program Files\DAEMON Tools Lite\Engine.dll:RTN: .text:Read Regs: edi: 12e534: esi[T]: 644814cc: ebp: 12e618: esp: 12e530: ebx[T]: c1129701: edx: 286: ecx[T]: 64293bae: eax[T]: 44afa75a: ss: 23: al[T]: 44afa75a: ah[T]: 44afa75a: ax[T]: 44afa75a: cl[T]: 64293bae: ch[T]: 64293bae: cx[T]: 64293bae: dl: 286: dh: 286: dx: 286: bl[T]: c1129701: bh[T]: c1129701: bx[T]: c1129701: bp: 12e618: si[T]: 644814cc: di: 12e534: sp: 12e530: :Read Flags: :Read Memory: :
TID: 3:IP: 64293bc2:Disasm push ebx:IMG: C:\Program Files\DAEMON Tools Lite\Engine.dll:RTN: .text:Read Regs: esp: 12e510: ebx[T]: c1129701: ss: 23: bl[T]: c1129701: bh[T]: c1129701: bx[T]: c1129701: sp: 12e510: :Read Flags: :Read Memory: :
TID: 3:IP: 64293bc9:Disasm sub eax, 0xc779359b:IMG: C:\Program Files\DAEMON Tools Lite\Engine.dll:RTN: .text:Read Regs: eax[T]: 44afa75a: al[T]: 44afa75a: ah[T]: 44afa75a: ax[T]: 44afa75a: :Read Flags: :Read Memory: :
TID: 3:IP: 64293bce:Disasm pushfd :IMG: C:\Program Files\DAEMON Tools Lite\Engine.dll:RTN: .text:Read Regs: esp: 12e508: ss: 23: eflags[T]: 213: sp: 12e508: :Read Flags: 3f7700:df vif iopl if ac vm rf nt tf id vip [T 8d5:of sf zf af pf cf ]:Values:213:Read Memory: :
TID: 3:IP: 64293bcf:Disasm bt ax, 0x7:IMG: C:\Program Files\DAEMON Tools Lite\Engine.dll:RTN: .text:Read Regs: eax[T]: 7d3671bf: al[T]: 7d3671bf: ah[T]: 7d3671bf: ax[T]: 7d3671bf: :Read Flags: :Read Memory: :
TID: 3:IP: 64293bdb:Disasm bswap eax:IMG: C:\Program Files\DAEMON Tools Lite\Engine.dll:RTN: .text:Read Regs: eax[T]: 7d3671bf: al[T]: 7d3671bf: ah[T]: 7d3671bf: ax[T]: 7d3671bf: :Read Flags: :Read Memory: :
TID: 3:IP: 6429313f:Disasm mov byte ptr [esp+0x4], al:IMG: C:\Program Files\DAEMON Tools Lite\Engine.dll:RTN: .text:Read Regs: esp: 12e500: eax[T]: bf71367d: ss: 23: al[T]: bf71367d: ax[T]: bf71367d: sp: 12e500: :Read Flags: :Read Memory: :
TID: 3:IP: 64293143:Disasm add esi, 0x4:IMG: C:\Program Files\DAEMON Tools Lite\Engine.dll:RTN: .text:Read Regs: esi[T]: 644814cc: si[T]: 644814cc: :Read Flags: :Read Memory: :
TID: 3:IP: 64293146:Disasm pushfd :IMG: C:\Program Files\DAEMON Tools Lite\Engine.dll:RTN: .text:Read Regs: esp: 12e500: ss: 23: eflags[T]: 212: sp: 12e500: :Read Flags: 3f7700:df vif iopl if ac vm rf nt tf id vip [T 8d5:of sf zf af pf cf ]:Values:212:Read Memory: :
TID: 3:IP: 64289480:Disasm pushfd :IMG: C:\Program Files\DAEMON Tools Lite\Engine.dll:RTN: .text:Read Regs: esp: 12e4fc: ss: 23: eflags[T]: 212: sp: 12e4fc: :Read Flags: 3f7700:df vif iopl if ac vm rf nt tf id vip [T 8d5:of sf zf af pf cf ]:Values:212:Read Memory: :
TID: 3:IP: 64289485:Disasm dec eax:IMG: C:\Program Files\DAEMON Tools Lite\Engine.dll:RTN: .text:Read Regs: eax[T]: bf71367d: al[T]: bf71367d: ah[T]: bf71367d: ax[T]: bf71367d: :Read Flags: :Read Memory: :
TID: 3:IP: 6428948d:Disasm add ebx, eax:IMG: C:\Program Files\DAEMON Tools Lite\Engine.dll:RTN: .text:Read Regs: ebx[T]: c1129701: eax[T]: bf71367c: al[T]: bf71367c: ah[T]: bf71367c: ax[T]: bf71367c: bl[T]: c1129701: bh[T]: c1129701: bx[T]: c1129701: :Read Flags: :Read Memory: :
TID: 3:IP: 6428948f:Disasm push ecx:IMG: C:\Program Files\DAEMON Tools Lite\Engine.dll:RTN: .text:Read Regs: esp: 12e4f8: ecx[T]: 64293bae: ss: 23: cl[T]: 64293bae: ch[T]: 64293bae: cx[T]: 64293bae: sp: 12e4f8: :Read Flags: :Read Memory: :
TID: 3:IP: 64289490:Disasm cmp ch, 0x35:IMG: C:\Program Files\DAEMON Tools Lite\Engine.dll:RTN: .text:Read Regs: ecx[T]: 64293bae: ch[T]: 64293bae: cx[T]: 64293bae: :Read Flags: :Read Memory: :
TID: 3:IP: 64289494:Disasm bt bx, 0x2:IMG: C:\Program Files\DAEMON Tools Lite\Engine.dll:RTN: .text:Read Regs: ebx[T]: 8083cd7d: bl[T]: 8083cd7d: bh[T]: 8083cd7d: bx[T]: 8083cd7d: :Read Flags: :Read Memory: :
TID: 3:IP: 6428949c:Disasm mov byte ptr [esp], ch:IMG: C:\Program Files\DAEMON Tools Lite\Engine.dll:RTN: .text:Read Regs: esp: 12e4f4: ecx[T]: 64293bae: ss: 23: ch[T]: 64293bae: cx[T]: 64293bae: sp: 12e4f4: :Read Flags: :Read Memory: :
TID: 3:IP: 6428ac22:Disasm mov byte ptr [esp], bh:IMG: C:\Program Files\DAEMON Tools Lite\Engine.dll:RTN: .text:Read Regs: esp: 12e4f4: ebx[T]: 8083cd7d: ss: 23: bh[T]: 8083cd7d: bx[T]: 8083cd7d: sp: 12e4f4: :Read Flags: :Read Memory: :
TID: 3:IP: 6428ac25:Disasm mov dword ptr [ebp], eax:IMG: C:\Program Files\DAEMON Tools Lite\Engine.dll:RTN: .text:Read Regs: ebp: 12e614: eax[T]: bf71367c: ss: 23: al[T]: bf71367c: ah[T]: bf71367c: ax[T]: bf71367c: bp: 12e614: :Read Flags: :Read Memory: :
TID: 3:IP: 6428ac28:Disasm push dword ptr [esp]:IMG: C:\Program Files\DAEMON Tools Lite\Engine.dll:RTN: .text:Read Regs: esp: 12e4f4: ss: 23: sp: 12e4f4: :Read Flags: :Read Memory: 12e4f4 [T] 12e4f5 [T] 12e4f6 [T] 12e4f7 [T] :
TID: 3:IP: 6428953e:Disasm xor ax, bx:IMG: C:\Program Files\DAEMON Tools Lite\Engine.dll:RTN: .text:Read Regs: ebx[T]: 8083cd7d: eax[T]: bf71367c: al[T]: bf71367c: ah[T]: bf71367c: ax[T]: bf71367c: bl[T]: 8083cd7d: bh[T]: 8083cd7d: bx[T]: 8083cd7d: :Read Flags: :Read Memory: :
TID: 3:IP: 64289541:Disasm shrd ax, di, cl:IMG: C:\Program Files\DAEMON Tools Lite\Engine.dll:RTN: .text:Read Regs: edi: 12e534: ecx[T]: 64293bae: eax[T]: bf71fb01: al[T]: bf71fb01: ah[T]: bf71fb01: ax[T]: bf71fb01: cl[T]: 64293bae: cx[T]: 64293bae: di: 12e534: :Read Flags: :Read Memory: :
TID: 3:IP: 64289548:Disasm cmc :IMG: C:\Program Files\DAEMON Tools Lite\Engine.dll:RTN: .text:Read Regs: eflags[T]: a83: :Read Flags: 0:[T 1:cf ]:Values:a83:Read Memory: :
TID: 3:IP: 64291548:Disasm sbb al, bh:IMG: C:\Program Files\DAEMON Tools Lite\Engine.dll:RTN: .text:Read Regs: ebx[T]: 8083cd7d: eax: 12e584: eflags: 206: al: 12e584: ax: 12e584: bh[T]: 8083cd7d: bx[T]: 8083cd7d: :Read Flags: 1:cf :Values:206:Read Memory: :
TID: 3:IP: 6429154a:Disasm xchg ch, al:IMG: C:\Program Files\DAEMON Tools Lite\Engine.dll:RTN: .text:Read Regs: ecx[T]: 64293bae: eax[T]: 12e5b7: al[T]: 12e5b7: ax[T]: 12e5b7: ch[T]: 64293bae: cx[T]: 64293bae: :Read Flags: :Read Memory: :
TID: 3:IP: 6429154c:Disasm mov al, byte ptr [esi]:IMG: C:\Program Files\DAEMON Tools Lite\Engine.dll:RTN: .text:Read Regs: esi[T]: 644814d0: ds: 23: si[T]: 644814d0: :Read Flags: :Read Memory: 644814d0 :
TID: 3:IP: 6429154e:Disasm shr cl, 0x1:IMG: C:\Program Files\DAEMON Tools Lite\Engine.dll:RTN: .text:Read Regs: ecx[T]: 6429b7ae: cl[T]: 6429b7ae: cx[T]: 6429b7ae: :Read Flags: :Read Memory: :
TID: 3:IP: 64291550:Disasm not ecx:IMG: C:\Program Files\DAEMON Tools Lite\Engine.dll:RTN: .text:Read Regs: ecx[T]: 6429b757: cl[T]: 6429b757: ch[T]: 6429b757: cx[T]: 6429b757: :Read Flags: :Read Memory: :
TID: 3:IP: 64291552:Disasm cmc :IMG: C:\Program Files\DAEMON Tools Lite\Engine.dll:RTN: .text:Read Regs: eflags[T]: a02: :Read Flags: 0:[T 1:cf ]:Values:a02:Read Memory: :
TID: 3:IP: 64291553:Disasm sub al, bl:IMG: C:\Program Files\DAEMON Tools Lite\Engine.dll:RTN: .text:Read Regs: ebx[T]: 8083cd7d: eax[T]: 12e5f7: al[T]: 12e5f7: ax[T]: 12e5f7: bl[T]: 8083cd7d: bx[T]: 8083cd7d: :Read Flags: :Read Memory: :
TID: 3:IP: 64291555:Disasm movzx cx, bl:IMG: C:\Program Files\DAEMON Tools Lite\Engine.dll:RTN: .text:Read Regs: ebx[T]: 8083cd7d: bl[T]: 8083cd7d: bx[T]: 8083cd7d: :Read Flags: :Read Memory: :
TID: 3:IP: 64291559:Disasm movsx cx, cl:IMG: C:\Program Files\DAEMON Tools Lite\Engine.dll:RTN: .text:Read Regs: ecx[T]: 9bd6007d: cl[T]: 9bd6007d: cx[T]: 9bd6007d: :Read Flags: :Read Memory: :
TID: 3:IP: 6429155f:Disasm dec al:IMG: C:\Program Files\DAEMON Tools Lite\Engine.dll:RTN: .text:Read Regs: eax[T]: 12e57a: al[T]: 12e57a: ax[T]: 12e57a: :Read Flags: :Read Memory: :
TID: 3:IP: 64291561:Disasm pushfd :IMG: C:\Program Files\DAEMON Tools Lite\Engine.dll:RTN: .text:Read Regs: esp: 12e534: ss: 23: eflags[T]: 202: sp: 12e534: :Read Flags: 3f7700:df vif iopl if ac vm rf nt tf id vip [T 8d5:of sf zf af pf cf ]:Values:202:Read Memory: :
TID: 3:IP: 64291562:Disasm rol al, 0x7:IMG: C:\Program Files\DAEMON Tools Lite\Engine.dll:RTN: .text:Read Regs: eax[T]: 12e579: al[T]: 12e579: ax[T]: 12e579: :Read Flags: :Read Memory: :
TID: 3:IP: 64291565:Disasm rol cx, 0xe:IMG: C:\Program Files\DAEMON Tools Lite\Engine.dll:RTN: .text:Read Regs: ecx: 9bd600c3: cl: 9bd600c3: ch[T]: 9bd600c3: cx: 9bd600c3: :Read Flags: :Read Memory: :
TID: 3:IP: 64291569:Disasm not al:IMG: C:\Program Files\DAEMON Tools Lite\Engine.dll:RTN: .text:Read Regs: eax[T]: 12e5bc: al[T]: 12e5bc: ax[T]: 12e5bc: :Read Flags: :Read Memory: :
TID: 3:IP: 6429156b:Disasm movsx ecx, cl:IMG: C:\Program Files\DAEMON Tools Lite\Engine.dll:RTN: .text:Read Regs: ecx[T]: 9bd6c030: cl[T]: 9bd6c030: cx[T]: 9bd6c030: :Read Flags: :Read Memory: :
TID: 3:IP: 6429156e:Disasm movzx cx, cl:IMG: C:\Program Files\DAEMON Tools Lite\Engine.dll:RTN: .text:Read Regs: ecx[T]: 30: cl[T]: 30: cx[T]: 30: :Read Flags: :Read Memory: :
TID: 3:IP: 64291572:Disasm shr ecx, cl:IMG: C:\Program Files\DAEMON Tools Lite\Engine.dll:RTN: .text:Read Regs: ecx[T]: 30: cl[T]: 30: ch[T]: 30: cx[T]: 30: :Read Flags: :Read Memory: :
TID: 3:IP: 64291574:Disasm and ch, 0xe4:IMG: C:\Program Files\DAEMON Tools Lite\Engine.dll:RTN: .text:Read Regs: ecx[T]: 0: ch[T]: 0: cx[T]: 0: :Read Flags: :Read Memory: :
TID: 3:IP: 64291577:Disasm sub bl, al:IMG: C:\Program Files\DAEMON Tools Lite\Engine.dll:RTN: .text:Read Regs: ebx[T]: 8083cd7d: eax[T]: 12e543: al[T]: 12e543: ax[T]: 12e543: bl[T]: 8083cd7d: bx[T]: 8083cd7d: :Read Flags: :Read Memory: :
TID: 3:IP: 64291579:Disasm pop ecx:IMG: C:\Program Files\DAEMON Tools Lite\Engine.dll:RTN: .text:Read Regs: esp: 12e530: ss: 23: sp: 12e530: :Read Flags: :Read Memory: 12e530 [T] 12e531 [T] 12e532 [T] 12e533 [T] :
TID: 3:IP: 6429157a:Disasm ror cx, 0xe:IMG: C:\Program Files\DAEMON Tools Lite\Engine.dll:RTN: .text:Read Regs: ecx[T]: 202: cl[T]: 202: ch[T]: 202: cx[T]: 202: :Read Flags: :Read Memory: :
TID: 3:IP: 6429157e:Disasm shl cl, 0x4:IMG: C:\Program Files\DAEMON Tools Lite\Engine.dll:RTN: .text:Read Regs: ecx[T]: 808: cl[T]: 808: cx[T]: 808: :Read Flags: :Read Memory: :
TID: 3:IP: 64291581:Disasm pushfd :IMG: C:\Program Files\DAEMON Tools Lite\Engine.dll:RTN: .text:Read Regs: esp: 12e534: ss: 23: eflags[T]: 282: sp: 12e534: :Read Flags: 3f7700:df vif iopl if ac vm rf nt tf id vip [T 8d5:of sf zf af pf cf ]:Values:282:Read Memory: :
TID: 3:IP: 64291582:Disasm sub esi, 0xffffffff:IMG: C:\Program Files\DAEMON Tools Lite\Engine.dll:RTN: .text:Read Regs: esi[T]: 644814d0: si[T]: 644814d0: :Read Flags: :Read Memory: :
TID: 3:IP: 64291585:Disasm xor cl, bh:IMG: C:\Program Files\DAEMON Tools Lite\Engine.dll:RTN: .text:Read Regs: ebx[T]: 8083cd3a: ecx[T]: 880: cl[T]: 880: cx[T]: 880: bh[T]: 8083cd3a: bx[T]: 8083cd3a: :Read Flags: :Read Memory: :
TID: 3:IP: 64291587:Disasm add ecx, esi:IMG: C:\Program Files\DAEMON Tools Lite\Engine.dll:RTN: .text:Read Regs: esi[T]: 644814d1: ecx[T]: 84d: cl[T]: 84d: ch[T]: 84d: cx[T]: 84d: si[T]: 644814d1: :Read Flags: :Read Memory: :
TID: 3:IP: 64291589:Disasm btc cx, bx:IMG: C:\Program Files\DAEMON Tools Lite\Engine.dll:RTN: .text:Read Regs: ebx[T]: 8083cd3a: ecx[T]: 64481d1e: cl[T]: 64481d1e: ch[T]: 64481d1e: cx[T]: 64481d1e: bl[T]: 8083cd3a: bh[T]: 8083cd3a: bx[T]: 8083cd3a: :Read Flags: :Read Memory: :
TID: 3:IP: 6429158d:Disasm movzx eax, al:IMG: C:\Program Files\DAEMON Tools Lite\Engine.dll:RTN: .text:Read Regs: eax[T]: 12e543: al[T]: 12e543: ax[T]: 12e543: :Read Flags: :Read Memory: :
TID: 3:IP: 64291590:Disasm bswap cx:IMG: C:\Program Files\DAEMON Tools Lite\Engine.dll:RTN: .text:Read Regs: ecx[T]: 6448191e: cl[T]: 6448191e: ch[T]: 6448191e: cx[T]: 6448191e: :Read Flags: :Read Memory: :
TID: 3:IP: 64291593:Disasm cmp ah, 0x70:IMG: C:\Program Files\DAEMON Tools Lite\Engine.dll:RTN: .text:Read Regs: eax[T]: 43: ah[T]: 43: ax[T]: 43: :Read Flags: :Read Memory: :
TID: 3:IP: 6429159a:Disasm setnp ch:IMG: C:\Program Files\DAEMON Tools Lite\Engine.dll:RTN: .text:Read Regs: eflags[T]: 287: :Read Flags: 0:[T 4:pf ]:Values:287:Read Memory: :
TID: 3:IP: 6429159d:Disasm mov ecx, dword ptr [eax*4+0x642a0250]:IMG: C:\Program Files\DAEMON Tools Lite\Engine.dll:RTN: .text:Read Regs: eax[T]: 43: ds: 23: al[T]: 43: ah[T]: 43: ax[T]: 43: :Read Flags: :Read Memory: 642a035c 642a035d 642a035e 642a035f :
TID: 3:IP: 642915a8:Disasm bswap ecx:IMG: C:\Program Files\DAEMON Tools Lite\Engine.dll:RTN: .text:Read Regs: ecx[T]: f4950110: cl[T]: f4950110: ch[T]: f4950110: cx[T]: f4950110: :Read Flags: :Read Memory: :
TID: 3:IP: 642915b0:Disasm mov byte ptr [esp], bh:IMG: C:\Program Files\DAEMON Tools Lite\Engine.dll:RTN: .text:Read Regs: esp: 12e530: ebx[T]: 8083cd3a: ss: 23: bh[T]: 8083cd3a: bx[T]: 8083cd3a: sp: 12e530: :Read Flags: :Read Memory: :
TID: 3:IP: 642915b3:Disasm add ecx, 0x54270000:IMG: C:\Program Files\DAEMON Tools Lite\Engine.dll:RTN: .text:Read Regs: ecx[T]: 100195f4: cl[T]: 100195f4: ch[T]: 100195f4: cx[T]: 100195f4: :Read Flags: :Read Memory: :
TID: 3:IP: 642915b9:Disasm push dword ptr [esp]:IMG: C:\Program Files\DAEMON Tools Lite\Engine.dll:RTN: .text:Read Regs: esp: 12e530: ss: 23: sp: 12e530: :Read Flags: :Read Memory: 12e530 [T] 12e531 12e532 [T] 12e533 [T] :
TID: 3:IP: 642915bc:Disasm pushad :IMG: C:\Program Files\DAEMON Tools Lite\Engine.dll:RTN: .text:Read Regs: edi: 12e534: esi[T]: 644814d1: ebp: 12e614: esp: 12e52c: ebx[T]: 8083cd3a: edx: 286: ecx[T]: 642895f4: eax[T]: 43: ss: 23: al[T]: 43: ah[T]: 43: ax[T]: 43: cl[T]: 642895f4: ch[T]: 642895f4: cx[T]: 642895f4: dl: 286: dh: 286: dx: 286: bl[T]: 8083cd3a: bh[T]: 8083cd3a: bx[T]: 8083cd3a: bp: 12e614: si[T]: 644814d1: di: 12e534: sp: 12e52c: :Read Flags: :Read Memory: :
TID: 3:IP: 642919e6:Disasm mov dword ptr [esp+0x24], ecx:IMG: C:\Program Files\DAEMON Tools Lite\Engine.dll:RTN: .text:Read Regs: esp: 12e50c: ecx[T]: 642895f4: ss: 23: cl[T]: 642895f4: ch[T]: 642895f4: cx[T]: 642895f4: sp: 12e50c: :Read Flags: :Read Memory: :
TID: 3:IP: 642919ea:Disasm pushfd :IMG: C:\Program Files\DAEMON Tools Lite\Engine.dll:RTN: .text:Read Regs: esp: 12e50c: ss: 23: eflags[T]: 202: sp: 12e50c: :Read Flags: 3f7700:df vif iopl if ac vm rf nt tf id vip [T 8d5:of sf zf af pf cf ]:Values:202:Read Memory: :
TID: 3:IP: 642919f6:Disasm push dword ptr [esp+0x28]:IMG: C:\Program Files\DAEMON Tools Lite\Engine.dll:RTN: .text:Read Regs: esp: 12e508: ss: 23: sp: 12e508: :Read Flags: :Read Memory: 12e530 [T] 12e531 [T] 12e532 [T] 12e533 [T] :
TID: 3:IP: 642919fa:Disasm ret 0x2c:IMG: C:\Program Files\DAEMON Tools Lite\Engine.dll:RTN: .text:Read Regs: esp: 12e504: ss: 23: sp: 12e504: :Read Flags: :Read Memory: 12e504 [T] 12e505 [T] 12e506 [T] 12e507 [T] :
TID: 3:IP: 64292a9f:Disasm movsx eax, bl:IMG: C:\Program Files\DAEMON Tools Lite\Engine.dll:RTN: .text:Read Regs: ebx[T]: 8083cd3a: bl[T]: 8083cd3a: bx[T]: 8083cd3a: :Read Flags: :Read Memory: :
TID: 3:IP: 64292aa2:Disasm rcr dh, cl:IMG: C:\Program Files\DAEMON Tools Lite\Engine.dll:RTN: .text:Read Regs: edx: 286: ecx[T]: 642895f4: eflags[T]: 202: cl[T]: 642895f4: cx[T]: 642895f4: dh: 286: dx: 286: :Read Flags: 0:[T 1:cf ]:Values:202:Read Memory: :
TID: 3:IP: 64292aa4:Disasm mov eax, dword ptr [ebp]:IMG: C:\Program Files\DAEMON Tools Lite\Engine.dll:RTN: .text:Read Regs: ebp: 12e614: ss: 23: bp: 12e614: :Read Flags: :Read Memory: 12e614 [T] 12e615 [T] 12e616 [T] 12e617 [T] :
TID: 3:IP: 64292aa7:Disasm bsf dx, bx:IMG: C:\Program Files\DAEMON Tools Lite\Engine.dll:RTN: .text:Read Regs: ebx[T]: 8083cd3a: bl[T]: 8083cd3a: bh[T]: 8083cd3a: bx[T]: 8083cd3a: :Read Flags: :Read Memory: :
TID: 3:IP: 64292aab:Disasm or dl, 0x6f:IMG: C:\Program Files\DAEMON Tools Lite\Engine.dll:RTN: .text:Read Regs: edx[T]: 1: dl[T]: 1: dx[T]: 1: :Read Flags: :Read Memory: :
TID: 3:IP: 64292aae:Disasm btr edx, ecx:IMG: C:\Program Files\DAEMON Tools Lite\Engine.dll:RTN: .text:Read Regs: edx[T]: 6f: ecx[T]: 642895f4: cl[T]: 642895f4: ch[T]: 642895f4: cx[T]: 642895f4: dl[T]: 6f: dh[T]: 6f: dx[T]: 6f: :Read Flags: :Read Memory: :
TID: 3:IP: 64292ab4:Disasm cmp si, cx:IMG: C:\Program Files\DAEMON Tools Lite\Engine.dll:RTN: .text:Read Regs: esi[T]: 644814d1: ecx[T]: 642895f4: cl[T]: 642895f4: ch[T]: 642895f4: cx[T]: 642895f4: si[T]: 644814d1: :Read Flags: :Read Memory: :
TID: 3:IP: 64292abb:Disasm jnbe 0x642930ec:IMG: C:\Program Files\DAEMON Tools Lite\Engine.dll:RTN: .text:Read Regs: eflags[T]: 217: :Read Flags: 0:[T 41:zf cf ]:Values:217:Read Memory: :
TID: 3:IP: 64292ac1:Disasm not eax:IMG: C:\Program Files\DAEMON Tools Lite\Engine.dll:RTN: .text:Read Regs: eax[T]: bf71367c: al[T]: bf71367c: ah[T]: bf71367c: ax[T]: bf71367c: :Read Flags: :Read Memory: :
TID: 3:IP: 64292ac4:Disasm test esi, 0xaff4144c:IMG: C:\Program Files\DAEMON Tools Lite\Engine.dll:RTN: .text:Read Regs: esi[T]: 644814d1: si[T]: 644814d1: :Read Flags: :Read Memory: :
TID: 3:IP: 64291a39:Disasm pushfd :IMG: C:\Program Files\DAEMON Tools Lite\Engine.dll:RTN: .text:Read Regs: esp: 12e534: ss: 23: eflags[T]: 202: sp: 12e534: :Read Flags: 3f7700:df vif iopl if ac vm rf nt tf id vip [T 8d5:of sf zf af pf cf ]:Values:202:Read Memory: :
TID: 3:IP: 64291a3a:Disasm and eax, edx:IMG: C:\Program Files\DAEMON Tools Lite\Engine.dll:RTN: .text:Read Regs: edx: 12e678: eax[T]: 408ec983: al[T]: 408ec983: ah[T]: 408ec983: ax[T]: 408ec983: dl: 12e678: dh: 12e678: dx: 12e678: :Read Flags: :Read Memory: :
TID: 3:IP: 6428ab24:Disasm jp 0x6428b003:IMG: C:\Program Files\DAEMON Tools Lite\Engine.dll:RTN: .text:Read Regs: eflags[T]: 206: :Read Flags: 0:[T 4:pf ]:Values:206:Read Memory: :
TID: 3:IP: 6428b003:Disasm pushfd :IMG: C:\Program Files\DAEMON Tools Lite\Engine.dll:RTN: .text:Read Regs: esp: 12e534: ss: 23: eflags[T]: 206: sp: 12e534: :Read Flags: 3f7700:df vif iopl if ac vm rf nt tf id vip [T 8d5:of sf zf af pf cf ]:Values:206:Read Memory: :
TID: 3:IP: 64293c45:Disasm mov dword ptr [ebp+0x4], eax:IMG: C:\Program Files\DAEMON Tools Lite\Engine.dll:RTN: .text:Read Regs: ebp: 12e614: eax[T]: 2c000: ss: 23: al[T]: 2c000: ah[T]: 2c000: ax[T]: 2c000: bp: 12e614: :Read Flags: :Read Memory: :
TID: 3:IP: 64293c50:Disasm pushfd :IMG: C:\Program Files\DAEMON Tools Lite\Engine.dll:RTN: .text:Read Regs: esp: 12e528: ss: 23: eflags[T]: 206: sp: 12e528: :Read Flags: 3f7700:df vif iopl if ac vm rf nt tf id vip [T 8d5:of sf zf af pf cf ]:Values:206:Read Memory: :
TID: 3:IP: 64293c51:Disasm pop dword ptr [esp+0x8]:IMG: C:\Program Files\DAEMON Tools Lite\Engine.dll:RTN: .text:Read Regs: esp: 12e524: ss: 23: sp: 12e524: :Read Flags: :Read Memory: 12e524 [T] 12e525 [T] 12e526 [T] 12e527 [T] :
TID: 3:IP: 64293c5c:Disasm push dword ptr [esp+0x8]:IMG: C:\Program Files\DAEMON Tools Lite\Engine.dll:RTN: .text:Read Regs: esp: 12e528: ss: 23: sp: 12e528: :Read Flags: :Read Memory: 12e530 [T] 12e531 [T] 12e532 [T] 12e533 [T] :
TID: 3:IP: 64293c60:Disasm pop dword ptr [ebp]:IMG: C:\Program Files\DAEMON Tools Lite\Engine.dll:RTN: .text:Read Regs: ebp: 12e614: esp: 12e524: ss: 23: bp: 12e614: sp: 12e524: :Read Flags: :Read Memory: 12e524 [T] 12e525 [T] 12e526 [T] 12e527 [T] :
TID: 3:IP: 64293c63:Disasm pushad :IMG: C:\Program Files\DAEMON Tools Lite\Engine.dll:RTN: .text:Read Regs: edi: 12e534: esi[T]: 644814d1: ebp: 12e614: esp: 12e528: ebx[T]: 8083cd3a: edx: 12e678: ecx[T]: 642895f4: eax[T]: 2c000: ss: 23: al[T]: 2c000: ah[T]: 2c000: ax[T]: 2c000: cl[T]: 642895f4: ch[T]: 642895f4: cx[T]: 642895f4: dl: 12e678: dh: 12e678: dx: 12e678: bl[T]: 8083cd3a: bh[T]: 8083cd3a: bx[T]: 8083cd3a: bp: 12e614: si[T]: 644814d1: di: 12e534: sp: 12e528: :Read Flags: :Read Memory: :
TID: 3:IP: 64291548:Disasm sbb al, bh:IMG: C:\Program Files\DAEMON Tools Lite\Engine.dll:RTN: .text:Read Regs: ebx[T]: 8083cd3a: eax[T]: 2c000: eflags[T]: 206: al[T]: 2c000: ax[T]: 2c000: bh[T]: 8083cd3a: bx[T]: 8083cd3a: :Read Flags: 0:[T 1:cf ]:Values:206:Read Memory: :
TID: 3:IP: 6429154a:Disasm xchg ch, al:IMG: C:\Program Files\DAEMON Tools Lite\Engine.dll:RTN: .text:Read Regs: ecx[T]: 642895f4: eax[T]: 2c033: al[T]: 2c033: ax[T]: 2c033: ch[T]: 642895f4: cx[T]: 642895f4: :Read Flags: :Read Memory: :
TID: 3:IP: 6429154c:Disasm mov al, byte ptr [esi]:IMG: C:\Program Files\DAEMON Tools Lite\Engine.dll:RTN: .text:Read Regs: esi[T]: 644814d1: ds: 23: si[T]: 644814d1: :Read Flags: :Read Memory: 644814d1 :
TID: 3:IP: 6429154e:Disasm shr cl, 0x1:IMG: C:\Program Files\DAEMON Tools Lite\Engine.dll:RTN: .text:Read Regs: ecx[T]: 642833f4: cl[T]: 642833f4: cx[T]: 642833f4: :Read Flags: :Read Memory: :
TID: 3:IP: 64291550:Disasm not ecx:IMG: C:\Program Files\DAEMON Tools Lite\Engine.dll:RTN: .text:Read Regs: ecx[T]: 6428337a: cl[T]: 6428337a: ch[T]: 6428337a: cx[T]: 6428337a: :Read Flags: :Read Memory: :
TID: 3:IP: 64291552:Disasm cmc :IMG: C:\Program Files\DAEMON Tools Lite\Engine.dll:RTN: .text:Read Regs: eflags[T]: a02: :Read Flags: 0:[T 1:cf ]:Values:a02:Read Memory: :
TID: 3:IP: 64291553:Disasm sub al, bl:IMG: C:\Program Files\DAEMON Tools Lite\Engine.dll:RTN: .text:Read Regs: ebx[T]: 8083cd3a: eax[T]: 2c053: al[T]: 2c053: ax[T]: 2c053: bl[T]: 8083cd3a: bx[T]: 8083cd3a: :Read Flags: :Read Memory: :
TID: 3:IP: 64291555:Disasm movzx cx, bl:IMG: C:\Program Files\DAEMON Tools Lite\Engine.dll:RTN: .text:Read Regs: ebx[T]: 8083cd3a: bl[T]: 8083cd3a: bx[T]: 8083cd3a: :Read Flags: :Read Memory: :
TID: 3:IP: 64291559:Disasm movsx cx, cl:IMG: C:\Program Files\DAEMON Tools Lite\Engine.dll:RTN: .text:Read Regs: ecx[T]: 9bd7003a: cl[T]: 9bd7003a: cx[T]: 9bd7003a: :Read Flags: :Read Memory: :
TID: 3:IP: 6429155f:Disasm dec al:IMG: C:\Program Files\DAEMON Tools Lite\Engine.dll:RTN: .text:Read Regs: eax[T]: 2c019: al[T]: 2c019: ax[T]: 2c019: :Read Flags: :Read Memory: :
TID: 3:IP: 64291561:Disasm pushfd :IMG: C:\Program Files\DAEMON Tools Lite\Engine.dll:RTN: .text:Read Regs: esp: 12e534: ss: 23: eflags[T]: 206: sp: 12e534: :Read Flags: 3f7700:df vif iopl if ac vm rf nt tf id vip [T 8d5:of sf zf af pf cf ]:Values:206:Read Memory: :
TID: 3:IP: 64291562:Disasm rol al, 0x7:IMG: C:\Program Files\DAEMON Tools Lite\Engine.dll:RTN: .text:Read Regs: eax[T]: 2c018: al[T]: 2c018: ax[T]: 2c018: :Read Flags: :Read Memory: :
TID: 3:IP: 64291565:Disasm rol cx, 0xe:IMG: C:\Program Files\DAEMON Tools Lite\Engine.dll:RTN: .text:Read Regs: ecx: 9bd700c3: cl: 9bd700c3: ch[T]: 9bd700c3: cx: 9bd700c3: :Read Flags: :Read Memory: :
TID: 3:IP: 64291569:Disasm not al:IMG: C:\Program Files\DAEMON Tools Lite\Engine.dll:RTN: .text:Read Regs: eax[T]: 2c00c: al[T]: 2c00c: ax[T]: 2c00c: :Read Flags: :Read Memory: :
TID: 3:IP: 6429156b:Disasm movsx ecx, cl:IMG: C:\Program Files\DAEMON Tools Lite\Engine.dll:RTN: .text:Read Regs: ecx[T]: 9bd7c030: cl[T]: 9bd7c030: cx[T]: 9bd7c030: :Read Flags: :Read Memory: :
TID: 3:IP: 6429156e:Disasm movzx cx, cl:IMG: C:\Program Files\DAEMON Tools Lite\Engine.dll:RTN: .text:Read Regs: ecx[T]: 30: cl[T]: 30: cx[T]: 30: :Read Flags: :Read Memory: :
TID: 3:IP: 64291572:Disasm shr ecx, cl:IMG: C:\Program Files\DAEMON Tools Lite\Engine.dll:RTN: .text:Read Regs: ecx[T]: 30: cl[T]: 30: ch[T]: 30: cx[T]: 30: :Read Flags: :Read Memory: :
TID: 3:IP: 64291574:Disasm and ch, 0xe4:IMG: C:\Program Files\DAEMON Tools Lite\Engine.dll:RTN: .text:Read Regs: ecx[T]: 0: ch[T]: 0: cx[T]: 0: :Read Flags: :Read Memory: :
TID: 3:IP: 64291577:Disasm sub bl, al:IMG: C:\Program Files\DAEMON Tools Lite\Engine.dll:RTN: .text:Read Regs: ebx[T]: 8083cd3a: eax[T]: 2c0f3: al[T]: 2c0f3: ax[T]: 2c0f3: bl[T]: 8083cd3a: bx[T]: 8083cd3a: :Read Flags: :Read Memory: :
TID: 3:IP: 64291579:Disasm pop ecx:IMG: C:\Program Files\DAEMON Tools Lite\Engine.dll:RTN: .text:Read Regs: esp: 12e530: ss: 23: sp: 12e530: :Read Flags: :Read Memory: 12e530 [T] 12e531 [T] 12e532 [T] 12e533 [T] :
TID: 3:IP: 6429157a:Disasm ror cx, 0xe:IMG: C:\Program Files\DAEMON Tools Lite\Engine.dll:RTN: .text:Read Regs: ecx[T]: 206: cl[T]: 206: ch[T]: 206: cx[T]: 206: :Read Flags: :Read Memory: :
TID: 3:IP: 6429157e:Disasm shl cl, 0x4:IMG: C:\Program Files\DAEMON Tools Lite\Engine.dll:RTN: .text:Read Regs: ecx[T]: 818: cl[T]: 818: cx[T]: 818: :Read Flags: :Read Memory: :
TID: 3:IP: 64291581:Disasm pushfd :IMG: C:\Program Files\DAEMON Tools Lite\Engine.dll:RTN: .text:Read Regs: esp: 12e534: ss: 23: eflags[T]: 283: sp: 12e534: :Read Flags: 3f7700:df vif iopl if ac vm rf nt tf id vip [T 8d5:of sf zf af pf cf ]:Values:283:Read Memory: :
TID: 3:IP: 64291582:Disasm sub esi, 0xffffffff:IMG: C:\Program Files\DAEMON Tools Lite\Engine.dll:RTN: .text:Read Regs: esi[T]: 644814d1: si[T]: 644814d1: :Read Flags: :Read Memory: :
TID: 3:IP: 64291585:Disasm xor cl, bh:IMG: C:\Program Files\DAEMON Tools Lite\Engine.dll:RTN: .text:Read Regs: ebx[T]: 8083cd47: ecx[T]: 880: cl[T]: 880: cx[T]: 880: bh[T]: 8083cd47: bx[T]: 8083cd47: :Read Flags: :Read Memory: :
TID: 3:IP: 64291587:Disasm add ecx, esi:IMG: C:\Program Files\DAEMON Tools Lite\Engine.dll:RTN: .text:Read Regs: esi[T]: 644814d2: ecx[T]: 84d: cl[T]: 84d: ch[T]: 84d: cx[T]: 84d: si[T]: 644814d2: :Read Flags: :Read Memory: :
TID: 3:IP: 64291589:Disasm btc cx, bx:IMG: C:\Program Files\DAEMON Tools Lite\Engine.dll:RTN: .text:Read Regs: ebx[T]: 8083cd47: ecx[T]: 64481d1f: cl[T]: 64481d1f: ch[T]: 64481d1f: cx[T]: 64481d1f: bl[T]: 8083cd47: bh[T]: 8083cd47: bx[T]: 8083cd47: :Read Flags: :Read Memory: :
TID: 3:IP: 6429158d:Disasm movzx eax, al:IMG: C:\Program Files\DAEMON Tools Lite\Engine.dll:RTN: .text:Read Regs: eax[T]: 2c0f3: al[T]: 2c0f3: ax[T]: 2c0f3: :Read Flags: :Read Memory: :
TID: 3:IP: 64291590:Disasm bswap cx:IMG: C:\Program Files\DAEMON Tools Lite\Engine.dll:RTN: .text:Read Regs: ecx[T]: 64481d9f: cl[T]: 64481d9f: ch[T]: 64481d9f: cx[T]: 64481d9f: :Read Flags: :Read Memory: :
TID: 3:IP: 64291593:Disasm cmp ah, 0x70:IMG: C:\Program Files\DAEMON Tools Lite\Engine.dll:RTN: .text:Read Regs: eax[T]: f3: ah[T]: f3: ax[T]: f3: :Read Flags: :Read Memory: :
TID: 3:IP: 6429159a:Disasm setnp ch:IMG: C:\Program Files\DAEMON Tools Lite\Engine.dll:RTN: .text:Read Regs: eflags[T]: 287: :Read Flags: 0:[T 4:pf ]:Values:287:Read Memory: :
TID: 3:IP: 6429159d:Disasm mov ecx, dword ptr [eax*4+0x642a0250]:IMG: C:\Program Files\DAEMON Tools Lite\Engine.dll:RTN: .text:Read Regs: eax[T]: f3: ds: 23: al[T]: f3: ah[T]: f3: ax[T]: f3: :Read Flags: :Read Memory: 642a061c 642a061d 642a061e 642a061f :
TID: 3:IP: 642915a8:Disasm bswap ecx:IMG: C:\Program Files\DAEMON Tools Lite\Engine.dll:RTN: .text:Read Regs: ecx[T]: 80ff0010: cl[T]: 80ff0010: ch[T]: 80ff0010: cx[T]: 80ff0010: :Read Flags: :Read Memory: :
TID: 3:IP: 642915b0:Disasm mov byte ptr [esp], bh:IMG: C:\Program Files\DAEMON Tools Lite\Engine.dll:RTN: .text:Read Regs: esp: 12e530: ebx[T]: 8083cd47: ss: 23: bh[T]: 8083cd47: bx[T]: 8083cd47: sp: 12e530: :Read Flags: :Read Memory: :
TID: 3:IP: 642915b3:Disasm add ecx, 0x54270000:IMG: C:\Program Files\DAEMON Tools Lite\Engine.dll:RTN: .text:Read Regs: ecx[T]: 1000ff80: cl[T]: 1000ff80: ch[T]: 1000ff80: cx[T]: 1000ff80: :Read Flags: :Read Memory: :
TID: 3:IP: 642915b9:Disasm push dword ptr [esp]:IMG: C:\Program Files\DAEMON Tools Lite\Engine.dll:RTN: .text:Read Regs: esp: 12e530: ss: 23: sp: 12e530: :Read Flags: :Read Memory: 12e530 [T] 12e531 12e532 [T] 12e533 [T] :
TID: 3:IP: 642915bc:Disasm pushad :IMG: C:\Program Files\DAEMON Tools Lite\Engine.dll:RTN: .text:Read Regs: edi: 12e534: esi[T]: 644814d2: ebp: 12e614: esp: 12e52c: ebx[T]: 8083cd47: edx: 12e678: ecx[T]: 6427ff80: eax[T]: f3: ss: 23: al[T]: f3: ah[T]: f3: ax[T]: f3: cl[T]: 6427ff80: ch[T]: 6427ff80: cx[T]: 6427ff80: dl: 12e678: dh: 12e678: dx: 12e678: bl[T]: 8083cd47: bh[T]: 8083cd47: bx[T]: 8083cd47: bp: 12e614: si[T]: 644814d2: di: 12e534: sp: 12e52c: :Read Flags: :Read Memory: :
TID: 3:IP: 642919e6:Disasm mov dword ptr [esp+0x24], ecx:IMG: C:\Program Files\DAEMON Tools Lite\Engine.dll:RTN: .text:Read Regs: esp: 12e50c: ecx[T]: 6427ff80: ss: 23: cl[T]: 6427ff80: ch[T]: 6427ff80: cx[T]: 6427ff80: sp: 12e50c: :Read Flags: :Read Memory: :
TID: 3:IP: 642919ea:Disasm pushfd :IMG: C:\Program Files\DAEMON Tools Lite\Engine.dll:RTN: .text:Read Regs: esp: 12e50c: ss: 23: eflags[T]: 202: sp: 12e50c: :Read Flags: 3f7700:df vif iopl if ac vm rf nt tf id vip [T 8d5:of sf zf af pf cf ]:Values:202:Read Memory: :
TID: 3:IP: 642919f6:Disasm push dword ptr [esp+0x28]:IMG: C:\Program Files\DAEMON Tools Lite\Engine.dll:RTN: .text:Read Regs: esp: 12e508: ss: 23: sp: 12e508: :Read Flags: :Read Memory: 12e530 [T] 12e531 [T] 12e532 [T] 12e533 [T] :
TID: 3:IP: 642919fa:Disasm ret 0x2c:IMG: C:\Program Files\DAEMON Tools Lite\Engine.dll:RTN: .text:Read Regs: esp: 12e504: ss: 23: sp: 12e504: :Read Flags: :Read Memory: 12e504 [T] 12e505 [T] 12e506 [T] 12e507 [T] :
TID: 3:IP: 6427ff80:Disasm rcr al, cl:IMG: C:\Program Files\DAEMON Tools Lite\Engine.dll:RTN: .text:Read Regs: ecx[T]: 6427ff80: eax[T]: f3: eflags[T]: 202: al[T]: f3: ax[T]: f3: cl[T]: 6427ff80: cx[T]: 6427ff80: :Read Flags: 0:[T 1:cf ]:Values:202:Read Memory: :
TID: 3:IP: 6427ff85:Disasm rcl al, 0x5:IMG: C:\Program Files\DAEMON Tools Lite\Engine.dll:RTN: .text:Read Regs: eax[T]: f3: eflags: 246: al[T]: f3: ax[T]: f3: :Read Flags: 1:cf :Values:246:Read Memory: :
TID: 3:IP: 6427ff88:Disasm movzx eax, byte ptr [esi]:IMG: C:\Program Files\DAEMON Tools Lite\Engine.dll:RTN: .text:Read Regs: esi[T]: 644814d2: ds: 23: si[T]: 644814d2: :Read Flags: :Read Memory: 644814d2 :
TID: 3:IP: 6427ff8b:Disasm bt cx, bp:IMG: C:\Program Files\DAEMON Tools Lite\Engine.dll:RTN: .text:Read Regs: ebp: 12e614: ecx[T]: 6427ff80: cl[T]: 6427ff80: ch[T]: 6427ff80: cx[T]: 6427ff80: bp: 12e614: :Read Flags: :Read Memory: :
TID: 3:IP: 6427ff8f:Disasm xor al, bl:IMG: C:\Program Files\DAEMON Tools Lite\Engine.dll:RTN: .text:Read Regs: ebx[T]: 8083cd47: eax[T]: 70: al[T]: 70: ax[T]: 70: bl[T]: 8083cd47: bx[T]: 8083cd47: :Read Flags: :Read Memory: :
TID: 3:IP: 6427ff96:Disasm shld dx, cx, cl:IMG: C:\Program Files\DAEMON Tools Lite\Engine.dll:RTN: .text:Read Regs: edx: 12a000: ecx[T]: 6427ff80: cl[T]: 6427ff80: ch[T]: 6427ff80: cx[T]: 6427ff80: dl: 12a000: dh: 12a000: dx: 12a000: :Read Flags: :Read Memory: :
TID: 3:IP: 6427ff9a:Disasm not al:IMG: C:\Program Files\DAEMON Tools Lite\Engine.dll:RTN: .text:Read Regs: eax[T]: 37: al[T]: 37: ax[T]: 37: :Read Flags: :Read Memory: :
TID: 3:IP: 6427ffa1:Disasm dec dh:IMG: C:\Program Files\DAEMON Tools Lite\Engine.dll:RTN: .text:Read Regs: edx[T]: 12a000: dh[T]: 12a000: dx[T]: 12a000: :Read Flags: :Read Memory: :
TID: 3:IP: 6427ffa3:Disasm btr dx, 0x1:IMG: C:\Program Files\DAEMON Tools Lite\Engine.dll:RTN: .text:Read Regs: edx[T]: 129f00: dl[T]: 129f00: dh[T]: 129f00: dx[T]: 129f00: :Read Flags: :Read Memory: :
TID: 3:IP: 6427ffa8:Disasm neg al:IMG: C:\Program Files\DAEMON Tools Lite\Engine.dll:RTN: .text:Read Regs: eax[T]: c8: al[T]: c8: ax[T]: c8: :Read Flags: :Read Memory: :
TID: 3:IP: 6427ffaa:Disasm test esi, ebp:IMG: C:\Program Files\DAEMON Tools Lite\Engine.dll:RTN: .text:Read Regs: esi[T]: 644814d2: ebp: 12e614: bp: 12e614: si[T]: 644814d2: :Read Flags: :Read Memory: :
TID: 3:IP: 6427ffac:Disasm sub al, 0x0:IMG: C:\Program Files\DAEMON Tools Lite\Engine.dll:RTN: .text:Read Regs: eax[T]: 38: al[T]: 38: ax[T]: 38: :Read Flags: :Read Memory: :
TID: 3:IP: 6427ffaf:Disasm rol dl, cl:IMG: C:\Program Files\DAEMON Tools Lite\Engine.dll:RTN: .text:Read Regs: edx[T]: 129f00: ecx[T]: 6427ff80: cl[T]: 6427ff80: cx[T]: 6427ff80: dl[T]: 129f00: dx[T]: 129f00: :Read Flags: :Read Memory: :
TID: 3:IP: 6427ffb1:Disasm xor bl, al:IMG: C:\Program Files\DAEMON Tools Lite\Engine.dll:RTN: .text:Read Regs: ebx[T]: 8083cd47: eax[T]: 38: al[T]: 38: ax[T]: 38: bl[T]: 8083cd47: bx[T]: 8083cd47: :Read Flags: :Read Memory: :
TID: 3:IP: 6427ffbc:Disasm pushfd :IMG: C:\Program Files\DAEMON Tools Lite\Engine.dll:RTN: .text:Read Regs: esp: 12e52c: ss: 23: eflags[T]: 202: sp: 12e52c: :Read Flags: 3f7700:df vif iopl if ac vm rf nt tf id vip [T 8d5:of sf zf af pf cf ]:Values:202:Read Memory: :
TID: 3:IP: 6427ffbd:Disasm mov edx, dword ptr [ebp]:IMG: C:\Program Files\DAEMON Tools Lite\Engine.dll:RTN: .text:Read Regs: ebp: 12e614: ss: 23: bp: 12e614: :Read Flags: :Read Memory: 12e614 [T] 12e615 [T] 12e616 [T] 12e617 [T] :
TID: 3:IP: 6428a22d:Disasm inc esi:IMG: C:\Program Files\DAEMON Tools Lite\Engine.dll:RTN: .text:Read Regs: esi[T]: 644814d2: si[T]: 644814d2: :Read Flags: :Read Memory: :
TID: 3:IP: 6428a22f:Disasm test dl, dh:IMG: C:\Program Files\DAEMON Tools Lite\Engine.dll:RTN: .text:Read Regs: edx[T]: 206: dl[T]: 206: dh[T]: 206: dx[T]: 206: :Read Flags: :Read Memory: :
TID: 3:IP: 6428cc64:Disasm mov dword ptr [esp+0x4], esi:IMG: C:\Program Files\DAEMON Tools Lite\Engine.dll:RTN: .text:Read Regs: esi[T]: 644814d3: esp: 12e524: ss: 23: si[T]: 644814d3: sp: 12e524: :Read Flags: :Read Memory: :
TID: 3:IP: 6428cc6f:Disasm mov dword ptr [eax+edi*1], edx:IMG: C:\Program Files\DAEMON Tools Lite\Engine.dll:RTN: .text:Read Regs: edi: 12e534: edx[T]: 206: eax[T]: 38: ds: 23: al[T]: 38: ah[T]: 38: ax[T]: 38: dl[T]: 206: dh[T]: 206: dx[T]: 206: di: 12e534: :Read Flags: :Read Memory: :
TID: 3:IP: 6428cc72:Disasm mov word ptr [esp], ax:IMG: C:\Program Files\DAEMON Tools Lite\Engine.dll:RTN: .text:Read Regs: esp: 12e520: eax[T]: 38: ss: 23: al[T]: 38: ah[T]: 38: ax[T]: 38: sp: 12e520: :Read Flags: :Read Memory: :
TID: 3:IP: 64291548:Disasm sbb al, bh:IMG: C:\Program Files\DAEMON Tools Lite\Engine.dll:RTN: .text:Read Regs: ebx[T]: 8083cd7f: eax[T]: 38: eflags: 206: al[T]: 38: ax[T]: 38: bh[T]: 8083cd7f: bx[T]: 8083cd7f: :Read Flags: 1:cf :Values:206:Read Memory: :
TID: 3:IP: 6429154a:Disasm xchg ch, al:IMG: C:\Program Files\DAEMON Tools Lite\Engine.dll:RTN: .text:Read Regs: ecx[T]: 6427ff80: eax[T]: 6b: al[T]: 6b: ax[T]: 6b: ch[T]: 6427ff80: cx[T]: 6427ff80: :Read Flags: :Read Memory: :
TID: 3:IP: 6429154c:Disasm mov al, byte ptr [esi]:IMG: C:\Program Files\DAEMON Tools Lite\Engine.dll:RTN: .text:Read Regs: esi[T]: 644814d3: ds: 23: si[T]: 644814d3: :Read Flags: :Read Memory: 644814d3 :
TID: 3:IP: 6429154e:Disasm shr cl, 0x1:IMG: C:\Program Files\DAEMON Tools Lite\Engine.dll:RTN: .text:Read Regs: ecx[T]: 64276b80: cl[T]: 64276b80: cx[T]: 64276b80: :Read Flags: :Read Memory: :
TID: 3:IP: 64291550:Disasm not ecx:IMG: C:\Program Files\DAEMON Tools Lite\Engine.dll:RTN: .text:Read Regs: ecx[T]: 64276b40: cl[T]: 64276b40: ch[T]: 64276b40: cx[T]: 64276b40: :Read Flags: :Read Memory: :
TID: 3:IP: 64291552:Disasm cmc :IMG: C:\Program Files\DAEMON Tools Lite\Engine.dll:RTN: .text:Read Regs: eflags[T]: a02: :Read Flags: 0:[T 1:cf ]:Values:a02:Read Memory: :
TID: 3:IP: 64291553:Disasm sub al, bl:IMG: C:\Program Files\DAEMON Tools Lite\Engine.dll:RTN: .text:Read Regs: ebx[T]: 8083cd7f: eax[T]: 2e: al[T]: 2e: ax[T]: 2e: bl[T]: 8083cd7f: bx[T]: 8083cd7f: :Read Flags: :Read Memory: :
TID: 3:IP: 64291555:Disasm movzx cx, bl:IMG: C:\Program Files\DAEMON Tools Lite\Engine.dll:RTN: .text:Read Regs: ebx[T]: 8083cd7f: bl[T]: 8083cd7f: bx[T]: 8083cd7f: :Read Flags: :Read Memory: :
TID: 3:IP: 64291559:Disasm movsx cx, cl:IMG: C:\Program Files\DAEMON Tools Lite\Engine.dll:RTN: .text:Read Regs: ecx[T]: 9bd8007f: cl[T]: 9bd8007f: cx[T]: 9bd8007f: :Read Flags: :Read Memory: :
TID: 3:IP: 6429155f:Disasm dec al:IMG: C:\Program Files\DAEMON Tools Lite\Engine.dll:RTN: .text:Read Regs: eax[T]: af: al[T]: af: ax[T]: af: :Read Flags: :Read Memory: :
TID: 3:IP: 64291561:Disasm pushfd :IMG: C:\Program Files\DAEMON Tools Lite\Engine.dll:RTN: .text:Read Regs: esp: 12e534: ss: 23: eflags[T]: 283: sp: 12e534: :Read Flags: 3f7700:df vif iopl if ac vm rf nt tf id vip [T 8d5:of sf zf af pf cf ]:Values:283:Read Memory: :
TID: 3:IP: 64291562:Disasm rol al, 0x7:IMG: C:\Program Files\DAEMON Tools Lite\Engine.dll:RTN: .text:Read Regs: eax[T]: ae: al[T]: ae: ax[T]: ae: :Read Flags: :Read Memory: :
TID: 3:IP: 64291565:Disasm rol cx, 0xe:IMG: C:\Program Files\DAEMON Tools Lite\Engine.dll:RTN: .text:Read Regs: ecx: 9bd800c3: cl: 9bd800c3: ch[T]: 9bd800c3: cx: 9bd800c3: :Read Flags: :Read Memory: :
TID: 3:IP: 64291569:Disasm not al:IMG: C:\Program Files\DAEMON Tools Lite\Engine.dll:RTN: .text:Read Regs: eax[T]: 57: al[T]: 57: ax[T]: 57: :Read Flags: :Read Memory: :
TID: 3:IP: 6429156b:Disasm movsx ecx, cl:IMG: C:\Program Files\DAEMON Tools Lite\Engine.dll:RTN: .text:Read Regs: ecx[T]: 9bd8c030: cl[T]: 9bd8c030: cx[T]: 9bd8c030: :Read Flags: :Read Memory: :
TID: 3:IP: 6429156e:Disasm movzx cx, cl:IMG: C:\Program Files\DAEMON Tools Lite\Engine.dll:RTN: .text:Read Regs: ecx[T]: 30: cl[T]: 30: cx[T]: 30: :Read Flags: :Read Memory: :
TID: 3:IP: 64291572:Disasm shr ecx, cl:IMG: C:\Program Files\DAEMON Tools Lite\Engine.dll:RTN: .text:Read Regs: ecx[T]: 30: cl[T]: 30: ch[T]: 30: cx[T]: 30: :Read Flags: :Read Memory: :
TID: 3:IP: 64291574:Disasm and ch, 0xe4:IMG: C:\Program Files\DAEMON Tools Lite\Engine.dll:RTN: .text:Read Regs: ecx[T]: 0: ch[T]: 0: cx[T]: 0: :Read Flags: :Read Memory: :
TID: 3:IP: 64291577:Disasm sub bl, al:IMG: C:\Program Files\DAEMON Tools Lite\Engine.dll:RTN: .text:Read Regs: ebx[T]: 8083cd7f: eax[T]: a8: al[T]: a8: ax[T]: a8: bl[T]: 8083cd7f: bx[T]: 8083cd7f: :Read Flags: :Read Memory: :
TID: 3:IP: 64291579:Disasm pop ecx:IMG: C:\Program Files\DAEMON Tools Lite\Engine.dll:RTN: .text:Read Regs: esp: 12e530: ss: 23: sp: 12e530: :Read Flags: :Read Memory: 12e530 [T] 12e531 [T] 12e532 [T] 12e533 [T] :
TID: 3:IP: 6429157a:Disasm ror cx, 0xe:IMG: C:\Program Files\DAEMON Tools Lite\Engine.dll:RTN: .text:Read Regs: ecx[T]: 283: cl[T]: 283: ch[T]: 283: cx[T]: 283: :Read Flags: :Read Memory: :
TID: 3:IP: 6429157e:Disasm shl cl, 0x4:IMG: C:\Program Files\DAEMON Tools Lite\Engine.dll:RTN: .text:Read Regs: ecx[T]: a0c: cl[T]: a0c: cx[T]: a0c: :Read Flags: :Read Memory: :
TID: 3:IP: 64291581:Disasm pushfd :IMG: C:\Program Files\DAEMON Tools Lite\Engine.dll:RTN: .text:Read Regs: esp: 12e534: ss: 23: eflags[T]: 286: sp: 12e534: :Read Flags: 3f7700:df vif iopl if ac vm rf nt tf id vip [T 8d5:of sf zf af pf cf ]:Values:286:Read Memory: :
TID: 3:IP: 64291582:Disasm sub esi, 0xffffffff:IMG: C:\Program Files\DAEMON Tools Lite\Engine.dll:RTN: .text:Read Regs: esi[T]: 644814d3: si[T]: 644814d3: :Read Flags: :Read Memory: :
TID: 3:IP: 64291585:Disasm xor cl, bh:IMG: C:\Program Files\DAEMON Tools Lite\Engine.dll:RTN: .text:Read Regs: ebx[T]: 8083cdd7: ecx[T]: ac0: cl[T]: ac0: cx[T]: ac0: bh[T]: 8083cdd7: bx[T]: 8083cdd7: :Read Flags: :Read Memory: :
TID: 3:IP: 64291587:Disasm add ecx, esi:IMG: C:\Program Files\DAEMON Tools Lite\Engine.dll:RTN: .text:Read Regs: esi[T]: 644814d4: ecx[T]: a0d: cl[T]: a0d: ch[T]: a0d: cx[T]: a0d: si[T]: 644814d4: :Read Flags: :Read Memory: :
TID: 3:IP: 64291589:Disasm btc cx, bx:IMG: C:\Program Files\DAEMON Tools Lite\Engine.dll:RTN: .text:Read Regs: ebx[T]: 8083cdd7: ecx[T]: 64481ee1: cl[T]: 64481ee1: ch[T]: 64481ee1: cx[T]: 64481ee1: bl[T]: 8083cdd7: bh[T]: 8083cdd7: bx[T]: 8083cdd7: :Read Flags: :Read Memory: :
TID: 3:IP: 6429158d:Disasm movzx eax, al:IMG: C:\Program Files\DAEMON Tools Lite\Engine.dll:RTN: .text:Read Regs: eax[T]: a8: al[T]: a8: ax[T]: a8: :Read Flags: :Read Memory: :
TID: 3:IP: 64291590:Disasm bswap cx:IMG: C:\Program Files\DAEMON Tools Lite\Engine.dll:RTN: .text:Read Regs: ecx[T]: 64481e61: cl[T]: 64481e61: ch[T]: 64481e61: cx[T]: 64481e61: :Read Flags: :Read Memory: :
TID: 3:IP: 64291593:Disasm cmp ah, 0x70:IMG: C:\Program Files\DAEMON Tools Lite\Engine.dll:RTN: .text:Read Regs: eax[T]: a8: ah[T]: a8: ax[T]: a8: :Read Flags: :Read Memory: :
TID: 3:IP: 6429159a:Disasm setnp ch:IMG: C:\Program Files\DAEMON Tools Lite\Engine.dll:RTN: .text:Read Regs: eflags[T]: 287: :Read Flags: 0:[T 4:pf ]:Values:287:Read Memory: :
TID: 3:IP: 6429159d:Disasm mov ecx, dword ptr [eax*4+0x642a0250]:IMG: C:\Program Files\DAEMON Tools Lite\Engine.dll:RTN: .text:Read Regs: eax[T]: a8: ds: 23: al[T]: a8: ah[T]: a8: ax[T]: a8: :Read Flags: :Read Memory: 642a04f0 642a04f1 642a04f2 642a04f3 :
TID: 3:IP: 642915a8:Disasm bswap ecx:IMG: C:\Program Files\DAEMON Tools Lite\Engine.dll:RTN: .text:Read Regs: ecx[T]: ae3b0210: cl[T]: ae3b0210: ch[T]: ae3b0210: cx[T]: ae3b0210: :Read Flags: :Read Memory: :
TID: 3:IP: 642915b0:Disasm mov byte ptr [esp], bh:IMG: C:\Program Files\DAEMON Tools Lite\Engine.dll:RTN: .text:Read Regs: esp: 12e530: ebx[T]: 8083cdd7: ss: 23: bh[T]: 8083cdd7: bx[T]: 8083cdd7: sp: 12e530: :Read Flags: :Read Memory: :
TID: 3:IP: 642915b3:Disasm add ecx, 0x54270000:IMG: C:\Program Files\DAEMON Tools Lite\Engine.dll:RTN: .text:Read Regs: ecx[T]: 10023bae: cl[T]: 10023bae: ch[T]: 10023bae: cx[T]: 10023bae: :Read Flags: :Read Memory: :
TID: 3:IP: 642915b9:Disasm push dword ptr [esp]:IMG: C:\Program Files\DAEMON Tools Lite\Engine.dll:RTN: .text:Read Regs: esp: 12e530: ss: 23: sp: 12e530: :Read Flags: :Read Memory: 12e530 [T] 12e531 12e532 [T] 12e533 [T] :
TID: 3:IP: 642915bc:Disasm pushad :IMG: C:\Program Files\DAEMON Tools Lite\Engine.dll:RTN: .text:Read Regs: edi: 12e534: esi[T]: 644814d4: ebp: 12e618: esp: 12e52c: ebx[T]: 8083cdd7: edx[T]: 206: ecx[T]: 64293bae: eax[T]: a8: ss: 23: al[T]: a8: ah[T]: a8: ax[T]: a8: cl[T]: 64293bae: ch[T]: 64293bae: cx[T]: 64293bae: dl[T]: 206: dh[T]: 206: dx[T]: 206: bl[T]: 8083cdd7: bh[T]: 8083cdd7: bx[T]: 8083cdd7: bp: 12e618: si[T]: 644814d4: di: 12e534: sp: 12e52c: :Read Flags: :Read Memory: :
TID: 3:IP: 642919e6:Disasm mov dword ptr [esp+0x24], ecx:IMG: C:\Program Files\DAEMON Tools Lite\Engine.dll:RTN: .text:Read Regs: esp: 12e50c: ecx[T]: 64293bae: ss: 23: cl[T]: 64293bae: ch[T]: 64293bae: cx[T]: 64293bae: sp: 12e50c: :Read Flags: :Read Memory: :
TID: 3:IP: 642919ea:Disasm pushfd :IMG: C:\Program Files\DAEMON Tools Lite\Engine.dll:RTN: .text:Read Regs: esp: 12e50c: ss: 23: eflags[T]: 202: sp: 12e50c: :Read Flags: 3f7700:df vif iopl if ac vm rf nt tf id vip [T 8d5:of sf zf af pf cf ]:Values:202:Read Memory: :
TID: 3:IP: 642919f6:Disasm push dword ptr [esp+0x28]:IMG: C:\Program Files\DAEMON Tools Lite\Engine.dll:RTN: .text:Read Regs: esp: 12e508: ss: 23: sp: 12e508: :Read Flags: :Read Memory: 12e530 [T] 12e531 [T] 12e532 [T] 12e533 [T] :
TID: 3:IP: 642919fa:Disasm ret 0x2c:IMG: C:\Program Files\DAEMON Tools Lite\Engine.dll:RTN: .text:Read Regs: esp: 12e504: ss: 23: sp: 12e504: :Read Flags: :Read Memory: 12e504 [T] 12e505 [T] 12e506 [T] 12e507 [T] :
TID: 3:IP: 64293bae:Disasm shld eax, edi, 0x5:IMG: C:\Program Files\DAEMON Tools Lite\Engine.dll:RTN: .text:Read Regs: edi: 12e534: eax[T]: a8: al[T]: a8: ah[T]: a8: ax[T]: a8: di: 12e534: :Read Flags: :Read Memory: :
TID: 3:IP: 64293bb2:Disasm cwde :IMG: C:\Program Files\DAEMON Tools Lite\Engine.dll:RTN: .text:Read Regs: eax[T]: 1500: al[T]: 1500: ah[T]: 1500: ax[T]: 1500: :Read Flags: :Read Memory: :
TID: 3:IP: 64293bb3:Disasm movsx ax, al:IMG: C:\Program Files\DAEMON Tools Lite\Engine.dll:RTN: .text:Read Regs: eax[T]: 1500: al[T]: 1500: ax[T]: 1500: :Read Flags: :Read Memory: :
TID: 3:IP: 64293bb7:Disasm mov eax, dword ptr [esi]:IMG: C:\Program Files\DAEMON Tools Lite\Engine.dll:RTN: .text:Read Regs: esi[T]: 644814d4: ds: 23: si[T]: 644814d4: :Read Flags: :Read Memory: 644814d4 644814d5 644814d6 644814d7 :
TID: 3:IP: 64293bb9:Disasm test dh, ch:IMG: C:\Program Files\DAEMON Tools Lite\Engine.dll:RTN: .text:Read Regs: edx[T]: 206: ecx[T]: 64293bae: ch[T]: 64293bae: cx[T]: 64293bae: dh[T]: 206: dx[T]: 206: :Read Flags: :Read Memory: :
TID: 3:IP: 64293bbb:Disasm test dx, sp:IMG: C:\Program Files\DAEMON Tools Lite\Engine.dll:RTN: .text:Read Regs: esp: 12e534: edx[T]: 206: dl[T]: 206: dh[T]: 206: dx[T]: 206: sp: 12e534: :Read Flags: :Read Memory: :
TID: 3:IP: 64293bbe:Disasm pushfd :IMG: C:\Program Files\DAEMON Tools Lite\Engine.dll:RTN: .text:Read Regs: esp: 12e534: ss: 23: eflags[T]: 202: sp: 12e534: :Read Flags: 3f7700:df vif iopl if ac vm rf nt tf id vip [T 8d5:of sf zf af pf cf ]:Values:202:Read Memory: :
TID: 3:IP: 64293bbf:Disasm add eax, ebx:IMG: C:\Program Files\DAEMON Tools Lite\Engine.dll:RTN: .text:Read Regs: ebx[T]: 8083cdd7: eax[T]: cbbef604: al[T]: cbbef604: ah[T]: cbbef604: ax[T]: cbbef604: bl[T]: 8083cdd7: bh[T]: 8083cdd7: bx[T]: 8083cdd7: :Read Flags: :Read Memory: :
TID: 3:IP: 64293bc1:Disasm pushad :IMG: C:\Program Files\DAEMON Tools Lite\Engine.dll:RTN: .text:Read Regs: edi: 12e534: esi[T]: 644814d4: ebp: 12e618: esp: 12e530: ebx[T]: 8083cdd7: edx[T]: 206: ecx[T]: 64293bae: eax[T]: 4c42c3db: ss: 23: al[T]: 4c42c3db: ah[T]: 4c42c3db: ax[T]: 4c42c3db: cl[T]: 64293bae: ch[T]: 64293bae: cx[T]: 64293bae: dl[T]: 206: dh[T]: 206: dx[T]: 206: bl[T]: 8083cdd7: bh[T]: 8083cdd7: bx[T]: 8083cdd7: bp: 12e618: si[T]: 644814d4: di: 12e534: sp: 12e530: :Read Flags: :Read Memory: :
TID: 3:IP: 64293bc2:Disasm push ebx:IMG: C:\Program Files\DAEMON Tools Lite\Engine.dll:RTN: .text:Read Regs: esp: 12e510: ebx[T]: 8083cdd7: ss: 23: bl[T]: 8083cdd7: bh[T]: 8083cdd7: bx[T]: 8083cdd7: sp: 12e510: :Read Flags: :Read Memory: :
TID: 3:IP: 64293bc9:Disasm sub eax, 0xc779359b:IMG: C:\Program Files\DAEMON Tools Lite\Engine.dll:RTN: .text:Read Regs: eax[T]: 4c42c3db: al[T]: 4c42c3db: ah[T]: 4c42c3db: ax[T]: 4c42c3db: :Read Flags: :Read Memory: :
TID: 3:IP: 64293bce:Disasm pushfd :IMG: C:\Program Files\DAEMON Tools Lite\Engine.dll:RTN: .text:Read Regs: esp: 12e508: ss: 23: eflags[T]: a83: sp: 12e508: :Read Flags: 3f7700:df vif iopl if ac vm rf nt tf id vip [T 8d5:of sf zf af pf cf ]:Values:a83:Read Memory: :
TID: 3:IP: 64293bcf:Disasm bt ax, 0x7:IMG: C:\Program Files\DAEMON Tools Lite\Engine.dll:RTN: .text:Read Regs: eax[T]: 84c98e40: al[T]: 84c98e40: ah[T]: 84c98e40: ax[T]: 84c98e40: :Read Flags: :Read Memory: :
TID: 3:IP: 64293bdb:Disasm bswap eax:IMG: C:\Program Files\DAEMON Tools Lite\Engine.dll:RTN: .text:Read Regs: eax[T]: 84c98e40: al[T]: 84c98e40: ah[T]: 84c98e40: ax[T]: 84c98e40: :Read Flags: :Read Memory: :
TID: 3:IP: 6429313f:Disasm mov byte ptr [esp+0x4], al:IMG: C:\Program Files\DAEMON Tools Lite\Engine.dll:RTN: .text:Read Regs: esp: 12e500: eax[T]: 408ec984: ss: 23: al[T]: 408ec984: ax[T]: 408ec984: sp: 12e500: :Read Flags: :Read Memory: :
TID: 3:IP: 64293143:Disasm add esi, 0x4:IMG: C:\Program Files\DAEMON Tools Lite\Engine.dll:RTN: .text:Read Regs: esi[T]: 644814d4: si[T]: 644814d4: :Read Flags: :Read Memory: :
TID: 3:IP: 64293146:Disasm pushfd :IMG: C:\Program Files\DAEMON Tools Lite\Engine.dll:RTN: .text:Read Regs: esp: 12e500: ss: 23: eflags[T]: 206: sp: 12e500: :Read Flags: 3f7700:df vif iopl if ac vm rf nt tf id vip [T 8d5:of sf zf af pf cf ]:Values:206:Read Memory: :
TID: 3:IP: 64289480:Disasm pushfd :IMG: C:\Program Files\DAEMON Tools Lite\Engine.dll:RTN: .text:Read Regs: esp: 12e4fc: ss: 23: eflags[T]: 206: sp: 12e4fc: :Read Flags: 3f7700:df vif iopl if ac vm rf nt tf id vip [T 8d5:of sf zf af pf cf ]:Values:206:Read Memory: :
TID: 3:IP: 64289481:Disasm mov word ptr [esp], dx:IMG: C:\Program Files\DAEMON Tools Lite\Engine.dll:RTN: .text:Read Regs: esp: 12e4f8: edx[T]: 206: ss: 23: dl[T]: 206: dh[T]: 206: dx[T]: 206: sp: 12e4f8: :Read Flags: :Read Memory: :
TID: 3:IP: 64289485:Disasm dec eax:IMG: C:\Program Files\DAEMON Tools Lite\Engine.dll:RTN: .text:Read Regs: eax[T]: 408ec984: al[T]: 408ec984: ah[T]: 408ec984: ax[T]: 408ec984: :Read Flags: :Read Memory: :
TID: 3:IP: 6428948d:Disasm add ebx, eax:IMG: C:\Program Files\DAEMON Tools Lite\Engine.dll:RTN: .text:Read Regs: ebx[T]: 8083cdd7: eax[T]: 408ec983: al[T]: 408ec983: ah[T]: 408ec983: ax[T]: 408ec983: bl[T]: 8083cdd7: bh[T]: 8083cdd7: bx[T]: 8083cdd7: :Read Flags: :Read Memory: :
TID: 3:IP: 6428948f:Disasm push ecx:IMG: C:\Program Files\DAEMON Tools Lite\Engine.dll:RTN: .text:Read Regs: esp: 12e4f8: ecx[T]: 64293bae: ss: 23: cl[T]: 64293bae: ch[T]: 64293bae: cx[T]: 64293bae: sp: 12e4f8: :Read Flags: :Read Memory: :
TID: 3:IP: 64289490:Disasm cmp ch, 0x35:IMG: C:\Program Files\DAEMON Tools Lite\Engine.dll:RTN: .text:Read Regs: ecx[T]: 64293bae: ch[T]: 64293bae: cx[T]: 64293bae: :Read Flags: :Read Memory: :
TID: 3:IP: 64289494:Disasm bt bx, 0x2:IMG: C:\Program Files\DAEMON Tools Lite\Engine.dll:RTN: .text:Read Regs: ebx[T]: c112975a: bl[T]: c112975a: bh[T]: c112975a: bx[T]: c112975a: :Read Flags: :Read Memory: :
TID: 3:IP: 6428949c:Disasm mov byte ptr [esp], ch:IMG: C:\Program Files\DAEMON Tools Lite\Engine.dll:RTN: .text:Read Regs: esp: 12e4f4: ecx[T]: 64293bae: ss: 23: ch[T]: 64293bae: cx[T]: 64293bae: sp: 12e4f4: :Read Flags: :Read Memory: :
TID: 3:IP: 6428ac22:Disasm mov byte ptr [esp], bh:IMG: C:\Program Files\DAEMON Tools Lite\Engine.dll:RTN: .text:Read Regs: esp: 12e4f4: ebx[T]: c112975a: ss: 23: bh[T]: c112975a: bx[T]: c112975a: sp: 12e4f4: :Read Flags: :Read Memory: :
TID: 3:IP: 6428ac25:Disasm mov dword ptr [ebp], eax:IMG: C:\Program Files\DAEMON Tools Lite\Engine.dll:RTN: .text:Read Regs: ebp: 12e614: eax[T]: 408ec983: ss: 23: al[T]: 408ec983: ah[T]: 408ec983: ax[T]: 408ec983: bp: 12e614: :Read Flags: :Read Memory: :
TID: 3:IP: 6428ac28:Disasm push dword ptr [esp]:IMG: C:\Program Files\DAEMON Tools Lite\Engine.dll:RTN: .text:Read Regs: esp: 12e4f4: ss: 23: sp: 12e4f4: :Read Flags: :Read Memory: 12e4f4 [T] 12e4f5 [T] 12e4f6 [T] 12e4f7 [T] :
TID: 3:IP: 6428953e:Disasm xor ax, bx:IMG: C:\Program Files\DAEMON Tools Lite\Engine.dll:RTN: .text:Read Regs: ebx[T]: c112975a: eax[T]: 408ec983: al[T]: 408ec983: ah[T]: 408ec983: ax[T]: 408ec983: bl[T]: c112975a: bh[T]: c112975a: bx[T]: c112975a: :Read Flags: :Read Memory: :
TID: 3:IP: 64289541:Disasm shrd ax, di, cl:IMG: C:\Program Files\DAEMON Tools Lite\Engine.dll:RTN: .text:Read Regs: edi: 12e534: ecx[T]: 64293bae: eax[T]: 408e5ed9: al[T]: 408e5ed9: ah[T]: 408e5ed9: ax[T]: 408e5ed9: cl[T]: 64293bae: cx[T]: 64293bae: di: 12e534: :Read Flags: :Read Memory: :
TID: 3:IP: 64289548:Disasm cmc :IMG: C:\Program Files\DAEMON Tools Lite\Engine.dll:RTN: .text:Read Regs: eflags[T]: 286: :Read Flags: 0:[T 1:cf ]:Values:286:Read Memory: :
TID: 3:IP: 64289560:Disasm mov byte ptr [esp], dl:IMG: C:\Program Files\DAEMON Tools Lite\Engine.dll:RTN: .text:Read Regs: esp: 12e530: edx[T]: 206: ss: 23: dl[T]: 206: dx[T]: 206: sp: 12e530: :Read Flags: :Read Memory: :
TID: 3:IP: 64291548:Disasm sbb al, bh:IMG: C:\Program Files\DAEMON Tools Lite\Engine.dll:RTN: .text:Read Regs: ebx[T]: c112975a: eax: 12e584: eflags: 206: al: 12e584: ax: 12e584: bh[T]: c112975a: bx[T]: c112975a: :Read Flags: 1:cf :Values:206:Read Memory: :
TID: 3:IP: 6429154a:Disasm xchg ch, al:IMG: C:\Program Files\DAEMON Tools Lite\Engine.dll:RTN: .text:Read Regs: ecx[T]: 64293bae: eax[T]: 12e5ed: al[T]: 12e5ed: ax[T]: 12e5ed: ch[T]: 64293bae: cx[T]: 64293bae: :Read Flags: :Read Memory: :
TID: 3:IP: 6429154c:Disasm mov al, byte ptr [esi]:IMG: C:\Program Files\DAEMON Tools Lite\Engine.dll:RTN: .text:Read Regs: esi[T]: 644814d8: ds: 23: si[T]: 644814d8: :Read Flags: :Read Memory: 644814d8 :
TID: 3:IP: 6429154e:Disasm shr cl, 0x1:IMG: C:\Program Files\DAEMON Tools Lite\Engine.dll:RTN: .text:Read Regs: ecx[T]: 6429edae: cl[T]: 6429edae: cx[T]: 6429edae: :Read Flags: :Read Memory: :
TID: 3:IP: 64291550:Disasm not ecx:IMG: C:\Program Files\DAEMON Tools Lite\Engine.dll:RTN: .text:Read Regs: ecx[T]: 6429ed57: cl[T]: 6429ed57: ch[T]: 6429ed57: cx[T]: 6429ed57: :Read Flags: :Read Memory: :
TID: 3:IP: 64291552:Disasm cmc :IMG: C:\Program Files\DAEMON Tools Lite\Engine.dll:RTN: .text:Read Regs: eflags[T]: a02: :Read Flags: 0:[T 1:cf ]:Values:a02:Read Memory: :
TID: 3:IP: 64291553:Disasm sub al, bl:IMG: C:\Program Files\DAEMON Tools Lite\Engine.dll:RTN: .text:Read Regs: ebx[T]: c112975a: eax[T]: 12e5ca: al[T]: 12e5ca: ax[T]: 12e5ca: bl[T]: c112975a: bx[T]: c112975a: :Read Flags: :Read Memory: :
TID: 3:IP: 64291555:Disasm movzx cx, bl:IMG: C:\Program Files\DAEMON Tools Lite\Engine.dll:RTN: .text:Read Regs: ebx[T]: c112975a: bl[T]: c112975a: bx[T]: c112975a: :Read Flags: :Read Memory: :
TID: 3:IP: 64291559:Disasm movsx cx, cl:IMG: C:\Program Files\DAEMON Tools Lite\Engine.dll:RTN: .text:Read Regs: ecx[T]: 9bd6005a: cl[T]: 9bd6005a: cx[T]: 9bd6005a: :Read Flags: :Read Memory: :
TID: 3:IP: 6429155f:Disasm dec al:IMG: C:\Program Files\DAEMON Tools Lite\Engine.dll:RTN: .text:Read Regs: eax[T]: 12e570: al[T]: 12e570: ax[T]: 12e570: :Read Flags: :Read Memory: :
TID: 3:IP: 64291561:Disasm pushfd :IMG: C:\Program Files\DAEMON Tools Lite\Engine.dll:RTN: .text:Read Regs: esp: 12e534: ss: 23: eflags[T]: 216: sp: 12e534: :Read Flags: 3f7700:df vif iopl if ac vm rf nt tf id vip [T 8d5:of sf zf af pf cf ]:Values:216:Read Memory: :
TID: 3:IP: 64291562:Disasm rol al, 0x7:IMG: C:\Program Files\DAEMON Tools Lite\Engine.dll:RTN: .text:Read Regs: eax[T]: 12e56f: al[T]: 12e56f: ax[T]: 12e56f: :Read Flags: :Read Memory: :
TID: 3:IP: 64291565:Disasm rol cx, 0xe:IMG: C:\Program Files\DAEMON Tools Lite\Engine.dll:RTN: .text:Read Regs: ecx: 9bd600c3: cl: 9bd600c3: ch[T]: 9bd600c3: cx: 9bd600c3: :Read Flags: :Read Memory: :
TID: 3:IP: 64291569:Disasm not al:IMG: C:\Program Files\DAEMON Tools Lite\Engine.dll:RTN: .text:Read Regs: eax[T]: 12e5b7: al[T]: 12e5b7: ax[T]: 12e5b7: :Read Flags: :Read Memory: :
TID: 3:IP: 6429156b:Disasm movsx ecx, cl:IMG: C:\Program Files\DAEMON Tools Lite\Engine.dll:RTN: .text:Read Regs: ecx[T]: 9bd6c030: cl[T]: 9bd6c030: cx[T]: 9bd6c030: :Read Flags: :Read Memory: :
TID: 3:IP: 6429156e:Disasm movzx cx, cl:IMG: C:\Program Files\DAEMON Tools Lite\Engine.dll:RTN: .text:Read Regs: ecx[T]: 30: cl[T]: 30: cx[T]: 30: :Read Flags: :Read Memory: :
TID: 3:IP: 64291572:Disasm shr ecx, cl:IMG: C:\Program Files\DAEMON Tools Lite\Engine.dll:RTN: .text:Read Regs: ecx[T]: 30: cl[T]: 30: ch[T]: 30: cx[T]: 30: :Read Flags: :Read Memory: :
TID: 3:IP: 64291574:Disasm and ch, 0xe4:IMG: C:\Program Files\DAEMON Tools Lite\Engine.dll:RTN: .text:Read Regs: ecx[T]: 0: ch[T]: 0: cx[T]: 0: :Read Flags: :Read Memory: :
TID: 3:IP: 64291577:Disasm sub bl, al:IMG: C:\Program Files\DAEMON Tools Lite\Engine.dll:RTN: .text:Read Regs: ebx[T]: c112975a: eax[T]: 12e548: al[T]: 12e548: ax[T]: 12e548: bl[T]: c112975a: bx[T]: c112975a: :Read Flags: :Read Memory: :
TID: 3:IP: 64291579:Disasm pop ecx:IMG: C:\Program Files\DAEMON Tools Lite\Engine.dll:RTN: .text:Read Regs: esp: 12e530: ss: 23: sp: 12e530: :Read Flags: :Read Memory: 12e530 [T] 12e531 [T] 12e532 [T] 12e533 [T] :
TID: 3:IP: 6429157a:Disasm ror cx, 0xe:IMG: C:\Program Files\DAEMON Tools Lite\Engine.dll:RTN: .text:Read Regs: ecx[T]: 216: cl[T]: 216: ch[T]: 216: cx[T]: 216: :Read Flags: :Read Memory: :
TID: 3:IP: 6429157e:Disasm shl cl, 0x4:IMG: C:\Program Files\DAEMON Tools Lite\Engine.dll:RTN: .text:Read Regs: ecx[T]: 858: cl[T]: 858: cx[T]: 858: :Read Flags: :Read Memory: :
TID: 3:IP: 64291581:Disasm pushfd :IMG: C:\Program Files\DAEMON Tools Lite\Engine.dll:RTN: .text:Read Regs: esp: 12e534: ss: 23: eflags[T]: a83: sp: 12e534: :Read Flags: 3f7700:df vif iopl if ac vm rf nt tf id vip [T 8d5:of sf zf af pf cf ]:Values:a83:Read Memory: :
TID: 3:IP: 64291582:Disasm sub esi, 0xffffffff:IMG: C:\Program Files\DAEMON Tools Lite\Engine.dll:RTN: .text:Read Regs: esi[T]: 644814d8: si[T]: 644814d8: :Read Flags: :Read Memory: :
TID: 3:IP: 64291585:Disasm xor cl, bh:IMG: C:\Program Files\DAEMON Tools Lite\Engine.dll:RTN: .text:Read Regs: ebx[T]: c1129712: ecx[T]: 880: cl[T]: 880: cx[T]: 880: bh[T]: c1129712: bx[T]: c1129712: :Read Flags: :Read Memory: :
TID: 3:IP: 64291587:Disasm add ecx, esi:IMG: C:\Program Files\DAEMON Tools Lite\Engine.dll:RTN: .text:Read Regs: esi[T]: 644814d9: ecx[T]: 817: cl[T]: 817: ch[T]: 817: cx[T]: 817: si[T]: 644814d9: :Read Flags: :Read Memory: :
TID: 3:IP: 64291589:Disasm btc cx, bx:IMG: C:\Program Files\DAEMON Tools Lite\Engine.dll:RTN: .text:Read Regs: ebx[T]: c1129712: ecx[T]: 64481cf0: cl[T]: 64481cf0: ch[T]: 64481cf0: cx[T]: 64481cf0: bl[T]: c1129712: bh[T]: c1129712: bx[T]: c1129712: :Read Flags: :Read Memory: :
TID: 3:IP: 6429158d:Disasm movzx eax, al:IMG: C:\Program Files\DAEMON Tools Lite\Engine.dll:RTN: .text:Read Regs: eax[T]: 12e548: al[T]: 12e548: ax[T]: 12e548: :Read Flags: :Read Memory: :
TID: 3:IP: 64291590:Disasm bswap cx:IMG: C:\Program Files\DAEMON Tools Lite\Engine.dll:RTN: .text:Read Regs: ecx[T]: 64481cf4: cl[T]: 64481cf4: ch[T]: 64481cf4: cx[T]: 64481cf4: :Read Flags: :Read Memory: :
TID: 3:IP: 64291593:Disasm cmp ah, 0x70:IMG: C:\Program Files\DAEMON Tools Lite\Engine.dll:RTN: .text:Read Regs: eax[T]: 48: ah[T]: 48: ax[T]: 48: :Read Flags: :Read Memory: :
TID: 3:IP: 6429159a:Disasm setnp ch:IMG: C:\Program Files\DAEMON Tools Lite\Engine.dll:RTN: .text:Read Regs: eflags[T]: 287: :Read Flags: 0:[T 4:pf ]:Values:287:Read Memory: :
TID: 3:IP: 6429159d:Disasm mov ecx, dword ptr [eax*4+0x642a0250]:IMG: C:\Program Files\DAEMON Tools Lite\Engine.dll:RTN: .text:Read Regs: eax[T]: 48: ds: 23: al[T]: 48: ah[T]: 48: ax[T]: 48: :Read Flags: :Read Memory: 642a0370 642a0371 642a0372 642a0373 :
TID: 3:IP: 642915a8:Disasm bswap ecx:IMG: C:\Program Files\DAEMON Tools Lite\Engine.dll:RTN: .text:Read Regs: ecx[T]: d63c0210: cl[T]: d63c0210: ch[T]: d63c0210: cx[T]: d63c0210: :Read Flags: :Read Memory: :
TID: 3:IP: 642915b0:Disasm mov byte ptr [esp], bh:IMG: C:\Program Files\DAEMON Tools Lite\Engine.dll:RTN: .text:Read Regs: esp: 12e530: ebx[T]: c1129712: ss: 23: bh[T]: c1129712: bx[T]: c1129712: sp: 12e530: :Read Flags: :Read Memory: :
TID: 3:IP: 642915b3:Disasm add ecx, 0x54270000:IMG: C:\Program Files\DAEMON Tools Lite\Engine.dll:RTN: .text:Read Regs: ecx[T]: 10023cd6: cl[T]: 10023cd6: ch[T]: 10023cd6: cx[T]: 10023cd6: :Read Flags: :Read Memory: :
TID: 3:IP: 642915b9:Disasm push dword ptr [esp]:IMG: C:\Program Files\DAEMON Tools Lite\Engine.dll:RTN: .text:Read Regs: esp: 12e530: ss: 23: sp: 12e530: :Read Flags: :Read Memory: 12e530 [T] 12e531 12e532 [T] 12e533 [T] :
TID: 3:IP: 642915bc:Disasm pushad :IMG: C:\Program Files\DAEMON Tools Lite\Engine.dll:RTN: .text:Read Regs: edi: 12e534: esi[T]: 644814d9: ebp: 12e614: esp: 12e52c: ebx[T]: c1129712: edx[T]: 206: ecx[T]: 64293cd6: eax[T]: 48: ss: 23: al[T]: 48: ah[T]: 48: ax[T]: 48: cl[T]: 64293cd6: ch[T]: 64293cd6: cx[T]: 64293cd6: dl[T]: 206: dh[T]: 206: dx[T]: 206: bl[T]: c1129712: bh[T]: c1129712: bx[T]: c1129712: bp: 12e614: si[T]: 644814d9: di: 12e534: sp: 12e52c: :Read Flags: :Read Memory: :
TID: 3:IP: 642919e6:Disasm mov dword ptr [esp+0x24], ecx:IMG: C:\Program Files\DAEMON Tools Lite\Engine.dll:RTN: .text:Read Regs: esp: 12e50c: ecx[T]: 64293cd6: ss: 23: cl[T]: 64293cd6: ch[T]: 64293cd6: cx[T]: 64293cd6: sp: 12e50c: :Read Flags: :Read Memory: :
TID: 3:IP: 642919ea:Disasm pushfd :IMG: C:\Program Files\DAEMON Tools Lite\Engine.dll:RTN: .text:Read Regs: esp: 12e50c: ss: 23: eflags[T]: 202: sp: 12e50c: :Read Flags: 3f7700:df vif iopl if ac vm rf nt tf id vip [T 8d5:of sf zf af pf cf ]:Values:202:Read Memory: :
TID: 3:IP: 642919f6:Disasm push dword ptr [esp+0x28]:IMG: C:\Program Files\DAEMON Tools Lite\Engine.dll:RTN: .text:Read Regs: esp: 12e508: ss: 23: sp: 12e508: :Read Flags: :Read Memory: 12e530 [T] 12e531 [T] 12e532 [T] 12e533 [T] :
TID: 3:IP: 642919fa:Disasm ret 0x2c:IMG: C:\Program Files\DAEMON Tools Lite\Engine.dll:RTN: .text:Read Regs: esp: 12e504: ss: 23: sp: 12e504: :Read Flags: :Read Memory: 12e504 [T] 12e505 [T] 12e506 [T] 12e507 [T] :
TID: 3:IP: 64293cd6:Disasm add al, ch:IMG: C:\Program Files\DAEMON Tools Lite\Engine.dll:RTN: .text:Read Regs: ecx[T]: 64293cd6: eax[T]: 48: al[T]: 48: ax[T]: 48: ch[T]: 64293cd6: cx[T]: 64293cd6: :Read Flags: :Read Memory: :
TID: 3:IP: 64293cd8:Disasm movzx eax, byte ptr [esi]:IMG: C:\Program Files\DAEMON Tools Lite\Engine.dll:RTN: .text:Read Regs: esi[T]: 644814d9: ds: 23: si[T]: 644814d9: :Read Flags: :Read Memory: 644814d9 :
TID: 3:IP: 64293cdb:Disasm jnb 0x64289264:IMG: C:\Program Files\DAEMON Tools Lite\Engine.dll:RTN: .text:Read Regs: eflags[T]: a96: :Read Flags: 0:[T 1:cf ]:Values:a96:Read Memory: :
TID: 3:IP: 64289264:Disasm btr dx, 0x9:IMG: C:\Program Files\DAEMON Tools Lite\Engine.dll:RTN: .text:Read Regs: edx[T]: 206: dl[T]: 206: dh[T]: 206: dx[T]: 206: :Read Flags: :Read Memory: :
TID: 3:IP: 64289269:Disasm xor al, bl:IMG: C:\Program Files\DAEMON Tools Lite\Engine.dll:RTN: .text:Read Regs: ebx[T]: c1129712: eax[T]: 29: al[T]: 29: ax[T]: 29: bl[T]: c1129712: bx[T]: c1129712: :Read Flags: :Read Memory: :
TID: 3:IP: 64289a75:Disasm setb dh:IMG: C:\Program Files\DAEMON Tools Lite\Engine.dll:RTN: .text:Read Regs: eflags[T]: 202: :Read Flags: 0:[T 1:cf ]:Values:202:Read Memory: :
TID: 3:IP: 64289a78:Disasm inc esi:IMG: C:\Program Files\DAEMON Tools Lite\Engine.dll:RTN: .text:Read Regs: esi[T]: 644814d9: si[T]: 644814d9: :Read Flags: :Read Memory: :
TID: 3:IP: 64289a79:Disasm bswap dx:IMG: C:\Program Files\DAEMON Tools Lite\Engine.dll:RTN: .text:Read Regs: edx[T]: 6: dl[T]: 6: dh[T]: 6: dx[T]: 6: :Read Flags: :Read Memory: :
TID: 3:IP: 64289a7c:Disasm lea edx, ptr [esi*8-0x3ecd5ca1]:IMG: C:\Program Files\DAEMON Tools Lite\Engine.dll:RTN: .text:Read Regs: esi[T]: 644814da: si[T]: 644814da: :Read Flags: :Read Memory: :
TID: 3:IP: 64289a83:Disasm sub dx, 0xe4d7:IMG: C:\Program Files\DAEMON Tools Lite\Engine.dll:RTN: .text:Read Regs: edx[T]: e3734a2f: dl[T]: e3734a2f: dh[T]: e3734a2f: dx[T]: e3734a2f: :Read Flags: :Read Memory: :
TID: 3:IP: 64289a88:Disasm not al:IMG: C:\Program Files\DAEMON Tools Lite\Engine.dll:RTN: .text:Read Regs: eax[T]: 3b: al[T]: 3b: ax[T]: 3b: :Read Flags: :Read Memory: :
TID: 3:IP: 64289a8a:Disasm not dh:IMG: C:\Program Files\DAEMON Tools Lite\Engine.dll:RTN: .text:Read Regs: edx[T]: e3736558: dh[T]: e3736558: dx[T]: e3736558: :Read Flags: :Read Memory: :
TID: 3:IP: 64289a8c:Disasm test ch, 0xe8:IMG: C:\Program Files\DAEMON Tools Lite\Engine.dll:RTN: .text:Read Regs: ecx[T]: 64293cd6: ch[T]: 64293cd6: cx[T]: 64293cd6: :Read Flags: :Read Memory: :
TID: 3:IP: 64289a8f:Disasm bt ax, si:IMG: C:\Program Files\DAEMON Tools Lite\Engine.dll:RTN: .text:Read Regs: esi[T]: 644814da: eax[T]: c4: al[T]: c4: ah[T]: c4: ax[T]: c4: si[T]: 644814da: :Read Flags: :Read Memory: :
TID: 3:IP: 64289a93:Disasm neg al:IMG: C:\Program Files\DAEMON Tools Lite\Engine.dll:RTN: .text:Read Regs: eax[T]: c4: al[T]: c4: ax[T]: c4: :Read Flags: :Read Memory: :
TID: 3:IP: 64289a95:Disasm setnle dh:IMG: C:\Program Files\DAEMON Tools Lite\Engine.dll:RTN: .text:Read Regs: eflags[T]: 217: :Read Flags: 0:[T 8c0:of sf zf ]:Values:217:Read Memory: :
TID: 3:IP: 64289a99:Disasm sub al, 0x0:IMG: C:\Program Files\DAEMON Tools Lite\Engine.dll:RTN: .text:Read Regs: eax[T]: 3c: al[T]: 3c: ax[T]: 3c: :Read Flags: :Read Memory: :
TID: 3:IP: 64289a9b:Disasm movsx dx, cl:IMG: C:\Program Files\DAEMON Tools Lite\Engine.dll:RTN: .text:Read Regs: ecx[T]: 64293cd6: cl[T]: 64293cd6: cx[T]: 64293cd6: :Read Flags: :Read Memory: :
TID: 3:IP: 64289a9f:Disasm shrd dx, ax, 0xf:IMG: C:\Program Files\DAEMON Tools Lite\Engine.dll:RTN: .text:Read Regs: edx[T]: e373ffd6: eax[T]: 3c: al[T]: 3c: ah[T]: 3c: ax[T]: 3c: dl[T]: e373ffd6: dh[T]: e373ffd6: dx[T]: e373ffd6: :Read Flags: :Read Memory: :
TID: 3:IP: 64289aa4:Disasm xor bl, al:IMG: C:\Program Files\DAEMON Tools Lite\Engine.dll:RTN: .text:Read Regs: ebx[T]: c1129712: eax[T]: 3c: al[T]: 3c: ax[T]: 3c: bl[T]: c1129712: bx[T]: c1129712: :Read Flags: :Read Memory: :
TID: 3:IP: 64289aa6:Disasm bt ax, sp:IMG: C:\Program Files\DAEMON Tools Lite\Engine.dll:RTN: .text:Read Regs: esp: 12e530: eax[T]: 3c: al[T]: 3c: ah[T]: 3c: ax[T]: 3c: sp: 12e530: :Read Flags: :Read Memory: :
TID: 3:IP: 64289aaa:Disasm mov edx, dword ptr [eax+edi*1]:IMG: C:\Program Files\DAEMON Tools Lite\Engine.dll:RTN: .text:Read Regs: edi: 12e534: eax[T]: 3c: ds: 23: al[T]: 3c: ah[T]: 3c: ax[T]: 3c: di: 12e534: :Read Flags: :Read Memory: 12e570 [T] 12e571 [T] 12e572 [T] 12e573 [T] :
TID: 3:IP: 64289ab3:Disasm mov dword ptr [ebp], edx:IMG: C:\Program Files\DAEMON Tools Lite\Engine.dll:RTN: .text:Read Regs: ebp: 12e610: edx[T]: 12e678: ss: 23: dl[T]: 12e678: dh[T]: 12e678: dx[T]: 12e678: bp: 12e610: :Read Flags: :Read Memory: :
TID: 3:IP: 6428953e:Disasm xor ax, bx:IMG: C:\Program Files\DAEMON Tools Lite\Engine.dll:RTN: .text:Read Regs: ebx[T]: c112972e: eax[T]: 3c: al[T]: 3c: ah[T]: 3c: ax[T]: 3c: bl[T]: c112972e: bh[T]: c112972e: bx[T]: c112972e: :Read Flags: :Read Memory: :
TID: 3:IP: 64289541:Disasm shrd ax, di, cl:IMG: C:\Program Files\DAEMON Tools Lite\Engine.dll:RTN: .text:Read Regs: edi: 12e534: ecx[T]: 64293cd6: eax[T]: 9712: al[T]: 9712: ah[T]: 9712: ax[T]: 9712: cl[T]: 64293cd6: cx[T]: 64293cd6: di: 12e534: :Read Flags: :Read Memory: :
TID: 3:IP: 64289548:Disasm cmc :IMG: C:\Program Files\DAEMON Tools Lite\Engine.dll:RTN: .text:Read Regs: eflags[T]: a03: :Read Flags: 0:[T 1:cf ]:Values:a03:Read Memory: :
TID: 3:IP: 64289560:Disasm mov byte ptr [esp], dl:IMG: C:\Program Files\DAEMON Tools Lite\Engine.dll:RTN: .text:Read Regs: esp: 12e530: edx[T]: 12e678: ss: 23: dl[T]: 12e678: dx[T]: 12e678: sp: 12e530: :Read Flags: :Read Memory: :
TID: 3:IP: 64291548:Disasm sbb al, bh:IMG: C:\Program Files\DAEMON Tools Lite\Engine.dll:RTN: .text:Read Regs: ebx[T]: c112972e: eax: 12e584: eflags: 212: al: 12e584: ax: 12e584: bh[T]: c112972e: bx[T]: c112972e: :Read Flags: 1:cf :Values:212:Read Memory: :
TID: 3:IP: 6429154a:Disasm xchg ch, al:IMG: C:\Program Files\DAEMON Tools Lite\Engine.dll:RTN: .text:Read Regs: ecx[T]: 64293cd6: eax[T]: 12e5ed: al[T]: 12e5ed: ax[T]: 12e5ed: ch[T]: 64293cd6: cx[T]: 64293cd6: :Read Flags: :Read Memory: :
TID: 3:IP: 6429154c:Disasm mov al, byte ptr [esi]:IMG: C:\Program Files\DAEMON Tools Lite\Engine.dll:RTN: .text:Read Regs: esi[T]: 644814da: ds: 23: si[T]: 644814da: :Read Flags: :Read Memory: 644814da :
TID: 3:IP: 6429154e:Disasm shr cl, 0x1:IMG: C:\Program Files\DAEMON Tools Lite\Engine.dll:RTN: .text:Read Regs: ecx[T]: 6429edd6: cl[T]: 6429edd6: cx[T]: 6429edd6: :Read Flags: :Read Memory: :
TID: 3:IP: 64291550:Disasm not ecx:IMG: C:\Program Files\DAEMON Tools Lite\Engine.dll:RTN: .text:Read Regs: ecx[T]: 6429ed6b: cl[T]: 6429ed6b: ch[T]: 6429ed6b: cx[T]: 6429ed6b: :Read Flags: :Read Memory: :
TID: 3:IP: 64291552:Disasm cmc :IMG: C:\Program Files\DAEMON Tools Lite\Engine.dll:RTN: .text:Read Regs: eflags[T]: a02: :Read Flags: 0:[T 1:cf ]:Values:a02:Read Memory: :
TID: 3:IP: 64291553:Disasm sub al, bl:IMG: C:\Program Files\DAEMON Tools Lite\Engine.dll:RTN: .text:Read Regs: ebx[T]: c112972e: eax[T]: 12e53a: al[T]: 12e53a: ax[T]: 12e53a: bl[T]: c112972e: bx[T]: c112972e: :Read Flags: :Read Memory: :
TID: 3:IP: 64291555:Disasm movzx cx, bl:IMG: C:\Program Files\DAEMON Tools Lite\Engine.dll:RTN: .text:Read Regs: ebx[T]: c112972e: bl[T]: c112972e: bx[T]: c112972e: :Read Flags: :Read Memory: :
TID: 3:IP: 64291559:Disasm movsx cx, cl:IMG: C:\Program Files\DAEMON Tools Lite\Engine.dll:RTN: .text:Read Regs: ecx[T]: 9bd6002e: cl[T]: 9bd6002e: cx[T]: 9bd6002e: :Read Flags: :Read Memory: :
TID: 3:IP: 6429155f:Disasm dec al:IMG: C:\Program Files\DAEMON Tools Lite\Engine.dll:RTN: .text:Read Regs: eax[T]: 12e50c: al[T]: 12e50c: ax[T]: 12e50c: :Read Flags: :Read Memory: :
TID: 3:IP: 64291561:Disasm pushfd :IMG: C:\Program Files\DAEMON Tools Lite\Engine.dll:RTN: .text:Read Regs: esp: 12e534: ss: 23: eflags[T]: 202: sp: 12e534: :Read Flags: 3f7700:df vif iopl if ac vm rf nt tf id vip [T 8d5:of sf zf af pf cf ]:Values:202:Read Memory: :
TID: 3:IP: 64291562:Disasm rol al, 0x7:IMG: C:\Program Files\DAEMON Tools Lite\Engine.dll:RTN: .text:Read Regs: eax[T]: 12e50b: al[T]: 12e50b: ax[T]: 12e50b: :Read Flags: :Read Memory: :
TID: 3:IP: 64291565:Disasm rol cx, 0xe:IMG: C:\Program Files\DAEMON Tools Lite\Engine.dll:RTN: .text:Read Regs: ecx: 9bd600c3: cl: 9bd600c3: ch[T]: 9bd600c3: cx: 9bd600c3: :Read Flags: :Read Memory: :
TID: 3:IP: 64291569:Disasm not al:IMG: C:\Program Files\DAEMON Tools Lite\Engine.dll:RTN: .text:Read Regs: eax[T]: 12e585: al[T]: 12e585: ax[T]: 12e585: :Read Flags: :Read Memory: :
TID: 3:IP: 6429156b:Disasm movsx ecx, cl:IMG: C:\Program Files\DAEMON Tools Lite\Engine.dll:RTN: .text:Read Regs: ecx[T]: 9bd6c030: cl[T]: 9bd6c030: cx[T]: 9bd6c030: :Read Flags: :Read Memory: :
TID: 3:IP: 6429156e:Disasm movzx cx, cl:IMG: C:\Program Files\DAEMON Tools Lite\Engine.dll:RTN: .text:Read Regs: ecx[T]: 30: cl[T]: 30: cx[T]: 30: :Read Flags: :Read Memory: :
TID: 3:IP: 64291572:Disasm shr ecx, cl:IMG: C:\Program Files\DAEMON Tools Lite\Engine.dll:RTN: .text:Read Regs: ecx[T]: 30: cl[T]: 30: ch[T]: 30: cx[T]: 30: :Read Flags: :Read Memory: :
TID: 3:IP: 64291574:Disasm and ch, 0xe4:IMG: C:\Program Files\DAEMON Tools Lite\Engine.dll:RTN: .text:Read Regs: ecx[T]: 0: ch[T]: 0: cx[T]: 0: :Read Flags: :Read Memory: :
TID: 3:IP: 64291577:Disasm sub bl, al:IMG: C:\Program Files\DAEMON Tools Lite\Engine.dll:RTN: .text:Read Regs: ebx[T]: c112972e: eax[T]: 12e57a: al[T]: 12e57a: ax[T]: 12e57a: bl[T]: c112972e: bx[T]: c112972e: :Read Flags: :Read Memory: :
TID: 3:IP: 64291579:Disasm pop ecx:IMG: C:\Program Files\DAEMON Tools Lite\Engine.dll:RTN: .text:Read Regs: esp: 12e530: ss: 23: sp: 12e530: :Read Flags: :Read Memory: 12e530 [T] 12e531 [T] 12e532 [T] 12e533 [T] :
TID: 3:IP: 6429157a:Disasm ror cx, 0xe:IMG: C:\Program Files\DAEMON Tools Lite\Engine.dll:RTN: .text:Read Regs: ecx[T]: 202: cl[T]: 202: ch[T]: 202: cx[T]: 202: :Read Flags: :Read Memory: :
TID: 3:IP: 6429157e:Disasm shl cl, 0x4:IMG: C:\Program Files\DAEMON Tools Lite\Engine.dll:RTN: .text:Read Regs: ecx[T]: 808: cl[T]: 808: cx[T]: 808: :Read Flags: :Read Memory: :
TID: 3:IP: 64291581:Disasm pushfd :IMG: C:\Program Files\DAEMON Tools Lite\Engine.dll:RTN: .text:Read Regs: esp: 12e534: ss: 23: eflags[T]: 282: sp: 12e534: :Read Flags: 3f7700:df vif iopl if ac vm rf nt tf id vip [T 8d5:of sf zf af pf cf ]:Values:282:Read Memory: :
TID: 3:IP: 64291582:Disasm sub esi, 0xffffffff:IMG: C:\Program Files\DAEMON Tools Lite\Engine.dll:RTN: .text:Read Regs: esi[T]: 644814da: si[T]: 644814da: :Read Flags: :Read Memory: :
TID: 3:IP: 64291585:Disasm xor cl, bh:IMG: C:\Program Files\DAEMON Tools Lite\Engine.dll:RTN: .text:Read Regs: ebx[T]: c11297b4: ecx[T]: 880: cl[T]: 880: cx[T]: 880: bh[T]: c11297b4: bx[T]: c11297b4: :Read Flags: :Read Memory: :
TID: 3:IP: 64291587:Disasm add ecx, esi:IMG: C:\Program Files\DAEMON Tools Lite\Engine.dll:RTN: .text:Read Regs: esi[T]: 644814db: ecx[T]: 817: cl[T]: 817: ch[T]: 817: cx[T]: 817: si[T]: 644814db: :Read Flags: :Read Memory: :
TID: 3:IP: 64291589:Disasm btc cx, bx:IMG: C:\Program Files\DAEMON Tools Lite\Engine.dll:RTN: .text:Read Regs: ebx[T]: c11297b4: ecx[T]: 64481cf2: cl[T]: 64481cf2: ch[T]: 64481cf2: cx[T]: 64481cf2: bl[T]: c11297b4: bh[T]: c11297b4: bx[T]: c11297b4: :Read Flags: :Read Memory: :
TID: 3:IP: 6429158d:Disasm movzx eax, al:IMG: C:\Program Files\DAEMON Tools Lite\Engine.dll:RTN: .text:Read Regs: eax[T]: 12e57a: al[T]: 12e57a: ax[T]: 12e57a: :Read Flags: :Read Memory: :
TID: 3:IP: 64291590:Disasm bswap cx:IMG: C:\Program Files\DAEMON Tools Lite\Engine.dll:RTN: .text:Read Regs: ecx[T]: 64481ce2: cl[T]: 64481ce2: ch[T]: 64481ce2: cx[T]: 64481ce2: :Read Flags: :Read Memory: :
TID: 3:IP: 64291593:Disasm cmp ah, 0x70:IMG: C:\Program Files\DAEMON Tools Lite\Engine.dll:RTN: .text:Read Regs: eax[T]: 7a: ah[T]: 7a: ax[T]: 7a: :Read Flags: :Read Memory: :
TID: 3:IP: 6429159a:Disasm setnp ch:IMG: C:\Program Files\DAEMON Tools Lite\Engine.dll:RTN: .text:Read Regs: eflags[T]: 287: :Read Flags: 0:[T 4:pf ]:Values:287:Read Memory: :
TID: 3:IP: 6429159d:Disasm mov ecx, dword ptr [eax*4+0x642a0250]:IMG: C:\Program Files\DAEMON Tools Lite\Engine.dll:RTN: .text:Read Regs: eax[T]: 7a: ds: 23: al[T]: 7a: ah[T]: 7a: ax[T]: 7a: :Read Flags: :Read Memory: 642a0438 642a0439 642a043a 642a043b :
TID: 3:IP: 642915a8:Disasm bswap ecx:IMG: C:\Program Files\DAEMON Tools Lite\Engine.dll:RTN: .text:Read Regs: ecx[T]: f4950110: cl[T]: f4950110: ch[T]: f4950110: cx[T]: f4950110: :Read Flags: :Read Memory: :
TID: 3:IP: 642915b0:Disasm mov byte ptr [esp], bh:IMG: C:\Program Files\DAEMON Tools Lite\Engine.dll:RTN: .text:Read Regs: esp: 12e530: ebx[T]: c11297b4: ss: 23: bh[T]: c11297b4: bx[T]: c11297b4: sp: 12e530: :Read Flags: :Read Memory: :
TID: 3:IP: 642915b3:Disasm add ecx, 0x54270000:IMG: C:\Program Files\DAEMON Tools Lite\Engine.dll:RTN: .text:Read Regs: ecx[T]: 100195f4: cl[T]: 100195f4: ch[T]: 100195f4: cx[T]: 100195f4: :Read Flags: :Read Memory: :
TID: 3:IP: 642915b9:Disasm push dword ptr [esp]:IMG: C:\Program Files\DAEMON Tools Lite\Engine.dll:RTN: .text:Read Regs: esp: 12e530: ss: 23: sp: 12e530: :Read Flags: :Read Memory: 12e530 [T] 12e531 12e532 [T] 12e533 [T] :
TID: 3:IP: 642915bc:Disasm pushad :IMG: C:\Program Files\DAEMON Tools Lite\Engine.dll:RTN: .text:Read Regs: edi: 12e534: esi[T]: 644814db: ebp: 12e610: esp: 12e52c: ebx[T]: c11297b4: edx[T]: 12e678: ecx[T]: 642895f4: eax[T]: 7a: ss: 23: al[T]: 7a: ah[T]: 7a: ax[T]: 7a: cl[T]: 642895f4: ch[T]: 642895f4: cx[T]: 642895f4: dl[T]: 12e678: dh[T]: 12e678: dx[T]: 12e678: bl[T]: c11297b4: bh[T]: c11297b4: bx[T]: c11297b4: bp: 12e610: si[T]: 644814db: di: 12e534: sp: 12e52c: :Read Flags: :Read Memory: :
TID: 3:IP: 642919e6:Disasm mov dword ptr [esp+0x24], ecx:IMG: C:\Program Files\DAEMON Tools Lite\Engine.dll:RTN: .text:Read Regs: esp: 12e50c: ecx[T]: 642895f4: ss: 23: cl[T]: 642895f4: ch[T]: 642895f4: cx[T]: 642895f4: sp: 12e50c: :Read Flags: :Read Memory: :
TID: 3:IP: 642919ea:Disasm pushfd :IMG: C:\Program Files\DAEMON Tools Lite\Engine.dll:RTN: .text:Read Regs: esp: 12e50c: ss: 23: eflags[T]: 202: sp: 12e50c: :Read Flags: 3f7700:df vif iopl if ac vm rf nt tf id vip [T 8d5:of sf zf af pf cf ]:Values:202:Read Memory: :
TID: 3:IP: 642919f6:Disasm push dword ptr [esp+0x28]:IMG: C:\Program Files\DAEMON Tools Lite\Engine.dll:RTN: .text:Read Regs: esp: 12e508: ss: 23: sp: 12e508: :Read Flags: :Read Memory: 12e530 [T] 12e531 [T] 12e532 [T] 12e533 [T] :
TID: 3:IP: 642919fa:Disasm ret 0x2c:IMG: C:\Program Files\DAEMON Tools Lite\Engine.dll:RTN: .text:Read Regs: esp: 12e504: ss: 23: sp: 12e504: :Read Flags: :Read Memory: 12e504 [T] 12e505 [T] 12e506 [T] 12e507 [T] :
TID: 3:IP: 64292a9f:Disasm movsx eax, bl:IMG: C:\Program Files\DAEMON Tools Lite\Engine.dll:RTN: .text:Read Regs: ebx[T]: c11297b4: bl[T]: c11297b4: bx[T]: c11297b4: :Read Flags: :Read Memory: :
TID: 3:IP: 64292aa2:Disasm rcr dh, cl:IMG: C:\Program Files\DAEMON Tools Lite\Engine.dll:RTN: .text:Read Regs: edx[T]: 12e678: ecx[T]: 642895f4: eflags[T]: 202: cl[T]: 642895f4: cx[T]: 642895f4: dh[T]: 12e678: dx[T]: 12e678: :Read Flags: 0:[T 1:cf ]:Values:202:Read Memory: :
TID: 3:IP: 64292aa4:Disasm mov eax, dword ptr [ebp]:IMG: C:\Program Files\DAEMON Tools Lite\Engine.dll:RTN: .text:Read Regs: ebp: 12e610: ss: 23: bp: 12e610: :Read Flags: :Read Memory: 12e610 [T] 12e611 [T] 12e612 [T] 12e613 [T] :
TID: 3:IP: 64292aa7:Disasm bsf dx, bx:IMG: C:\Program Files\DAEMON Tools Lite\Engine.dll:RTN: .text:Read Regs: ebx[T]: c11297b4: bl[T]: c11297b4: bh[T]: c11297b4: bx[T]: c11297b4: :Read Flags: :Read Memory: :
TID: 3:IP: 64292aab:Disasm or dl, 0x6f:IMG: C:\Program Files\DAEMON Tools Lite\Engine.dll:RTN: .text:Read Regs: edx[T]: 120002: dl[T]: 120002: dx[T]: 120002: :Read Flags: :Read Memory: :
TID: 3:IP: 64292aae:Disasm btr edx, ecx:IMG: C:\Program Files\DAEMON Tools Lite\Engine.dll:RTN: .text:Read Regs: edx[T]: 12006f: ecx[T]: 642895f4: cl[T]: 642895f4: ch[T]: 642895f4: cx[T]: 642895f4: dl[T]: 12006f: dh[T]: 12006f: dx[T]: 12006f: :Read Flags: :Read Memory: :
TID: 3:IP: 64292ab1:Disasm mov edx, dword ptr [ebp+0x4]:IMG: C:\Program Files\DAEMON Tools Lite\Engine.dll:RTN: .text:Read Regs: ebp: 12e610: ss: 23: bp: 12e610: :Read Flags: :Read Memory: 12e614 [T] 12e615 [T] 12e616 [T] 12e617 [T] :
TID: 3:IP: 64292ab4:Disasm cmp si, cx:IMG: C:\Program Files\DAEMON Tools Lite\Engine.dll:RTN: .text:Read Regs: esi[T]: 644814db: ecx[T]: 642895f4: cl[T]: 642895f4: ch[T]: 642895f4: cx[T]: 642895f4: si[T]: 644814db: :Read Flags: :Read Memory: :
TID: 3:IP: 64292abb:Disasm jnbe 0x642930ec:IMG: C:\Program Files\DAEMON Tools Lite\Engine.dll:RTN: .text:Read Regs: eflags[T]: 207: :Read Flags: 0:[T 41:zf cf ]:Values:207:Read Memory: :
TID: 3:IP: 64292ac1:Disasm not eax:IMG: C:\Program Files\DAEMON Tools Lite\Engine.dll:RTN: .text:Read Regs: eax[T]: 12e678: al[T]: 12e678: ah[T]: 12e678: ax[T]: 12e678: :Read Flags: :Read Memory: :
TID: 3:IP: 64292ac4:Disasm test esi, 0xaff4144c:IMG: C:\Program Files\DAEMON Tools Lite\Engine.dll:RTN: .text:Read Regs: esi[T]: 644814db: si[T]: 644814db: :Read Flags: :Read Memory: :
TID: 3:IP: 64291a37:Disasm not edx:IMG: C:\Program Files\DAEMON Tools Lite\Engine.dll:RTN: .text:Read Regs: edx[T]: 408ec983: dl[T]: 408ec983: dh[T]: 408ec983: dx[T]: 408ec983: :Read Flags: :Read Memory: :
TID: 3:IP: 64291a39:Disasm pushfd :IMG: C:\Program Files\DAEMON Tools Lite\Engine.dll:RTN: .text:Read Regs: esp: 12e534: ss: 23: eflags[T]: 206: sp: 12e534: :Read Flags: 3f7700:df vif iopl if ac vm rf nt tf id vip [T 8d5:of sf zf af pf cf ]:Values:206:Read Memory: :
TID: 3:IP: 64291a3a:Disasm and eax, edx:IMG: C:\Program Files\DAEMON Tools Lite\Engine.dll:RTN: .text:Read Regs: edx[T]: bf71367c: eax[T]: ffed1987: al[T]: ffed1987: ah[T]: ffed1987: ax[T]: ffed1987: dl[T]: bf71367c: dh[T]: bf71367c: dx[T]: bf71367c: :Read Flags: :Read Memory: :
TID: 3:IP: 6428ab24:Disasm jp 0x6428b003:IMG: C:\Program Files\DAEMON Tools Lite\Engine.dll:RTN: .text:Read Regs: eflags[T]: 282: :Read Flags: 0:[T 4:pf ]:Values:282:Read Memory: :
TID: 3:IP: 6428ab2a:Disasm pushfd :IMG: C:\Program Files\DAEMON Tools Lite\Engine.dll:RTN: .text:Read Regs: esp: 12e534: ss: 23: eflags[T]: 282: sp: 12e534: :Read Flags: 3f7700:df vif iopl if ac vm rf nt tf id vip [T 8d5:of sf zf af pf cf ]:Values:282:Read Memory: :
TID: 3:IP: 6428ab2b:Disasm pushad :IMG: C:\Program Files\DAEMON Tools Lite\Engine.dll:RTN: .text:Read Regs: edi: 12e534: esi[T]: 644814db: ebp: 12e610: esp: 12e530: ebx[T]: c11297b4: edx[T]: bf71367c: ecx[T]: 642895f4: eax[T]: bf611004: ss: 23: al[T]: bf611004: ah[T]: bf611004: ax[T]: bf611004: cl[T]: 642895f4: ch[T]: 642895f4: cx[T]: 642895f4: dl[T]: bf71367c: dh[T]: bf71367c: dx[T]: bf71367c: bl[T]: c11297b4: bh[T]: c11297b4: bx[T]: c11297b4: bp: 12e610: si[T]: 644814db: di: 12e534: sp: 12e530: :Read Flags: :Read Memory: :
TID: 3:IP: 6428ab2c:Disasm mov dword ptr [ebp+0x4], eax:IMG: C:\Program Files\DAEMON Tools Lite\Engine.dll:RTN: .text:Read Regs: ebp: 12e610: eax[T]: bf611004: ss: 23: al[T]: bf611004: ah[T]: bf611004: ax[T]: bf611004: bp: 12e610: :Read Flags: :Read Memory: :
TID: 3:IP: 6428ab2f:Disasm pushad :IMG: C:\Program Files\DAEMON Tools Lite\Engine.dll:RTN: .text:Read Regs: edi: 12e534: esi[T]: 644814db: ebp: 12e610: esp: 12e510: ebx[T]: c11297b4: edx[T]: bf71367c: ecx[T]: 642895f4: eax[T]: bf611004: ss: 23: al[T]: bf611004: ah[T]: bf611004: ax[T]: bf611004: cl[T]: 642895f4: ch[T]: 642895f4: cx[T]: 642895f4: dl[T]: bf71367c: dh[T]: bf71367c: dx[T]: bf71367c: bl[T]: c11297b4: bh[T]: c11297b4: bx[T]: c11297b4: bp: 12e610: si[T]: 644814db: di: 12e534: sp: 12e510: :Read Flags: :Read Memory: :
TID: 3:IP: 64289568:Disasm pushfd :IMG: C:\Program Files\DAEMON Tools Lite\Engine.dll:RTN: .text:Read Regs: esp: 12e4f0: ss: 23: eflags[T]: 282: sp: 12e4f0: :Read Flags: 3f7700:df vif iopl if ac vm rf nt tf id vip [T 8d5:of sf zf af pf cf ]:Values:282:Read Memory: :
TID: 3:IP: 64289569:Disasm pop dword ptr [esp+0x40]:IMG: C:\Program Files\DAEMON Tools Lite\Engine.dll:RTN: .text:Read Regs: esp: 12e4ec: ss: 23: sp: 12e4ec: :Read Flags: :Read Memory: 12e4ec [T] 12e4ed [T] 12e4ee [T] 12e4ef [T] :
TID: 3:IP: 6429251b:Disasm push dword ptr [esp+0x48]:IMG: C:\Program Files\DAEMON Tools Lite\Engine.dll:RTN: .text:Read Regs: esp: 12e4e8: ss: 23: sp: 12e4e8: :Read Flags: :Read Memory: 12e530 [T] 12e531 [T] 12e532 [T] 12e533 [T] :
TID: 3:IP: 6429251f:Disasm pop dword ptr [ebp]:IMG: C:\Program Files\DAEMON Tools Lite\Engine.dll:RTN: .text:Read Regs: ebp: 12e610: esp: 12e4e4: ss: 23: bp: 12e610: sp: 12e4e4: :Read Flags: :Read Memory: 12e4e4 [T] 12e4e5 [T] 12e4e6 [T] 12e4e7 [T] :
TID: 3:IP: 64292522:Disasm mov byte ptr [esp], al:IMG: C:\Program Files\DAEMON Tools Lite\Engine.dll:RTN: .text:Read Regs: esp: 12e4e8: eax[T]: bf611004: ss: 23: al[T]: bf611004: ax[T]: bf611004: sp: 12e4e8: :Read Flags: :Read Memory: :
TID: 3:IP: 64292525:Disasm pushfd :IMG: C:\Program Files\DAEMON Tools Lite\Engine.dll:RTN: .text:Read Regs: esp: 12e4e8: ss: 23: eflags[T]: 282: sp: 12e4e8: :Read Flags: 3f7700:df vif iopl if ac vm rf nt tf id vip [T 8d5:of sf zf af pf cf ]:Values:282:Read Memory: :
TID: 3:IP: 64291548:Disasm sbb al, bh:IMG: C:\Program Files\DAEMON Tools Lite\Engine.dll:RTN: .text:Read Regs: ebx[T]: c11297b4: eax[T]: bf611004: eflags[T]: 282: al[T]: bf611004: ax[T]: bf611004: bh[T]: c11297b4: bx[T]: c11297b4: :Read Flags: 0:[T 1:cf ]:Values:282:Read Memory: :
TID: 3:IP: 6429154a:Disasm xchg ch, al:IMG: C:\Program Files\DAEMON Tools Lite\Engine.dll:RTN: .text:Read Regs: ecx[T]: 642895f4: eax[T]: bf61106d: al[T]: bf61106d: ax[T]: bf61106d: ch[T]: 642895f4: cx[T]: 642895f4: :Read Flags: :Read Memory: :
TID: 3:IP: 6429154c:Disasm mov al, byte ptr [esi]:IMG: C:\Program Files\DAEMON Tools Lite\Engine.dll:RTN: .text:Read Regs: esi[T]: 644814db: ds: 23: si[T]: 644814db: :Read Flags: :Read Memory: 644814db :
TID: 3:IP: 6429154e:Disasm shr cl, 0x1:IMG: C:\Program Files\DAEMON Tools Lite\Engine.dll:RTN: .text:Read Regs: ecx[T]: 64286df4: cl[T]: 64286df4: cx[T]: 64286df4: :Read Flags: :Read Memory: :
TID: 3:IP: 64291550:Disasm not ecx:IMG: C:\Program Files\DAEMON Tools Lite\Engine.dll:RTN: .text:Read Regs: ecx[T]: 64286d7a: cl[T]: 64286d7a: ch[T]: 64286d7a: cx[T]: 64286d7a: :Read Flags: :Read Memory: :
TID: 3:IP: 64291552:Disasm cmc :IMG: C:\Program Files\DAEMON Tools Lite\Engine.dll:RTN: .text:Read Regs: eflags[T]: a02: :Read Flags: 0:[T 1:cf ]:Values:a02:Read Memory: :
TID: 3:IP: 64291553:Disasm sub al, bl:IMG: C:\Program Files\DAEMON Tools Lite\Engine.dll:RTN: .text:Read Regs: ebx[T]: c11297b4: eax[T]: bf611092: al[T]: bf611092: ax[T]: bf611092: bl[T]: c11297b4: bx[T]: c11297b4: :Read Flags: :Read Memory: :
TID: 3:IP: 64291555:Disasm movzx cx, bl:IMG: C:\Program Files\DAEMON Tools Lite\Engine.dll:RTN: .text:Read Regs: ebx[T]: c11297b4: bl[T]: c11297b4: bx[T]: c11297b4: :Read Flags: :Read Memory: :
TID: 3:IP: 64291559:Disasm movsx cx, cl:IMG: C:\Program Files\DAEMON Tools Lite\Engine.dll:RTN: .text:Read Regs: ecx[T]: 9bd700b4: cl[T]: 9bd700b4: cx[T]: 9bd700b4: :Read Flags: :Read Memory: :
TID: 3:IP: 6429155f:Disasm dec al:IMG: C:\Program Files\DAEMON Tools Lite\Engine.dll:RTN: .text:Read Regs: eax[T]: bf6110de: al[T]: bf6110de: ax[T]: bf6110de: :Read Flags: :Read Memory: :
TID: 3:IP: 64291561:Disasm pushfd :IMG: C:\Program Files\DAEMON Tools Lite\Engine.dll:RTN: .text:Read Regs: esp: 12e534: ss: 23: eflags[T]: 287: sp: 12e534: :Read Flags: 3f7700:df vif iopl if ac vm rf nt tf id vip [T 8d5:of sf zf af pf cf ]:Values:287:Read Memory: :
TID: 3:IP: 64291562:Disasm rol al, 0x7:IMG: C:\Program Files\DAEMON Tools Lite\Engine.dll:RTN: .text:Read Regs: eax[T]: bf6110dd: al[T]: bf6110dd: ax[T]: bf6110dd: :Read Flags: :Read Memory: :
TID: 3:IP: 64291565:Disasm rol cx, 0xe:IMG: C:\Program Files\DAEMON Tools Lite\Engine.dll:RTN: .text:Read Regs: ecx: 9bd7ffc3: cl: 9bd7ffc3: ch[T]: 9bd7ffc3: cx: 9bd7ffc3: :Read Flags: :Read Memory: :
TID: 3:IP: 64291569:Disasm not al:IMG: C:\Program Files\DAEMON Tools Lite\Engine.dll:RTN: .text:Read Regs: eax[T]: bf6110ee: al[T]: bf6110ee: ax[T]: bf6110ee: :Read Flags: :Read Memory: :
TID: 3:IP: 6429156b:Disasm movsx ecx, cl:IMG: C:\Program Files\DAEMON Tools Lite\Engine.dll:RTN: .text:Read Regs: ecx[T]: 9bd7fff0: cl[T]: 9bd7fff0: cx[T]: 9bd7fff0: :Read Flags: :Read Memory: :
TID: 3:IP: 6429156e:Disasm movzx cx, cl:IMG: C:\Program Files\DAEMON Tools Lite\Engine.dll:RTN: .text:Read Regs: ecx[T]: fffffff0: cl[T]: fffffff0: cx[T]: fffffff0: :Read Flags: :Read Memory: :
TID: 3:IP: 64291572:Disasm shr ecx, cl:IMG: C:\Program Files\DAEMON Tools Lite\Engine.dll:RTN: .text:Read Regs: ecx[T]: ffff00f0: cl[T]: ffff00f0: ch[T]: ffff00f0: cx[T]: ffff00f0: :Read Flags: :Read Memory: :
TID: 3:IP: 64291574:Disasm and ch, 0xe4:IMG: C:\Program Files\DAEMON Tools Lite\Engine.dll:RTN: .text:Read Regs: ecx[T]: ffff: ch[T]: ffff: cx[T]: ffff: :Read Flags: :Read Memory: :
TID: 3:IP: 64291577:Disasm sub bl, al:IMG: C:\Program Files\DAEMON Tools Lite\Engine.dll:RTN: .text:Read Regs: ebx[T]: c11297b4: eax[T]: bf611011: al[T]: bf611011: ax[T]: bf611011: bl[T]: c11297b4: bx[T]: c11297b4: :Read Flags: :Read Memory: :
TID: 3:IP: 64291579:Disasm pop ecx:IMG: C:\Program Files\DAEMON Tools Lite\Engine.dll:RTN: .text:Read Regs: esp: 12e530: ss: 23: sp: 12e530: :Read Flags: :Read Memory: 12e530 [T] 12e531 [T] 12e532 [T] 12e533 [T] :
TID: 3:IP: 6429157a:Disasm ror cx, 0xe:IMG: C:\Program Files\DAEMON Tools Lite\Engine.dll:RTN: .text:Read Regs: ecx[T]: 287: cl[T]: 287: ch[T]: 287: cx[T]: 287: :Read Flags: :Read Memory: :
TID: 3:IP: 6429157e:Disasm shl cl, 0x4:IMG: C:\Program Files\DAEMON Tools Lite\Engine.dll:RTN: .text:Read Regs: ecx[T]: a1c: cl[T]: a1c: cx[T]: a1c: :Read Flags: :Read Memory: :
TID: 3:IP: 64291581:Disasm pushfd :IMG: C:\Program Files\DAEMON Tools Lite\Engine.dll:RTN: .text:Read Regs: esp: 12e534: ss: 23: eflags[T]: 287: sp: 12e534: :Read Flags: 3f7700:df vif iopl if ac vm rf nt tf id vip [T 8d5:of sf zf af pf cf ]:Values:287:Read Memory: :
TID: 3:IP: 64291582:Disasm sub esi, 0xffffffff:IMG: C:\Program Files\DAEMON Tools Lite\Engine.dll:RTN: .text:Read Regs: esi[T]: 644814db: si[T]: 644814db: :Read Flags: :Read Memory: :
TID: 3:IP: 64291585:Disasm xor cl, bh:IMG: C:\Program Files\DAEMON Tools Lite\Engine.dll:RTN: .text:Read Regs: ebx[T]: c11297a3: ecx[T]: ac0: cl[T]: ac0: cx[T]: ac0: bh[T]: c11297a3: bx[T]: c11297a3: :Read Flags: :Read Memory: :
TID: 3:IP: 64291587:Disasm add ecx, esi:IMG: C:\Program Files\DAEMON Tools Lite\Engine.dll:RTN: .text:Read Regs: esi[T]: 644814dc: ecx[T]: a57: cl[T]: a57: ch[T]: a57: cx[T]: a57: si[T]: 644814dc: :Read Flags: :Read Memory: :
TID: 3:IP: 64291589:Disasm btc cx, bx:IMG: C:\Program Files\DAEMON Tools Lite\Engine.dll:RTN: .text:Read Regs: ebx[T]: c11297a3: ecx[T]: 64481f33: cl[T]: 64481f33: ch[T]: 64481f33: cx[T]: 64481f33: bl[T]: c11297a3: bh[T]: c11297a3: bx[T]: c11297a3: :Read Flags: :Read Memory: :
TID: 3:IP: 6429158d:Disasm movzx eax, al:IMG: C:\Program Files\DAEMON Tools Lite\Engine.dll:RTN: .text:Read Regs: eax[T]: bf611011: al[T]: bf611011: ax[T]: bf611011: :Read Flags: :Read Memory: :
TID: 3:IP: 64291590:Disasm bswap cx:IMG: C:\Program Files\DAEMON Tools Lite\Engine.dll:RTN: .text:Read Regs: ecx[T]: 64481f3b: cl[T]: 64481f3b: ch[T]: 64481f3b: cx[T]: 64481f3b: :Read Flags: :Read Memory: :
TID: 3:IP: 64291593:Disasm cmp ah, 0x70:IMG: C:\Program Files\DAEMON Tools Lite\Engine.dll:RTN: .text:Read Regs: eax[T]: 11: ah[T]: 11: ax[T]: 11: :Read Flags: :Read Memory: :
TID: 3:IP: 6429159a:Disasm setnp ch:IMG: C:\Program Files\DAEMON Tools Lite\Engine.dll:RTN: .text:Read Regs: eflags[T]: 287: :Read Flags: 0:[T 4:pf ]:Values:287:Read Memory: :
TID: 3:IP: 6429159d:Disasm mov ecx, dword ptr [eax*4+0x642a0250]:IMG: C:\Program Files\DAEMON Tools Lite\Engine.dll:RTN: .text:Read Regs: eax[T]: 11: ds: 23: al[T]: 11: ah[T]: 11: ax[T]: 11: :Read Flags: :Read Memory: 642a0294 642a0295 642a0296 642a0297 :
TID: 3:IP: 642915a8:Disasm bswap ecx:IMG: C:\Program Files\DAEMON Tools Lite\Engine.dll:RTN: .text:Read Regs: ecx[T]: 80ff0010: cl[T]: 80ff0010: ch[T]: 80ff0010: cx[T]: 80ff0010: :Read Flags: :Read Memory: :
TID: 3:IP: 642915b0:Disasm mov byte ptr [esp], bh:IMG: C:\Program Files\DAEMON Tools Lite\Engine.dll:RTN: .text:Read Regs: esp: 12e530: ebx[T]: c11297a3: ss: 23: bh[T]: c11297a3: bx[T]: c11297a3: sp: 12e530: :Read Flags: :Read Memory: :
TID: 3:IP: 642915b3:Disasm add ecx, 0x54270000:IMG: C:\Program Files\DAEMON Tools Lite\Engine.dll:RTN: .text:Read Regs: ecx[T]: 1000ff80: cl[T]: 1000ff80: ch[T]: 1000ff80: cx[T]: 1000ff80: :Read Flags: :Read Memory: :
TID: 3:IP: 642915b9:Disasm push dword ptr [esp]:IMG: C:\Program Files\DAEMON Tools Lite\Engine.dll:RTN: .text:Read Regs: esp: 12e530: ss: 23: sp: 12e530: :Read Flags: :Read Memory: 12e530 [T] 12e531 12e532 [T] 12e533 [T] :
TID: 3:IP: 642915bc:Disasm pushad :IMG: C:\Program Files\DAEMON Tools Lite\Engine.dll:RTN: .text:Read Regs: edi: 12e534: esi[T]: 644814dc: ebp: 12e610: esp: 12e52c: ebx[T]: c11297a3: edx[T]: bf71367c: ecx[T]: 6427ff80: eax[T]: 11: ss: 23: al[T]: 11: ah[T]: 11: ax[T]: 11: cl[T]: 6427ff80: ch[T]: 6427ff80: cx[T]: 6427ff80: dl[T]: bf71367c: dh[T]: bf71367c: dx[T]: bf71367c: bl[T]: c11297a3: bh[T]: c11297a3: bx[T]: c11297a3: bp: 12e610: si[T]: 644814dc: di: 12e534: sp: 12e52c: :Read Flags: :Read Memory: :
TID: 3:IP: 642919e6:Disasm mov dword ptr [esp+0x24], ecx:IMG: C:\Program Files\DAEMON Tools Lite\Engine.dll:RTN: .text:Read Regs: esp: 12e50c: ecx[T]: 6427ff80: ss: 23: cl[T]: 6427ff80: ch[T]: 6427ff80: cx[T]: 6427ff80: sp: 12e50c: :Read Flags: :Read Memory: :
TID: 3:IP: 642919ea:Disasm pushfd :IMG: C:\Program Files\DAEMON Tools Lite\Engine.dll:RTN: .text:Read Regs: esp: 12e50c: ss: 23: eflags[T]: 202: sp: 12e50c: :Read Flags: 3f7700:df vif iopl if ac vm rf nt tf id vip [T 8d5:of sf zf af pf cf ]:Values:202:Read Memory: :
TID: 3:IP: 642919f6:Disasm push dword ptr [esp+0x28]:IMG: C:\Program Files\DAEMON Tools Lite\Engine.dll:RTN: .text:Read Regs: esp: 12e508: ss: 23: sp: 12e508: :Read Flags: :Read Memory: 12e530 [T] 12e531 [T] 12e532 [T] 12e533 [T] :
TID: 3:IP: 642919fa:Disasm ret 0x2c:IMG: C:\Program Files\DAEMON Tools Lite\Engine.dll:RTN: .text:Read Regs: esp: 12e504: ss: 23: sp: 12e504: :Read Flags: :Read Memory: 12e504 [T] 12e505 [T] 12e506 [T] 12e507 [T] :
TID: 3:IP: 6427ff80:Disasm rcr al, cl:IMG: C:\Program Files\DAEMON Tools Lite\Engine.dll:RTN: .text:Read Regs: ecx[T]: 6427ff80: eax[T]: 11: eflags[T]: 202: al[T]: 11: ax[T]: 11: cl[T]: 6427ff80: cx[T]: 6427ff80: :Read Flags: 0:[T 1:cf ]:Values:202:Read Memory: :
TID: 3:IP: 6427ff82:Disasm sub dx, dx:IMG: C:\Program Files\DAEMON Tools Lite\Engine.dll:RTN: .text:Read Regs: edx[T]: bf71367c: dl[T]: bf71367c: dh[T]: bf71367c: dx[T]: bf71367c: :Read Flags: :Read Memory: :
TID: 3:IP: 6427ff85:Disasm rcl al, 0x5:IMG: C:\Program Files\DAEMON Tools Lite\Engine.dll:RTN: .text:Read Regs: eax[T]: 11: eflags[T]: 246: al[T]: 11: ax[T]: 11: :Read Flags: 0:[T 1:cf ]:Values:246:Read Memory: :
TID: 3:IP: 6427ff88:Disasm movzx eax, byte ptr [esi]:IMG: C:\Program Files\DAEMON Tools Lite\Engine.dll:RTN: .text:Read Regs: esi[T]: 644814dc: ds: 23: si[T]: 644814dc: :Read Flags: :Read Memory: 644814dc :
TID: 3:IP: 6427ff8b:Disasm bt cx, bp:IMG: C:\Program Files\DAEMON Tools Lite\Engine.dll:RTN: .text:Read Regs: ebp: 12e610: ecx[T]: 6427ff80: cl[T]: 6427ff80: ch[T]: 6427ff80: cx[T]: 6427ff80: bp: 12e610: :Read Flags: :Read Memory: :
TID: 3:IP: 6427ff8f:Disasm xor al, bl:IMG: C:\Program Files\DAEMON Tools Lite\Engine.dll:RTN: .text:Read Regs: ebx[T]: c11297a3: eax[T]: a4: al[T]: a4: ax[T]: a4: bl[T]: c11297a3: bx[T]: c11297a3: :Read Flags: :Read Memory: :
TID: 3:IP: 6427ff91:Disasm shrd dx, bp, 0x5:IMG: C:\Program Files\DAEMON Tools Lite\Engine.dll:RTN: .text:Read Regs: ebp: 12e610: edx[T]: bf710000: dl[T]: bf710000: dh[T]: bf710000: dx[T]: bf710000: bp: 12e610: :Read Flags: :Read Memory: :
TID: 3:IP: 6427ff96:Disasm shld dx, cx, cl:IMG: C:\Program Files\DAEMON Tools Lite\Engine.dll:RTN: .text:Read Regs: edx[T]: bf718000: ecx[T]: 6427ff80: cl[T]: 6427ff80: ch[T]: 6427ff80: cx[T]: 6427ff80: dl[T]: bf718000: dh[T]: bf718000: dx[T]: bf718000: :Read Flags: :Read Memory: :
TID: 3:IP: 6427ff9a:Disasm not al:IMG: C:\Program Files\DAEMON Tools Lite\Engine.dll:RTN: .text:Read Regs: eax[T]: 7: al[T]: 7: ax[T]: 7: :Read Flags: :Read Memory: :
TID: 3:IP: 6427ffa1:Disasm dec dh:IMG: C:\Program Files\DAEMON Tools Lite\Engine.dll:RTN: .text:Read Regs: edx[T]: bf718000: dh[T]: bf718000: dx[T]: bf718000: :Read Flags: :Read Memory: :
TID: 3:IP: 6427ffa3:Disasm btr dx, 0x1:IMG: C:\Program Files\DAEMON Tools Lite\Engine.dll:RTN: .text:Read Regs: edx[T]: bf717f00: dl[T]: bf717f00: dh[T]: bf717f00: dx[T]: bf717f00: :Read Flags: :Read Memory: :
TID: 3:IP: 6427ffa8:Disasm neg al:IMG: C:\Program Files\DAEMON Tools Lite\Engine.dll:RTN: .text:Read Regs: eax[T]: f8: al[T]: f8: ax[T]: f8: :Read Flags: :Read Memory: :
TID: 3:IP: 6427ffaa:Disasm test esi, ebp:IMG: C:\Program Files\DAEMON Tools Lite\Engine.dll:RTN: .text:Read Regs: esi[T]: 644814dc: ebp: 12e610: bp: 12e610: si[T]: 644814dc: :Read Flags: :Read Memory: :
TID: 3:IP: 6427ffac:Disasm sub al, 0x0:IMG: C:\Program Files\DAEMON Tools Lite\Engine.dll:RTN: .text:Read Regs: eax[T]: 8: al[T]: 8: ax[T]: 8: :Read Flags: :Read Memory: :
TID: 3:IP: 6427ffaf:Disasm rol dl, cl:IMG: C:\Program Files\DAEMON Tools Lite\Engine.dll:RTN: .text:Read Regs: edx[T]: bf717f00: ecx[T]: 6427ff80: cl[T]: 6427ff80: cx[T]: 6427ff80: dl[T]: bf717f00: dx[T]: bf717f00: :Read Flags: :Read Memory: :
TID: 3:IP: 6427ffb1:Disasm xor bl, al:IMG: C:\Program Files\DAEMON Tools Lite\Engine.dll:RTN: .text:Read Regs: ebx[T]: c11297a3: eax[T]: 8: al[T]: 8: ax[T]: 8: bl[T]: c11297a3: bx[T]: c11297a3: :Read Flags: :Read Memory: :
TID: 3:IP: 6427ffbc:Disasm pushfd :IMG: C:\Program Files\DAEMON Tools Lite\Engine.dll:RTN: .text:Read Regs: esp: 12e52c: ss: 23: eflags[T]: 282: sp: 12e52c: :Read Flags: 3f7700:df vif iopl if ac vm rf nt tf id vip [T 8d5:of sf zf af pf cf ]:Values:282:Read Memory: :
TID: 3:IP: 6427ffbd:Disasm mov edx, dword ptr [ebp]:IMG: C:\Program Files\DAEMON Tools Lite\Engine.dll:RTN: .text:Read Regs: ebp: 12e610: ss: 23: bp: 12e610: :Read Flags: :Read Memory: 12e610 [T] 12e611 [T] 12e612 [T] 12e613 [T] :
TID: 3:IP: 6428a22d:Disasm inc esi:IMG: C:\Program Files\DAEMON Tools Lite\Engine.dll:RTN: .text:Read Regs: esi[T]: 644814dc: si[T]: 644814dc: :Read Flags: :Read Memory: :
TID: 3:IP: 6428a22f:Disasm test dl, dh:IMG: C:\Program Files\DAEMON Tools Lite\Engine.dll:RTN: .text:Read Regs: edx[T]: 282: dl[T]: 282: dh[T]: 282: dx[T]: 282: :Read Flags: :Read Memory: :
TID: 3:IP: 6428cc64:Disasm mov dword ptr [esp+0x4], esi:IMG: C:\Program Files\DAEMON Tools Lite\Engine.dll:RTN: .text:Read Regs: esi[T]: 644814dd: esp: 12e524: ss: 23: si[T]: 644814dd: sp: 12e524: :Read Flags: :Read Memory: :
TID: 3:IP: 6428cc6f:Disasm mov dword ptr [eax+edi*1], edx:IMG: C:\Program Files\DAEMON Tools Lite\Engine.dll:RTN: .text:Read Regs: edi: 12e534: edx[T]: 282: eax[T]: 8: ds: 23: al[T]: 8: ah[T]: 8: ax[T]: 8: dl[T]: 282: dh[T]: 282: dx[T]: 282: di: 12e534: :Read Flags: :Read Memory: :
TID: 3:IP: 6428cc72:Disasm mov word ptr [esp], ax:IMG: C:\Program Files\DAEMON Tools Lite\Engine.dll:RTN: .text:Read Regs: esp: 12e520: eax[T]: 8: ss: 23: al[T]: 8: ah[T]: 8: ax[T]: 8: sp: 12e520: :Read Flags: :Read Memory: :
TID: 3:IP: 64291548:Disasm sbb al, bh:IMG: C:\Program Files\DAEMON Tools Lite\Engine.dll:RTN: .text:Read Regs: ebx[T]: c11297ab: eax[T]: 8: eflags: 206: al[T]: 8: ax[T]: 8: bh[T]: c11297ab: bx[T]: c11297ab: :Read Flags: 1:cf :Values:206:Read Memory: :
TID: 3:IP: 6429154a:Disasm xchg ch, al:IMG: C:\Program Files\DAEMON Tools Lite\Engine.dll:RTN: .text:Read Regs: ecx[T]: 6427ff80: eax[T]: 71: al[T]: 71: ax[T]: 71: ch[T]: 6427ff80: cx[T]: 6427ff80: :Read Flags: :Read Memory: :
TID: 3:IP: 6429154c:Disasm mov al, byte ptr [esi]:IMG: C:\Program Files\DAEMON Tools Lite\Engine.dll:RTN: .text:Read Regs: esi[T]: 644814dd: ds: 23: si[T]: 644814dd: :Read Flags: :Read Memory: 644814dd :
TID: 3:IP: 6429154e:Disasm shr cl, 0x1:IMG: C:\Program Files\DAEMON Tools Lite\Engine.dll:RTN: .text:Read Regs: ecx[T]: 64277180: cl[T]: 64277180: cx[T]: 64277180: :Read Flags: :Read Memory: :
TID: 3:IP: 64291550:Disasm not ecx:IMG: C:\Program Files\DAEMON Tools Lite\Engine.dll:RTN: .text:Read Regs: ecx[T]: 64277140: cl[T]: 64277140: ch[T]: 64277140: cx[T]: 64277140: :Read Flags: :Read Memory: :
TID: 3:IP: 64291552:Disasm cmc :IMG: C:\Program Files\DAEMON Tools Lite\Engine.dll:RTN: .text:Read Regs: eflags[T]: a02: :Read Flags: 0:[T 1:cf ]:Values:a02:Read Memory: :
TID: 3:IP: 64291553:Disasm sub al, bl:IMG: C:\Program Files\DAEMON Tools Lite\Engine.dll:RTN: .text:Read Regs: ebx[T]: c11297ab: eax[T]: b7: al[T]: b7: ax[T]: b7: bl[T]: c11297ab: bx[T]: c11297ab: :Read Flags: :Read Memory: :
TID: 3:IP: 64291555:Disasm movzx cx, bl:IMG: C:\Program Files\DAEMON Tools Lite\Engine.dll:RTN: .text:Read Regs: ebx[T]: c11297ab: bl[T]: c11297ab: bx[T]: c11297ab: :Read Flags: :Read Memory: :
TID: 3:IP: 64291559:Disasm movsx cx, cl:IMG: C:\Program Files\DAEMON Tools Lite\Engine.dll:RTN: .text:Read Regs: ecx[T]: 9bd800ab: cl[T]: 9bd800ab: cx[T]: 9bd800ab: :Read Flags: :Read Memory: :
TID: 3:IP: 6429155f:Disasm dec al:IMG: C:\Program Files\DAEMON Tools Lite\Engine.dll:RTN: .text:Read Regs: eax[T]: c: al[T]: c: ax[T]: c: :Read Flags: :Read Memory: :
TID: 3:IP: 64291561:Disasm pushfd :IMG: C:\Program Files\DAEMON Tools Lite\Engine.dll:RTN: .text:Read Regs: esp: 12e534: ss: 23: eflags[T]: 202: sp: 12e534: :Read Flags: 3f7700:df vif iopl if ac vm rf nt tf id vip [T 8d5:of sf zf af pf cf ]:Values:202:Read Memory: :
TID: 3:IP: 64291562:Disasm rol al, 0x7:IMG: C:\Program Files\DAEMON Tools Lite\Engine.dll:RTN: .text:Read Regs: eax[T]: b: al[T]: b: ax[T]: b: :Read Flags: :Read Memory: :
TID: 3:IP: 64291565:Disasm rol cx, 0xe:IMG: C:\Program Files\DAEMON Tools Lite\Engine.dll:RTN: .text:Read Regs: ecx: 9bd8ffc3: cl: 9bd8ffc3: ch[T]: 9bd8ffc3: cx: 9bd8ffc3: :Read Flags: :Read Memory: :
TID: 3:IP: 64291569:Disasm not al:IMG: C:\Program Files\DAEMON Tools Lite\Engine.dll:RTN: .text:Read Regs: eax[T]: 85: al[T]: 85: ax[T]: 85: :Read Flags: :Read Memory: :
TID: 3:IP: 6429156b:Disasm movsx ecx, cl:IMG: C:\Program Files\DAEMON Tools Lite\Engine.dll:RTN: .text:Read Regs: ecx[T]: 9bd8fff0: cl[T]: 9bd8fff0: cx[T]: 9bd8fff0: :Read Flags: :Read Memory: :
TID: 3:IP: 6429156e:Disasm movzx cx, cl:IMG: C:\Program Files\DAEMON Tools Lite\Engine.dll:RTN: .text:Read Regs: ecx[T]: fffffff0: cl[T]: fffffff0: cx[T]: fffffff0: :Read Flags: :Read Memory: :
TID: 3:IP: 64291572:Disasm shr ecx, cl:IMG: C:\Program Files\DAEMON Tools Lite\Engine.dll:RTN: .text:Read Regs: ecx[T]: ffff00f0: cl[T]: ffff00f0: ch[T]: ffff00f0: cx[T]: ffff00f0: :Read Flags: :Read Memory: :
TID: 3:IP: 64291574:Disasm and ch, 0xe4:IMG: C:\Program Files\DAEMON Tools Lite\Engine.dll:RTN: .text:Read Regs: ecx[T]: ffff: ch[T]: ffff: cx[T]: ffff: :Read Flags: :Read Memory: :
TID: 3:IP: 64291577:Disasm sub bl, al:IMG: C:\Program Files\DAEMON Tools Lite\Engine.dll:RTN: .text:Read Regs: ebx[T]: c11297ab: eax[T]: 7a: al[T]: 7a: ax[T]: 7a: bl[T]: c11297ab: bx[T]: c11297ab: :Read Flags: :Read Memory: :
TID: 3:IP: 64291579:Disasm pop ecx:IMG: C:\Program Files\DAEMON Tools Lite\Engine.dll:RTN: .text:Read Regs: esp: 12e530: ss: 23: sp: 12e530: :Read Flags: :Read Memory: 12e530 [T] 12e531 [T] 12e532 [T] 12e533 [T] :
TID: 3:IP: 6429157a:Disasm ror cx, 0xe:IMG: C:\Program Files\DAEMON Tools Lite\Engine.dll:RTN: .text:Read Regs: ecx[T]: 202: cl[T]: 202: ch[T]: 202: cx[T]: 202: :Read Flags: :Read Memory: :
TID: 3:IP: 6429157e:Disasm shl cl, 0x4:IMG: C:\Program Files\DAEMON Tools Lite\Engine.dll:RTN: .text:Read Regs: ecx[T]: 808: cl[T]: 808: cx[T]: 808: :Read Flags: :Read Memory: :
TID: 3:IP: 64291581:Disasm pushfd :IMG: C:\Program Files\DAEMON Tools Lite\Engine.dll:RTN: .text:Read Regs: esp: 12e534: ss: 23: eflags[T]: 282: sp: 12e534: :Read Flags: 3f7700:df vif iopl if ac vm rf nt tf id vip [T 8d5:of sf zf af pf cf ]:Values:282:Read Memory: :
TID: 3:IP: 64291582:Disasm sub esi, 0xffffffff:IMG: C:\Program Files\DAEMON Tools Lite\Engine.dll:RTN: .text:Read Regs: esi[T]: 644814dd: si[T]: 644814dd: :Read Flags: :Read Memory: :
TID: 3:IP: 64291585:Disasm xor cl, bh:IMG: C:\Program Files\DAEMON Tools Lite\Engine.dll:RTN: .text:Read Regs: ebx[T]: c1129731: ecx[T]: 880: cl[T]: 880: cx[T]: 880: bh[T]: c1129731: bx[T]: c1129731: :Read Flags: :Read Memory: :
TID: 3:IP: 64291587:Disasm add ecx, esi:IMG: C:\Program Files\DAEMON Tools Lite\Engine.dll:RTN: .text:Read Regs: esi[T]: 644814de: ecx[T]: 817: cl[T]: 817: ch[T]: 817: cx[T]: 817: si[T]: 644814de: :Read Flags: :Read Memory: :
TID: 3:IP: 64291589:Disasm btc cx, bx:IMG: C:\Program Files\DAEMON Tools Lite\Engine.dll:RTN: .text:Read Regs: ebx[T]: c1129731: ecx[T]: 64481cf5: cl[T]: 64481cf5: ch[T]: 64481cf5: cx[T]: 64481cf5: bl[T]: c1129731: bh[T]: c1129731: bx[T]: c1129731: :Read Flags: :Read Memory: :
TID: 3:IP: 6429158d:Disasm movzx eax, al:IMG: C:\Program Files\DAEMON Tools Lite\Engine.dll:RTN: .text:Read Regs: eax[T]: 7a: al[T]: 7a: ax[T]: 7a: :Read Flags: :Read Memory: :
TID: 3:IP: 64291590:Disasm bswap cx:IMG: C:\Program Files\DAEMON Tools Lite\Engine.dll:RTN: .text:Read Regs: ecx[T]: 64481cf7: cl[T]: 64481cf7: ch[T]: 64481cf7: cx[T]: 64481cf7: :Read Flags: :Read Memory: :
TID: 3:IP: 64291593:Disasm cmp ah, 0x70:IMG: C:\Program Files\DAEMON Tools Lite\Engine.dll:RTN: .text:Read Regs: eax[T]: 7a: ah[T]: 7a: ax[T]: 7a: :Read Flags: :Read Memory: :
TID: 3:IP: 6429159a:Disasm setnp ch:IMG: C:\Program Files\DAEMON Tools Lite\Engine.dll:RTN: .text:Read Regs: eflags[T]: 287: :Read Flags: 0:[T 4:pf ]:Values:287:Read Memory: :
TID: 3:IP: 6429159d:Disasm mov ecx, dword ptr [eax*4+0x642a0250]:IMG: C:\Program Files\DAEMON Tools Lite\Engine.dll:RTN: .text:Read Regs: eax[T]: 7a: ds: 23: al[T]: 7a: ah[T]: 7a: ax[T]: 7a: :Read Flags: :Read Memory: 642a0438 642a0439 642a043a 642a043b :
TID: 3:IP: 642915a8:Disasm bswap ecx:IMG: C:\Program Files\DAEMON Tools Lite\Engine.dll:RTN: .text:Read Regs: ecx[T]: f4950110: cl[T]: f4950110: ch[T]: f4950110: cx[T]: f4950110: :Read Flags: :Read Memory: :
TID: 3:IP: 642915b0:Disasm mov byte ptr [esp], bh:IMG: C:\Program Files\DAEMON Tools Lite\Engine.dll:RTN: .text:Read Regs: esp: 12e530: ebx[T]: c1129731: ss: 23: bh[T]: c1129731: bx[T]: c1129731: sp: 12e530: :Read Flags: :Read Memory: :
TID: 3:IP: 642915b3:Disasm add ecx, 0x54270000:IMG: C:\Program Files\DAEMON Tools Lite\Engine.dll:RTN: .text:Read Regs: ecx[T]: 100195f4: cl[T]: 100195f4: ch[T]: 100195f4: cx[T]: 100195f4: :Read Flags: :Read Memory: :
TID: 3:IP: 642915b9:Disasm push dword ptr [esp]:IMG: C:\Program Files\DAEMON Tools Lite\Engine.dll:RTN: .text:Read Regs: esp: 12e530: ss: 23: sp: 12e530: :Read Flags: :Read Memory: 12e530 [T] 12e531 12e532 [T] 12e533 [T] :
TID: 3:IP: 642915bc:Disasm pushad :IMG: C:\Program Files\DAEMON Tools Lite\Engine.dll:RTN: .text:Read Regs: edi: 12e534: esi[T]: 644814de: ebp: 12e614: esp: 12e52c: ebx[T]: c1129731: edx[T]: 282: ecx[T]: 642895f4: eax[T]: 7a: ss: 23: al[T]: 7a: ah[T]: 7a: ax[T]: 7a: cl[T]: 642895f4: ch[T]: 642895f4: cx[T]: 642895f4: dl[T]: 282: dh[T]: 282: dx[T]: 282: bl[T]: c1129731: bh[T]: c1129731: bx[T]: c1129731: bp: 12e614: si[T]: 644814de: di: 12e534: sp: 12e52c: :Read Flags: :Read Memory: :
TID: 3:IP: 642919e6:Disasm mov dword ptr [esp+0x24], ecx:IMG: C:\Program Files\DAEMON Tools Lite\Engine.dll:RTN: .text:Read Regs: esp: 12e50c: ecx[T]: 642895f4: ss: 23: cl[T]: 642895f4: ch[T]: 642895f4: cx[T]: 642895f4: sp: 12e50c: :Read Flags: :Read Memory: :
TID: 3:IP: 642919ea:Disasm pushfd :IMG: C:\Program Files\DAEMON Tools Lite\Engine.dll:RTN: .text:Read Regs: esp: 12e50c: ss: 23: eflags[T]: 202: sp: 12e50c: :Read Flags: 3f7700:df vif iopl if ac vm rf nt tf id vip [T 8d5:of sf zf af pf cf ]:Values:202:Read Memory: :
TID: 3:IP: 642919f6:Disasm push dword ptr [esp+0x28]:IMG: C:\Program Files\DAEMON Tools Lite\Engine.dll:RTN: .text:Read Regs: esp: 12e508: ss: 23: sp: 12e508: :Read Flags: :Read Memory: 12e530 [T] 12e531 [T] 12e532 [T] 12e533 [T] :
TID: 3:IP: 642919fa:Disasm ret 0x2c:IMG: C:\Program Files\DAEMON Tools Lite\Engine.dll:RTN: .text:Read Regs: esp: 12e504: ss: 23: sp: 12e504: :Read Flags: :Read Memory: 12e504 [T] 12e505 [T] 12e506 [T] 12e507 [T] :
TID: 3:IP: 64292a9f:Disasm movsx eax, bl:IMG: C:\Program Files\DAEMON Tools Lite\Engine.dll:RTN: .text:Read Regs: ebx[T]: c1129731: bl[T]: c1129731: bx[T]: c1129731: :Read Flags: :Read Memory: :
TID: 3:IP: 64292aa2:Disasm rcr dh, cl:IMG: C:\Program Files\DAEMON Tools Lite\Engine.dll:RTN: .text:Read Regs: edx[T]: 282: ecx[T]: 642895f4: eflags[T]: 202: cl[T]: 642895f4: cx[T]: 642895f4: dh[T]: 282: dx[T]: 282: :Read Flags: 0:[T 1:cf ]:Values:202:Read Memory: :
TID: 3:IP: 64292aa4:Disasm mov eax, dword ptr [ebp]:IMG: C:\Program Files\DAEMON Tools Lite\Engine.dll:RTN: .text:Read Regs: ebp: 12e614: ss: 23: bp: 12e614: :Read Flags: :Read Memory: 12e614 [T] 12e615 [T] 12e616 [T] 12e617 [T] :
TID: 3:IP: 64292aa7:Disasm bsf dx, bx:IMG: C:\Program Files\DAEMON Tools Lite\Engine.dll:RTN: .text:Read Regs: ebx[T]: c1129731: bl[T]: c1129731: bh[T]: c1129731: bx[T]: c1129731: :Read Flags: :Read Memory: :
TID: 3:IP: 64292aab:Disasm or dl, 0x6f:IMG: C:\Program Files\DAEMON Tools Lite\Engine.dll:RTN: .text:Read Regs: edx[T]: 0: dl[T]: 0: dx[T]: 0: :Read Flags: :Read Memory: :
TID: 3:IP: 64292aae:Disasm btr edx, ecx:IMG: C:\Program Files\DAEMON Tools Lite\Engine.dll:RTN: .text:Read Regs: edx[T]: 6f: ecx[T]: 642895f4: cl[T]: 642895f4: ch[T]: 642895f4: cx[T]: 642895f4: dl[T]: 6f: dh[T]: 6f: dx[T]: 6f: :Read Flags: :Read Memory: :
TID: 3:IP: 64292ab1:Disasm mov edx, dword ptr [ebp+0x4]:IMG: C:\Program Files\DAEMON Tools Lite\Engine.dll:RTN: .text:Read Regs: ebp: 12e614: ss: 23: bp: 12e614: :Read Flags: :Read Memory: 12e618 [T] 12e619 [T] 12e61a [T] 12e61b [T] :